prt-get: updating /usr/ports/core-musl/attr
prt-get: starting build Wed May 29 16:23:59 2024
=======> Building '/home/devel/packages/attr#2.5.2-1.x86_64.pkg.tar.zst'.
bsdtar -p -o -C /home/devel/building/work/src -xf /home/devel/sources/attr-2.5.2.tar.gz
cp 0001-attr.c-Include-libgen.h-for-posix-version-of-basenam.patch /home/devel/building/work/src
+ build
+ cd attr-2.5.2
+ patch -p1 -i /home/devel/building/work/src/0001-attr.c-Include-libgen.h-for-posix-version-of-basenam.patch
patching file tools/attr.c
+ ./configure --build=x86_64-unknown-linux-musl --host=x86_64-unknown-linux-musl --prefix=/usr --bindir=/bin --sysconfdir=/etc
checking for a BSD-compatible install... /usr/bin/install -c
checking whether build environment is sane... yes
checking for a race-free mkdir -p... /bin/mkdir -p
checking for gawk... gawk
checking whether make sets $(MAKE)... yes
checking whether make supports nested variables... yes
checking whether make supports nested variables... (cached) yes
checking build system type... x86_64-unknown-linux-musl
checking host system type... x86_64-unknown-linux-musl
checking for x86_64-unknown-linux-musl-gcc... x86_64-unknown-linux-musl-gcc
checking whether the C compiler works... yes
checking for C compiler default output file name... a.out
checking for suffix of executables... 
checking whether we are cross compiling... no
checking for suffix of object files... o
checking whether the compiler supports GNU C... yes
checking whether x86_64-unknown-linux-musl-gcc accepts -g... yes
checking for x86_64-unknown-linux-musl-gcc option to enable C11 features... none needed
checking whether x86_64-unknown-linux-musl-gcc understands -c and -o together... yes
checking whether make supports the include directive... yes (GNU style)
checking dependency style of x86_64-unknown-linux-musl-gcc... gcc3
checking for stdio.h... yes
checking for stdlib.h... yes
checking for string.h... yes
checking for inttypes.h... yes
checking for stdint.h... yes
checking for strings.h... yes
checking for sys/stat.h... yes
checking for sys/types.h... yes
checking for unistd.h... yes
checking for wchar.h... yes
checking for minix/config.h... no
checking whether it is safe to define __EXTENSIONS__... yes
checking whether _XOPEN_SOURCE should be defined... no
checking for an ANSI C-conforming const... yes
checking for mode_t... yes
checking for size_t... yes
checking for working alloca.h... yes
checking for alloca... yes
checking whether __attribute__((visibility())) is supported... yes
checking for special C compiler options needed for large files... no
checking for _FILE_OFFSET_BITS value needed for large files... no
checking for x86_64-unknown-linux-musl-ar... x86_64-unknown-linux-musl-ar
checking the archiver (x86_64-unknown-linux-musl-ar) interface... ar
checking how to print strings... printf
checking for a sed that does not truncate output... /bin/sed
checking for grep that handles long lines and -e... /usr/bin/grep
checking for egrep... /usr/bin/grep -E
checking for fgrep... /usr/bin/grep -F
checking for ld used by x86_64-unknown-linux-musl-gcc... /usr/bin/ld
checking if the linker (/usr/bin/ld) is GNU ld... yes
checking for BSD- or MS-compatible name lister (nm)... /usr/bin/x86_64-unknown-linux-musl-nm -B
checking the name lister (/usr/bin/x86_64-unknown-linux-musl-nm -B) interface... BSD nm
checking whether ln -s works... yes
checking the maximum length of command line arguments... 98304
checking how to convert x86_64-unknown-linux-musl file names to x86_64-unknown-linux-musl format... func_convert_file_noop
checking how to convert x86_64-unknown-linux-musl file names to toolchain format... func_convert_file_noop
checking for /usr/bin/ld option to reload object files... -r
checking for x86_64-unknown-linux-musl-file... no
checking for file... file
checking for x86_64-unknown-linux-musl-objdump... x86_64-unknown-linux-musl-objdump
checking how to recognize dependent libraries... pass_all
checking for x86_64-unknown-linux-musl-dlltool... no
checking for dlltool... no
checking how to associate runtime and link libraries... printf %s\n
checking for x86_64-unknown-linux-musl-ar... (cached) x86_64-unknown-linux-musl-ar
checking for archiver @FILE support... @
checking for x86_64-unknown-linux-musl-strip... x86_64-unknown-linux-musl-strip
checking for x86_64-unknown-linux-musl-ranlib... x86_64-unknown-linux-musl-ranlib
checking command to parse /usr/bin/x86_64-unknown-linux-musl-nm -B output from x86_64-unknown-linux-musl-gcc object... ok
checking for sysroot... no
checking for a working dd... /bin/dd
checking how to truncate binary pipes... /bin/dd bs=4096 count=1
checking for x86_64-unknown-linux-musl-mt... no
checking for mt... no
checking if : is a manifest tool... no
checking for dlfcn.h... yes
checking for objdir... .libs
checking if x86_64-unknown-linux-musl-gcc supports -fno-rtti -fno-exceptions... no
checking for x86_64-unknown-linux-musl-gcc option to produce PIC... -fPIC -DPIC
checking if x86_64-unknown-linux-musl-gcc PIC flag -fPIC -DPIC works... yes
checking if x86_64-unknown-linux-musl-gcc static flag -static works... yes
checking if x86_64-unknown-linux-musl-gcc supports -c -o file.o... yes
checking if x86_64-unknown-linux-musl-gcc supports -c -o file.o... (cached) yes
checking whether the x86_64-unknown-linux-musl-gcc linker (/usr/bin/ld -m elf_x86_64) supports shared libraries... yes
checking whether -lc should be explicitly linked in... no
checking dynamic linker characteristics... GNU/Linux ld.so
checking how to hardcode library paths into programs... immediate
checking whether stripping libraries is possible... yes
checking if libtool supports shared libraries... yes
checking whether to build shared libraries... yes
checking whether to build static libraries... yes
checking whether NLS is requested... yes
checking for msgfmt... /usr/bin/msgfmt
checking for gmsgfmt... /usr/bin/msgfmt
checking for xgettext... /usr/bin/xgettext
checking for msgmerge... /usr/bin/msgmerge
checking for ld used by x86_64-unknown-linux-musl-gcc... /usr/bin/ld -m elf_x86_64
checking if the linker (/usr/bin/ld -m elf_x86_64) is GNU ld... yes
checking for shared library run path origin... done
checking how to run the C preprocessor... x86_64-unknown-linux-musl-gcc -E
checking for CFPreferencesCopyAppValue... no
checking for CFLocaleCopyCurrent... no
checking for GNU gettext in libc... no
checking for iconv... yes
checking for working iconv... yes
checking for GNU gettext in libintl... no
checking whether to use NLS... no
checking that generated files are newer than configure... done
configure: creating ./config.status
config.status: creating libattr.pc
config.status: creating Makefile
config.status: creating po/Makefile.in
config.status: creating include/config.h
config.status: executing depfiles commands
config.status: executing libtool commands
config.status: executing po-directories commands
config.status: creating po/POTFILES
config.status: creating po/Makefile
config.status: executing include/attr commands
+ make V=1
Making all in po
make[1]: Entering directory '/home/devel/building/work/src/attr-2.5.2/po'
make[1]: Nothing to be done for 'all'.
make[1]: Leaving directory '/home/devel/building/work/src/attr-2.5.2/po'
make[1]: Entering directory '/home/devel/building/work/src/attr-2.5.2'
depbase=`echo tools/getfattr.o | sed 's|[^/]*$|.deps/&|;s|\.o$||'`;\
x86_64-unknown-linux-musl-gcc -DHAVE_CONFIG_H -I. -I./include  -I./include -I./include -DLOCALEDIR=\"/usr/share/locale\" -DSYSCONFDIR=\"/etc\" -DNDEBUG  -O2 -m64 -march=x86-64 -mtune=generic -flto=auto -ffat-lto-objects -fvisibility=hidden -MT tools/getfattr.o -MD -MP -MF $depbase.Tpo -c -o tools/getfattr.o tools/getfattr.c &&\
mv -f $depbase.Tpo $depbase.Po
depbase=`echo tools/setfattr.o | sed 's|[^/]*$|.deps/&|;s|\.o$||'`;\
x86_64-unknown-linux-musl-gcc -DHAVE_CONFIG_H -I. -I./include  -I./include -I./include -DLOCALEDIR=\"/usr/share/locale\" -DSYSCONFDIR=\"/etc\" -DNDEBUG  -O2 -m64 -march=x86-64 -mtune=generic -flto=auto -ffat-lto-objects -fvisibility=hidden -MT tools/setfattr.o -MD -MP -MF $depbase.Tpo -c -o tools/setfattr.o tools/setfattr.c &&\
mv -f $depbase.Tpo $depbase.Po
depbase=`echo tools/attr.o | sed 's|[^/]*$|.deps/&|;s|\.o$||'`;\
x86_64-unknown-linux-musl-gcc -DHAVE_CONFIG_H -I. -I./include  -I./include -I./include -DLOCALEDIR=\"/usr/share/locale\" -DSYSCONFDIR=\"/etc\" -DNDEBUG  -O2 -m64 -march=x86-64 -mtune=generic -flto=auto -ffat-lto-objects -fvisibility=hidden -MT tools/attr.o -MD -MP -MF $depbase.Tpo -c -o tools/attr.o tools/attr.c &&\
mv -f $depbase.Tpo $depbase.Po
/bin/sh ./libtool  --tag=CC   --mode=compile x86_64-unknown-linux-musl-gcc -DHAVE_CONFIG_H -I. -I./include  -I./include -I./include -DLOCALEDIR=\"/usr/share/locale\" -DSYSCONFDIR=\"/etc\" -DNDEBUG -include libattr/libattr.h -O2 -m64 -march=x86-64 -mtune=generic -flto=auto -ffat-lto-objects -fvisibility=hidden -MT libattr/la-attr_copy_action.lo -MD -MP -MF libattr/.deps/la-attr_copy_action.Tpo -c -o libattr/la-attr_copy_action.lo `test -f 'libattr/attr_copy_action.c' || echo './'`libattr/attr_copy_action.c
/bin/sh ./libtool  --tag=CC   --mode=compile x86_64-unknown-linux-musl-gcc -DHAVE_CONFIG_H -I. -I./include  -I./include -I./include -DLOCALEDIR=\"/usr/share/locale\" -DSYSCONFDIR=\"/etc\" -DNDEBUG -include libattr/libattr.h -O2 -m64 -march=x86-64 -mtune=generic -flto=auto -ffat-lto-objects -fvisibility=hidden -MT libattr/la-attr_copy_check.lo -MD -MP -MF libattr/.deps/la-attr_copy_check.Tpo -c -o libattr/la-attr_copy_check.lo `test -f 'libattr/attr_copy_check.c' || echo './'`libattr/attr_copy_check.c
/bin/sh ./libtool  --tag=CC   --mode=compile x86_64-unknown-linux-musl-gcc -DHAVE_CONFIG_H -I. -I./include  -I./include -I./include -DLOCALEDIR=\"/usr/share/locale\" -DSYSCONFDIR=\"/etc\" -DNDEBUG -include libattr/libattr.h -O2 -m64 -march=x86-64 -mtune=generic -flto=auto -ffat-lto-objects -fvisibility=hidden -MT libattr/la-attr_copy_fd.lo -MD -MP -MF libattr/.deps/la-attr_copy_fd.Tpo -c -o libattr/la-attr_copy_fd.lo `test -f 'libattr/attr_copy_fd.c' || echo './'`libattr/attr_copy_fd.c
/bin/sh ./libtool  --tag=CC   --mode=compile x86_64-unknown-linux-musl-gcc -DHAVE_CONFIG_H -I. -I./include  -I./include -I./include -DLOCALEDIR=\"/usr/share/locale\" -DSYSCONFDIR=\"/etc\" -DNDEBUG -include libattr/libattr.h -O2 -m64 -march=x86-64 -mtune=generic -flto=auto -ffat-lto-objects -fvisibility=hidden -MT libattr/la-attr_copy_file.lo -MD -MP -MF libattr/.deps/la-attr_copy_file.Tpo -c -o libattr/la-attr_copy_file.lo `test -f 'libattr/attr_copy_file.c' || echo './'`libattr/attr_copy_file.c
/bin/sh ./libtool  --tag=CC   --mode=compile x86_64-unknown-linux-musl-gcc -DHAVE_CONFIG_H -I. -I./include  -I./include -I./include -DLOCALEDIR=\"/usr/share/locale\" -DSYSCONFDIR=\"/etc\" -DNDEBUG -include libattr/libattr.h -O2 -m64 -march=x86-64 -mtune=generic -flto=auto -ffat-lto-objects -fvisibility=hidden -MT libattr/la-libattr.lo -MD -MP -MF libattr/.deps/la-libattr.Tpo -c -o libattr/la-libattr.lo `test -f 'libattr/libattr.c' || echo './'`libattr/libattr.c
libtool: compile:  x86_64-unknown-linux-musl-gcc -DHAVE_CONFIG_H -I. -I./include -I./include -I./include "-DLOCALEDIR=\"/usr/share/locale\"" "-DSYSCONFDIR=\"/etc\"" -DNDEBUG -include libattr/libattr.h -O2 -m64 -march=x86-64 -mtune=generic -flto=auto -ffat-lto-objects -fvisibility=hidden -MT libattr/la-libattr.lo -MD -MP -MF libattr/.deps/la-libattr.Tpo -c libattr/libattr.c  -fPIC -DPIC -o libattr/.libs/la-libattr.o
libtool: compile:  x86_64-unknown-linux-musl-gcc -DHAVE_CONFIG_H -I. -I./include -I./include -I./include "-DLOCALEDIR=\"/usr/share/locale\"" "-DSYSCONFDIR=\"/etc\"" -DNDEBUG -include libattr/libattr.h -O2 -m64 -march=x86-64 -mtune=generic -flto=auto -ffat-lto-objects -fvisibility=hidden -MT libattr/la-attr_copy_check.lo -MD -MP -MF libattr/.deps/la-attr_copy_check.Tpo -c libattr/attr_copy_check.c  -fPIC -DPIC -o libattr/.libs/la-attr_copy_check.o
libtool: compile:  x86_64-unknown-linux-musl-gcc -DHAVE_CONFIG_H -I. -I./include -I./include -I./include "-DLOCALEDIR=\"/usr/share/locale\"" "-DSYSCONFDIR=\"/etc\"" -DNDEBUG -include libattr/libattr.h -O2 -m64 -march=x86-64 -mtune=generic -flto=auto -ffat-lto-objects -fvisibility=hidden -MT libattr/la-attr_copy_fd.lo -MD -MP -MF libattr/.deps/la-attr_copy_fd.Tpo -c libattr/attr_copy_fd.c  -fPIC -DPIC -o libattr/.libs/la-attr_copy_fd.o
libtool: compile:  x86_64-unknown-linux-musl-gcc -DHAVE_CONFIG_H -I. -I./include -I./include -I./include "-DLOCALEDIR=\"/usr/share/locale\"" "-DSYSCONFDIR=\"/etc\"" -DNDEBUG -include libattr/libattr.h -O2 -m64 -march=x86-64 -mtune=generic -flto=auto -ffat-lto-objects -fvisibility=hidden -MT libattr/la-attr_copy_action.lo -MD -MP -MF libattr/.deps/la-attr_copy_action.Tpo -c libattr/attr_copy_action.c  -fPIC -DPIC -o libattr/.libs/la-attr_copy_action.o
libtool: compile:  x86_64-unknown-linux-musl-gcc -DHAVE_CONFIG_H -I. -I./include -I./include -I./include "-DLOCALEDIR=\"/usr/share/locale\"" "-DSYSCONFDIR=\"/etc\"" -DNDEBUG -include libattr/libattr.h -O2 -m64 -march=x86-64 -mtune=generic -flto=auto -ffat-lto-objects -fvisibility=hidden -MT libattr/la-attr_copy_file.lo -MD -MP -MF libattr/.deps/la-attr_copy_file.Tpo -c libattr/attr_copy_file.c  -fPIC -DPIC -o libattr/.libs/la-attr_copy_file.o
libtool: compile:  x86_64-unknown-linux-musl-gcc -DHAVE_CONFIG_H -I. -I./include -I./include -I./include "-DLOCALEDIR=\"/usr/share/locale\"" "-DSYSCONFDIR=\"/etc\"" -DNDEBUG -include libattr/libattr.h -O2 -m64 -march=x86-64 -mtune=generic -flto=auto -ffat-lto-objects -fvisibility=hidden -MT libattr/la-attr_copy_check.lo -MD -MP -MF libattr/.deps/la-attr_copy_check.Tpo -c libattr/attr_copy_check.c -o libattr/la-attr_copy_check.o >/dev/null 2>&1
/bin/sh ./libtool  --tag=CC   --mode=compile x86_64-unknown-linux-musl-gcc -DHAVE_CONFIG_H -I. -I./include  -I./include -I./include -DLOCALEDIR=\"/usr/share/locale\" -DSYSCONFDIR=\"/etc\" -DNDEBUG -include libattr/libattr.h -O2 -m64 -march=x86-64 -mtune=generic -flto=auto -ffat-lto-objects -fvisibility=hidden -MT libattr/la-syscalls.lo -MD -MP -MF libattr/.deps/la-syscalls.Tpo -c -o libattr/la-syscalls.lo `test -f 'libattr/syscalls.c' || echo './'`libattr/syscalls.c
mv -f libattr/.deps/la-attr_copy_check.Tpo libattr/.deps/la-attr_copy_check.Plo
depbase=`echo libmisc/high_water_alloc.lo | sed 's|[^/]*$|.deps/&|;s|\.lo$||'`;\
/bin/sh ./libtool  --tag=CC   --mode=compile x86_64-unknown-linux-musl-gcc -DHAVE_CONFIG_H -I. -I./include  -I./include -I./include -DLOCALEDIR=\"/usr/share/locale\" -DSYSCONFDIR=\"/etc\" -DNDEBUG  -O2 -m64 -march=x86-64 -mtune=generic -flto=auto -ffat-lto-objects -fvisibility=hidden -MT libmisc/high_water_alloc.lo -MD -MP -MF $depbase.Tpo -c -o libmisc/high_water_alloc.lo libmisc/high_water_alloc.c &&\
mv -f $depbase.Tpo $depbase.Plo
libtool: compile:  x86_64-unknown-linux-musl-gcc -DHAVE_CONFIG_H -I. -I./include -I./include -I./include "-DLOCALEDIR=\"/usr/share/locale\"" "-DSYSCONFDIR=\"/etc\"" -DNDEBUG -include libattr/libattr.h -O2 -m64 -march=x86-64 -mtune=generic -flto=auto -ffat-lto-objects -fvisibility=hidden -MT libattr/la-attr_copy_action.lo -MD -MP -MF libattr/.deps/la-attr_copy_action.Tpo -c libattr/attr_copy_action.c -o libattr/la-attr_copy_action.o >/dev/null 2>&1
libtool: compile:  x86_64-unknown-linux-musl-gcc -DHAVE_CONFIG_H -I. -I./include -I./include -I./include "-DLOCALEDIR=\"/usr/share/locale\"" "-DSYSCONFDIR=\"/etc\"" -DNDEBUG -include libattr/libattr.h -O2 -m64 -march=x86-64 -mtune=generic -flto=auto -ffat-lto-objects -fvisibility=hidden -MT libattr/la-attr_copy_fd.lo -MD -MP -MF libattr/.deps/la-attr_copy_fd.Tpo -c libattr/attr_copy_fd.c -o libattr/la-attr_copy_fd.o >/dev/null 2>&1
libtool: compile:  x86_64-unknown-linux-musl-gcc -DHAVE_CONFIG_H -I. -I./include -I./include -I./include "-DLOCALEDIR=\"/usr/share/locale\"" "-DSYSCONFDIR=\"/etc\"" -DNDEBUG -O2 -m64 -march=x86-64 -mtune=generic -flto=auto -ffat-lto-objects -fvisibility=hidden -MT libmisc/high_water_alloc.lo -MD -MP -MF libmisc/.deps/high_water_alloc.Tpo -c libmisc/high_water_alloc.c  -fPIC -DPIC -o libmisc/.libs/high_water_alloc.o
libtool: compile:  x86_64-unknown-linux-musl-gcc -DHAVE_CONFIG_H -I. -I./include -I./include -I./include "-DLOCALEDIR=\"/usr/share/locale\"" "-DSYSCONFDIR=\"/etc\"" -DNDEBUG -include libattr/libattr.h -O2 -m64 -march=x86-64 -mtune=generic -flto=auto -ffat-lto-objects -fvisibility=hidden -MT libattr/la-syscalls.lo -MD -MP -MF libattr/.deps/la-syscalls.Tpo -c libattr/syscalls.c  -fPIC -DPIC -o libattr/.libs/la-syscalls.o
libtool: compile:  x86_64-unknown-linux-musl-gcc -DHAVE_CONFIG_H -I. -I./include -I./include -I./include "-DLOCALEDIR=\"/usr/share/locale\"" "-DSYSCONFDIR=\"/etc\"" -DNDEBUG -include libattr/libattr.h -O2 -m64 -march=x86-64 -mtune=generic -flto=auto -ffat-lto-objects -fvisibility=hidden -MT libattr/la-attr_copy_file.lo -MD -MP -MF libattr/.deps/la-attr_copy_file.Tpo -c libattr/attr_copy_file.c -o libattr/la-attr_copy_file.o >/dev/null 2>&1
mv -f libattr/.deps/la-attr_copy_action.Tpo libattr/.deps/la-attr_copy_action.Plo
depbase=`echo libmisc/next_line.lo | sed 's|[^/]*$|.deps/&|;s|\.lo$||'`;\
/bin/sh ./libtool  --tag=CC   --mode=compile x86_64-unknown-linux-musl-gcc -DHAVE_CONFIG_H -I. -I./include  -I./include -I./include -DLOCALEDIR=\"/usr/share/locale\" -DSYSCONFDIR=\"/etc\" -DNDEBUG  -O2 -m64 -march=x86-64 -mtune=generic -flto=auto -ffat-lto-objects -fvisibility=hidden -MT libmisc/next_line.lo -MD -MP -MF $depbase.Tpo -c -o libmisc/next_line.lo libmisc/next_line.c &&\
mv -f $depbase.Tpo $depbase.Plo
libtool: compile:  x86_64-unknown-linux-musl-gcc -DHAVE_CONFIG_H -I. -I./include -I./include -I./include "-DLOCALEDIR=\"/usr/share/locale\"" "-DSYSCONFDIR=\"/etc\"" -DNDEBUG -O2 -m64 -march=x86-64 -mtune=generic -flto=auto -ffat-lto-objects -fvisibility=hidden -MT libmisc/high_water_alloc.lo -MD -MP -MF libmisc/.deps/high_water_alloc.Tpo -c libmisc/high_water_alloc.c -o libmisc/high_water_alloc.o >/dev/null 2>&1
depbase=`echo libmisc/quote.lo | sed 's|[^/]*$|.deps/&|;s|\.lo$||'`;\
/bin/sh ./libtool  --tag=CC   --mode=compile x86_64-unknown-linux-musl-gcc -DHAVE_CONFIG_H -I. -I./include  -I./include -I./include -DLOCALEDIR=\"/usr/share/locale\" -DSYSCONFDIR=\"/etc\" -DNDEBUG  -O2 -m64 -march=x86-64 -mtune=generic -flto=auto -ffat-lto-objects -fvisibility=hidden -MT libmisc/quote.lo -MD -MP -MF $depbase.Tpo -c -o libmisc/quote.lo libmisc/quote.c &&\
mv -f $depbase.Tpo $depbase.Plo
depbase=`echo libmisc/unquote.lo | sed 's|[^/]*$|.deps/&|;s|\.lo$||'`;\
/bin/sh ./libtool  --tag=CC   --mode=compile x86_64-unknown-linux-musl-gcc -DHAVE_CONFIG_H -I. -I./include  -I./include -I./include -DLOCALEDIR=\"/usr/share/locale\" -DSYSCONFDIR=\"/etc\" -DNDEBUG  -O2 -m64 -march=x86-64 -mtune=generic -flto=auto -ffat-lto-objects -fvisibility=hidden -MT libmisc/unquote.lo -MD -MP -MF $depbase.Tpo -c -o libmisc/unquote.lo libmisc/unquote.c &&\
mv -f $depbase.Tpo $depbase.Plo
depbase=`echo libmisc/walk_tree.lo | sed 's|[^/]*$|.deps/&|;s|\.lo$||'`;\
/bin/sh ./libtool  --tag=CC   --mode=compile x86_64-unknown-linux-musl-gcc -DHAVE_CONFIG_H -I. -I./include  -I./include -I./include -DLOCALEDIR=\"/usr/share/locale\" -DSYSCONFDIR=\"/etc\" -DNDEBUG  -O2 -m64 -march=x86-64 -mtune=generic -flto=auto -ffat-lto-objects -fvisibility=hidden -MT libmisc/walk_tree.lo -MD -MP -MF $depbase.Tpo -c -o libmisc/walk_tree.lo libmisc/walk_tree.c &&\
mv -f $depbase.Tpo $depbase.Plo
mv -f libattr/.deps/la-attr_copy_fd.Tpo libattr/.deps/la-attr_copy_fd.Plo
libtool: compile:  x86_64-unknown-linux-musl-gcc -DHAVE_CONFIG_H -I. -I./include -I./include -I./include "-DLOCALEDIR=\"/usr/share/locale\"" "-DSYSCONFDIR=\"/etc\"" -DNDEBUG -include libattr/libattr.h -O2 -m64 -march=x86-64 -mtune=generic -flto=auto -ffat-lto-objects -fvisibility=hidden -MT libattr/la-syscalls.lo -MD -MP -MF libattr/.deps/la-syscalls.Tpo -c libattr/syscalls.c -o libattr/la-syscalls.o >/dev/null 2>&1
libtool: compile:  x86_64-unknown-linux-musl-gcc -DHAVE_CONFIG_H -I. -I./include -I./include -I./include "-DLOCALEDIR=\"/usr/share/locale\"" "-DSYSCONFDIR=\"/etc\"" -DNDEBUG -O2 -m64 -march=x86-64 -mtune=generic -flto=auto -ffat-lto-objects -fvisibility=hidden -MT libmisc/unquote.lo -MD -MP -MF libmisc/.deps/unquote.Tpo -c libmisc/unquote.c  -fPIC -DPIC -o libmisc/.libs/unquote.o
libtool: compile:  x86_64-unknown-linux-musl-gcc -DHAVE_CONFIG_H -I. -I./include -I./include -I./include "-DLOCALEDIR=\"/usr/share/locale\"" "-DSYSCONFDIR=\"/etc\"" -DNDEBUG -O2 -m64 -march=x86-64 -mtune=generic -flto=auto -ffat-lto-objects -fvisibility=hidden -MT libmisc/next_line.lo -MD -MP -MF libmisc/.deps/next_line.Tpo -c libmisc/next_line.c  -fPIC -DPIC -o libmisc/.libs/next_line.o
libtool: compile:  x86_64-unknown-linux-musl-gcc -DHAVE_CONFIG_H -I. -I./include -I./include -I./include "-DLOCALEDIR=\"/usr/share/locale\"" "-DSYSCONFDIR=\"/etc\"" -DNDEBUG -O2 -m64 -march=x86-64 -mtune=generic -flto=auto -ffat-lto-objects -fvisibility=hidden -MT libmisc/quote.lo -MD -MP -MF libmisc/.deps/quote.Tpo -c libmisc/quote.c  -fPIC -DPIC -o libmisc/.libs/quote.o
mv -f libattr/.deps/la-attr_copy_file.Tpo libattr/.deps/la-attr_copy_file.Plo
libtool: compile:  x86_64-unknown-linux-musl-gcc -DHAVE_CONFIG_H -I. -I./include -I./include -I./include "-DLOCALEDIR=\"/usr/share/locale\"" "-DSYSCONFDIR=\"/etc\"" -DNDEBUG -include libattr/libattr.h -O2 -m64 -march=x86-64 -mtune=generic -flto=auto -ffat-lto-objects -fvisibility=hidden -MT libattr/la-libattr.lo -MD -MP -MF libattr/.deps/la-libattr.Tpo -c libattr/libattr.c -o libattr/la-libattr.o >/dev/null 2>&1
libtool: compile:  x86_64-unknown-linux-musl-gcc -DHAVE_CONFIG_H -I. -I./include -I./include -I./include "-DLOCALEDIR=\"/usr/share/locale\"" "-DSYSCONFDIR=\"/etc\"" -DNDEBUG -O2 -m64 -march=x86-64 -mtune=generic -flto=auto -ffat-lto-objects -fvisibility=hidden -MT libmisc/walk_tree.lo -MD -MP -MF libmisc/.deps/walk_tree.Tpo -c libmisc/walk_tree.c  -fPIC -DPIC -o libmisc/.libs/walk_tree.o
libtool: compile:  x86_64-unknown-linux-musl-gcc -DHAVE_CONFIG_H -I. -I./include -I./include -I./include "-DLOCALEDIR=\"/usr/share/locale\"" "-DSYSCONFDIR=\"/etc\"" -DNDEBUG -O2 -m64 -march=x86-64 -mtune=generic -flto=auto -ffat-lto-objects -fvisibility=hidden -MT libmisc/unquote.lo -MD -MP -MF libmisc/.deps/unquote.Tpo -c libmisc/unquote.c -o libmisc/unquote.o >/dev/null 2>&1
libtool: compile:  x86_64-unknown-linux-musl-gcc -DHAVE_CONFIG_H -I. -I./include -I./include -I./include "-DLOCALEDIR=\"/usr/share/locale\"" "-DSYSCONFDIR=\"/etc\"" -DNDEBUG -O2 -m64 -march=x86-64 -mtune=generic -flto=auto -ffat-lto-objects -fvisibility=hidden -MT libmisc/next_line.lo -MD -MP -MF libmisc/.deps/next_line.Tpo -c libmisc/next_line.c -o libmisc/next_line.o >/dev/null 2>&1
mv -f libattr/.deps/la-syscalls.Tpo libattr/.deps/la-syscalls.Plo
libtool: compile:  x86_64-unknown-linux-musl-gcc -DHAVE_CONFIG_H -I. -I./include -I./include -I./include "-DLOCALEDIR=\"/usr/share/locale\"" "-DSYSCONFDIR=\"/etc\"" -DNDEBUG -O2 -m64 -march=x86-64 -mtune=generic -flto=auto -ffat-lto-objects -fvisibility=hidden -MT libmisc/quote.lo -MD -MP -MF libmisc/.deps/quote.Tpo -c libmisc/quote.c -o libmisc/quote.o >/dev/null 2>&1
libtool: compile:  x86_64-unknown-linux-musl-gcc -DHAVE_CONFIG_H -I. -I./include -I./include -I./include "-DLOCALEDIR=\"/usr/share/locale\"" "-DSYSCONFDIR=\"/etc\"" -DNDEBUG -O2 -m64 -march=x86-64 -mtune=generic -flto=auto -ffat-lto-objects -fvisibility=hidden -MT libmisc/walk_tree.lo -MD -MP -MF libmisc/.deps/walk_tree.Tpo -c libmisc/walk_tree.c -o libmisc/walk_tree.o >/dev/null 2>&1
/bin/sh ./libtool  --tag=CC   --mode=link x86_64-unknown-linux-musl-gcc  -O2 -m64 -march=x86-64 -mtune=generic -flto=auto -ffat-lto-objects -fvisibility=hidden   -o libmisc.la  libmisc/high_water_alloc.lo libmisc/next_line.lo libmisc/quote.lo libmisc/unquote.lo libmisc/walk_tree.lo  
mv -f libattr/.deps/la-libattr.Tpo libattr/.deps/la-libattr.Plo
/bin/sh ./libtool  --tag=CC   --mode=link x86_64-unknown-linux-musl-gcc -include libattr/libattr.h -O2 -m64 -march=x86-64 -mtune=generic -flto=auto -ffat-lto-objects -fvisibility=hidden -Wl,--version-script,./exports -version-info 2:2502:1  -o libattr.la -rpath /usr/lib libattr/la-attr_copy_action.lo libattr/la-attr_copy_check.lo libattr/la-attr_copy_fd.lo libattr/la-attr_copy_file.lo libattr/la-libattr.lo libattr/la-syscalls.lo  
libtool: link: x86_64-unknown-linux-musl-ar cr .libs/libmisc.a libmisc/.libs/high_water_alloc.o libmisc/.libs/next_line.o libmisc/.libs/quote.o libmisc/.libs/unquote.o libmisc/.libs/walk_tree.o 
libtool: link: x86_64-unknown-linux-musl-gcc -shared  -fPIC -DPIC  libattr/.libs/la-attr_copy_action.o libattr/.libs/la-attr_copy_check.o libattr/.libs/la-attr_copy_fd.o libattr/.libs/la-attr_copy_file.o libattr/.libs/la-libattr.o libattr/.libs/la-syscalls.o    -O2 -m64 -march=x86-64 -mtune=generic -flto=auto -Wl,--version-script -Wl,./exports   -Wl,-soname -Wl,libattr.so.1 -o .libs/libattr.so.1.1.2502
libtool: link: x86_64-unknown-linux-musl-ranlib .libs/libmisc.a
libtool: link: ( cd ".libs" && rm -f "libmisc.la" && ln -s "../libmisc.la" "libmisc.la" )
libtool: link: (cd ".libs" && rm -f "libattr.so.1" && ln -s "libattr.so.1.1.2502" "libattr.so.1")
libtool: link: (cd ".libs" && rm -f "libattr.so" && ln -s "libattr.so.1.1.2502" "libattr.so")
libtool: link: x86_64-unknown-linux-musl-ar cr .libs/libattr.a  libattr/la-attr_copy_action.o libattr/la-attr_copy_check.o libattr/la-attr_copy_fd.o libattr/la-attr_copy_file.o libattr/la-libattr.o libattr/la-syscalls.o
libtool: link: x86_64-unknown-linux-musl-ranlib .libs/libattr.a
libtool: link: ( cd ".libs" && rm -f "libattr.la" && ln -s "../libattr.la" "libattr.la" )
/bin/sh ./libtool  --tag=CC   --mode=link x86_64-unknown-linux-musl-gcc  -O2 -m64 -march=x86-64 -mtune=generic -flto=auto -ffat-lto-objects -fvisibility=hidden   -o attr tools/attr.o  libattr.la libmisc.la  
/bin/sh ./libtool  --tag=CC   --mode=link x86_64-unknown-linux-musl-gcc  -O2 -m64 -march=x86-64 -mtune=generic -flto=auto -ffat-lto-objects -fvisibility=hidden   -o getfattr tools/getfattr.o  libattr.la libmisc.la  
/bin/sh ./libtool  --tag=CC   --mode=link x86_64-unknown-linux-musl-gcc  -O2 -m64 -march=x86-64 -mtune=generic -flto=auto -ffat-lto-objects -fvisibility=hidden   -o setfattr tools/setfattr.o  libattr.la libmisc.la  
libtool: link: x86_64-unknown-linux-musl-gcc -O2 -m64 -march=x86-64 -mtune=generic -flto=auto -ffat-lto-objects -fvisibility=hidden -o .libs/attr tools/attr.o  ./.libs/libattr.so ./.libs/libmisc.a
libtool: link: x86_64-unknown-linux-musl-gcc -O2 -m64 -march=x86-64 -mtune=generic -flto=auto -ffat-lto-objects -fvisibility=hidden -o .libs/getfattr tools/getfattr.o  ./.libs/libattr.so ./.libs/libmisc.a
libtool: link: x86_64-unknown-linux-musl-gcc -O2 -m64 -march=x86-64 -mtune=generic -flto=auto -ffat-lto-objects -fvisibility=hidden -o .libs/setfattr tools/setfattr.o  ./.libs/libattr.so ./.libs/libmisc.a
make[1]: Leaving directory '/home/devel/building/work/src/attr-2.5.2'
+ make DESTDIR=/home/devel/building/work/pkg install
Making install in po
make[1]: Entering directory '/home/devel/building/work/src/attr-2.5.2/po'
if test "attr" = "gettext-tools"; then \
  /bin/mkdir -p /home/devel/building/work/pkg/usr/share/gettext/po; \
  for file in Makefile.in.in remove-potcdate.sin quot.sed boldquot.sed en@quot.header en@boldquot.header insert-header.sin Rules-quot   Makevars.template; do \
    /usr/bin/install -c -m 644 ./$file \
		    /home/devel/building/work/pkg/usr/share/gettext/po/$file; \
  done; \
  for file in Makevars; do \
    rm -f /home/devel/building/work/pkg/usr/share/gettext/po/$file; \
  done; \
else \
  : ; \
fi
make[1]: Leaving directory '/home/devel/building/work/src/attr-2.5.2/po'
make[1]: Entering directory '/home/devel/building/work/src/attr-2.5.2'
make[2]: Entering directory '/home/devel/building/work/src/attr-2.5.2'
 /bin/mkdir -p '/home/devel/building/work/pkg/etc'
subst_install_header() { file=`echo "$1" | sed -e 's,^.*/,,'`; /bin/sed -e "s/\<EXPORT\>/extern/" < "$1" > "include/$file.t" || exit 1; /bin/mkdir -p "$2" || exit 1; /usr/bin/install -c -m 644 "include/$file.t" "$2/$file" || exit 1; rm -f "include/$file.t"; }; subst_install_header "include/attributes.h" "/home/devel/building/work/pkg/usr/include/attr"
subst_install_header() { file=`echo "$1" | sed -e 's,^.*/,,'`; /bin/sed -e "s/\<EXPORT\>/extern/" < "$1" > "include/$file.t" || exit 1; /bin/mkdir -p "$2" || exit 1; /usr/bin/install -c -m 644 "include/$file.t" "$2/$file" || exit 1; rm -f "include/$file.t"; }; subst_install_header "include/error_context.h" "/home/devel/building/work/pkg/usr/include/attr"
subst_install_header() { file=`echo "$1" | sed -e 's,^.*/,,'`; /bin/sed -e "s/\<EXPORT\>/extern/" < "$1" > "include/$file.t" || exit 1; /bin/mkdir -p "$2" || exit 1; /usr/bin/install -c -m 644 "include/$file.t" "$2/$file" || exit 1; rm -f "include/$file.t"; }; subst_install_header "include/libattr.h" "/home/devel/building/work/pkg/usr/include/attr"
 /usr/bin/install -c -m 644 xattr.conf '/home/devel/building/work/pkg/etc'
 /bin/mkdir -p '/home/devel/building/work/pkg/usr/share/doc/attr'
 /usr/bin/install -c -m 644 doc/CHANGES doc/COPYING doc/COPYING.LGPL '/home/devel/building/work/pkg/usr/share/doc/attr'
 /bin/mkdir -p '/home/devel/building/work/pkg/usr/share/man/man3'
 /bin/mkdir -p '/home/devel/building/work/pkg/usr/share/man/man1'
 /bin/mkdir -p '/home/devel/building/work/pkg/usr/lib/pkgconfig'
 /bin/mkdir -p '/home/devel/building/work/pkg/usr/lib'
 /bin/sh ./libtool   --mode=install /usr/bin/install -c   libattr.la '/home/devel/building/work/pkg/usr/lib'
 /usr/bin/install -c -m 644 libattr.pc '/home/devel/building/work/pkg/usr/lib/pkgconfig'
 /usr/bin/install -c -m 644 man/man3/attr_get.3 man/man3/attr_list.3 man/man3/attr_multi.3 man/man3/attr_remove.3 man/man3/attr_set.3 '/home/devel/building/work/pkg/usr/share/man/man3'
 /usr/bin/install -c -m 644 man/man1/attr.1 man/man1/getfattr.1 man/man1/setfattr.1 '/home/devel/building/work/pkg/usr/share/man/man1'
make  install-data-hook
make[3]: Entering directory '/home/devel/building/work/src/attr-2.5.2'
set -e; \
cd "/home/devel/building/work/pkg/usr/share/man"; \
for d in man/man1/attr.1 man/man1/getfattr.1 man/man1/setfattr.1 man/man3/attr_get.3 man/man3/attr_list.3 man/man3/attr_multi.3 man/man3/attr_remove.3 man/man3/attr_set.3; do \
	man_section=${d##*.}; \
	d=${d#man/}; \
	dst=${d##*/}; \
	for m in `gawk \
		'/^\.S[h|H] NAME/ {ok=1; next} ok {print; exit}' $d \
		| /bin/sed \
			-e 's/^\.Nm //' -e 's/,/ /g' -e 's/\\-.*//' \
			-e 's/\\\f[0-9]//g' -e 's/  / /g;q'`; \
	do \
		[ "$m" = "\\" ] && continue; \
		ln="man$man_section/$m.$man_section"; \
		[ -e "$ln" ] && continue; \
		echo ln -s $dst $ln; \
		ln -s $dst $ln; \
	done; \
done
libtool: install: /usr/bin/install -c .libs/libattr.so.1.1.2502 /home/devel/building/work/pkg/usr/lib/libattr.so.1.1.2502
libtool: install: (cd /home/devel/building/work/pkg/usr/lib && { ln -s -f libattr.so.1.1.2502 libattr.so.1 || { rm -f libattr.so.1 && ln -s libattr.so.1.1.2502 libattr.so.1; }; })
ln -s attr_get.3 man3/attr_getf.3
libtool: install: (cd /home/devel/building/work/pkg/usr/lib && { ln -s -f libattr.so.1.1.2502 libattr.so || { rm -f libattr.so && ln -s libattr.so.1.1.2502 libattr.so; }; })
ln -s attr_list.3 man3/attr_listf.3
libtool: install: /usr/bin/install -c .libs/libattr.lai /home/devel/building/work/pkg/usr/lib/libattr.la
ln -s attr_multi.3 man3/attr_multif.3
libtool: install: /usr/bin/install -c .libs/libattr.a /home/devel/building/work/pkg/usr/lib/libattr.a
libtool: install: chmod 644 /home/devel/building/work/pkg/usr/lib/libattr.a
ln -s attr_remove.3 man3/attr_removef.3
libtool: install: x86_64-unknown-linux-musl-ranlib /home/devel/building/work/pkg/usr/lib/libattr.a
ln -s attr_set.3 man3/attr_setf.3
make[3]: Leaving directory '/home/devel/building/work/src/attr-2.5.2'
libtool: warning: remember to run 'libtool --finish /usr/lib'
 /bin/mkdir -p '/home/devel/building/work/pkg/bin'
  /bin/sh ./libtool   --mode=install /usr/bin/install -c attr getfattr setfattr '/home/devel/building/work/pkg/bin'
libtool: install: /usr/bin/install -c .libs/attr /home/devel/building/work/pkg/bin/attr
libtool: install: /usr/bin/install -c .libs/getfattr /home/devel/building/work/pkg/bin/getfattr
libtool: install: /usr/bin/install -c .libs/setfattr /home/devel/building/work/pkg/bin/setfattr
make[2]: Leaving directory '/home/devel/building/work/src/attr-2.5.2'
make[1]: Leaving directory '/home/devel/building/work/src/attr-2.5.2'
+ install -d /home/devel/building/work/pkg/lib
+ mv /home/devel/building/work/pkg/usr/lib/libattr.so.1 /home/devel/building/work/pkg/usr/lib/libattr.so.1.1.2502 /home/devel/building/work/pkg/lib
+ rm /home/devel/building/work/pkg/usr/lib/libattr.so
++ readlink /home/devel/building/work/pkg/lib/libattr.so.1
+ ln -sf ../../lib/libattr.so.1.1.2502 /home/devel/building/work/pkg/usr/lib/libattr.so
+ rm -r /home/devel/building/work/pkg/usr/share/doc
=======> Build result:
drwxr-xr-x  0 root   root        0 May 29 16:24 bin/
-rwxr-xr-x  0 root   root    14528 May 29 16:24 bin/attr
-rwxr-xr-x  0 root   root    18640 May 29 16:24 bin/getfattr
-rwxr-xr-x  0 root   root    18584 May 29 16:24 bin/setfattr
drwxr-xr-x  0 root   root        0 May 29 16:24 etc/
-rw-r--r--  0 root   root      681 May 29 16:24 etc/xattr.conf
drwxr-xr-x  0 root   root        0 May 29 16:24 lib/
lrwxrwxrwx  0 root   root        0 May 29 16:24 lib/libattr.so.1 -> libattr.so.1.1.2502
-rwxr-xr-x  0 root   root    26888 May 29 16:24 lib/libattr.so.1.1.2502
drwxr-xr-x  0 root   root        0 May 29 16:24 usr/
drwxr-xr-x  0 root   root        0 May 29 16:24 usr/share/
drwxr-xr-x  0 root   root        0 May 29 16:24 usr/include/
drwxr-xr-x  0 root   root        0 May 29 16:24 usr/lib/
drwxr-xr-x  0 root   root        0 May 29 16:24 usr/lib/pkgconfig/
-rwxr-xr-x  0 root   root      916 May 29 16:24 usr/lib/libattr.la
-rw-r--r--  0 root   root   105546 May 29 16:24 usr/lib/libattr.a
lrwxrwxrwx  0 root   root        0 May 29 16:24 usr/lib/libattr.so -> ../../lib/libattr.so.1.1.2502
-rw-r--r--  0 root   root      236 May 29 16:24 usr/lib/pkgconfig/libattr.pc
drwxr-xr-x  0 root   root        0 May 29 16:24 usr/include/attr/
-rw-r--r--  0 root   root     1569 May 29 16:24 usr/include/attr/error_context.h
-rw-r--r--  0 root   root     8004 May 29 16:24 usr/include/attr/attributes.h
-rw-r--r--  0 root   root     1411 May 29 16:24 usr/include/attr/libattr.h
drwxr-xr-x  0 root   root        0 May 29 16:24 usr/share/man/
drwxr-xr-x  0 root   root        0 May 29 16:24 usr/share/man/man3/
drwxr-xr-x  0 root   root        0 May 29 16:24 usr/share/man/man1/
-rw-r--r--  0 root   root     2576 May 29 16:24 usr/share/man/man1/attr.1.gz
-rw-r--r--  0 root   root     2023 May 29 16:24 usr/share/man/man1/getfattr.1.gz
-rw-r--r--  0 root   root     1820 May 29 16:24 usr/share/man/man1/setfattr.1.gz
-rw-r--r--  0 root   root     1873 May 29 16:24 usr/share/man/man3/attr_get.3.gz
-rw-r--r--  0 root   root     2637 May 29 16:24 usr/share/man/man3/attr_list.3.gz
-rw-r--r--  0 root   root     2749 May 29 16:24 usr/share/man/man3/attr_multi.3.gz
-rw-r--r--  0 root   root     1657 May 29 16:24 usr/share/man/man3/attr_remove.3.gz
-rw-r--r--  0 root   root     2075 May 29 16:24 usr/share/man/man3/attr_set.3.gz
lrwxrwxrwx  0 root   root        0 May 29 16:24 usr/share/man/man3/attr_getf.3.gz -> attr_get.3.gz
lrwxrwxrwx  0 root   root        0 May 29 16:24 usr/share/man/man3/attr_listf.3.gz -> attr_list.3.gz
lrwxrwxrwx  0 root   root        0 May 29 16:24 usr/share/man/man3/attr_multif.3.gz -> attr_multi.3.gz
lrwxrwxrwx  0 root   root        0 May 29 16:24 usr/share/man/man3/attr_removef.3.gz -> attr_remove.3.gz
lrwxrwxrwx  0 root   root        0 May 29 16:24 usr/share/man/man3/attr_setf.3.gz -> attr_set.3.gz
=======> Building '/home/devel/packages/attr#2.5.2-1.x86_64.pkg.tar.zst' succeeded.
prt-get: Using PKGMK_PACKAGE_DIR: /home/devel/packages
prt-get: reinstalling attr 2.5.2-1
prt-get: /usr/bin/pkgadd -u attr#2.5.2-1.x86_64.pkg.tar.zst
prt-get: build done Wed May 29 16:24:03 2024

