prt-get: updating /usr/ports/core-musl/bc
prt-get: starting build Wed May 29 16:25:23 2024
=======> Building '/home/devel/packages/bc#1.07.1-1.x86_64.pkg.tar.zst'.
bsdtar -p -o -C /home/devel/building/work/src -xf /home/devel/sources/bc-1.07.1.tar.gz
+ build
+ cd bc-1.07.1
+ export 'CFLAGS=-O3 -m64 -march=x86-64 -mtune=generic -flto=auto -ffat-lto-objects'
+ CFLAGS='-O3 -m64 -march=x86-64 -mtune=generic -flto=auto -ffat-lto-objects'
+ ./configure --build=x86_64-unknown-linux-musl --host=x86_64-unknown-linux-musl --prefix=/usr --with-readline
checking for a BSD-compatible install... /usr/bin/install -c
checking whether build environment is sane... yes
checking for a thread-safe mkdir -p... /bin/mkdir -p
checking for gawk... gawk
checking whether make sets $(MAKE)... yes
checking whether make supports nested variables... yes
checking for x86_64-unknown-linux-musl-gcc... x86_64-unknown-linux-musl-gcc
checking whether the C compiler works... yes
checking for C compiler default output file name... a.out
checking for suffix of executables... 
checking whether we are cross compiling... no
checking for suffix of object files... o
checking whether we are using the GNU C compiler... yes
checking whether x86_64-unknown-linux-musl-gcc accepts -g... yes
checking for x86_64-unknown-linux-musl-gcc option to accept ISO C89... none needed
checking whether x86_64-unknown-linux-musl-gcc understands -c and -o together... yes
checking for style of include used by make... GNU
checking dependency style of x86_64-unknown-linux-musl-gcc... gcc3
checking how to run the C preprocessor... x86_64-unknown-linux-musl-gcc -E
checking for grep that handles long lines and -e... /usr/bin/grep
checking for egrep... /usr/bin/grep -E
checking for ANSI C header files... yes
checking for sys/types.h... yes
checking for sys/stat.h... yes
checking for stdlib.h... yes
checking for string.h... yes
checking for memory.h... yes
checking for strings.h... yes
checking for inttypes.h... yes
checking for stdint.h... yes
checking for unistd.h... yes
checking minix/config.h usability... no
checking minix/config.h presence... no
checking for minix/config.h... no
checking whether it is safe to define __EXTENSIONS__... yes
checking for flex... flex
checking lex output file root... lex.yy
checking lex library... -lfl
checking whether yytext is a pointer... yes
checking for x86_64-unknown-linux-musl-ar... x86_64-unknown-linux-musl-ar
checking the archiver (x86_64-unknown-linux-musl-ar) interface... ar
checking for bison... bison -y
checking for x86_64-unknown-linux-musl-ranlib... x86_64-unknown-linux-musl-ranlib
checking whether make sets $(MAKE)... (cached) yes
checking for stdarg.h... yes
checking for stddef.h... yes
checking for stdlib.h... (cached) yes
checking for string.h... (cached) yes
checking for errno.h... yes
checking for limits.h... yes
checking for unistd.h... (cached) yes
checking for lib.h... no
checking for an ANSI C-conforming const... yes
checking for size_t... yes
checking for ptrdiff_t... yes
checking for vprintf... yes
checking for _doprnt... no
checking for isgraph... yes
checking for setvbuf... yes
checking for fstat... yes
checking for strtol... yes
checking for tparm in -lncurses... no
checking for tgetent in -ltermcap... no
checking for readline in -lreadline... yes
checking readline/readline.h usability... yes
checking readline/readline.h presence... yes
checking for readline/readline.h... yes
Using the readline library.
Adding GCC specific compile flags.
checking that generated files are newer than configure... done
configure: creating ./config.status
config.status: creating Makefile
config.status: creating bc/Makefile
config.status: creating dc/Makefile
config.status: creating lib/Makefile
config.status: creating doc/Makefile
config.status: creating doc/texi-ver.incl
config.status: creating config.h
config.status: executing depfiles commands
+ make -j1 V=1
make  all-recursive
make[1]: Entering directory '/home/devel/building/work/src/bc-1.07.1'
Making all in lib
make[2]: Entering directory '/home/devel/building/work/src/bc-1.07.1/lib'
x86_64-unknown-linux-musl-gcc -DHAVE_CONFIG_H  -I. -I..  -I. -I.. -I./../h  -O3 -m64 -march=x86-64 -mtune=generic -flto=auto -ffat-lto-objects -Wall -funsigned-char -O3 -m64 -march=x86-64 -mtune=generic -flto=auto -ffat-lto-objects -Wall -funsigned-char -MT getopt.o -MD -MP -MF .deps/getopt.Tpo -c -o getopt.o getopt.c
mv -f .deps/getopt.Tpo .deps/getopt.Po
x86_64-unknown-linux-musl-gcc -DHAVE_CONFIG_H  -I. -I..  -I. -I.. -I./../h  -O3 -m64 -march=x86-64 -mtune=generic -flto=auto -ffat-lto-objects -Wall -funsigned-char -O3 -m64 -march=x86-64 -mtune=generic -flto=auto -ffat-lto-objects -Wall -funsigned-char -MT getopt1.o -MD -MP -MF .deps/getopt1.Tpo -c -o getopt1.o getopt1.c
mv -f .deps/getopt1.Tpo .deps/getopt1.Po
x86_64-unknown-linux-musl-gcc -DHAVE_CONFIG_H  -I. -I..  -I. -I.. -I./../h  -O3 -m64 -march=x86-64 -mtune=generic -flto=auto -ffat-lto-objects -Wall -funsigned-char -O3 -m64 -march=x86-64 -mtune=generic -flto=auto -ffat-lto-objects -Wall -funsigned-char -MT vfprintf.o -MD -MP -MF .deps/vfprintf.Tpo -c -o vfprintf.o vfprintf.c
mv -f .deps/vfprintf.Tpo .deps/vfprintf.Po
x86_64-unknown-linux-musl-gcc -DHAVE_CONFIG_H  -I. -I..  -I. -I.. -I./../h  -O3 -m64 -march=x86-64 -mtune=generic -flto=auto -ffat-lto-objects -Wall -funsigned-char -O3 -m64 -march=x86-64 -mtune=generic -flto=auto -ffat-lto-objects -Wall -funsigned-char -MT number.o -MD -MP -MF .deps/number.Tpo -c -o number.o number.c
mv -f .deps/number.Tpo .deps/number.Po
rm -f libbc.a
x86_64-unknown-linux-musl-ar cru libbc.a getopt.o getopt1.o vfprintf.o number.o 
x86_64-unknown-linux-musl-ar: `u' modifier ignored since `D' is the default (see `U')
x86_64-unknown-linux-musl-ranlib libbc.a
make[2]: Leaving directory '/home/devel/building/work/src/bc-1.07.1/lib'
Making all in bc
make[2]: Entering directory '/home/devel/building/work/src/bc-1.07.1/bc'
x86_64-unknown-linux-musl-gcc -DHAVE_CONFIG_H -I. -I..  -I. -I./../h  -O3 -m64 -march=x86-64 -mtune=generic -flto=auto -ffat-lto-objects -Wall -funsigned-char -O3 -m64 -march=x86-64 -mtune=generic -flto=auto -ffat-lto-objects -Wall -funsigned-char -MT main.o -MD -MP -MF .deps/main.Tpo -c -o main.o main.c
mv -f .deps/main.Tpo .deps/main.Po
x86_64-unknown-linux-musl-gcc -DHAVE_CONFIG_H -I. -I..  -I. -I./../h  -O3 -m64 -march=x86-64 -mtune=generic -flto=auto -ffat-lto-objects -Wall -funsigned-char -O3 -m64 -march=x86-64 -mtune=generic -flto=auto -ffat-lto-objects -Wall -funsigned-char -MT bc.o -MD -MP -MF .deps/bc.Tpo -c -o bc.o bc.c
mv -f .deps/bc.Tpo .deps/bc.Po
x86_64-unknown-linux-musl-gcc -DHAVE_CONFIG_H -I. -I..  -I. -I./../h  -O3 -m64 -march=x86-64 -mtune=generic -flto=auto -ffat-lto-objects -Wall -funsigned-char -O3 -m64 -march=x86-64 -mtune=generic -flto=auto -ffat-lto-objects -Wall -funsigned-char -MT scan.o -MD -MP -MF .deps/scan.Tpo -c -o scan.o scan.c
mv -f .deps/scan.Tpo .deps/scan.Po
x86_64-unknown-linux-musl-gcc -DHAVE_CONFIG_H -I. -I..  -I. -I./../h  -O3 -m64 -march=x86-64 -mtune=generic -flto=auto -ffat-lto-objects -Wall -funsigned-char -O3 -m64 -march=x86-64 -mtune=generic -flto=auto -ffat-lto-objects -Wall -funsigned-char -MT execute.o -MD -MP -MF .deps/execute.Tpo -c -o execute.o execute.c
mv -f .deps/execute.Tpo .deps/execute.Po
x86_64-unknown-linux-musl-gcc -DHAVE_CONFIG_H -I. -I..  -I. -I./../h  -O3 -m64 -march=x86-64 -mtune=generic -flto=auto -ffat-lto-objects -Wall -funsigned-char -O3 -m64 -march=x86-64 -mtune=generic -flto=auto -ffat-lto-objects -Wall -funsigned-char -MT load.o -MD -MP -MF .deps/load.Tpo -c -o load.o load.c
mv -f .deps/load.Tpo .deps/load.Po
x86_64-unknown-linux-musl-gcc -DHAVE_CONFIG_H -I. -I..  -I. -I./../h  -O3 -m64 -march=x86-64 -mtune=generic -flto=auto -ffat-lto-objects -Wall -funsigned-char -O3 -m64 -march=x86-64 -mtune=generic -flto=auto -ffat-lto-objects -Wall -funsigned-char -MT storage.o -MD -MP -MF .deps/storage.Tpo -c -o storage.o storage.c
mv -f .deps/storage.Tpo .deps/storage.Po
x86_64-unknown-linux-musl-gcc -DHAVE_CONFIG_H -I. -I..  -I. -I./../h  -O3 -m64 -march=x86-64 -mtune=generic -flto=auto -ffat-lto-objects -Wall -funsigned-char -O3 -m64 -march=x86-64 -mtune=generic -flto=auto -ffat-lto-objects -Wall -funsigned-char -MT util.o -MD -MP -MF .deps/util.Tpo -c -o util.o util.c
mv -f .deps/util.Tpo .deps/util.Po
x86_64-unknown-linux-musl-gcc -DHAVE_CONFIG_H -I. -I..  -I. -I./../h  -O3 -m64 -march=x86-64 -mtune=generic -flto=auto -ffat-lto-objects -Wall -funsigned-char -O3 -m64 -march=x86-64 -mtune=generic -flto=auto -ffat-lto-objects -Wall -funsigned-char -MT warranty.o -MD -MP -MF .deps/warranty.Tpo -c -o warranty.o warranty.c
mv -f .deps/warranty.Tpo .deps/warranty.Po
echo '{0}' > libmath.h
make global.o
make[3]: Entering directory '/home/devel/building/work/src/bc-1.07.1/bc'
x86_64-unknown-linux-musl-gcc -DHAVE_CONFIG_H -I. -I..  -I. -I./../h  -O3 -m64 -march=x86-64 -mtune=generic -flto=auto -ffat-lto-objects -Wall -funsigned-char -O3 -m64 -march=x86-64 -mtune=generic -flto=auto -ffat-lto-objects -Wall -funsigned-char -MT global.o -MD -MP -MF .deps/global.Tpo -c -o global.o global.c
mv -f .deps/global.Tpo .deps/global.Po
make[3]: Leaving directory '/home/devel/building/work/src/bc-1.07.1/bc'
x86_64-unknown-linux-musl-gcc -O3 -m64 -march=x86-64 -mtune=generic -flto=auto -ffat-lto-objects -Wall -funsigned-char -O3 -m64 -march=x86-64 -mtune=generic -flto=auto -ffat-lto-objects -Wall -funsigned-char   -o libmath.h -o fbc main.o bc.o scan.o execute.o load.o storage.o util.o warranty.o global.o ../lib/libbc.a -lfl -lreadline  
./fbc -c ./libmath.b </dev/null >libmath.h
./fix-libmath_h
2655
2793
rm -f ./fbc ./global.o
x86_64-unknown-linux-musl-gcc -DHAVE_CONFIG_H -I. -I..  -I. -I./../h  -O3 -m64 -march=x86-64 -mtune=generic -flto=auto -ffat-lto-objects -Wall -funsigned-char -O3 -m64 -march=x86-64 -mtune=generic -flto=auto -ffat-lto-objects -Wall -funsigned-char -MT global.o -MD -MP -MF .deps/global.Tpo -c -o global.o global.c
mv -f .deps/global.Tpo .deps/global.Po
x86_64-unknown-linux-musl-gcc -O3 -m64 -march=x86-64 -mtune=generic -flto=auto -ffat-lto-objects -Wall -funsigned-char -O3 -m64 -march=x86-64 -mtune=generic -flto=auto -ffat-lto-objects -Wall -funsigned-char   -o bc main.o bc.o scan.o execute.o load.o storage.o util.o global.o warranty.o ../lib/libbc.a -lfl -lreadline  
make[2]: Leaving directory '/home/devel/building/work/src/bc-1.07.1/bc'
Making all in dc
make[2]: Entering directory '/home/devel/building/work/src/bc-1.07.1/dc'
x86_64-unknown-linux-musl-gcc -DHAVE_CONFIG_H -I. -I..  -I./.. -I./../h  -O3 -m64 -march=x86-64 -mtune=generic -flto=auto -ffat-lto-objects -Wall -funsigned-char -O3 -m64 -march=x86-64 -mtune=generic -flto=auto -ffat-lto-objects -Wall -funsigned-char -MT dc.o -MD -MP -MF .deps/dc.Tpo -c -o dc.o dc.c
mv -f .deps/dc.Tpo .deps/dc.Po
x86_64-unknown-linux-musl-gcc -DHAVE_CONFIG_H -I. -I..  -I./.. -I./../h  -O3 -m64 -march=x86-64 -mtune=generic -flto=auto -ffat-lto-objects -Wall -funsigned-char -O3 -m64 -march=x86-64 -mtune=generic -flto=auto -ffat-lto-objects -Wall -funsigned-char -MT misc.o -MD -MP -MF .deps/misc.Tpo -c -o misc.o misc.c
mv -f .deps/misc.Tpo .deps/misc.Po
x86_64-unknown-linux-musl-gcc -DHAVE_CONFIG_H -I. -I..  -I./.. -I./../h  -O3 -m64 -march=x86-64 -mtune=generic -flto=auto -ffat-lto-objects -Wall -funsigned-char -O3 -m64 -march=x86-64 -mtune=generic -flto=auto -ffat-lto-objects -Wall -funsigned-char -MT eval.o -MD -MP -MF .deps/eval.Tpo -c -o eval.o eval.c
mv -f .deps/eval.Tpo .deps/eval.Po
x86_64-unknown-linux-musl-gcc -DHAVE_CONFIG_H -I. -I..  -I./.. -I./../h  -O3 -m64 -march=x86-64 -mtune=generic -flto=auto -ffat-lto-objects -Wall -funsigned-char -O3 -m64 -march=x86-64 -mtune=generic -flto=auto -ffat-lto-objects -Wall -funsigned-char -MT stack.o -MD -MP -MF .deps/stack.Tpo -c -o stack.o stack.c
mv -f .deps/stack.Tpo .deps/stack.Po
x86_64-unknown-linux-musl-gcc -DHAVE_CONFIG_H -I. -I..  -I./.. -I./../h  -O3 -m64 -march=x86-64 -mtune=generic -flto=auto -ffat-lto-objects -Wall -funsigned-char -O3 -m64 -march=x86-64 -mtune=generic -flto=auto -ffat-lto-objects -Wall -funsigned-char -MT array.o -MD -MP -MF .deps/array.Tpo -c -o array.o array.c
mv -f .deps/array.Tpo .deps/array.Po
x86_64-unknown-linux-musl-gcc -DHAVE_CONFIG_H -I. -I..  -I./.. -I./../h  -O3 -m64 -march=x86-64 -mtune=generic -flto=auto -ffat-lto-objects -Wall -funsigned-char -O3 -m64 -march=x86-64 -mtune=generic -flto=auto -ffat-lto-objects -Wall -funsigned-char -MT numeric.o -MD -MP -MF .deps/numeric.Tpo -c -o numeric.o numeric.c
mv -f .deps/numeric.Tpo .deps/numeric.Po
x86_64-unknown-linux-musl-gcc -DHAVE_CONFIG_H -I. -I..  -I./.. -I./../h  -O3 -m64 -march=x86-64 -mtune=generic -flto=auto -ffat-lto-objects -Wall -funsigned-char -O3 -m64 -march=x86-64 -mtune=generic -flto=auto -ffat-lto-objects -Wall -funsigned-char -MT string.o -MD -MP -MF .deps/string.Tpo -c -o string.o string.c
mv -f .deps/string.Tpo .deps/string.Po
x86_64-unknown-linux-musl-gcc -O3 -m64 -march=x86-64 -mtune=generic -flto=auto -ffat-lto-objects -Wall -funsigned-char -O3 -m64 -march=x86-64 -mtune=generic -flto=auto -ffat-lto-objects -Wall -funsigned-char   -o dc dc.o misc.o eval.o stack.o array.o numeric.o string.o ../lib/libbc.a 
make[2]: Leaving directory '/home/devel/building/work/src/bc-1.07.1/dc'
Making all in doc
make[2]: Entering directory '/home/devel/building/work/src/bc-1.07.1/doc'
restore=: && backupdir=".am$$" && \
am__cwd=`pwd` && CDPATH="${ZSH_VERSION+.}:" && cd . && \
rm -rf $backupdir && mkdir $backupdir && \
if (makeinfo --no-split --version) >/dev/null 2>&1; then \
  for f in bc.info bc.info-[0-9] bc.info-[0-9][0-9] bc.i[0-9] bc.i[0-9][0-9]; do \
    if test -f $f; then mv $f $backupdir; restore=mv; else :; fi; \
  done; \
else :; fi && \
cd "$am__cwd"; \
if makeinfo --no-split   -I . \
 -o bc.info bc.texi; \
then \
  rc=0; \
  CDPATH="${ZSH_VERSION+.}:" && cd .; \
else \
  rc=$?; \
  CDPATH="${ZSH_VERSION+.}:" && cd . && \
  $restore $backupdir/* `echo "./bc.info" | sed 's|[^/]*$||'`; \
fi; \
rm -rf $backupdir; exit $rc
restore=: && backupdir=".am$$" && \
am__cwd=`pwd` && CDPATH="${ZSH_VERSION+.}:" && cd . && \
rm -rf $backupdir && mkdir $backupdir && \
if (makeinfo --no-split --version) >/dev/null 2>&1; then \
  for f in dc.info dc.info-[0-9] dc.info-[0-9][0-9] dc.i[0-9] dc.i[0-9][0-9]; do \
    if test -f $f; then mv $f $backupdir; restore=mv; else :; fi; \
  done; \
else :; fi && \
cd "$am__cwd"; \
if makeinfo --no-split   -I . \
 -o dc.info dc.texi; \
then \
  rc=0; \
  CDPATH="${ZSH_VERSION+.}:" && cd .; \
else \
  rc=$?; \
  CDPATH="${ZSH_VERSION+.}:" && cd . && \
  $restore $backupdir/* `echo "./dc.info" | sed 's|[^/]*$||'`; \
fi; \
rm -rf $backupdir; exit $rc
make[2]: Leaving directory '/home/devel/building/work/src/bc-1.07.1/doc'
make[2]: Entering directory '/home/devel/building/work/src/bc-1.07.1'
make[2]: Leaving directory '/home/devel/building/work/src/bc-1.07.1'
make[1]: Leaving directory '/home/devel/building/work/src/bc-1.07.1'
+ make DESTDIR=/home/devel/building/work/pkg install
Making install in lib
make[1]: Entering directory '/home/devel/building/work/src/bc-1.07.1/lib'
make[2]: Entering directory '/home/devel/building/work/src/bc-1.07.1/lib'
make[2]: Nothing to be done for 'install-exec-am'.
make[2]: Nothing to be done for 'install-data-am'.
make[2]: Leaving directory '/home/devel/building/work/src/bc-1.07.1/lib'
make[1]: Leaving directory '/home/devel/building/work/src/bc-1.07.1/lib'
Making install in bc
make[1]: Entering directory '/home/devel/building/work/src/bc-1.07.1/bc'
make[2]: Entering directory '/home/devel/building/work/src/bc-1.07.1/bc'
make[2]: Nothing to be done for 'install-data-am'.
 /bin/mkdir -p '/home/devel/building/work/pkg/usr/bin'
  /usr/bin/install -c bc '/home/devel/building/work/pkg/usr/bin'
make[2]: Leaving directory '/home/devel/building/work/src/bc-1.07.1/bc'
make[1]: Leaving directory '/home/devel/building/work/src/bc-1.07.1/bc'
Making install in dc
make[1]: Entering directory '/home/devel/building/work/src/bc-1.07.1/dc'
make[2]: Entering directory '/home/devel/building/work/src/bc-1.07.1/dc'
make[2]: Nothing to be done for 'install-data-am'.
 /bin/mkdir -p '/home/devel/building/work/pkg/usr/bin'
  /usr/bin/install -c dc '/home/devel/building/work/pkg/usr/bin'
make[2]: Leaving directory '/home/devel/building/work/src/bc-1.07.1/dc'
make[1]: Leaving directory '/home/devel/building/work/src/bc-1.07.1/dc'
Making install in doc
make[1]: Entering directory '/home/devel/building/work/src/bc-1.07.1/doc'
make[2]: Entering directory '/home/devel/building/work/src/bc-1.07.1/doc'
make[2]: Nothing to be done for 'install-exec-am'.
 /bin/mkdir -p '/home/devel/building/work/pkg/usr/share/man/man1'
 /bin/mkdir -p '/home/devel/building/work/pkg/usr/share/info'
 /usr/bin/install -c -m 644 bc.1 dc.1 '/home/devel/building/work/pkg/usr/share/man/man1'
 /usr/bin/install -c -m 644 ./bc.info ./dc.info '/home/devel/building/work/pkg/usr/share/info'
 install-info --info-dir='/home/devel/building/work/pkg/usr/share/info' '/home/devel/building/work/pkg/usr/share/info/bc.info'
 install-info --info-dir='/home/devel/building/work/pkg/usr/share/info' '/home/devel/building/work/pkg/usr/share/info/dc.info'
make[2]: Leaving directory '/home/devel/building/work/src/bc-1.07.1/doc'
make[1]: Leaving directory '/home/devel/building/work/src/bc-1.07.1/doc'
make[1]: Entering directory '/home/devel/building/work/src/bc-1.07.1'
make[2]: Entering directory '/home/devel/building/work/src/bc-1.07.1'
make[2]: Nothing to be done for 'install-exec-am'.
make[2]: Nothing to be done for 'install-data-am'.
make[2]: Leaving directory '/home/devel/building/work/src/bc-1.07.1'
make[1]: Leaving directory '/home/devel/building/work/src/bc-1.07.1'
+ rm -r /home/devel/building/work/pkg/usr/share/info
=======> Build result:
drwxr-xr-x  0 root   root        0 May 29 16:25 usr/
drwxr-xr-x  0 root   root        0 May 29 16:25 usr/bin/
drwxr-xr-x  0 root   root        0 May 29 16:25 usr/share/
drwxr-xr-x  0 root   root        0 May 29 16:25 usr/share/man/
drwxr-xr-x  0 root   root        0 May 29 16:25 usr/share/man/man1/
-rw-r--r--  0 root   root    12164 May 29 16:25 usr/share/man/man1/bc.1.gz
-rw-r--r--  0 root   root     4983 May 29 16:25 usr/share/man/man1/dc.1.gz
-rwxr-xr-x  0 root   root   109472 May 29 16:25 usr/bin/bc
-rwxr-xr-x  0 root   root    63792 May 29 16:25 usr/bin/dc
=======> Building '/home/devel/packages/bc#1.07.1-1.x86_64.pkg.tar.zst' succeeded.
prt-get: Using PKGMK_PACKAGE_DIR: /home/devel/packages
prt-get: reinstalling bc 1.07.1-1
prt-get: /usr/bin/pkgadd -u bc#1.07.1-1.x86_64.pkg.tar.zst
prt-get: build done Wed May 29 16:25:33 2024

