prt-get: updating /usr/ports/core-musl/bzip2
prt-get: starting build Wed May 29 16:32:25 2024
=======> Building '/home/devel/packages/bzip2#1.0.8-1.x86_64.pkg.tar.zst'.
bsdtar -p -o -C /home/devel/building/work/src -xf /home/devel/sources/bzip2-1.0.8.tar.gz
cp bzip2-1.0.2-progress.patch /home/devel/building/work/src
cp bzip2-1.0.3-no-test.patch /home/devel/building/work/src
cp bzip2-1.0.4-makefile-CFLAGS.patch /home/devel/building/work/src
cp bzip2-1.0.4-man-links.patch /home/devel/building/work/src
cp saneso.patch /home/devel/building/work/src
cp bzip2.pc.in /home/devel/building/work/src
+ build
+ cd bzip2-1.0.8
+ patch -p1 -i /home/devel/building/work/src/bzip2-1.0.2-progress.patch
patching file bzip2.1
patching file bzip2.c
Hunk #1 succeeded at 53 (offset -92 lines).
Hunk #2 succeeded at 210 with fuzz 2 (offset -92 lines).
Hunk #3 succeeded at 336 (offset -91 lines).
Hunk #4 succeeded at 349 (offset -91 lines).
Hunk #5 succeeded at 372 (offset -91 lines).
Hunk #6 succeeded at 475 with fuzz 2 (offset -87 lines).
Hunk #7 succeeded at 484 (offset -87 lines).
Hunk #8 succeeded at 512 (offset -87 lines).
Hunk #9 succeeded at 1862 (offset -69 lines).
Hunk #10 succeeded at 1940 (offset -69 lines).
Hunk #11 succeeded at 1977 (offset -69 lines).
+ patch -p1 -i /home/devel/building/work/src/bzip2-1.0.3-no-test.patch
patching file Makefile
Hunk #1 succeeded at 36 (offset 13 lines).
+ patch -p1 -i /home/devel/building/work/src/bzip2-1.0.4-makefile-CFLAGS.patch
patching file Makefile
patching file Makefile-libbz2_so
+ patch -p1 -i /home/devel/building/work/src/bzip2-1.0.4-man-links.patch
patching file Makefile
Hunk #1 succeeded at 85 with fuzz 2.
+ patch -p1 -i /home/devel/building/work/src/saneso.patch
patching file Makefile-libbz2_so
+ sed -i -e 's:\$(PREFIX)/man:\$(PREFIX)/share/man:g' -e 's:ln -s -f $(PREFIX)/bin/:ln -s :' Makefile
+ sed -i -e 's:1\.0\.4::' bzip2.1 bzip2.txt Makefile-libbz2_so manual.html manual.pdf manual.ps manual.xml
+ make -f Makefile-libbz2_so all
gcc -O2 -m64 -march=x86-64 -mtune=generic -flto=auto -ffat-lto-objects -fpic -fPIC -Wall -Winline -D_FILE_OFFSET_BITS=64  -O2 -c blocksort.c
gcc -O2 -m64 -march=x86-64 -mtune=generic -flto=auto -ffat-lto-objects -fpic -fPIC -Wall -Winline -D_FILE_OFFSET_BITS=64  -O2 -c huffman.c
gcc -O2 -m64 -march=x86-64 -mtune=generic -flto=auto -ffat-lto-objects -fpic -fPIC -Wall -Winline -D_FILE_OFFSET_BITS=64  -O2 -c crctable.c
gcc -O2 -m64 -march=x86-64 -mtune=generic -flto=auto -ffat-lto-objects -fpic -fPIC -Wall -Winline -D_FILE_OFFSET_BITS=64  -O2 -c randtable.c
gcc -O2 -m64 -march=x86-64 -mtune=generic -flto=auto -ffat-lto-objects -fpic -fPIC -Wall -Winline -D_FILE_OFFSET_BITS=64  -O2 -c compress.c
gcc -O2 -m64 -march=x86-64 -mtune=generic -flto=auto -ffat-lto-objects -fpic -fPIC -Wall -Winline -D_FILE_OFFSET_BITS=64  -O2 -c decompress.c
gcc -O2 -m64 -march=x86-64 -mtune=generic -flto=auto -ffat-lto-objects -fpic -fPIC -Wall -Winline -D_FILE_OFFSET_BITS=64  -O2 -c bzlib.c
In function 'mainSimpleSort',
    inlined from 'mainQSort3' at blocksort.c:651:10,
    inlined from 'mainSort' at blocksort.c:897:19:
blocksort.c:347:6: warning: inlining failed in call to 'mainGtU': --param max-inline-insns-single limit reached [-Winline]
  347 | Bool mainGtU ( UInt32  i1,
      |      ^~~~~~~
blocksort.c:514:18: note: called from here
  514 |          while ( mainGtU (
      |                  ^~~~~~~~~
  515 |                     ptr[j-h]+d, v+d, block, quadrant, nblock, budget
      |                     ~~~~~~~~~~~~~~~~~~~~~~~~~~~~~~~~~~~~~~~~~~~~~~~~
  516 |                  ) ) {
      |                  ~
blocksort.c:347:6: warning: inlining failed in call to 'mainGtU': --param max-inline-insns-single limit reached [-Winline]
  347 | Bool mainGtU ( UInt32  i1,
      |      ^~~~~~~
blocksort.c:528:18: note: called from here
  528 |          while ( mainGtU (
      |                  ^~~~~~~~~
  529 |                     ptr[j-h]+d, v+d, block, quadrant, nblock, budget
      |                     ~~~~~~~~~~~~~~~~~~~~~~~~~~~~~~~~~~~~~~~~~~~~~~~~
  530 |                  ) ) {
      |                  ~
blocksort.c:347:6: warning: inlining failed in call to 'mainGtU': --param max-inline-insns-single limit reached [-Winline]
  347 | Bool mainGtU ( UInt32  i1,
      |      ^~~~~~~
blocksort.c:542:18: note: called from here
  542 |          while ( mainGtU (
      |                  ^~~~~~~~~
  543 |                     ptr[j-h]+d, v+d, block, quadrant, nblock, budget
      |                     ~~~~~~~~~~~~~~~~~~~~~~~~~~~~~~~~~~~~~~~~~~~~~~~~
  544 |                  ) ) {
      |                  ~
gcc -shared -Wl,-soname -Wl,libbz2.so.1 -o libbz2.so.1.0.8 blocksort.o huffman.o crctable.o randtable.o compress.o decompress.o bzlib.o
In function 'mainSimpleSort',
    inlined from 'mainQSort3' at blocksort.c:651:10,
    inlined from 'mainSort' at blocksort.c:897:19:
blocksort.c:347:6: warning: inlining failed in call to 'mainGtU': --param max-inline-insns-single limit reached [-Winline]
  347 | Bool mainGtU ( UInt32  i1,
      |      ^
blocksort.c:514:18: note: called from here
  514 |          while ( mainGtU (
      |                  ^
blocksort.c:347:6: warning: inlining failed in call to 'mainGtU': --param max-inline-insns-single limit reached [-Winline]
  347 | Bool mainGtU ( UInt32  i1,
      |      ^
blocksort.c:528:18: note: called from here
  528 |          while ( mainGtU (
      |                  ^
blocksort.c:347:6: warning: inlining failed in call to 'mainGtU': --param max-inline-insns-single limit reached [-Winline]
  347 | Bool mainGtU ( UInt32  i1,
      |      ^
blocksort.c:542:18: note: called from here
  542 |          while ( mainGtU (
      |                  ^
bzlib.c: In function 'BZ2_decompress':
bzlib.c:687:18: warning: inlining failed in call to 'BZ2_indexIntoF.localalias': call is unlikely and code size would grow [-Winline]
  687 | __inline__ Int32 BZ2_indexIntoF ( Int32 indx, Int32 *cftab )
      |                  ^
decompress.c:557:13: note: called from here
  557 |             BZ_GET_SMALL(s->k0); s->nblock_used++;
      |             ^
bzlib.c:687:18: warning: inlining failed in call to 'BZ2_indexIntoF.localalias': call is unlikely and code size would grow [-Winline]
  687 | __inline__ Int32 BZ2_indexIntoF ( Int32 indx, Int32 *cftab )
      |                  ^
decompress.c:560:13: note: called from here
  560 |             BZ_GET_SMALL(s->k0); s->nblock_used++;
      |             ^
gcc -O2 -m64 -march=x86-64 -mtune=generic -flto=auto -ffat-lto-objects -fpic -fPIC -Wall -Winline -D_FILE_OFFSET_BITS=64  -O2 -o bzip2-shared bzip2.c libbz2.so.1.0.8
rm -f libbz2.so.1
ln -s libbz2.so.1.0.8 libbz2.so.1
+ make all
rm -f libbz2.a
gcc -O2 -m64 -march=x86-64 -mtune=generic -flto=auto -ffat-lto-objects -Wall -Winline -D_FILE_OFFSET_BITS=64  -O2 -c bzip2.c
ar cq libbz2.a blocksort.o huffman.o crctable.o randtable.o compress.o decompress.o bzlib.o
gcc -O2 -m64 -march=x86-64 -mtune=generic -flto=auto -ffat-lto-objects -Wall -Winline -D_FILE_OFFSET_BITS=64  -O2 -c bzip2recover.c
ranlib libbz2.a
gcc -O2 -m64 -march=x86-64 -mtune=generic -flto=auto -ffat-lto-objects -Wall -Winline -D_FILE_OFFSET_BITS=64  -O2  -o bzip2recover bzip2recover.o
gcc -O2 -m64 -march=x86-64 -mtune=generic -flto=auto -ffat-lto-objects -Wall -Winline -D_FILE_OFFSET_BITS=64  -O2  -o bzip2 bzip2.o -L. -lbz2
In function 'mainSimpleSort',
    inlined from 'mainQSort3' at blocksort.c:651:10,
    inlined from 'mainSort' at blocksort.c:897:19:
blocksort.c:347:6: warning: inlining failed in call to 'mainGtU': --param max-inline-insns-single limit reached [-Winline]
  347 | Bool mainGtU ( UInt32  i1,
      |      ^
blocksort.c:514:18: note: called from here
  514 |          while ( mainGtU (
      |                  ^
blocksort.c:347:6: warning: inlining failed in call to 'mainGtU': --param max-inline-insns-single limit reached [-Winline]
  347 | Bool mainGtU ( UInt32  i1,
      |      ^
blocksort.c:528:18: note: called from here
  528 |          while ( mainGtU (
      |                  ^
blocksort.c:347:6: warning: inlining failed in call to 'mainGtU': --param max-inline-insns-single limit reached [-Winline]
  347 | Bool mainGtU ( UInt32  i1,
      |      ^
blocksort.c:542:18: note: called from here
  542 |          while ( mainGtU (
      |                  ^
+ make PREFIX=/home/devel/building/work/pkg/usr install
if ( test ! -d /home/devel/building/work/pkg/usr/bin ) ; then mkdir -p /home/devel/building/work/pkg/usr/bin ; fi
if ( test ! -d /home/devel/building/work/pkg/usr/lib ) ; then mkdir -p /home/devel/building/work/pkg/usr/lib ; fi
if ( test ! -d /home/devel/building/work/pkg/usr/share/man ) ; then mkdir -p /home/devel/building/work/pkg/usr/share/man ; fi
if ( test ! -d /home/devel/building/work/pkg/usr/share/man/man1 ) ; then mkdir -p /home/devel/building/work/pkg/usr/share/man/man1 ; fi
if ( test ! -d /home/devel/building/work/pkg/usr/include ) ; then mkdir -p /home/devel/building/work/pkg/usr/include ; fi
cp -f bzip2 /home/devel/building/work/pkg/usr/bin/bzip2
cp -f bzip2 /home/devel/building/work/pkg/usr/bin/bunzip2
cp -f bzip2 /home/devel/building/work/pkg/usr/bin/bzcat
cp -f bzip2recover /home/devel/building/work/pkg/usr/bin/bzip2recover
chmod a+x /home/devel/building/work/pkg/usr/bin/bzip2
chmod a+x /home/devel/building/work/pkg/usr/bin/bunzip2
chmod a+x /home/devel/building/work/pkg/usr/bin/bzcat
chmod a+x /home/devel/building/work/pkg/usr/bin/bzip2recover
cp -f bzip2.1 /home/devel/building/work/pkg/usr/share/man/man1
chmod a+r /home/devel/building/work/pkg/usr/share/man/man1/bzip2.1
ln -s bzip2.1 /home/devel/building/work/pkg/usr/share/man/man1/bunzip2.1
ln -s bzip2.1 /home/devel/building/work/pkg/usr/share/man/man1/bzcat.1
ln -s bzip2.1 /home/devel/building/work/pkg/usr/share/man/man1/bzip2recover.1
cp -f bzlib.h /home/devel/building/work/pkg/usr/include
chmod a+r /home/devel/building/work/pkg/usr/include/bzlib.h
cp -f libbz2.a /home/devel/building/work/pkg/usr/lib
chmod a+r /home/devel/building/work/pkg/usr/lib/libbz2.a
cp -f bzgrep /home/devel/building/work/pkg/usr/bin/bzgrep
ln -s bzgrep /home/devel/building/work/pkg/usr/bin/bzegrep
ln -s bzgrep /home/devel/building/work/pkg/usr/bin/bzfgrep
chmod a+x /home/devel/building/work/pkg/usr/bin/bzgrep
cp -f bzmore /home/devel/building/work/pkg/usr/bin/bzmore
ln -s bzmore /home/devel/building/work/pkg/usr/bin/bzless
chmod a+x /home/devel/building/work/pkg/usr/bin/bzmore
cp -f bzdiff /home/devel/building/work/pkg/usr/bin/bzdiff
ln -s bzdiff /home/devel/building/work/pkg/usr/bin/bzcmp
chmod a+x /home/devel/building/work/pkg/usr/bin/bzdiff
cp -f bzgrep.1 bzmore.1 bzdiff.1 /home/devel/building/work/pkg/usr/share/man/man1
chmod a+r /home/devel/building/work/pkg/usr/share/man/man1/bzgrep.1
chmod a+r /home/devel/building/work/pkg/usr/share/man/man1/bzmore.1
chmod a+r /home/devel/building/work/pkg/usr/share/man/man1/bzdiff.1
echo ".so man1/bzgrep.1" > /home/devel/building/work/pkg/usr/share/man/man1/bzegrep.1
echo ".so man1/bzgrep.1" > /home/devel/building/work/pkg/usr/share/man/man1/bzfgrep.1
echo ".so man1/bzmore.1" > /home/devel/building/work/pkg/usr/share/man/man1/bzless.1
echo ".so man1/bzdiff.1" > /home/devel/building/work/pkg/usr/share/man/man1/bzcmp.1
+ install -D libbz2.so.1.0.8 /home/devel/building/work/pkg/usr/lib/libbz2.so.1.0.8
+ ln -s libbz2.so.1.0.8 /home/devel/building/work/pkg/usr/lib/libbz2.so
+ ln -s libbz2.so.1.0.8 /home/devel/building/work/pkg/usr/lib/libbz2.so.1
+ ln -s libbz2.so.1.0.8 /home/devel/building/work/pkg/usr/lib/libbz2.so.1.0
+ install -d /home/devel/building/work/pkg/usr/lib/pkgconfig
+ sed 's|@VERSION@|1.0.8|' /home/devel/building/work/src/bzip2.pc.in
=======> Build result:
drwxr-xr-x  0 root   root        0 May 29 16:32 usr/
drwxr-xr-x  0 root   root        0 May 29 16:32 usr/bin/
drwxr-xr-x  0 root   root        0 May 29 16:32 usr/lib/
drwxr-xr-x  0 root   root        0 May 29 16:32 usr/share/
drwxr-xr-x  0 root   root        0 May 29 16:32 usr/include/
-rw-r--r--  0 root   root     6240 May 29 16:32 usr/include/bzlib.h
drwxr-xr-x  0 root   root        0 May 29 16:32 usr/share/man/
drwxr-xr-x  0 root   root        0 May 29 16:32 usr/share/man/man1/
-rw-r--r--  0 root   root     6651 May 29 16:32 usr/share/man/man1/bzip2.1.gz
-rw-r--r--  0 root   root      638 May 29 16:32 usr/share/man/man1/bzgrep.1.gz
-rw-r--r--  0 root   root     1873 May 29 16:32 usr/share/man/man1/bzmore.1.gz
-rw-r--r--  0 root   root      493 May 29 16:32 usr/share/man/man1/bzdiff.1.gz
-rw-r--r--  0 root   root       48 May 29 16:32 usr/share/man/man1/bzegrep.1.gz
-rw-r--r--  0 root   root       48 May 29 16:32 usr/share/man/man1/bzfgrep.1.gz
-rw-r--r--  0 root   root       47 May 29 16:32 usr/share/man/man1/bzless.1.gz
-rw-r--r--  0 root   root       46 May 29 16:32 usr/share/man/man1/bzcmp.1.gz
lrwxrwxrwx  0 root   root        0 May 29 16:32 usr/share/man/man1/bunzip2.1.gz -> bzip2.1.gz
lrwxrwxrwx  0 root   root        0 May 29 16:32 usr/share/man/man1/bzcat.1.gz -> bzip2.1.gz
lrwxrwxrwx  0 root   root        0 May 29 16:32 usr/share/man/man1/bzip2recover.1.gz -> bzip2.1.gz
-rw-r--r--  0 root   root   322050 May 29 16:32 usr/lib/libbz2.a
-rwxr-xr-x  0 root   root    74984 May 29 16:32 usr/lib/libbz2.so.1.0.8
lrwxrwxrwx  0 root   root        0 May 29 16:32 usr/lib/libbz2.so -> libbz2.so.1.0.8
lrwxrwxrwx  0 root   root        0 May 29 16:32 usr/lib/libbz2.so.1 -> libbz2.so.1.0.8
lrwxrwxrwx  0 root   root        0 May 29 16:32 usr/lib/libbz2.so.1.0 -> libbz2.so.1.0.8
drwxr-xr-x  0 root   root        0 May 29 16:32 usr/lib/pkgconfig/
-rw-r--r--  0 root   root      226 May 29 16:32 usr/lib/pkgconfig/bzip2.pc
-rwxr-xr-x  0 root   root    88368 May 29 16:32 usr/bin/bzip2
-rwxr-xr-x  0 root   root    88368 May 29 16:32 usr/bin/bunzip2
-rwxr-xr-x  0 root   root    88368 May 29 16:32 usr/bin/bzcat
-rwxr-xr-x  0 root   root    14368 May 29 16:32 usr/bin/bzip2recover
-rwxr-xr-x  0 root   root     2054 May 29 16:32 usr/bin/bzgrep
lrwxrwxrwx  0 root   root        0 May 29 16:32 usr/bin/bzegrep -> bzgrep
lrwxrwxrwx  0 root   root        0 May 29 16:32 usr/bin/bzfgrep -> bzgrep
-rwxr-xr-x  0 root   root     1259 May 29 16:32 usr/bin/bzmore
lrwxrwxrwx  0 root   root        0 May 29 16:32 usr/bin/bzless -> bzmore
-rwxr-xr-x  0 root   root     2140 May 29 16:32 usr/bin/bzdiff
lrwxrwxrwx  0 root   root        0 May 29 16:32 usr/bin/bzcmp -> bzdiff
=======> Building '/home/devel/packages/bzip2#1.0.8-1.x86_64.pkg.tar.zst' succeeded.
prt-get: Using PKGMK_PACKAGE_DIR: /home/devel/packages
prt-get: reinstalling bzip2 1.0.8-1
prt-get: /usr/bin/pkgadd -u bzip2#1.0.8-1.x86_64.pkg.tar.zst
prt-get: build done Wed May 29 16:32:31 2024

