prt-get: updating /usr/ports/opt-musl/cbindgen
prt-get: starting build Wed May 29 16:33:16 2024
=======> Building '/home/devel/packages/cbindgen#0.26.0-1.x86_64.pkg.tar.zst'.
bsdtar -p -o -C /home/devel/building/work/src -xf /home/devel/sources/cbindgen-v0.26.0.tar.gz
+ build
+ cd cbindgen-0.26.0
+ mkdir /home/devel/sources/rust
mkdir: cannot create directory ‘/home/devel/sources/rust’: File exists
+ true
+ export CARGO_HOME=/home/devel/sources/rust
+ CARGO_HOME=/home/devel/sources/rust
+ cargo fetch --verbose --locked --target x86_64-unknown-linux-musl
    Updating crates.io index
 Downloading crates ...
  Downloaded serde_derive v1.0.163
  Downloaded atty v0.2.14
  Downloaded serial_test v0.5.1
  Downloaded instant v0.1.12
  Downloaded fastrand v1.9.0
  Downloaded bitflags v1.3.2
  Downloaded itoa v1.0.6
  Downloaded os_str_bytes v6.5.0
  Downloaded strsim v0.10.0
  Downloaded lock_api v0.4.9
  Downloaded tempfile v3.3.0
  Downloaded proc-macro2 v1.0.66
  Downloaded log v0.4.17
  Downloaded parking_lot_core v0.8.6
  Downloaded textwrap v0.16.0
  Downloaded indexmap v1.9.3
  Downloaded smallvec v1.10.0
  Downloaded serde v1.0.163
  Downloaded hashbrown v0.12.3
  Downloaded syn v2.0.16
  Downloaded clap v3.2.25
  Downloaded serde_json v1.0.96
  Downloaded syn v1.0.109
  Downloaded ryu v1.0.13
  Downloaded libc v0.2.144
  Downloaded parking_lot v0.11.2
  Downloaded toml v0.5.11
  Downloaded unicode-ident v1.0.8
  Downloaded termcolor v1.2.0
  Downloaded scopeguard v1.1.0
  Downloaded clap_lex v0.2.4
  Downloaded heck v0.4.1
  Downloaded quote v1.0.27
  Downloaded lazy_static v1.4.0
  Downloaded autocfg v1.1.0
  Downloaded cfg-if v1.0.0
  Downloaded remove_dir_all v0.5.3
  Downloaded serial_test_derive v0.5.1
+ cargo build --verbose --release --frozen --all-targets
   Compiling proc-macro2 v1.0.66
   Compiling quote v1.0.27
   Compiling unicode-ident v1.0.8
   Compiling autocfg v1.1.0
   Compiling libc v0.2.144
   Compiling cfg-if v1.0.0
   Compiling syn v1.0.109
   Compiling serde v1.0.163
     Running `rustc --crate-name build_script_build --edition=2021 /home/devel/sources/rust/registry/src/index.crates.io-6f17d22bba15001f/proc-macro2-1.0.66/build.rs --error-format=json --json=diagnostic-rendered-ansi,artifacts,future-incompat --crate-type bin --emit=dep-info,link -C embed-bitcode=no -C debug-assertions=off --cfg 'feature="default"' --cfg 'feature="proc-macro"' -C metadata=5b99a3b65bbef57a -C extra-filename=-5b99a3b65bbef57a --out-dir /home/devel/building/work/src/cbindgen-0.26.0/target/release/build/proc-macro2-5b99a3b65bbef57a -C strip=debuginfo -L dependency=/home/devel/building/work/src/cbindgen-0.26.0/target/release/deps --cap-lints allow`
     Running `rustc --crate-name build_script_build --edition=2018 /home/devel/sources/rust/registry/src/index.crates.io-6f17d22bba15001f/quote-1.0.27/build.rs --error-format=json --json=diagnostic-rendered-ansi,artifacts,future-incompat --crate-type bin --emit=dep-info,link -C embed-bitcode=no -C debug-assertions=off --cfg 'feature="default"' --cfg 'feature="proc-macro"' -C metadata=d1779d5c9f43079c -C extra-filename=-d1779d5c9f43079c --out-dir /home/devel/building/work/src/cbindgen-0.26.0/target/release/build/quote-d1779d5c9f43079c -C strip=debuginfo -L dependency=/home/devel/building/work/src/cbindgen-0.26.0/target/release/deps --cap-lints allow`
     Running `rustc --crate-name unicode_ident --edition=2018 /home/devel/sources/rust/registry/src/index.crates.io-6f17d22bba15001f/unicode-ident-1.0.8/src/lib.rs --error-format=json --json=diagnostic-rendered-ansi,artifacts,future-incompat --crate-type lib --emit=dep-info,metadata,link -C embed-bitcode=no -C debug-assertions=off -C metadata=5310880f6c128ad7 -C extra-filename=-5310880f6c128ad7 --out-dir /home/devel/building/work/src/cbindgen-0.26.0/target/release/deps -C strip=debuginfo -L dependency=/home/devel/building/work/src/cbindgen-0.26.0/target/release/deps --cap-lints allow`
     Running `rustc --crate-name autocfg --edition=2015 /home/devel/sources/rust/registry/src/index.crates.io-6f17d22bba15001f/autocfg-1.1.0/src/lib.rs --error-format=json --json=diagnostic-rendered-ansi,artifacts,future-incompat --crate-type lib --emit=dep-info,metadata,link -C embed-bitcode=no -C debug-assertions=off -C metadata=53c05dd95bb80d1c -C extra-filename=-53c05dd95bb80d1c --out-dir /home/devel/building/work/src/cbindgen-0.26.0/target/release/deps -C strip=debuginfo -L dependency=/home/devel/building/work/src/cbindgen-0.26.0/target/release/deps --cap-lints allow`
     Running `rustc --crate-name build_script_build --edition=2015 /home/devel/sources/rust/registry/src/index.crates.io-6f17d22bba15001f/libc-0.2.144/build.rs --error-format=json --json=diagnostic-rendered-ansi,artifacts,future-incompat --crate-type bin --emit=dep-info,link -C embed-bitcode=no -C debug-assertions=off --cfg 'feature="default"' --cfg 'feature="std"' -C metadata=9c7bd7a9d1979a7b -C extra-filename=-9c7bd7a9d1979a7b --out-dir /home/devel/building/work/src/cbindgen-0.26.0/target/release/build/libc-9c7bd7a9d1979a7b -C strip=debuginfo -L dependency=/home/devel/building/work/src/cbindgen-0.26.0/target/release/deps --cap-lints allow`
     Running `rustc --crate-name cfg_if --edition=2018 /home/devel/sources/rust/registry/src/index.crates.io-6f17d22bba15001f/cfg-if-1.0.0/src/lib.rs --error-format=json --json=diagnostic-rendered-ansi,artifacts,future-incompat --crate-type lib --emit=dep-info,metadata,link -C opt-level=3 -C embed-bitcode=no -C metadata=974c850d73bc90ff -C extra-filename=-974c850d73bc90ff --out-dir /home/devel/building/work/src/cbindgen-0.26.0/target/release/deps -C strip=debuginfo -L dependency=/home/devel/building/work/src/cbindgen-0.26.0/target/release/deps --cap-lints allow`
     Running `rustc --crate-name build_script_build --edition=2018 /home/devel/sources/rust/registry/src/index.crates.io-6f17d22bba15001f/syn-1.0.109/build.rs --error-format=json --json=diagnostic-rendered-ansi,artifacts,future-incompat --crate-type bin --emit=dep-info,link -C embed-bitcode=no -C debug-assertions=off --cfg 'feature="clone-impls"' --cfg 'feature="default"' --cfg 'feature="derive"' --cfg 'feature="extra-traits"' --cfg 'feature="fold"' --cfg 'feature="full"' --cfg 'feature="parsing"' --cfg 'feature="printing"' --cfg 'feature="proc-macro"' --cfg 'feature="quote"' -C metadata=150ede0193499ccf -C extra-filename=-150ede0193499ccf --out-dir /home/devel/building/work/src/cbindgen-0.26.0/target/release/build/syn-150ede0193499ccf -C strip=debuginfo -L dependency=/home/devel/building/work/src/cbindgen-0.26.0/target/release/deps --cap-lints allow`
     Running `rustc --crate-name build_script_build --edition=2015 /home/devel/sources/rust/registry/src/index.crates.io-6f17d22bba15001f/serde-1.0.163/build.rs --error-format=json --json=diagnostic-rendered-ansi,artifacts,future-incompat --crate-type bin --emit=dep-info,link -C embed-bitcode=no -C debug-assertions=off --cfg 'feature="default"' --cfg 'feature="derive"' --cfg 'feature="serde_derive"' --cfg 'feature="std"' -C metadata=3e877af43dd59bfe -C extra-filename=-3e877af43dd59bfe --out-dir /home/devel/building/work/src/cbindgen-0.26.0/target/release/build/serde-3e877af43dd59bfe -C strip=debuginfo -L dependency=/home/devel/building/work/src/cbindgen-0.26.0/target/release/deps --cap-lints allow`
     Running `rustc --crate-name unicode_ident --edition=2018 /home/devel/sources/rust/registry/src/index.crates.io-6f17d22bba15001f/unicode-ident-1.0.8/src/lib.rs --error-format=json --json=diagnostic-rendered-ansi,artifacts,future-incompat --crate-type lib --emit=dep-info,metadata,link -C opt-level=3 -C embed-bitcode=no -C metadata=79108acab2088d35 -C extra-filename=-79108acab2088d35 --out-dir /home/devel/building/work/src/cbindgen-0.26.0/target/release/deps -C strip=debuginfo -L dependency=/home/devel/building/work/src/cbindgen-0.26.0/target/release/deps --cap-lints allow`
   Compiling serde_json v1.0.96
     Running `rustc --crate-name build_script_build --edition=2018 /home/devel/sources/rust/registry/src/index.crates.io-6f17d22bba15001f/serde_json-1.0.96/build.rs --error-format=json --json=diagnostic-rendered-ansi,artifacts,future-incompat --crate-type bin --emit=dep-info,link -C embed-bitcode=no -C debug-assertions=off --cfg 'feature="default"' --cfg 'feature="std"' -C metadata=37266b487b1630ae -C extra-filename=-37266b487b1630ae --out-dir /home/devel/building/work/src/cbindgen-0.26.0/target/release/build/serde_json-37266b487b1630ae -C strip=debuginfo -L dependency=/home/devel/building/work/src/cbindgen-0.26.0/target/release/deps --cap-lints allow`
   Compiling hashbrown v0.12.3
     Running `rustc --crate-name hashbrown --edition=2021 /home/devel/sources/rust/registry/src/index.crates.io-6f17d22bba15001f/hashbrown-0.12.3/src/lib.rs --error-format=json --json=diagnostic-rendered-ansi,artifacts,future-incompat --crate-type lib --emit=dep-info,metadata,link -C opt-level=3 -C embed-bitcode=no --cfg 'feature="raw"' -C metadata=2e2d078849c376cd -C extra-filename=-2e2d078849c376cd --out-dir /home/devel/building/work/src/cbindgen-0.26.0/target/release/deps -C strip=debuginfo -L dependency=/home/devel/building/work/src/cbindgen-0.26.0/target/release/deps --cap-lints allow`
     Running `/home/devel/building/work/src/cbindgen-0.26.0/target/release/build/quote-d1779d5c9f43079c/build-script-build`
     Running `/home/devel/building/work/src/cbindgen-0.26.0/target/release/build/serde-3e877af43dd59bfe/build-script-build`
     Running `/home/devel/building/work/src/cbindgen-0.26.0/target/release/build/quote-d1779d5c9f43079c/build-script-build`
   Compiling parking_lot_core v0.8.6
     Running `rustc --crate-name build_script_build --edition=2018 /home/devel/sources/rust/registry/src/index.crates.io-6f17d22bba15001f/parking_lot_core-0.8.6/build.rs --error-format=json --json=diagnostic-rendered-ansi,artifacts,future-incompat --crate-type bin --emit=dep-info,link -C embed-bitcode=no -C debug-assertions=off -C metadata=dc842cc502284dd7 -C extra-filename=-dc842cc502284dd7 --out-dir /home/devel/building/work/src/cbindgen-0.26.0/target/release/build/parking_lot_core-dc842cc502284dd7 -C strip=debuginfo -L dependency=/home/devel/building/work/src/cbindgen-0.26.0/target/release/deps --cap-lints allow`
   Compiling os_str_bytes v6.5.0
     Running `rustc --crate-name os_str_bytes --edition=2021 /home/devel/sources/rust/registry/src/index.crates.io-6f17d22bba15001f/os_str_bytes-6.5.0/src/lib.rs --error-format=json --json=diagnostic-rendered-ansi,artifacts,future-incompat --crate-type lib --emit=dep-info,metadata,link -C opt-level=3 -C embed-bitcode=no --cfg 'feature="raw_os_str"' -C metadata=50c506c3b53633c2 -C extra-filename=-50c506c3b53633c2 --out-dir /home/devel/building/work/src/cbindgen-0.26.0/target/release/deps -C strip=debuginfo -L dependency=/home/devel/building/work/src/cbindgen-0.26.0/target/release/deps --cap-lints allow`
   Compiling log v0.4.17
     Running `rustc --crate-name build_script_build --edition=2015 /home/devel/sources/rust/registry/src/index.crates.io-6f17d22bba15001f/log-0.4.17/build.rs --error-format=json --json=diagnostic-rendered-ansi,artifacts,future-incompat --crate-type bin --emit=dep-info,link -C embed-bitcode=no -C debug-assertions=off -C metadata=dddf9cd9e52e8881 -C extra-filename=-dddf9cd9e52e8881 --out-dir /home/devel/building/work/src/cbindgen-0.26.0/target/release/build/log-dddf9cd9e52e8881 -C strip=debuginfo -L dependency=/home/devel/building/work/src/cbindgen-0.26.0/target/release/deps --cap-lints allow`
     Running `/home/devel/building/work/src/cbindgen-0.26.0/target/release/build/proc-macro2-5b99a3b65bbef57a/build-script-build`
     Running `rustc --crate-name proc_macro2 --edition=2021 /home/devel/sources/rust/registry/src/index.crates.io-6f17d22bba15001f/proc-macro2-1.0.66/src/lib.rs --error-format=json --json=diagnostic-rendered-ansi,artifacts,future-incompat --crate-type lib --emit=dep-info,metadata,link -C embed-bitcode=no -C debug-assertions=off --cfg 'feature="default"' --cfg 'feature="proc-macro"' -C metadata=473b2263c7945374 -C extra-filename=-473b2263c7945374 --out-dir /home/devel/building/work/src/cbindgen-0.26.0/target/release/deps -C strip=debuginfo -L dependency=/home/devel/building/work/src/cbindgen-0.26.0/target/release/deps --extern unicode_ident=/home/devel/building/work/src/cbindgen-0.26.0/target/release/deps/libunicode_ident-5310880f6c128ad7.rmeta --cap-lints allow --cfg wrap_proc_macro`
     Running `/home/devel/building/work/src/cbindgen-0.26.0/target/release/build/libc-9c7bd7a9d1979a7b/build-script-build`
     Running `/home/devel/building/work/src/cbindgen-0.26.0/target/release/build/proc-macro2-5b99a3b65bbef57a/build-script-build`
     Running `rustc --crate-name libc --edition=2015 /home/devel/sources/rust/registry/src/index.crates.io-6f17d22bba15001f/libc-0.2.144/src/lib.rs --error-format=json --json=diagnostic-rendered-ansi,artifacts,future-incompat --crate-type lib --emit=dep-info,metadata,link -C opt-level=3 -C embed-bitcode=no --cfg 'feature="default"' --cfg 'feature="std"' -C metadata=9ef4728f3802a3ac -C extra-filename=-9ef4728f3802a3ac --out-dir /home/devel/building/work/src/cbindgen-0.26.0/target/release/deps -C strip=debuginfo -L dependency=/home/devel/building/work/src/cbindgen-0.26.0/target/release/deps --cap-lints allow --cfg freebsd11 --cfg libc_priv_mod_use --cfg libc_union --cfg libc_const_size_of --cfg libc_align --cfg libc_int128 --cfg libc_core_cvoid --cfg libc_packedN --cfg libc_cfg_target_vendor --cfg libc_non_exhaustive --cfg libc_long_array --cfg libc_ptr_addr_of --cfg libc_underscore_const_names --cfg libc_const_extern_fn`
     Running `rustc --crate-name proc_macro2 --edition=2021 /home/devel/sources/rust/registry/src/index.crates.io-6f17d22bba15001f/proc-macro2-1.0.66/src/lib.rs --error-format=json --json=diagnostic-rendered-ansi,artifacts,future-incompat --crate-type lib --emit=dep-info,metadata,link -C opt-level=3 -C embed-bitcode=no --cfg 'feature="default"' --cfg 'feature="proc-macro"' -C metadata=194ce5ea9d685830 -C extra-filename=-194ce5ea9d685830 --out-dir /home/devel/building/work/src/cbindgen-0.26.0/target/release/deps -C strip=debuginfo -L dependency=/home/devel/building/work/src/cbindgen-0.26.0/target/release/deps --extern unicode_ident=/home/devel/building/work/src/cbindgen-0.26.0/target/release/deps/libunicode_ident-79108acab2088d35.rmeta --cap-lints allow --cfg wrap_proc_macro`
     Running `/home/devel/building/work/src/cbindgen-0.26.0/target/release/build/log-dddf9cd9e52e8881/build-script-build`
     Running `/home/devel/building/work/src/cbindgen-0.26.0/target/release/build/serde_json-37266b487b1630ae/build-script-build`
   Compiling indexmap v1.9.3
     Running `rustc --crate-name build_script_build --edition=2021 /home/devel/sources/rust/registry/src/index.crates.io-6f17d22bba15001f/indexmap-1.9.3/build.rs --error-format=json --json=diagnostic-rendered-ansi,artifacts,future-incompat --crate-type bin --emit=dep-info,link -C embed-bitcode=no -C debug-assertions=off --cfg 'feature="std"' -C metadata=f0580b0f237d044b -C extra-filename=-f0580b0f237d044b --out-dir /home/devel/building/work/src/cbindgen-0.26.0/target/release/build/indexmap-f0580b0f237d044b -C strip=debuginfo -L dependency=/home/devel/building/work/src/cbindgen-0.26.0/target/release/deps --extern autocfg=/home/devel/building/work/src/cbindgen-0.26.0/target/release/deps/libautocfg-53c05dd95bb80d1c.rlib --cap-lints allow`
   Compiling lock_api v0.4.9
     Running `rustc --crate-name build_script_build --edition=2018 /home/devel/sources/rust/registry/src/index.crates.io-6f17d22bba15001f/lock_api-0.4.9/build.rs --error-format=json --json=diagnostic-rendered-ansi,artifacts,future-incompat --crate-type bin --emit=dep-info,link -C embed-bitcode=no -C debug-assertions=off -C metadata=ca825cd365f54fa9 -C extra-filename=-ca825cd365f54fa9 --out-dir /home/devel/building/work/src/cbindgen-0.26.0/target/release/build/lock_api-ca825cd365f54fa9 -C strip=debuginfo -L dependency=/home/devel/building/work/src/cbindgen-0.26.0/target/release/deps --extern autocfg=/home/devel/building/work/src/cbindgen-0.26.0/target/release/deps/libautocfg-53c05dd95bb80d1c.rlib --cap-lints allow`
     Running `/home/devel/building/work/src/cbindgen-0.26.0/target/release/build/parking_lot_core-dc842cc502284dd7/build-script-build`
   Compiling clap_lex v0.2.4
     Running `rustc --crate-name clap_lex --edition=2021 /home/devel/sources/rust/registry/src/index.crates.io-6f17d22bba15001f/clap_lex-0.2.4/src/lib.rs --error-format=json --json=diagnostic-rendered-ansi,artifacts,future-incompat --crate-type lib --emit=dep-info,metadata,link -C opt-level=3 -C embed-bitcode=no -C metadata=633f21b28adcd793 -C extra-filename=-633f21b28adcd793 --out-dir /home/devel/building/work/src/cbindgen-0.26.0/target/release/deps -C strip=debuginfo -L dependency=/home/devel/building/work/src/cbindgen-0.26.0/target/release/deps --extern os_str_bytes=/home/devel/building/work/src/cbindgen-0.26.0/target/release/deps/libos_str_bytes-50c506c3b53633c2.rmeta --cap-lints allow`
     Running `/home/devel/building/work/src/cbindgen-0.26.0/target/release/build/lock_api-ca825cd365f54fa9/build-script-build`
     Running `/home/devel/building/work/src/cbindgen-0.26.0/target/release/build/indexmap-f0580b0f237d044b/build-script-build`
     Running `/home/devel/building/work/src/cbindgen-0.26.0/target/release/build/syn-150ede0193499ccf/build-script-build`
     Running `/home/devel/building/work/src/cbindgen-0.26.0/target/release/build/syn-150ede0193499ccf/build-script-build`
   Compiling instant v0.1.12
     Running `rustc --crate-name instant --edition=2018 /home/devel/sources/rust/registry/src/index.crates.io-6f17d22bba15001f/instant-0.1.12/src/lib.rs --error-format=json --json=diagnostic-rendered-ansi,artifacts,future-incompat --crate-type lib --emit=dep-info,metadata,link -C opt-level=3 -C embed-bitcode=no -C metadata=beb7963a654cf9ce -C extra-filename=-beb7963a654cf9ce --out-dir /home/devel/building/work/src/cbindgen-0.26.0/target/release/deps -C strip=debuginfo -L dependency=/home/devel/building/work/src/cbindgen-0.26.0/target/release/deps --extern cfg_if=/home/devel/building/work/src/cbindgen-0.26.0/target/release/deps/libcfg_if-974c850d73bc90ff.rmeta --cap-lints allow`
   Compiling smallvec v1.10.0
     Running `rustc --crate-name smallvec --edition=2018 /home/devel/sources/rust/registry/src/index.crates.io-6f17d22bba15001f/smallvec-1.10.0/src/lib.rs --error-format=json --json=diagnostic-rendered-ansi,artifacts,future-incompat --crate-type lib --emit=dep-info,metadata,link -C opt-level=3 -C embed-bitcode=no -C metadata=d420a544e44c2c7e -C extra-filename=-d420a544e44c2c7e --out-dir /home/devel/building/work/src/cbindgen-0.26.0/target/release/deps -C strip=debuginfo -L dependency=/home/devel/building/work/src/cbindgen-0.26.0/target/release/deps --cap-lints allow`
   Compiling itoa v1.0.6
     Running `rustc --crate-name itoa --edition=2018 /home/devel/sources/rust/registry/src/index.crates.io-6f17d22bba15001f/itoa-1.0.6/src/lib.rs --error-format=json --json=diagnostic-rendered-ansi,artifacts,future-incompat --crate-type lib --emit=dep-info,metadata,link -C opt-level=3 -C embed-bitcode=no -C metadata=bc78d3b26207a168 -C extra-filename=-bc78d3b26207a168 --out-dir /home/devel/building/work/src/cbindgen-0.26.0/target/release/deps -C strip=debuginfo -L dependency=/home/devel/building/work/src/cbindgen-0.26.0/target/release/deps --cap-lints allow`
   Compiling ryu v1.0.13
     Running `rustc --crate-name ryu --edition=2018 /home/devel/sources/rust/registry/src/index.crates.io-6f17d22bba15001f/ryu-1.0.13/src/lib.rs --error-format=json --json=diagnostic-rendered-ansi,artifacts,future-incompat --crate-type lib --emit=dep-info,metadata,link -C opt-level=3 -C embed-bitcode=no -C metadata=0b7fa647b31122c1 -C extra-filename=-0b7fa647b31122c1 --out-dir /home/devel/building/work/src/cbindgen-0.26.0/target/release/deps -C strip=debuginfo -L dependency=/home/devel/building/work/src/cbindgen-0.26.0/target/release/deps --cap-lints allow`
     Running `rustc --crate-name quote --edition=2018 /home/devel/sources/rust/registry/src/index.crates.io-6f17d22bba15001f/quote-1.0.27/src/lib.rs --error-format=json --json=diagnostic-rendered-ansi,artifacts,future-incompat --crate-type lib --emit=dep-info,metadata,link -C embed-bitcode=no -C debug-assertions=off --cfg 'feature="default"' --cfg 'feature="proc-macro"' -C metadata=101978276404eefe -C extra-filename=-101978276404eefe --out-dir /home/devel/building/work/src/cbindgen-0.26.0/target/release/deps -C strip=debuginfo -L dependency=/home/devel/building/work/src/cbindgen-0.26.0/target/release/deps --extern proc_macro2=/home/devel/building/work/src/cbindgen-0.26.0/target/release/deps/libproc_macro2-473b2263c7945374.rmeta --cap-lints allow`
   Compiling bitflags v1.3.2
     Running `rustc --crate-name bitflags --edition=2018 /home/devel/sources/rust/registry/src/index.crates.io-6f17d22bba15001f/bitflags-1.3.2/src/lib.rs --error-format=json --json=diagnostic-rendered-ansi,artifacts,future-incompat --crate-type lib --emit=dep-info,metadata,link -C opt-level=3 -C embed-bitcode=no --cfg 'feature="default"' -C metadata=87771866e3e25ab2 -C extra-filename=-87771866e3e25ab2 --out-dir /home/devel/building/work/src/cbindgen-0.26.0/target/release/deps -C strip=debuginfo -L dependency=/home/devel/building/work/src/cbindgen-0.26.0/target/release/deps --cap-lints allow`
     Running `rustc --crate-name quote --edition=2018 /home/devel/sources/rust/registry/src/index.crates.io-6f17d22bba15001f/quote-1.0.27/src/lib.rs --error-format=json --json=diagnostic-rendered-ansi,artifacts,future-incompat --crate-type lib --emit=dep-info,metadata,link -C opt-level=3 -C embed-bitcode=no --cfg 'feature="default"' --cfg 'feature="proc-macro"' -C metadata=5996f5022f1c05b2 -C extra-filename=-5996f5022f1c05b2 --out-dir /home/devel/building/work/src/cbindgen-0.26.0/target/release/deps -C strip=debuginfo -L dependency=/home/devel/building/work/src/cbindgen-0.26.0/target/release/deps --extern proc_macro2=/home/devel/building/work/src/cbindgen-0.26.0/target/release/deps/libproc_macro2-194ce5ea9d685830.rmeta --cap-lints allow`
   Compiling syn v2.0.16
     Running `rustc --crate-name syn --edition=2021 /home/devel/sources/rust/registry/src/index.crates.io-6f17d22bba15001f/syn-2.0.16/src/lib.rs --error-format=json --json=diagnostic-rendered-ansi,artifacts,future-incompat --crate-type lib --emit=dep-info,metadata,link -C embed-bitcode=no -C debug-assertions=off --cfg 'feature="clone-impls"' --cfg 'feature="default"' --cfg 'feature="derive"' --cfg 'feature="parsing"' --cfg 'feature="printing"' --cfg 'feature="proc-macro"' --cfg 'feature="quote"' -C metadata=5654d2a89265d818 -C extra-filename=-5654d2a89265d818 --out-dir /home/devel/building/work/src/cbindgen-0.26.0/target/release/deps -C strip=debuginfo -L dependency=/home/devel/building/work/src/cbindgen-0.26.0/target/release/deps --extern proc_macro2=/home/devel/building/work/src/cbindgen-0.26.0/target/release/deps/libproc_macro2-473b2263c7945374.rmeta --extern quote=/home/devel/building/work/src/cbindgen-0.26.0/target/release/deps/libquote-101978276404eefe.rmeta --extern unicode_ident=/home/devel/building/work/src/cbindgen-0.26.0/target/release/deps/libunicode_ident-5310880f6c128ad7.rmeta --cap-lints allow`
     Running `rustc --crate-name indexmap --edition=2021 /home/devel/sources/rust/registry/src/index.crates.io-6f17d22bba15001f/indexmap-1.9.3/src/lib.rs --error-format=json --json=diagnostic-rendered-ansi,artifacts,future-incompat --crate-type lib --emit=dep-info,metadata,link -C opt-level=3 -C embed-bitcode=no --cfg 'feature="std"' -C metadata=e5c4dde671fa251b -C extra-filename=-e5c4dde671fa251b --out-dir /home/devel/building/work/src/cbindgen-0.26.0/target/release/deps -C strip=debuginfo -L dependency=/home/devel/building/work/src/cbindgen-0.26.0/target/release/deps --extern hashbrown=/home/devel/building/work/src/cbindgen-0.26.0/target/release/deps/libhashbrown-2e2d078849c376cd.rmeta --cap-lints allow --cfg has_std`
   Compiling atty v0.2.14
     Running `rustc --crate-name atty --edition=2015 /home/devel/sources/rust/registry/src/index.crates.io-6f17d22bba15001f/atty-0.2.14/src/lib.rs --error-format=json --json=diagnostic-rendered-ansi,artifacts,future-incompat --crate-type lib --emit=dep-info,metadata,link -C opt-level=3 -C embed-bitcode=no -C metadata=e5c87a10108d4aa8 -C extra-filename=-e5c87a10108d4aa8 --out-dir /home/devel/building/work/src/cbindgen-0.26.0/target/release/deps -C strip=debuginfo -L dependency=/home/devel/building/work/src/cbindgen-0.26.0/target/release/deps --extern libc=/home/devel/building/work/src/cbindgen-0.26.0/target/release/deps/liblibc-9ef4728f3802a3ac.rmeta --cap-lints allow`
   Compiling remove_dir_all v0.5.3
     Running `rustc --crate-name remove_dir_all --edition=2015 /home/devel/sources/rust/registry/src/index.crates.io-6f17d22bba15001f/remove_dir_all-0.5.3/src/lib.rs --error-format=json --json=diagnostic-rendered-ansi,artifacts,future-incompat --crate-type lib --emit=dep-info,metadata,link -C opt-level=3 -C embed-bitcode=no -C metadata=ecbd3844e1dff153 -C extra-filename=-ecbd3844e1dff153 --out-dir /home/devel/building/work/src/cbindgen-0.26.0/target/release/deps -C strip=debuginfo -L dependency=/home/devel/building/work/src/cbindgen-0.26.0/target/release/deps --cap-lints allow`
   Compiling scopeguard v1.1.0
     Running `rustc --crate-name scopeguard --edition=2015 /home/devel/sources/rust/registry/src/index.crates.io-6f17d22bba15001f/scopeguard-1.1.0/src/lib.rs --error-format=json --json=diagnostic-rendered-ansi,artifacts,future-incompat --crate-type lib --emit=dep-info,metadata,link -C opt-level=3 -C embed-bitcode=no -C metadata=46d1d1700cc698a6 -C extra-filename=-46d1d1700cc698a6 --out-dir /home/devel/building/work/src/cbindgen-0.26.0/target/release/deps -C strip=debuginfo -L dependency=/home/devel/building/work/src/cbindgen-0.26.0/target/release/deps --cap-lints allow`
   Compiling termcolor v1.2.0
     Running `rustc --crate-name termcolor --edition=2018 /home/devel/sources/rust/registry/src/index.crates.io-6f17d22bba15001f/termcolor-1.2.0/src/lib.rs --error-format=json --json=diagnostic-rendered-ansi,artifacts,future-incompat --crate-type lib --emit=dep-info,metadata,link -C opt-level=3 -C embed-bitcode=no -C metadata=b982067c552732cd -C extra-filename=-b982067c552732cd --out-dir /home/devel/building/work/src/cbindgen-0.26.0/target/release/deps -C strip=debuginfo -L dependency=/home/devel/building/work/src/cbindgen-0.26.0/target/release/deps --cap-lints allow`
   Compiling strsim v0.10.0
     Running `rustc --crate-name strsim --edition=2015 /home/devel/sources/rust/registry/src/index.crates.io-6f17d22bba15001f/strsim-0.10.0/src/lib.rs --error-format=json --json=diagnostic-rendered-ansi,artifacts,future-incompat --crate-type lib --emit=dep-info,metadata,link -C opt-level=3 -C embed-bitcode=no -C metadata=acd1da449d95c4cf -C extra-filename=-acd1da449d95c4cf --out-dir /home/devel/building/work/src/cbindgen-0.26.0/target/release/deps -C strip=debuginfo -L dependency=/home/devel/building/work/src/cbindgen-0.26.0/target/release/deps --cap-lints allow`
   Compiling textwrap v0.16.0
     Running `rustc --crate-name textwrap --edition=2021 /home/devel/sources/rust/registry/src/index.crates.io-6f17d22bba15001f/textwrap-0.16.0/src/lib.rs --error-format=json --json=diagnostic-rendered-ansi,artifacts,future-incompat --crate-type lib --emit=dep-info,metadata,link -C opt-level=3 -C embed-bitcode=no -C metadata=257d1438b8f999c4 -C extra-filename=-257d1438b8f999c4 --out-dir /home/devel/building/work/src/cbindgen-0.26.0/target/release/deps -C strip=debuginfo -L dependency=/home/devel/building/work/src/cbindgen-0.26.0/target/release/deps --cap-lints allow`
   Compiling fastrand v1.9.0
     Running `rustc --crate-name fastrand --edition=2018 /home/devel/sources/rust/registry/src/index.crates.io-6f17d22bba15001f/fastrand-1.9.0/src/lib.rs --error-format=json --json=diagnostic-rendered-ansi,artifacts,future-incompat --crate-type lib --emit=dep-info,metadata,link -C opt-level=3 -C embed-bitcode=no -C metadata=b7bf85239b5513f2 -C extra-filename=-b7bf85239b5513f2 --out-dir /home/devel/building/work/src/cbindgen-0.26.0/target/release/deps -C strip=debuginfo -L dependency=/home/devel/building/work/src/cbindgen-0.26.0/target/release/deps --cap-lints allow`
   Compiling cbindgen v0.26.0 (/home/devel/building/work/src/cbindgen-0.26.0)
     Running `rustc --crate-name build_script_build --edition=2018 build.rs --error-format=json --json=diagnostic-rendered-ansi,artifacts,future-incompat --crate-type bin --emit=dep-info,link -C embed-bitcode=no -C debug-assertions=off --cfg 'feature="clap"' --cfg 'feature="default"' -C metadata=f2b630b5114ad8c7 -C extra-filename=-f2b630b5114ad8c7 --out-dir /home/devel/building/work/src/cbindgen-0.26.0/target/release/build/cbindgen-f2b630b5114ad8c7 -C strip=debuginfo -L dependency=/home/devel/building/work/src/cbindgen-0.26.0/target/release/deps`
   Compiling clap v3.2.25
     Running `rustc --crate-name clap --edition=2021 /home/devel/sources/rust/registry/src/index.crates.io-6f17d22bba15001f/clap-3.2.25/src/lib.rs --error-format=json --json=diagnostic-rendered-ansi,artifacts,future-incompat --crate-type lib --emit=dep-info,metadata,link -C opt-level=3 -C embed-bitcode=no --cfg 'feature="atty"' --cfg 'feature="color"' --cfg 'feature="default"' --cfg 'feature="std"' --cfg 'feature="strsim"' --cfg 'feature="suggestions"' --cfg 'feature="termcolor"' -C metadata=2bba58d0d9bf96c9 -C extra-filename=-2bba58d0d9bf96c9 --out-dir /home/devel/building/work/src/cbindgen-0.26.0/target/release/deps -C strip=debuginfo -L dependency=/home/devel/building/work/src/cbindgen-0.26.0/target/release/deps --extern atty=/home/devel/building/work/src/cbindgen-0.26.0/target/release/deps/libatty-e5c87a10108d4aa8.rmeta --extern bitflags=/home/devel/building/work/src/cbindgen-0.26.0/target/release/deps/libbitflags-87771866e3e25ab2.rmeta --extern clap_lex=/home/devel/building/work/src/cbindgen-0.26.0/target/release/deps/libclap_lex-633f21b28adcd793.rmeta --extern indexmap=/home/devel/building/work/src/cbindgen-0.26.0/target/release/deps/libindexmap-e5c4dde671fa251b.rmeta --extern strsim=/home/devel/building/work/src/cbindgen-0.26.0/target/release/deps/libstrsim-acd1da449d95c4cf.rmeta --extern termcolor=/home/devel/building/work/src/cbindgen-0.26.0/target/release/deps/libtermcolor-b982067c552732cd.rmeta --extern textwrap=/home/devel/building/work/src/cbindgen-0.26.0/target/release/deps/libtextwrap-257d1438b8f999c4.rmeta --cap-lints allow`
   Compiling tempfile v3.3.0
     Running `rustc --crate-name tempfile --edition=2018 /home/devel/sources/rust/registry/src/index.crates.io-6f17d22bba15001f/tempfile-3.3.0/src/lib.rs --error-format=json --json=diagnostic-rendered-ansi,artifacts,future-incompat --crate-type lib --emit=dep-info,metadata,link -C opt-level=3 -C embed-bitcode=no -C metadata=eec28ddc18feb26c -C extra-filename=-eec28ddc18feb26c --out-dir /home/devel/building/work/src/cbindgen-0.26.0/target/release/deps -C strip=debuginfo -L dependency=/home/devel/building/work/src/cbindgen-0.26.0/target/release/deps --extern cfg_if=/home/devel/building/work/src/cbindgen-0.26.0/target/release/deps/libcfg_if-974c850d73bc90ff.rmeta --extern fastrand=/home/devel/building/work/src/cbindgen-0.26.0/target/release/deps/libfastrand-b7bf85239b5513f2.rmeta --extern libc=/home/devel/building/work/src/cbindgen-0.26.0/target/release/deps/liblibc-9ef4728f3802a3ac.rmeta --extern remove_dir_all=/home/devel/building/work/src/cbindgen-0.26.0/target/release/deps/libremove_dir_all-ecbd3844e1dff153.rmeta --cap-lints allow`
     Running `/home/devel/building/work/src/cbindgen-0.26.0/target/release/build/cbindgen-f2b630b5114ad8c7/build-script-build`
     Running `rustc --crate-name lock_api --edition=2018 /home/devel/sources/rust/registry/src/index.crates.io-6f17d22bba15001f/lock_api-0.4.9/src/lib.rs --error-format=json --json=diagnostic-rendered-ansi,artifacts,future-incompat --crate-type lib --emit=dep-info,metadata,link -C opt-level=3 -C embed-bitcode=no -C metadata=09bf4ef63353401c -C extra-filename=-09bf4ef63353401c --out-dir /home/devel/building/work/src/cbindgen-0.26.0/target/release/deps -C strip=debuginfo -L dependency=/home/devel/building/work/src/cbindgen-0.26.0/target/release/deps --extern scopeguard=/home/devel/building/work/src/cbindgen-0.26.0/target/release/deps/libscopeguard-46d1d1700cc698a6.rmeta --cap-lints allow --cfg has_const_fn_trait_bound`
     Running `rustc --crate-name syn --edition=2018 /home/devel/sources/rust/registry/src/index.crates.io-6f17d22bba15001f/syn-1.0.109/src/lib.rs --error-format=json --json=diagnostic-rendered-ansi,artifacts,future-incompat --crate-type lib --emit=dep-info,metadata,link -C opt-level=3 -C embed-bitcode=no --cfg 'feature="clone-impls"' --cfg 'feature="default"' --cfg 'feature="derive"' --cfg 'feature="extra-traits"' --cfg 'feature="fold"' --cfg 'feature="full"' --cfg 'feature="parsing"' --cfg 'feature="printing"' --cfg 'feature="proc-macro"' --cfg 'feature="quote"' -C metadata=675c2fd153db1c6e -C extra-filename=-675c2fd153db1c6e --out-dir /home/devel/building/work/src/cbindgen-0.26.0/target/release/deps -C strip=debuginfo -L dependency=/home/devel/building/work/src/cbindgen-0.26.0/target/release/deps --extern proc_macro2=/home/devel/building/work/src/cbindgen-0.26.0/target/release/deps/libproc_macro2-194ce5ea9d685830.rmeta --extern quote=/home/devel/building/work/src/cbindgen-0.26.0/target/release/deps/libquote-5996f5022f1c05b2.rmeta --extern unicode_ident=/home/devel/building/work/src/cbindgen-0.26.0/target/release/deps/libunicode_ident-79108acab2088d35.rmeta --cap-lints allow --cfg syn_disable_nightly_tests`
     Running `rustc --crate-name parking_lot_core --edition=2018 /home/devel/sources/rust/registry/src/index.crates.io-6f17d22bba15001f/parking_lot_core-0.8.6/src/lib.rs --error-format=json --json=diagnostic-rendered-ansi,artifacts,future-incompat --crate-type lib --emit=dep-info,metadata,link -C opt-level=3 -C embed-bitcode=no -C metadata=054fc6c660621b99 -C extra-filename=-054fc6c660621b99 --out-dir /home/devel/building/work/src/cbindgen-0.26.0/target/release/deps -C strip=debuginfo -L dependency=/home/devel/building/work/src/cbindgen-0.26.0/target/release/deps --extern cfg_if=/home/devel/building/work/src/cbindgen-0.26.0/target/release/deps/libcfg_if-974c850d73bc90ff.rmeta --extern instant=/home/devel/building/work/src/cbindgen-0.26.0/target/release/deps/libinstant-beb7963a654cf9ce.rmeta --extern libc=/home/devel/building/work/src/cbindgen-0.26.0/target/release/deps/liblibc-9ef4728f3802a3ac.rmeta --extern smallvec=/home/devel/building/work/src/cbindgen-0.26.0/target/release/deps/libsmallvec-d420a544e44c2c7e.rmeta --cap-lints allow`
     Running `rustc --crate-name syn --edition=2018 /home/devel/sources/rust/registry/src/index.crates.io-6f17d22bba15001f/syn-1.0.109/src/lib.rs --error-format=json --json=diagnostic-rendered-ansi,artifacts,future-incompat --crate-type lib --emit=dep-info,metadata,link -C embed-bitcode=no -C debug-assertions=off --cfg 'feature="clone-impls"' --cfg 'feature="default"' --cfg 'feature="derive"' --cfg 'feature="extra-traits"' --cfg 'feature="fold"' --cfg 'feature="full"' --cfg 'feature="parsing"' --cfg 'feature="printing"' --cfg 'feature="proc-macro"' --cfg 'feature="quote"' -C metadata=8172f00e94bde897 -C extra-filename=-8172f00e94bde897 --out-dir /home/devel/building/work/src/cbindgen-0.26.0/target/release/deps -C strip=debuginfo -L dependency=/home/devel/building/work/src/cbindgen-0.26.0/target/release/deps --extern proc_macro2=/home/devel/building/work/src/cbindgen-0.26.0/target/release/deps/libproc_macro2-473b2263c7945374.rmeta --extern quote=/home/devel/building/work/src/cbindgen-0.26.0/target/release/deps/libquote-101978276404eefe.rmeta --extern unicode_ident=/home/devel/building/work/src/cbindgen-0.26.0/target/release/deps/libunicode_ident-5310880f6c128ad7.rmeta --cap-lints allow --cfg syn_disable_nightly_tests`
     Running `rustc --crate-name log --edition=2015 /home/devel/sources/rust/registry/src/index.crates.io-6f17d22bba15001f/log-0.4.17/src/lib.rs --error-format=json --json=diagnostic-rendered-ansi,artifacts,future-incompat --crate-type lib --emit=dep-info,metadata,link -C opt-level=3 -C embed-bitcode=no -C metadata=f8ab1c069d813554 -C extra-filename=-f8ab1c069d813554 --out-dir /home/devel/building/work/src/cbindgen-0.26.0/target/release/deps -C strip=debuginfo -L dependency=/home/devel/building/work/src/cbindgen-0.26.0/target/release/deps --extern cfg_if=/home/devel/building/work/src/cbindgen-0.26.0/target/release/deps/libcfg_if-974c850d73bc90ff.rmeta --cap-lints allow --cfg atomic_cas --cfg has_atomics`
   Compiling heck v0.4.1
     Running `rustc --crate-name heck --edition=2018 /home/devel/sources/rust/registry/src/index.crates.io-6f17d22bba15001f/heck-0.4.1/src/lib.rs --error-format=json --json=diagnostic-rendered-ansi,artifacts,future-incompat --crate-type lib --emit=dep-info,metadata,link -C opt-level=3 -C embed-bitcode=no --cfg 'feature="default"' -C metadata=3d6fedec18f49775 -C extra-filename=-3d6fedec18f49775 --out-dir /home/devel/building/work/src/cbindgen-0.26.0/target/release/deps -C strip=debuginfo -L dependency=/home/devel/building/work/src/cbindgen-0.26.0/target/release/deps --cap-lints allow`
   Compiling parking_lot v0.11.2
     Running `rustc --crate-name parking_lot --edition=2018 /home/devel/sources/rust/registry/src/index.crates.io-6f17d22bba15001f/parking_lot-0.11.2/src/lib.rs --error-format=json --json=diagnostic-rendered-ansi,artifacts,future-incompat --crate-type lib --emit=dep-info,metadata,link -C opt-level=3 -C embed-bitcode=no --cfg 'feature="default"' -C metadata=7937988ab0ddd43e -C extra-filename=-7937988ab0ddd43e --out-dir /home/devel/building/work/src/cbindgen-0.26.0/target/release/deps -C strip=debuginfo -L dependency=/home/devel/building/work/src/cbindgen-0.26.0/target/release/deps --extern instant=/home/devel/building/work/src/cbindgen-0.26.0/target/release/deps/libinstant-beb7963a654cf9ce.rmeta --extern lock_api=/home/devel/building/work/src/cbindgen-0.26.0/target/release/deps/liblock_api-09bf4ef63353401c.rmeta --extern parking_lot_core=/home/devel/building/work/src/cbindgen-0.26.0/target/release/deps/libparking_lot_core-054fc6c660621b99.rmeta --cap-lints allow`
   Compiling lazy_static v1.4.0
     Running `rustc --crate-name lazy_static --edition=2015 /home/devel/sources/rust/registry/src/index.crates.io-6f17d22bba15001f/lazy_static-1.4.0/src/lib.rs --error-format=json --json=diagnostic-rendered-ansi,artifacts,future-incompat --crate-type lib --emit=dep-info,metadata,link -C opt-level=3 -C embed-bitcode=no -C metadata=56ffd46bbdae7003 -C extra-filename=-56ffd46bbdae7003 --out-dir /home/devel/building/work/src/cbindgen-0.26.0/target/release/deps -C strip=debuginfo -L dependency=/home/devel/building/work/src/cbindgen-0.26.0/target/release/deps --cap-lints allow`
   Compiling serde_derive v1.0.163
     Running `rustc --crate-name serde_derive --edition=2015 /home/devel/sources/rust/registry/src/index.crates.io-6f17d22bba15001f/serde_derive-1.0.163/src/lib.rs --error-format=json --json=diagnostic-rendered-ansi,artifacts,future-incompat --crate-type proc-macro --emit=dep-info,link -C prefer-dynamic -C embed-bitcode=no -C debug-assertions=off --cfg 'feature="default"' -C metadata=63180b09ff4fb62b -C extra-filename=-63180b09ff4fb62b --out-dir /home/devel/building/work/src/cbindgen-0.26.0/target/release/deps -C strip=debuginfo -L dependency=/home/devel/building/work/src/cbindgen-0.26.0/target/release/deps --extern proc_macro2=/home/devel/building/work/src/cbindgen-0.26.0/target/release/deps/libproc_macro2-473b2263c7945374.rlib --extern quote=/home/devel/building/work/src/cbindgen-0.26.0/target/release/deps/libquote-101978276404eefe.rlib --extern syn=/home/devel/building/work/src/cbindgen-0.26.0/target/release/deps/libsyn-5654d2a89265d818.rlib --extern proc_macro --cap-lints allow`
     Running `rustc --crate-name serde --edition=2015 /home/devel/sources/rust/registry/src/index.crates.io-6f17d22bba15001f/serde-1.0.163/src/lib.rs --error-format=json --json=diagnostic-rendered-ansi,artifacts,future-incompat --crate-type lib --emit=dep-info,metadata,link -C opt-level=3 -C embed-bitcode=no --cfg 'feature="default"' --cfg 'feature="derive"' --cfg 'feature="serde_derive"' --cfg 'feature="std"' -C metadata=ddab8ca5de3131c5 -C extra-filename=-ddab8ca5de3131c5 --out-dir /home/devel/building/work/src/cbindgen-0.26.0/target/release/deps -C strip=debuginfo -L dependency=/home/devel/building/work/src/cbindgen-0.26.0/target/release/deps --extern serde_derive=/home/devel/building/work/src/cbindgen-0.26.0/target/release/deps/libserde_derive-63180b09ff4fb62b.so --cap-lints allow`
   Compiling serial_test_derive v0.5.1
     Running `rustc --crate-name serial_test_derive --edition=2018 /home/devel/sources/rust/registry/src/index.crates.io-6f17d22bba15001f/serial_test_derive-0.5.1/src/lib.rs --error-format=json --json=diagnostic-rendered-ansi,artifacts,future-incompat --crate-type proc-macro --emit=dep-info,link -C prefer-dynamic -C embed-bitcode=no -C debug-assertions=off -C metadata=0aa6becbef8144b3 -C extra-filename=-0aa6becbef8144b3 --out-dir /home/devel/building/work/src/cbindgen-0.26.0/target/release/deps -C strip=debuginfo -L dependency=/home/devel/building/work/src/cbindgen-0.26.0/target/release/deps --extern proc_macro2=/home/devel/building/work/src/cbindgen-0.26.0/target/release/deps/libproc_macro2-473b2263c7945374.rlib --extern quote=/home/devel/building/work/src/cbindgen-0.26.0/target/release/deps/libquote-101978276404eefe.rlib --extern syn=/home/devel/building/work/src/cbindgen-0.26.0/target/release/deps/libsyn-8172f00e94bde897.rlib --extern proc_macro --cap-lints allow`
   Compiling serial_test v0.5.1
     Running `rustc --crate-name serial_test --edition=2018 /home/devel/sources/rust/registry/src/index.crates.io-6f17d22bba15001f/serial_test-0.5.1/src/lib.rs --error-format=json --json=diagnostic-rendered-ansi,artifacts,future-incompat --crate-type lib --emit=dep-info,metadata,link -C opt-level=3 -C embed-bitcode=no -C metadata=3cc92eb6fee24708 -C extra-filename=-3cc92eb6fee24708 --out-dir /home/devel/building/work/src/cbindgen-0.26.0/target/release/deps -C strip=debuginfo -L dependency=/home/devel/building/work/src/cbindgen-0.26.0/target/release/deps --extern lazy_static=/home/devel/building/work/src/cbindgen-0.26.0/target/release/deps/liblazy_static-56ffd46bbdae7003.rmeta --extern parking_lot=/home/devel/building/work/src/cbindgen-0.26.0/target/release/deps/libparking_lot-7937988ab0ddd43e.rmeta --extern serial_test_derive=/home/devel/building/work/src/cbindgen-0.26.0/target/release/deps/libserial_test_derive-0aa6becbef8144b3.so --cap-lints allow`
   Compiling toml v0.5.11
     Running `rustc --crate-name toml --edition=2018 /home/devel/sources/rust/registry/src/index.crates.io-6f17d22bba15001f/toml-0.5.11/src/lib.rs --error-format=json --json=diagnostic-rendered-ansi,artifacts,future-incompat --crate-type lib --emit=dep-info,metadata,link -C opt-level=3 -C embed-bitcode=no --cfg 'feature="default"' -C metadata=553fef63a27aef64 -C extra-filename=-553fef63a27aef64 --out-dir /home/devel/building/work/src/cbindgen-0.26.0/target/release/deps -C strip=debuginfo -L dependency=/home/devel/building/work/src/cbindgen-0.26.0/target/release/deps --extern serde=/home/devel/building/work/src/cbindgen-0.26.0/target/release/deps/libserde-ddab8ca5de3131c5.rmeta --cap-lints allow`
     Running `rustc --crate-name serde_json --edition=2018 /home/devel/sources/rust/registry/src/index.crates.io-6f17d22bba15001f/serde_json-1.0.96/src/lib.rs --error-format=json --json=diagnostic-rendered-ansi,artifacts,future-incompat --crate-type lib --emit=dep-info,metadata,link -C opt-level=3 -C embed-bitcode=no --cfg 'feature="default"' --cfg 'feature="std"' -C metadata=ce40970fb155d820 -C extra-filename=-ce40970fb155d820 --out-dir /home/devel/building/work/src/cbindgen-0.26.0/target/release/deps -C strip=debuginfo -L dependency=/home/devel/building/work/src/cbindgen-0.26.0/target/release/deps --extern itoa=/home/devel/building/work/src/cbindgen-0.26.0/target/release/deps/libitoa-bc78d3b26207a168.rmeta --extern ryu=/home/devel/building/work/src/cbindgen-0.26.0/target/release/deps/libryu-0b7fa647b31122c1.rmeta --extern serde=/home/devel/building/work/src/cbindgen-0.26.0/target/release/deps/libserde-ddab8ca5de3131c5.rmeta --cap-lints allow --cfg limb_width_64`
     Running `rustc --crate-name cbindgen --edition=2018 src/lib.rs --error-format=json --json=diagnostic-rendered-ansi,artifacts,future-incompat --crate-type lib --emit=dep-info,metadata,link -C opt-level=3 -C embed-bitcode=no --cfg 'feature="clap"' --cfg 'feature="default"' -C metadata=2003a65f938a0fbb -C extra-filename=-2003a65f938a0fbb --out-dir /home/devel/building/work/src/cbindgen-0.26.0/target/release/deps -C strip=debuginfo -L dependency=/home/devel/building/work/src/cbindgen-0.26.0/target/release/deps --extern clap=/home/devel/building/work/src/cbindgen-0.26.0/target/release/deps/libclap-2bba58d0d9bf96c9.rmeta --extern heck=/home/devel/building/work/src/cbindgen-0.26.0/target/release/deps/libheck-3d6fedec18f49775.rmeta --extern indexmap=/home/devel/building/work/src/cbindgen-0.26.0/target/release/deps/libindexmap-e5c4dde671fa251b.rmeta --extern log=/home/devel/building/work/src/cbindgen-0.26.0/target/release/deps/liblog-f8ab1c069d813554.rmeta --extern proc_macro2=/home/devel/building/work/src/cbindgen-0.26.0/target/release/deps/libproc_macro2-194ce5ea9d685830.rmeta --extern quote=/home/devel/building/work/src/cbindgen-0.26.0/target/release/deps/libquote-5996f5022f1c05b2.rmeta --extern serde=/home/devel/building/work/src/cbindgen-0.26.0/target/release/deps/libserde-ddab8ca5de3131c5.rmeta --extern serde_json=/home/devel/building/work/src/cbindgen-0.26.0/target/release/deps/libserde_json-ce40970fb155d820.rmeta --extern syn=/home/devel/building/work/src/cbindgen-0.26.0/target/release/deps/libsyn-675c2fd153db1c6e.rmeta --extern tempfile=/home/devel/building/work/src/cbindgen-0.26.0/target/release/deps/libtempfile-eec28ddc18feb26c.rmeta --extern toml=/home/devel/building/work/src/cbindgen-0.26.0/target/release/deps/libtoml-553fef63a27aef64.rmeta`
     Running `rustc --crate-name cbindgen --edition=2018 src/lib.rs --error-format=json --json=diagnostic-rendered-ansi,artifacts,future-incompat --emit=dep-info,link -C opt-level=3 -C embed-bitcode=no --test --cfg 'feature="clap"' --cfg 'feature="default"' -C metadata=ca5e31e1c323f3e0 -C extra-filename=-ca5e31e1c323f3e0 --out-dir /home/devel/building/work/src/cbindgen-0.26.0/target/release/deps -C strip=debuginfo -L dependency=/home/devel/building/work/src/cbindgen-0.26.0/target/release/deps --extern clap=/home/devel/building/work/src/cbindgen-0.26.0/target/release/deps/libclap-2bba58d0d9bf96c9.rlib --extern heck=/home/devel/building/work/src/cbindgen-0.26.0/target/release/deps/libheck-3d6fedec18f49775.rlib --extern indexmap=/home/devel/building/work/src/cbindgen-0.26.0/target/release/deps/libindexmap-e5c4dde671fa251b.rlib --extern log=/home/devel/building/work/src/cbindgen-0.26.0/target/release/deps/liblog-f8ab1c069d813554.rlib --extern proc_macro2=/home/devel/building/work/src/cbindgen-0.26.0/target/release/deps/libproc_macro2-194ce5ea9d685830.rlib --extern quote=/home/devel/building/work/src/cbindgen-0.26.0/target/release/deps/libquote-5996f5022f1c05b2.rlib --extern serde=/home/devel/building/work/src/cbindgen-0.26.0/target/release/deps/libserde-ddab8ca5de3131c5.rlib --extern serde_json=/home/devel/building/work/src/cbindgen-0.26.0/target/release/deps/libserde_json-ce40970fb155d820.rlib --extern serial_test=/home/devel/building/work/src/cbindgen-0.26.0/target/release/deps/libserial_test-3cc92eb6fee24708.rlib --extern syn=/home/devel/building/work/src/cbindgen-0.26.0/target/release/deps/libsyn-675c2fd153db1c6e.rlib --extern tempfile=/home/devel/building/work/src/cbindgen-0.26.0/target/release/deps/libtempfile-eec28ddc18feb26c.rlib --extern toml=/home/devel/building/work/src/cbindgen-0.26.0/target/release/deps/libtoml-553fef63a27aef64.rlib`
     Running `rustc --crate-name cbindgen --edition=2018 src/main.rs --error-format=json --json=diagnostic-rendered-ansi,artifacts,future-incompat --crate-type bin --emit=dep-info,link -C opt-level=3 -C embed-bitcode=no --cfg 'feature="clap"' --cfg 'feature="default"' -C metadata=96fc927d87e662f0 -C extra-filename=-96fc927d87e662f0 --out-dir /home/devel/building/work/src/cbindgen-0.26.0/target/release/deps -C strip=debuginfo -L dependency=/home/devel/building/work/src/cbindgen-0.26.0/target/release/deps --extern cbindgen=/home/devel/building/work/src/cbindgen-0.26.0/target/release/deps/libcbindgen-2003a65f938a0fbb.rlib --extern clap=/home/devel/building/work/src/cbindgen-0.26.0/target/release/deps/libclap-2bba58d0d9bf96c9.rlib --extern heck=/home/devel/building/work/src/cbindgen-0.26.0/target/release/deps/libheck-3d6fedec18f49775.rlib --extern indexmap=/home/devel/building/work/src/cbindgen-0.26.0/target/release/deps/libindexmap-e5c4dde671fa251b.rlib --extern log=/home/devel/building/work/src/cbindgen-0.26.0/target/release/deps/liblog-f8ab1c069d813554.rlib --extern proc_macro2=/home/devel/building/work/src/cbindgen-0.26.0/target/release/deps/libproc_macro2-194ce5ea9d685830.rlib --extern quote=/home/devel/building/work/src/cbindgen-0.26.0/target/release/deps/libquote-5996f5022f1c05b2.rlib --extern serde=/home/devel/building/work/src/cbindgen-0.26.0/target/release/deps/libserde-ddab8ca5de3131c5.rlib --extern serde_json=/home/devel/building/work/src/cbindgen-0.26.0/target/release/deps/libserde_json-ce40970fb155d820.rlib --extern syn=/home/devel/building/work/src/cbindgen-0.26.0/target/release/deps/libsyn-675c2fd153db1c6e.rlib --extern tempfile=/home/devel/building/work/src/cbindgen-0.26.0/target/release/deps/libtempfile-eec28ddc18feb26c.rlib --extern toml=/home/devel/building/work/src/cbindgen-0.26.0/target/release/deps/libtoml-553fef63a27aef64.rlib`
     Running `rustc --crate-name tests --edition=2018 tests/tests.rs --error-format=json --json=diagnostic-rendered-ansi,artifacts,future-incompat --emit=dep-info,link -C opt-level=3 -C embed-bitcode=no --test --cfg 'feature="clap"' --cfg 'feature="default"' -C metadata=818cc79343e3de40 -C extra-filename=-818cc79343e3de40 --out-dir /home/devel/building/work/src/cbindgen-0.26.0/target/release/deps -C strip=debuginfo -L dependency=/home/devel/building/work/src/cbindgen-0.26.0/target/release/deps --extern cbindgen=/home/devel/building/work/src/cbindgen-0.26.0/target/release/deps/libcbindgen-2003a65f938a0fbb.rlib --extern clap=/home/devel/building/work/src/cbindgen-0.26.0/target/release/deps/libclap-2bba58d0d9bf96c9.rlib --extern heck=/home/devel/building/work/src/cbindgen-0.26.0/target/release/deps/libheck-3d6fedec18f49775.rlib --extern indexmap=/home/devel/building/work/src/cbindgen-0.26.0/target/release/deps/libindexmap-e5c4dde671fa251b.rlib --extern log=/home/devel/building/work/src/cbindgen-0.26.0/target/release/deps/liblog-f8ab1c069d813554.rlib --extern proc_macro2=/home/devel/building/work/src/cbindgen-0.26.0/target/release/deps/libproc_macro2-194ce5ea9d685830.rlib --extern quote=/home/devel/building/work/src/cbindgen-0.26.0/target/release/deps/libquote-5996f5022f1c05b2.rlib --extern serde=/home/devel/building/work/src/cbindgen-0.26.0/target/release/deps/libserde-ddab8ca5de3131c5.rlib --extern serde_json=/home/devel/building/work/src/cbindgen-0.26.0/target/release/deps/libserde_json-ce40970fb155d820.rlib --extern serial_test=/home/devel/building/work/src/cbindgen-0.26.0/target/release/deps/libserial_test-3cc92eb6fee24708.rlib --extern syn=/home/devel/building/work/src/cbindgen-0.26.0/target/release/deps/libsyn-675c2fd153db1c6e.rlib --extern tempfile=/home/devel/building/work/src/cbindgen-0.26.0/target/release/deps/libtempfile-eec28ddc18feb26c.rlib --extern toml=/home/devel/building/work/src/cbindgen-0.26.0/target/release/deps/libtoml-553fef63a27aef64.rlib`
     Running `rustc --crate-name depfile --edition=2018 tests/depfile.rs --error-format=json --json=diagnostic-rendered-ansi,artifacts,future-incompat --emit=dep-info,link -C opt-level=3 -C embed-bitcode=no --test --cfg 'feature="clap"' --cfg 'feature="default"' -C metadata=0525fd3c9aedd3c2 -C extra-filename=-0525fd3c9aedd3c2 --out-dir /home/devel/building/work/src/cbindgen-0.26.0/target/release/deps -C strip=debuginfo -L dependency=/home/devel/building/work/src/cbindgen-0.26.0/target/release/deps --extern cbindgen=/home/devel/building/work/src/cbindgen-0.26.0/target/release/deps/libcbindgen-2003a65f938a0fbb.rlib --extern clap=/home/devel/building/work/src/cbindgen-0.26.0/target/release/deps/libclap-2bba58d0d9bf96c9.rlib --extern heck=/home/devel/building/work/src/cbindgen-0.26.0/target/release/deps/libheck-3d6fedec18f49775.rlib --extern indexmap=/home/devel/building/work/src/cbindgen-0.26.0/target/release/deps/libindexmap-e5c4dde671fa251b.rlib --extern log=/home/devel/building/work/src/cbindgen-0.26.0/target/release/deps/liblog-f8ab1c069d813554.rlib --extern proc_macro2=/home/devel/building/work/src/cbindgen-0.26.0/target/release/deps/libproc_macro2-194ce5ea9d685830.rlib --extern quote=/home/devel/building/work/src/cbindgen-0.26.0/target/release/deps/libquote-5996f5022f1c05b2.rlib --extern serde=/home/devel/building/work/src/cbindgen-0.26.0/target/release/deps/libserde-ddab8ca5de3131c5.rlib --extern serde_json=/home/devel/building/work/src/cbindgen-0.26.0/target/release/deps/libserde_json-ce40970fb155d820.rlib --extern serial_test=/home/devel/building/work/src/cbindgen-0.26.0/target/release/deps/libserial_test-3cc92eb6fee24708.rlib --extern syn=/home/devel/building/work/src/cbindgen-0.26.0/target/release/deps/libsyn-675c2fd153db1c6e.rlib --extern tempfile=/home/devel/building/work/src/cbindgen-0.26.0/target/release/deps/libtempfile-eec28ddc18feb26c.rlib --extern toml=/home/devel/building/work/src/cbindgen-0.26.0/target/release/deps/libtoml-553fef63a27aef64.rlib`
     Running `rustc --crate-name profile --edition=2018 tests/profile.rs --error-format=json --json=diagnostic-rendered-ansi,artifacts,future-incompat --emit=dep-info,link -C opt-level=3 -C embed-bitcode=no --test --cfg 'feature="clap"' --cfg 'feature="default"' -C metadata=f2822243f2e602ab -C extra-filename=-f2822243f2e602ab --out-dir /home/devel/building/work/src/cbindgen-0.26.0/target/release/deps -C strip=debuginfo -L dependency=/home/devel/building/work/src/cbindgen-0.26.0/target/release/deps --extern cbindgen=/home/devel/building/work/src/cbindgen-0.26.0/target/release/deps/libcbindgen-2003a65f938a0fbb.rlib --extern clap=/home/devel/building/work/src/cbindgen-0.26.0/target/release/deps/libclap-2bba58d0d9bf96c9.rlib --extern heck=/home/devel/building/work/src/cbindgen-0.26.0/target/release/deps/libheck-3d6fedec18f49775.rlib --extern indexmap=/home/devel/building/work/src/cbindgen-0.26.0/target/release/deps/libindexmap-e5c4dde671fa251b.rlib --extern log=/home/devel/building/work/src/cbindgen-0.26.0/target/release/deps/liblog-f8ab1c069d813554.rlib --extern proc_macro2=/home/devel/building/work/src/cbindgen-0.26.0/target/release/deps/libproc_macro2-194ce5ea9d685830.rlib --extern quote=/home/devel/building/work/src/cbindgen-0.26.0/target/release/deps/libquote-5996f5022f1c05b2.rlib --extern serde=/home/devel/building/work/src/cbindgen-0.26.0/target/release/deps/libserde-ddab8ca5de3131c5.rlib --extern serde_json=/home/devel/building/work/src/cbindgen-0.26.0/target/release/deps/libserde_json-ce40970fb155d820.rlib --extern serial_test=/home/devel/building/work/src/cbindgen-0.26.0/target/release/deps/libserial_test-3cc92eb6fee24708.rlib --extern syn=/home/devel/building/work/src/cbindgen-0.26.0/target/release/deps/libsyn-675c2fd153db1c6e.rlib --extern tempfile=/home/devel/building/work/src/cbindgen-0.26.0/target/release/deps/libtempfile-eec28ddc18feb26c.rlib --extern toml=/home/devel/building/work/src/cbindgen-0.26.0/target/release/deps/libtoml-553fef63a27aef64.rlib`
     Running `rustc --crate-name cbindgen --edition=2018 src/main.rs --error-format=json --json=diagnostic-rendered-ansi,artifacts,future-incompat --emit=dep-info,link -C opt-level=3 -C embed-bitcode=no --test --cfg 'feature="clap"' --cfg 'feature="default"' -C metadata=82a75c63b417e81f -C extra-filename=-82a75c63b417e81f --out-dir /home/devel/building/work/src/cbindgen-0.26.0/target/release/deps -C strip=debuginfo -L dependency=/home/devel/building/work/src/cbindgen-0.26.0/target/release/deps --extern cbindgen=/home/devel/building/work/src/cbindgen-0.26.0/target/release/deps/libcbindgen-2003a65f938a0fbb.rlib --extern clap=/home/devel/building/work/src/cbindgen-0.26.0/target/release/deps/libclap-2bba58d0d9bf96c9.rlib --extern heck=/home/devel/building/work/src/cbindgen-0.26.0/target/release/deps/libheck-3d6fedec18f49775.rlib --extern indexmap=/home/devel/building/work/src/cbindgen-0.26.0/target/release/deps/libindexmap-e5c4dde671fa251b.rlib --extern log=/home/devel/building/work/src/cbindgen-0.26.0/target/release/deps/liblog-f8ab1c069d813554.rlib --extern proc_macro2=/home/devel/building/work/src/cbindgen-0.26.0/target/release/deps/libproc_macro2-194ce5ea9d685830.rlib --extern quote=/home/devel/building/work/src/cbindgen-0.26.0/target/release/deps/libquote-5996f5022f1c05b2.rlib --extern serde=/home/devel/building/work/src/cbindgen-0.26.0/target/release/deps/libserde-ddab8ca5de3131c5.rlib --extern serde_json=/home/devel/building/work/src/cbindgen-0.26.0/target/release/deps/libserde_json-ce40970fb155d820.rlib --extern serial_test=/home/devel/building/work/src/cbindgen-0.26.0/target/release/deps/libserial_test-3cc92eb6fee24708.rlib --extern syn=/home/devel/building/work/src/cbindgen-0.26.0/target/release/deps/libsyn-675c2fd153db1c6e.rlib --extern tempfile=/home/devel/building/work/src/cbindgen-0.26.0/target/release/deps/libtempfile-eec28ddc18feb26c.rlib --extern toml=/home/devel/building/work/src/cbindgen-0.26.0/target/release/deps/libtoml-553fef63a27aef64.rlib`
    Finished `release` profile [optimized] target(s) in 55.07s
+ install -D -m 0755 -t /home/devel/building/work/pkg/usr/bin target/release/cbindgen
=======> Build result:
drwxr-xr-x  0 root   root        0 May 29 16:34 usr/
drwxr-xr-x  0 root   root        0 May 29 16:34 usr/bin/
-rwxr-xr-x  0 root   root  5101848 May 29 16:34 usr/bin/cbindgen
=======> Building '/home/devel/packages/cbindgen#0.26.0-1.x86_64.pkg.tar.zst' succeeded.
prt-get: Using PKGMK_PACKAGE_DIR: /home/devel/packages
prt-get: reinstalling cbindgen 0.26.0-1
prt-get: /usr/bin/pkgadd -u cbindgen#0.26.0-1.x86_64.pkg.tar.zst
prt-get: build done Wed May 29 16:34:13 2024

