prt-get: updating /usr/ports/opt-musl/lcms2
prt-get: starting build Wed May 29 19:45:28 2024
=======> Building '/home/devel/packages/lcms2#2.16-1.x86_64.pkg.tar.zst'.
bsdtar -p -o -C /home/devel/building/work/src -xf /home/devel/sources/lcms2-2.16.tar.gz
+ build
+ cd lcms2-2.16
+ ./configure --build=x86_64-unknown-linux-musl --host=x86_64-unknown-linux-musl --prefix=/usr --with-jpeg --with-tiff --with-zlib --with-threads
checking build system type... x86_64-unknown-linux-musl
checking host system type... x86_64-unknown-linux-musl
checking for a BSD-compatible install... /usr/bin/install -c
checking whether build environment is sane... yes
checking for a race-free mkdir -p... /bin/mkdir -p
checking for gawk... gawk
checking whether make sets $(MAKE)... yes
checking whether make supports nested variables... yes
checking whether UID '0' is supported by ustar format... yes
checking whether GID '0' is supported by ustar format... yes
checking how to create a ustar tar archive... gnutar
checking for x86_64-unknown-linux-musl-gcc... x86_64-unknown-linux-musl-gcc
checking whether the C compiler works... yes
checking for C compiler default output file name... a.out
checking for suffix of executables... 
checking whether we are cross compiling... no
checking for suffix of object files... o
checking whether the compiler supports GNU C... yes
checking whether x86_64-unknown-linux-musl-gcc accepts -g... yes
checking for x86_64-unknown-linux-musl-gcc option to enable C11 features... none needed
checking whether x86_64-unknown-linux-musl-gcc understands -c and -o together... yes
checking whether make supports the include directive... yes (GNU style)
checking dependency style of x86_64-unknown-linux-musl-gcc... gcc3
checking how to run the C preprocessor... x86_64-unknown-linux-musl-gcc -E
checking for x86_64-unknown-linux-musl-g++... x86_64-unknown-linux-musl-g++
checking whether the compiler supports GNU C++... yes
checking whether x86_64-unknown-linux-musl-g++ accepts -g... yes
checking for x86_64-unknown-linux-musl-g++ option to enable C++11 features... none needed
checking dependency style of x86_64-unknown-linux-musl-g++... gcc3
checking how to print strings... printf
checking for a sed that does not truncate output... /bin/sed
checking for grep that handles long lines and -e... /usr/bin/grep
checking for egrep... /usr/bin/grep -E
checking for fgrep... /usr/bin/grep -F
checking for ld used by x86_64-unknown-linux-musl-gcc... /usr/bin/ld
checking if the linker (/usr/bin/ld) is GNU ld... yes
checking for BSD- or MS-compatible name lister (nm)... /usr/bin/x86_64-unknown-linux-musl-nm -B
checking the name lister (/usr/bin/x86_64-unknown-linux-musl-nm -B) interface... BSD nm
checking whether ln -s works... yes
checking the maximum length of command line arguments... 98304
checking how to convert x86_64-unknown-linux-musl file names to x86_64-unknown-linux-musl format... func_convert_file_noop
checking how to convert x86_64-unknown-linux-musl file names to toolchain format... func_convert_file_noop
checking for /usr/bin/ld option to reload object files... -r
checking for x86_64-unknown-linux-musl-file... no
checking for file... file
checking for x86_64-unknown-linux-musl-objdump... x86_64-unknown-linux-musl-objdump
checking how to recognize dependent libraries... pass_all
checking for x86_64-unknown-linux-musl-dlltool... no
checking for dlltool... no
checking how to associate runtime and link libraries... printf %s\n
checking for x86_64-unknown-linux-musl-ar... x86_64-unknown-linux-musl-ar
checking for archiver @FILE support... @
checking for x86_64-unknown-linux-musl-strip... x86_64-unknown-linux-musl-strip
checking for x86_64-unknown-linux-musl-ranlib... x86_64-unknown-linux-musl-ranlib
checking command to parse /usr/bin/x86_64-unknown-linux-musl-nm -B output from x86_64-unknown-linux-musl-gcc object... ok
checking for sysroot... no
checking for a working dd... /bin/dd
checking how to truncate binary pipes... /bin/dd bs=4096 count=1
checking for x86_64-unknown-linux-musl-mt... no
checking for mt... no
checking if : is a manifest tool... no
checking for stdio.h... yes
checking for stdlib.h... yes
checking for string.h... yes
checking for inttypes.h... yes
checking for stdint.h... yes
checking for strings.h... yes
checking for sys/stat.h... yes
checking for sys/types.h... yes
checking for unistd.h... yes
checking for dlfcn.h... yes
checking for objdir... .libs
checking if x86_64-unknown-linux-musl-gcc supports -fno-rtti -fno-exceptions... no
checking for x86_64-unknown-linux-musl-gcc option to produce PIC... -fPIC -DPIC
checking if x86_64-unknown-linux-musl-gcc PIC flag -fPIC -DPIC works... yes
checking if x86_64-unknown-linux-musl-gcc static flag -static works... yes
checking if x86_64-unknown-linux-musl-gcc supports -c -o file.o... yes
checking if x86_64-unknown-linux-musl-gcc supports -c -o file.o... (cached) yes
checking whether the x86_64-unknown-linux-musl-gcc linker (/usr/bin/ld -m elf_x86_64) supports shared libraries... yes
checking whether -lc should be explicitly linked in... no
checking dynamic linker characteristics... GNU/Linux ld.so
checking how to hardcode library paths into programs... immediate
checking whether stripping libraries is possible... yes
checking if libtool supports shared libraries... yes
checking whether to build shared libraries... yes
checking whether to build static libraries... yes
checking how to run the C++ preprocessor... x86_64-unknown-linux-musl-g++ -E
checking for ld used by x86_64-unknown-linux-musl-g++... /usr/bin/ld -m elf_x86_64
checking if the linker (/usr/bin/ld -m elf_x86_64) is GNU ld... yes
checking whether the x86_64-unknown-linux-musl-g++ linker (/usr/bin/ld -m elf_x86_64) supports shared libraries... yes
grep: warning: stray \ before -
checking for x86_64-unknown-linux-musl-g++ option to produce PIC... -fPIC -DPIC
checking if x86_64-unknown-linux-musl-g++ PIC flag -fPIC -DPIC works... yes
checking if x86_64-unknown-linux-musl-g++ static flag -static works... yes
checking if x86_64-unknown-linux-musl-g++ supports -c -o file.o... yes
checking if x86_64-unknown-linux-musl-g++ supports -c -o file.o... (cached) yes
checking whether the x86_64-unknown-linux-musl-g++ linker (/usr/bin/ld -m elf_x86_64) supports shared libraries... yes
checking dynamic linker characteristics... (cached) GNU/Linux ld.so
checking how to hardcode library paths into programs... immediate
checking whether to enable maintainer-specific portions of Makefiles... no
checking for inline... inline
checking for __attribute__((visibility))... yes
checking whether C compiler accepts -fvisibility=hidden... yes
checking whether byte ordering is bigendian... no
checking for gmtime_r... yes
checking whether x86_64-unknown-linux-musl-gcc is Clang... no
checking whether pthreads work with "-pthread" and "-lpthread"... yes
checking for joinable pthread attribute... PTHREAD_CREATE_JOINABLE
checking whether more special flags are required for pthreads... no
checking for PTHREAD_PRIO_INHERIT... yes
checking whether compiler supports SSE2... yes
checking for sqrt in -lm... yes
checking for JPEG support... 
checking for jconfig.h... yes
checking for jerror.h... yes
checking for jmorecfg.h... yes
checking for jpeglib.h... yes
checking for jpeg_read_header in -ljpeg... yes
checking for JPEG library is version 6b or later... yes
yes
checking if JPEG package is complete... yes
checking for ZLIB support ... 
checking for zconf.h... yes
checking for zlib.h... yes
checking for compress in -lz... yes
checking for uncompress in -lz... yes
checking for deflate in -lz... yes
checking for inflate in -lz... yes
checking for gzseek in -lz... yes
checking for gztell in -lz... yes
checking if ZLIB package is complete... yes
checking for TIFF support... 
checking for tiff.h... yes
checking for tiffio.h... yes
checking for TIFFOpen in -ltiff... yes
checking for TIFFClientOpen in -ltiff... yes
checking for TIFFIsByteSwapped in -ltiff... yes
checking if TIFF package is complete... yes
checking for tiffconf.h... yes
checking that generated files are newer than configure... done
configure: creating ./config.status
config.status: creating Makefile
config.status: creating lcms2.pc
config.status: creating include/Makefile
config.status: creating src/Makefile
config.status: creating utils/tificc/Makefile
config.status: creating utils/transicc/Makefile
config.status: creating utils/linkicc/Makefile
config.status: creating utils/jpgicc/Makefile
config.status: creating utils/psicc/Makefile
config.status: creating testbed/Makefile
config.status: creating plugins/Makefile
config.status: creating plugins/fast_float/Makefile
config.status: creating plugins/fast_float/src/Makefile
config.status: creating plugins/fast_float/include/Makefile
config.status: creating plugins/fast_float/testbed/Makefile
config.status: creating plugins/threaded/Makefile
config.status: creating plugins/threaded/src/Makefile
config.status: creating plugins/threaded/include/Makefile
config.status: creating plugins/threaded/testbed/Makefile
config.status: executing depfiles commands
config.status: executing libtool commands
+ make V=1
Making all in src
make[1]: Entering directory '/home/devel/building/work/src/lcms2-2.16/src'
depbase=`echo cmscnvrt.lo | sed 's|[^/]*$|.deps/&|;s|\.lo$||'`;\
/bin/sh ../libtool  --tag=CC   --mode=compile x86_64-unknown-linux-musl-gcc -DPACKAGE_NAME=\"lcms2\" -DPACKAGE_TARNAME=\"lcms2\" -DPACKAGE_VERSION=\"2.16\" -DPACKAGE_STRING=\"lcms2\ 2.16\" -DPACKAGE_BUGREPORT=\"\" -DPACKAGE_URL=\"\" -DHAVE_STDIO_H=1 -DHAVE_STDLIB_H=1 -DHAVE_STRING_H=1 -DHAVE_INTTYPES_H=1 -DHAVE_STDINT_H=1 -DHAVE_STRINGS_H=1 -DHAVE_SYS_STAT_H=1 -DHAVE_SYS_TYPES_H=1 -DHAVE_UNISTD_H=1 -DSTDC_HEADERS=1 -DHAVE_DLFCN_H=1 -DLT_OBJDIR=\".libs/\" -DHAVE_FUNC_ATTRIBUTE_VISIBILITY=1 -DHAVE_GMTIME_R=1 -DHAVE_PTHREAD_PRIO_INHERIT=1 -DHAVE_PTHREAD=1 -DHasTHREADS=1 -DHasJPEG=1 -DHasZLIB=1 -DHasTIFF=1 -DHAVE_TIFFCONF_H=1 -I.  -I../include -I../include   -O2 -m64 -march=x86-64 -mtune=generic -flto=auto -ffat-lto-objects -fvisibility=hidden -pthread -MT cmscnvrt.lo -MD -MP -MF $depbase.Tpo -c -o cmscnvrt.lo cmscnvrt.c &&\
mv -f $depbase.Tpo $depbase.Plo
depbase=`echo cmserr.lo | sed 's|[^/]*$|.deps/&|;s|\.lo$||'`;\
/bin/sh ../libtool  --tag=CC   --mode=compile x86_64-unknown-linux-musl-gcc -DPACKAGE_NAME=\"lcms2\" -DPACKAGE_TARNAME=\"lcms2\" -DPACKAGE_VERSION=\"2.16\" -DPACKAGE_STRING=\"lcms2\ 2.16\" -DPACKAGE_BUGREPORT=\"\" -DPACKAGE_URL=\"\" -DHAVE_STDIO_H=1 -DHAVE_STDLIB_H=1 -DHAVE_STRING_H=1 -DHAVE_INTTYPES_H=1 -DHAVE_STDINT_H=1 -DHAVE_STRINGS_H=1 -DHAVE_SYS_STAT_H=1 -DHAVE_SYS_TYPES_H=1 -DHAVE_UNISTD_H=1 -DSTDC_HEADERS=1 -DHAVE_DLFCN_H=1 -DLT_OBJDIR=\".libs/\" -DHAVE_FUNC_ATTRIBUTE_VISIBILITY=1 -DHAVE_GMTIME_R=1 -DHAVE_PTHREAD_PRIO_INHERIT=1 -DHAVE_PTHREAD=1 -DHasTHREADS=1 -DHasJPEG=1 -DHasZLIB=1 -DHasTIFF=1 -DHAVE_TIFFCONF_H=1 -I.  -I../include -I../include   -O2 -m64 -march=x86-64 -mtune=generic -flto=auto -ffat-lto-objects -fvisibility=hidden -pthread -MT cmserr.lo -MD -MP -MF $depbase.Tpo -c -o cmserr.lo cmserr.c &&\
mv -f $depbase.Tpo $depbase.Plo
depbase=`echo cmsgamma.lo | sed 's|[^/]*$|.deps/&|;s|\.lo$||'`;\
/bin/sh ../libtool  --tag=CC   --mode=compile x86_64-unknown-linux-musl-gcc -DPACKAGE_NAME=\"lcms2\" -DPACKAGE_TARNAME=\"lcms2\" -DPACKAGE_VERSION=\"2.16\" -DPACKAGE_STRING=\"lcms2\ 2.16\" -DPACKAGE_BUGREPORT=\"\" -DPACKAGE_URL=\"\" -DHAVE_STDIO_H=1 -DHAVE_STDLIB_H=1 -DHAVE_STRING_H=1 -DHAVE_INTTYPES_H=1 -DHAVE_STDINT_H=1 -DHAVE_STRINGS_H=1 -DHAVE_SYS_STAT_H=1 -DHAVE_SYS_TYPES_H=1 -DHAVE_UNISTD_H=1 -DSTDC_HEADERS=1 -DHAVE_DLFCN_H=1 -DLT_OBJDIR=\".libs/\" -DHAVE_FUNC_ATTRIBUTE_VISIBILITY=1 -DHAVE_GMTIME_R=1 -DHAVE_PTHREAD_PRIO_INHERIT=1 -DHAVE_PTHREAD=1 -DHasTHREADS=1 -DHasJPEG=1 -DHasZLIB=1 -DHasTIFF=1 -DHAVE_TIFFCONF_H=1 -I.  -I../include -I../include   -O2 -m64 -march=x86-64 -mtune=generic -flto=auto -ffat-lto-objects -fvisibility=hidden -pthread -MT cmsgamma.lo -MD -MP -MF $depbase.Tpo -c -o cmsgamma.lo cmsgamma.c &&\
mv -f $depbase.Tpo $depbase.Plo
depbase=`echo cmsgmt.lo | sed 's|[^/]*$|.deps/&|;s|\.lo$||'`;\
/bin/sh ../libtool  --tag=CC   --mode=compile x86_64-unknown-linux-musl-gcc -DPACKAGE_NAME=\"lcms2\" -DPACKAGE_TARNAME=\"lcms2\" -DPACKAGE_VERSION=\"2.16\" -DPACKAGE_STRING=\"lcms2\ 2.16\" -DPACKAGE_BUGREPORT=\"\" -DPACKAGE_URL=\"\" -DHAVE_STDIO_H=1 -DHAVE_STDLIB_H=1 -DHAVE_STRING_H=1 -DHAVE_INTTYPES_H=1 -DHAVE_STDINT_H=1 -DHAVE_STRINGS_H=1 -DHAVE_SYS_STAT_H=1 -DHAVE_SYS_TYPES_H=1 -DHAVE_UNISTD_H=1 -DSTDC_HEADERS=1 -DHAVE_DLFCN_H=1 -DLT_OBJDIR=\".libs/\" -DHAVE_FUNC_ATTRIBUTE_VISIBILITY=1 -DHAVE_GMTIME_R=1 -DHAVE_PTHREAD_PRIO_INHERIT=1 -DHAVE_PTHREAD=1 -DHasTHREADS=1 -DHasJPEG=1 -DHasZLIB=1 -DHasTIFF=1 -DHAVE_TIFFCONF_H=1 -I.  -I../include -I../include   -O2 -m64 -march=x86-64 -mtune=generic -flto=auto -ffat-lto-objects -fvisibility=hidden -pthread -MT cmsgmt.lo -MD -MP -MF $depbase.Tpo -c -o cmsgmt.lo cmsgmt.c &&\
mv -f $depbase.Tpo $depbase.Plo
depbase=`echo cmsintrp.lo | sed 's|[^/]*$|.deps/&|;s|\.lo$||'`;\
/bin/sh ../libtool  --tag=CC   --mode=compile x86_64-unknown-linux-musl-gcc -DPACKAGE_NAME=\"lcms2\" -DPACKAGE_TARNAME=\"lcms2\" -DPACKAGE_VERSION=\"2.16\" -DPACKAGE_STRING=\"lcms2\ 2.16\" -DPACKAGE_BUGREPORT=\"\" -DPACKAGE_URL=\"\" -DHAVE_STDIO_H=1 -DHAVE_STDLIB_H=1 -DHAVE_STRING_H=1 -DHAVE_INTTYPES_H=1 -DHAVE_STDINT_H=1 -DHAVE_STRINGS_H=1 -DHAVE_SYS_STAT_H=1 -DHAVE_SYS_TYPES_H=1 -DHAVE_UNISTD_H=1 -DSTDC_HEADERS=1 -DHAVE_DLFCN_H=1 -DLT_OBJDIR=\".libs/\" -DHAVE_FUNC_ATTRIBUTE_VISIBILITY=1 -DHAVE_GMTIME_R=1 -DHAVE_PTHREAD_PRIO_INHERIT=1 -DHAVE_PTHREAD=1 -DHasTHREADS=1 -DHasJPEG=1 -DHasZLIB=1 -DHasTIFF=1 -DHAVE_TIFFCONF_H=1 -I.  -I../include -I../include   -O2 -m64 -march=x86-64 -mtune=generic -flto=auto -ffat-lto-objects -fvisibility=hidden -pthread -MT cmsintrp.lo -MD -MP -MF $depbase.Tpo -c -o cmsintrp.lo cmsintrp.c &&\
mv -f $depbase.Tpo $depbase.Plo
depbase=`echo cmsio0.lo | sed 's|[^/]*$|.deps/&|;s|\.lo$||'`;\
/bin/sh ../libtool  --tag=CC   --mode=compile x86_64-unknown-linux-musl-gcc -DPACKAGE_NAME=\"lcms2\" -DPACKAGE_TARNAME=\"lcms2\" -DPACKAGE_VERSION=\"2.16\" -DPACKAGE_STRING=\"lcms2\ 2.16\" -DPACKAGE_BUGREPORT=\"\" -DPACKAGE_URL=\"\" -DHAVE_STDIO_H=1 -DHAVE_STDLIB_H=1 -DHAVE_STRING_H=1 -DHAVE_INTTYPES_H=1 -DHAVE_STDINT_H=1 -DHAVE_STRINGS_H=1 -DHAVE_SYS_STAT_H=1 -DHAVE_SYS_TYPES_H=1 -DHAVE_UNISTD_H=1 -DSTDC_HEADERS=1 -DHAVE_DLFCN_H=1 -DLT_OBJDIR=\".libs/\" -DHAVE_FUNC_ATTRIBUTE_VISIBILITY=1 -DHAVE_GMTIME_R=1 -DHAVE_PTHREAD_PRIO_INHERIT=1 -DHAVE_PTHREAD=1 -DHasTHREADS=1 -DHasJPEG=1 -DHasZLIB=1 -DHasTIFF=1 -DHAVE_TIFFCONF_H=1 -I.  -I../include -I../include   -O2 -m64 -march=x86-64 -mtune=generic -flto=auto -ffat-lto-objects -fvisibility=hidden -pthread -MT cmsio0.lo -MD -MP -MF $depbase.Tpo -c -o cmsio0.lo cmsio0.c &&\
mv -f $depbase.Tpo $depbase.Plo
depbase=`echo cmsio1.lo | sed 's|[^/]*$|.deps/&|;s|\.lo$||'`;\
/bin/sh ../libtool  --tag=CC   --mode=compile x86_64-unknown-linux-musl-gcc -DPACKAGE_NAME=\"lcms2\" -DPACKAGE_TARNAME=\"lcms2\" -DPACKAGE_VERSION=\"2.16\" -DPACKAGE_STRING=\"lcms2\ 2.16\" -DPACKAGE_BUGREPORT=\"\" -DPACKAGE_URL=\"\" -DHAVE_STDIO_H=1 -DHAVE_STDLIB_H=1 -DHAVE_STRING_H=1 -DHAVE_INTTYPES_H=1 -DHAVE_STDINT_H=1 -DHAVE_STRINGS_H=1 -DHAVE_SYS_STAT_H=1 -DHAVE_SYS_TYPES_H=1 -DHAVE_UNISTD_H=1 -DSTDC_HEADERS=1 -DHAVE_DLFCN_H=1 -DLT_OBJDIR=\".libs/\" -DHAVE_FUNC_ATTRIBUTE_VISIBILITY=1 -DHAVE_GMTIME_R=1 -DHAVE_PTHREAD_PRIO_INHERIT=1 -DHAVE_PTHREAD=1 -DHasTHREADS=1 -DHasJPEG=1 -DHasZLIB=1 -DHasTIFF=1 -DHAVE_TIFFCONF_H=1 -I.  -I../include -I../include   -O2 -m64 -march=x86-64 -mtune=generic -flto=auto -ffat-lto-objects -fvisibility=hidden -pthread -MT cmsio1.lo -MD -MP -MF $depbase.Tpo -c -o cmsio1.lo cmsio1.c &&\
mv -f $depbase.Tpo $depbase.Plo
depbase=`echo cmslut.lo | sed 's|[^/]*$|.deps/&|;s|\.lo$||'`;\
/bin/sh ../libtool  --tag=CC   --mode=compile x86_64-unknown-linux-musl-gcc -DPACKAGE_NAME=\"lcms2\" -DPACKAGE_TARNAME=\"lcms2\" -DPACKAGE_VERSION=\"2.16\" -DPACKAGE_STRING=\"lcms2\ 2.16\" -DPACKAGE_BUGREPORT=\"\" -DPACKAGE_URL=\"\" -DHAVE_STDIO_H=1 -DHAVE_STDLIB_H=1 -DHAVE_STRING_H=1 -DHAVE_INTTYPES_H=1 -DHAVE_STDINT_H=1 -DHAVE_STRINGS_H=1 -DHAVE_SYS_STAT_H=1 -DHAVE_SYS_TYPES_H=1 -DHAVE_UNISTD_H=1 -DSTDC_HEADERS=1 -DHAVE_DLFCN_H=1 -DLT_OBJDIR=\".libs/\" -DHAVE_FUNC_ATTRIBUTE_VISIBILITY=1 -DHAVE_GMTIME_R=1 -DHAVE_PTHREAD_PRIO_INHERIT=1 -DHAVE_PTHREAD=1 -DHasTHREADS=1 -DHasJPEG=1 -DHasZLIB=1 -DHasTIFF=1 -DHAVE_TIFFCONF_H=1 -I.  -I../include -I../include   -O2 -m64 -march=x86-64 -mtune=generic -flto=auto -ffat-lto-objects -fvisibility=hidden -pthread -MT cmslut.lo -MD -MP -MF $depbase.Tpo -c -o cmslut.lo cmslut.c &&\
mv -f $depbase.Tpo $depbase.Plo
libtool: compile:  x86_64-unknown-linux-musl-gcc "-DPACKAGE_NAME=\"lcms2\"" "-DPACKAGE_TARNAME=\"lcms2\"" "-DPACKAGE_VERSION=\"2.16\"" "-DPACKAGE_STRING=\"lcms2 2.16\"" "-DPACKAGE_BUGREPORT=\"\"" "-DPACKAGE_URL=\"\"" -DHAVE_STDIO_H=1 -DHAVE_STDLIB_H=1 -DHAVE_STRING_H=1 -DHAVE_INTTYPES_H=1 -DHAVE_STDINT_H=1 -DHAVE_STRINGS_H=1 -DHAVE_SYS_STAT_H=1 -DHAVE_SYS_TYPES_H=1 -DHAVE_UNISTD_H=1 -DSTDC_HEADERS=1 -DHAVE_DLFCN_H=1 "-DLT_OBJDIR=\".libs/\"" -DHAVE_FUNC_ATTRIBUTE_VISIBILITY=1 -DHAVE_GMTIME_R=1 -DHAVE_PTHREAD_PRIO_INHERIT=1 -DHAVE_PTHREAD=1 -DHasTHREADS=1 -DHasJPEG=1 -DHasZLIB=1 -DHasTIFF=1 -DHAVE_TIFFCONF_H=1 -I. -I../include -I../include -O2 -m64 -march=x86-64 -mtune=generic -flto=auto -ffat-lto-objects -fvisibility=hidden -pthread -MT cmsgmt.lo -MD -MP -MF .deps/cmsgmt.Tpo -c cmsgmt.c  -fPIC -DPIC -o .libs/cmsgmt.o
libtool: compile:  x86_64-unknown-linux-musl-gcc "-DPACKAGE_NAME=\"lcms2\"" "-DPACKAGE_TARNAME=\"lcms2\"" "-DPACKAGE_VERSION=\"2.16\"" "-DPACKAGE_STRING=\"lcms2 2.16\"" "-DPACKAGE_BUGREPORT=\"\"" "-DPACKAGE_URL=\"\"" -DHAVE_STDIO_H=1 -DHAVE_STDLIB_H=1 -DHAVE_STRING_H=1 -DHAVE_INTTYPES_H=1 -DHAVE_STDINT_H=1 -DHAVE_STRINGS_H=1 -DHAVE_SYS_STAT_H=1 -DHAVE_SYS_TYPES_H=1 -DHAVE_UNISTD_H=1 -DSTDC_HEADERS=1 -DHAVE_DLFCN_H=1 "-DLT_OBJDIR=\".libs/\"" -DHAVE_FUNC_ATTRIBUTE_VISIBILITY=1 -DHAVE_GMTIME_R=1 -DHAVE_PTHREAD_PRIO_INHERIT=1 -DHAVE_PTHREAD=1 -DHasTHREADS=1 -DHasJPEG=1 -DHasZLIB=1 -DHasTIFF=1 -DHAVE_TIFFCONF_H=1 -I. -I../include -I../include -O2 -m64 -march=x86-64 -mtune=generic -flto=auto -ffat-lto-objects -fvisibility=hidden -pthread -MT cmsio0.lo -MD -MP -MF .deps/cmsio0.Tpo -c cmsio0.c  -fPIC -DPIC -o .libs/cmsio0.o
libtool: compile:  x86_64-unknown-linux-musl-gcc "-DPACKAGE_NAME=\"lcms2\"" "-DPACKAGE_TARNAME=\"lcms2\"" "-DPACKAGE_VERSION=\"2.16\"" "-DPACKAGE_STRING=\"lcms2 2.16\"" "-DPACKAGE_BUGREPORT=\"\"" "-DPACKAGE_URL=\"\"" -DHAVE_STDIO_H=1 -DHAVE_STDLIB_H=1 -DHAVE_STRING_H=1 -DHAVE_INTTYPES_H=1 -DHAVE_STDINT_H=1 -DHAVE_STRINGS_H=1 -DHAVE_SYS_STAT_H=1 -DHAVE_SYS_TYPES_H=1 -DHAVE_UNISTD_H=1 -DSTDC_HEADERS=1 -DHAVE_DLFCN_H=1 "-DLT_OBJDIR=\".libs/\"" -DHAVE_FUNC_ATTRIBUTE_VISIBILITY=1 -DHAVE_GMTIME_R=1 -DHAVE_PTHREAD_PRIO_INHERIT=1 -DHAVE_PTHREAD=1 -DHasTHREADS=1 -DHasJPEG=1 -DHasZLIB=1 -DHasTIFF=1 -DHAVE_TIFFCONF_H=1 -I. -I../include -I../include -O2 -m64 -march=x86-64 -mtune=generic -flto=auto -ffat-lto-objects -fvisibility=hidden -pthread -MT cmsio1.lo -MD -MP -MF .deps/cmsio1.Tpo -c cmsio1.c  -fPIC -DPIC -o .libs/cmsio1.o
libtool: compile:  x86_64-unknown-linux-musl-gcc "-DPACKAGE_NAME=\"lcms2\"" "-DPACKAGE_TARNAME=\"lcms2\"" "-DPACKAGE_VERSION=\"2.16\"" "-DPACKAGE_STRING=\"lcms2 2.16\"" "-DPACKAGE_BUGREPORT=\"\"" "-DPACKAGE_URL=\"\"" -DHAVE_STDIO_H=1 -DHAVE_STDLIB_H=1 -DHAVE_STRING_H=1 -DHAVE_INTTYPES_H=1 -DHAVE_STDINT_H=1 -DHAVE_STRINGS_H=1 -DHAVE_SYS_STAT_H=1 -DHAVE_SYS_TYPES_H=1 -DHAVE_UNISTD_H=1 -DSTDC_HEADERS=1 -DHAVE_DLFCN_H=1 "-DLT_OBJDIR=\".libs/\"" -DHAVE_FUNC_ATTRIBUTE_VISIBILITY=1 -DHAVE_GMTIME_R=1 -DHAVE_PTHREAD_PRIO_INHERIT=1 -DHAVE_PTHREAD=1 -DHasTHREADS=1 -DHasJPEG=1 -DHasZLIB=1 -DHasTIFF=1 -DHAVE_TIFFCONF_H=1 -I. -I../include -I../include -O2 -m64 -march=x86-64 -mtune=generic -flto=auto -ffat-lto-objects -fvisibility=hidden -pthread -MT cmserr.lo -MD -MP -MF .deps/cmserr.Tpo -c cmserr.c  -fPIC -DPIC -o .libs/cmserr.o
libtool: compile:  x86_64-unknown-linux-musl-gcc "-DPACKAGE_NAME=\"lcms2\"" "-DPACKAGE_TARNAME=\"lcms2\"" "-DPACKAGE_VERSION=\"2.16\"" "-DPACKAGE_STRING=\"lcms2 2.16\"" "-DPACKAGE_BUGREPORT=\"\"" "-DPACKAGE_URL=\"\"" -DHAVE_STDIO_H=1 -DHAVE_STDLIB_H=1 -DHAVE_STRING_H=1 -DHAVE_INTTYPES_H=1 -DHAVE_STDINT_H=1 -DHAVE_STRINGS_H=1 -DHAVE_SYS_STAT_H=1 -DHAVE_SYS_TYPES_H=1 -DHAVE_UNISTD_H=1 -DSTDC_HEADERS=1 -DHAVE_DLFCN_H=1 "-DLT_OBJDIR=\".libs/\"" -DHAVE_FUNC_ATTRIBUTE_VISIBILITY=1 -DHAVE_GMTIME_R=1 -DHAVE_PTHREAD_PRIO_INHERIT=1 -DHAVE_PTHREAD=1 -DHasTHREADS=1 -DHasJPEG=1 -DHasZLIB=1 -DHasTIFF=1 -DHAVE_TIFFCONF_H=1 -I. -I../include -I../include -O2 -m64 -march=x86-64 -mtune=generic -flto=auto -ffat-lto-objects -fvisibility=hidden -pthread -MT cmsgamma.lo -MD -MP -MF .deps/cmsgamma.Tpo -c cmsgamma.c  -fPIC -DPIC -o .libs/cmsgamma.o
libtool: compile:  x86_64-unknown-linux-musl-gcc "-DPACKAGE_NAME=\"lcms2\"" "-DPACKAGE_TARNAME=\"lcms2\"" "-DPACKAGE_VERSION=\"2.16\"" "-DPACKAGE_STRING=\"lcms2 2.16\"" "-DPACKAGE_BUGREPORT=\"\"" "-DPACKAGE_URL=\"\"" -DHAVE_STDIO_H=1 -DHAVE_STDLIB_H=1 -DHAVE_STRING_H=1 -DHAVE_INTTYPES_H=1 -DHAVE_STDINT_H=1 -DHAVE_STRINGS_H=1 -DHAVE_SYS_STAT_H=1 -DHAVE_SYS_TYPES_H=1 -DHAVE_UNISTD_H=1 -DSTDC_HEADERS=1 -DHAVE_DLFCN_H=1 "-DLT_OBJDIR=\".libs/\"" -DHAVE_FUNC_ATTRIBUTE_VISIBILITY=1 -DHAVE_GMTIME_R=1 -DHAVE_PTHREAD_PRIO_INHERIT=1 -DHAVE_PTHREAD=1 -DHasTHREADS=1 -DHasJPEG=1 -DHasZLIB=1 -DHasTIFF=1 -DHAVE_TIFFCONF_H=1 -I. -I../include -I../include -O2 -m64 -march=x86-64 -mtune=generic -flto=auto -ffat-lto-objects -fvisibility=hidden -pthread -MT cmscnvrt.lo -MD -MP -MF .deps/cmscnvrt.Tpo -c cmscnvrt.c  -fPIC -DPIC -o .libs/cmscnvrt.o
libtool: compile:  x86_64-unknown-linux-musl-gcc "-DPACKAGE_NAME=\"lcms2\"" "-DPACKAGE_TARNAME=\"lcms2\"" "-DPACKAGE_VERSION=\"2.16\"" "-DPACKAGE_STRING=\"lcms2 2.16\"" "-DPACKAGE_BUGREPORT=\"\"" "-DPACKAGE_URL=\"\"" -DHAVE_STDIO_H=1 -DHAVE_STDLIB_H=1 -DHAVE_STRING_H=1 -DHAVE_INTTYPES_H=1 -DHAVE_STDINT_H=1 -DHAVE_STRINGS_H=1 -DHAVE_SYS_STAT_H=1 -DHAVE_SYS_TYPES_H=1 -DHAVE_UNISTD_H=1 -DSTDC_HEADERS=1 -DHAVE_DLFCN_H=1 "-DLT_OBJDIR=\".libs/\"" -DHAVE_FUNC_ATTRIBUTE_VISIBILITY=1 -DHAVE_GMTIME_R=1 -DHAVE_PTHREAD_PRIO_INHERIT=1 -DHAVE_PTHREAD=1 -DHasTHREADS=1 -DHasJPEG=1 -DHasZLIB=1 -DHasTIFF=1 -DHAVE_TIFFCONF_H=1 -I. -I../include -I../include -O2 -m64 -march=x86-64 -mtune=generic -flto=auto -ffat-lto-objects -fvisibility=hidden -pthread -MT cmsintrp.lo -MD -MP -MF .deps/cmsintrp.Tpo -c cmsintrp.c  -fPIC -DPIC -o .libs/cmsintrp.o
libtool: compile:  x86_64-unknown-linux-musl-gcc "-DPACKAGE_NAME=\"lcms2\"" "-DPACKAGE_TARNAME=\"lcms2\"" "-DPACKAGE_VERSION=\"2.16\"" "-DPACKAGE_STRING=\"lcms2 2.16\"" "-DPACKAGE_BUGREPORT=\"\"" "-DPACKAGE_URL=\"\"" -DHAVE_STDIO_H=1 -DHAVE_STDLIB_H=1 -DHAVE_STRING_H=1 -DHAVE_INTTYPES_H=1 -DHAVE_STDINT_H=1 -DHAVE_STRINGS_H=1 -DHAVE_SYS_STAT_H=1 -DHAVE_SYS_TYPES_H=1 -DHAVE_UNISTD_H=1 -DSTDC_HEADERS=1 -DHAVE_DLFCN_H=1 "-DLT_OBJDIR=\".libs/\"" -DHAVE_FUNC_ATTRIBUTE_VISIBILITY=1 -DHAVE_GMTIME_R=1 -DHAVE_PTHREAD_PRIO_INHERIT=1 -DHAVE_PTHREAD=1 -DHasTHREADS=1 -DHasJPEG=1 -DHasZLIB=1 -DHasTIFF=1 -DHAVE_TIFFCONF_H=1 -I. -I../include -I../include -O2 -m64 -march=x86-64 -mtune=generic -flto=auto -ffat-lto-objects -fvisibility=hidden -pthread -MT cmslut.lo -MD -MP -MF .deps/cmslut.Tpo -c cmslut.c  -fPIC -DPIC -o .libs/cmslut.o
libtool: compile:  x86_64-unknown-linux-musl-gcc "-DPACKAGE_NAME=\"lcms2\"" "-DPACKAGE_TARNAME=\"lcms2\"" "-DPACKAGE_VERSION=\"2.16\"" "-DPACKAGE_STRING=\"lcms2 2.16\"" "-DPACKAGE_BUGREPORT=\"\"" "-DPACKAGE_URL=\"\"" -DHAVE_STDIO_H=1 -DHAVE_STDLIB_H=1 -DHAVE_STRING_H=1 -DHAVE_INTTYPES_H=1 -DHAVE_STDINT_H=1 -DHAVE_STRINGS_H=1 -DHAVE_SYS_STAT_H=1 -DHAVE_SYS_TYPES_H=1 -DHAVE_UNISTD_H=1 -DSTDC_HEADERS=1 -DHAVE_DLFCN_H=1 "-DLT_OBJDIR=\".libs/\"" -DHAVE_FUNC_ATTRIBUTE_VISIBILITY=1 -DHAVE_GMTIME_R=1 -DHAVE_PTHREAD_PRIO_INHERIT=1 -DHAVE_PTHREAD=1 -DHasTHREADS=1 -DHasJPEG=1 -DHasZLIB=1 -DHasTIFF=1 -DHAVE_TIFFCONF_H=1 -I. -I../include -I../include -O2 -m64 -march=x86-64 -mtune=generic -flto=auto -ffat-lto-objects -fvisibility=hidden -pthread -MT cmsgmt.lo -MD -MP -MF .deps/cmsgmt.Tpo -c cmsgmt.c -o cmsgmt.o >/dev/null 2>&1
libtool: compile:  x86_64-unknown-linux-musl-gcc "-DPACKAGE_NAME=\"lcms2\"" "-DPACKAGE_TARNAME=\"lcms2\"" "-DPACKAGE_VERSION=\"2.16\"" "-DPACKAGE_STRING=\"lcms2 2.16\"" "-DPACKAGE_BUGREPORT=\"\"" "-DPACKAGE_URL=\"\"" -DHAVE_STDIO_H=1 -DHAVE_STDLIB_H=1 -DHAVE_STRING_H=1 -DHAVE_INTTYPES_H=1 -DHAVE_STDINT_H=1 -DHAVE_STRINGS_H=1 -DHAVE_SYS_STAT_H=1 -DHAVE_SYS_TYPES_H=1 -DHAVE_UNISTD_H=1 -DSTDC_HEADERS=1 -DHAVE_DLFCN_H=1 "-DLT_OBJDIR=\".libs/\"" -DHAVE_FUNC_ATTRIBUTE_VISIBILITY=1 -DHAVE_GMTIME_R=1 -DHAVE_PTHREAD_PRIO_INHERIT=1 -DHAVE_PTHREAD=1 -DHasTHREADS=1 -DHasJPEG=1 -DHasZLIB=1 -DHasTIFF=1 -DHAVE_TIFFCONF_H=1 -I. -I../include -I../include -O2 -m64 -march=x86-64 -mtune=generic -flto=auto -ffat-lto-objects -fvisibility=hidden -pthread -MT cmserr.lo -MD -MP -MF .deps/cmserr.Tpo -c cmserr.c -o cmserr.o >/dev/null 2>&1
libtool: compile:  x86_64-unknown-linux-musl-gcc "-DPACKAGE_NAME=\"lcms2\"" "-DPACKAGE_TARNAME=\"lcms2\"" "-DPACKAGE_VERSION=\"2.16\"" "-DPACKAGE_STRING=\"lcms2 2.16\"" "-DPACKAGE_BUGREPORT=\"\"" "-DPACKAGE_URL=\"\"" -DHAVE_STDIO_H=1 -DHAVE_STDLIB_H=1 -DHAVE_STRING_H=1 -DHAVE_INTTYPES_H=1 -DHAVE_STDINT_H=1 -DHAVE_STRINGS_H=1 -DHAVE_SYS_STAT_H=1 -DHAVE_SYS_TYPES_H=1 -DHAVE_UNISTD_H=1 -DSTDC_HEADERS=1 -DHAVE_DLFCN_H=1 "-DLT_OBJDIR=\".libs/\"" -DHAVE_FUNC_ATTRIBUTE_VISIBILITY=1 -DHAVE_GMTIME_R=1 -DHAVE_PTHREAD_PRIO_INHERIT=1 -DHAVE_PTHREAD=1 -DHasTHREADS=1 -DHasJPEG=1 -DHasZLIB=1 -DHasTIFF=1 -DHAVE_TIFFCONF_H=1 -I. -I../include -I../include -O2 -m64 -march=x86-64 -mtune=generic -flto=auto -ffat-lto-objects -fvisibility=hidden -pthread -MT cmsio1.lo -MD -MP -MF .deps/cmsio1.Tpo -c cmsio1.c -o cmsio1.o >/dev/null 2>&1
libtool: compile:  x86_64-unknown-linux-musl-gcc "-DPACKAGE_NAME=\"lcms2\"" "-DPACKAGE_TARNAME=\"lcms2\"" "-DPACKAGE_VERSION=\"2.16\"" "-DPACKAGE_STRING=\"lcms2 2.16\"" "-DPACKAGE_BUGREPORT=\"\"" "-DPACKAGE_URL=\"\"" -DHAVE_STDIO_H=1 -DHAVE_STDLIB_H=1 -DHAVE_STRING_H=1 -DHAVE_INTTYPES_H=1 -DHAVE_STDINT_H=1 -DHAVE_STRINGS_H=1 -DHAVE_SYS_STAT_H=1 -DHAVE_SYS_TYPES_H=1 -DHAVE_UNISTD_H=1 -DSTDC_HEADERS=1 -DHAVE_DLFCN_H=1 "-DLT_OBJDIR=\".libs/\"" -DHAVE_FUNC_ATTRIBUTE_VISIBILITY=1 -DHAVE_GMTIME_R=1 -DHAVE_PTHREAD_PRIO_INHERIT=1 -DHAVE_PTHREAD=1 -DHasTHREADS=1 -DHasJPEG=1 -DHasZLIB=1 -DHasTIFF=1 -DHAVE_TIFFCONF_H=1 -I. -I../include -I../include -O2 -m64 -march=x86-64 -mtune=generic -flto=auto -ffat-lto-objects -fvisibility=hidden -pthread -MT cmscnvrt.lo -MD -MP -MF .deps/cmscnvrt.Tpo -c cmscnvrt.c -o cmscnvrt.o >/dev/null 2>&1
depbase=`echo cmsplugin.lo | sed 's|[^/]*$|.deps/&|;s|\.lo$||'`;\
/bin/sh ../libtool  --tag=CC   --mode=compile x86_64-unknown-linux-musl-gcc -DPACKAGE_NAME=\"lcms2\" -DPACKAGE_TARNAME=\"lcms2\" -DPACKAGE_VERSION=\"2.16\" -DPACKAGE_STRING=\"lcms2\ 2.16\" -DPACKAGE_BUGREPORT=\"\" -DPACKAGE_URL=\"\" -DHAVE_STDIO_H=1 -DHAVE_STDLIB_H=1 -DHAVE_STRING_H=1 -DHAVE_INTTYPES_H=1 -DHAVE_STDINT_H=1 -DHAVE_STRINGS_H=1 -DHAVE_SYS_STAT_H=1 -DHAVE_SYS_TYPES_H=1 -DHAVE_UNISTD_H=1 -DSTDC_HEADERS=1 -DHAVE_DLFCN_H=1 -DLT_OBJDIR=\".libs/\" -DHAVE_FUNC_ATTRIBUTE_VISIBILITY=1 -DHAVE_GMTIME_R=1 -DHAVE_PTHREAD_PRIO_INHERIT=1 -DHAVE_PTHREAD=1 -DHasTHREADS=1 -DHasJPEG=1 -DHasZLIB=1 -DHasTIFF=1 -DHAVE_TIFFCONF_H=1 -I.  -I../include -I../include   -O2 -m64 -march=x86-64 -mtune=generic -flto=auto -ffat-lto-objects -fvisibility=hidden -pthread -MT cmsplugin.lo -MD -MP -MF $depbase.Tpo -c -o cmsplugin.lo cmsplugin.c &&\
mv -f $depbase.Tpo $depbase.Plo
libtool: compile:  x86_64-unknown-linux-musl-gcc "-DPACKAGE_NAME=\"lcms2\"" "-DPACKAGE_TARNAME=\"lcms2\"" "-DPACKAGE_VERSION=\"2.16\"" "-DPACKAGE_STRING=\"lcms2 2.16\"" "-DPACKAGE_BUGREPORT=\"\"" "-DPACKAGE_URL=\"\"" -DHAVE_STDIO_H=1 -DHAVE_STDLIB_H=1 -DHAVE_STRING_H=1 -DHAVE_INTTYPES_H=1 -DHAVE_STDINT_H=1 -DHAVE_STRINGS_H=1 -DHAVE_SYS_STAT_H=1 -DHAVE_SYS_TYPES_H=1 -DHAVE_UNISTD_H=1 -DSTDC_HEADERS=1 -DHAVE_DLFCN_H=1 "-DLT_OBJDIR=\".libs/\"" -DHAVE_FUNC_ATTRIBUTE_VISIBILITY=1 -DHAVE_GMTIME_R=1 -DHAVE_PTHREAD_PRIO_INHERIT=1 -DHAVE_PTHREAD=1 -DHasTHREADS=1 -DHasJPEG=1 -DHasZLIB=1 -DHasTIFF=1 -DHAVE_TIFFCONF_H=1 -I. -I../include -I../include -O2 -m64 -march=x86-64 -mtune=generic -flto=auto -ffat-lto-objects -fvisibility=hidden -pthread -MT cmsplugin.lo -MD -MP -MF .deps/cmsplugin.Tpo -c cmsplugin.c  -fPIC -DPIC -o .libs/cmsplugin.o
depbase=`echo cmssm.lo | sed 's|[^/]*$|.deps/&|;s|\.lo$||'`;\
/bin/sh ../libtool  --tag=CC   --mode=compile x86_64-unknown-linux-musl-gcc -DPACKAGE_NAME=\"lcms2\" -DPACKAGE_TARNAME=\"lcms2\" -DPACKAGE_VERSION=\"2.16\" -DPACKAGE_STRING=\"lcms2\ 2.16\" -DPACKAGE_BUGREPORT=\"\" -DPACKAGE_URL=\"\" -DHAVE_STDIO_H=1 -DHAVE_STDLIB_H=1 -DHAVE_STRING_H=1 -DHAVE_INTTYPES_H=1 -DHAVE_STDINT_H=1 -DHAVE_STRINGS_H=1 -DHAVE_SYS_STAT_H=1 -DHAVE_SYS_TYPES_H=1 -DHAVE_UNISTD_H=1 -DSTDC_HEADERS=1 -DHAVE_DLFCN_H=1 -DLT_OBJDIR=\".libs/\" -DHAVE_FUNC_ATTRIBUTE_VISIBILITY=1 -DHAVE_GMTIME_R=1 -DHAVE_PTHREAD_PRIO_INHERIT=1 -DHAVE_PTHREAD=1 -DHasTHREADS=1 -DHasJPEG=1 -DHasZLIB=1 -DHasTIFF=1 -DHAVE_TIFFCONF_H=1 -I.  -I../include -I../include   -O2 -m64 -march=x86-64 -mtune=generic -flto=auto -ffat-lto-objects -fvisibility=hidden -pthread -MT cmssm.lo -MD -MP -MF $depbase.Tpo -c -o cmssm.lo cmssm.c &&\
mv -f $depbase.Tpo $depbase.Plo
libtool: compile:  x86_64-unknown-linux-musl-gcc "-DPACKAGE_NAME=\"lcms2\"" "-DPACKAGE_TARNAME=\"lcms2\"" "-DPACKAGE_VERSION=\"2.16\"" "-DPACKAGE_STRING=\"lcms2 2.16\"" "-DPACKAGE_BUGREPORT=\"\"" "-DPACKAGE_URL=\"\"" -DHAVE_STDIO_H=1 -DHAVE_STDLIB_H=1 -DHAVE_STRING_H=1 -DHAVE_INTTYPES_H=1 -DHAVE_STDINT_H=1 -DHAVE_STRINGS_H=1 -DHAVE_SYS_STAT_H=1 -DHAVE_SYS_TYPES_H=1 -DHAVE_UNISTD_H=1 -DSTDC_HEADERS=1 -DHAVE_DLFCN_H=1 "-DLT_OBJDIR=\".libs/\"" -DHAVE_FUNC_ATTRIBUTE_VISIBILITY=1 -DHAVE_GMTIME_R=1 -DHAVE_PTHREAD_PRIO_INHERIT=1 -DHAVE_PTHREAD=1 -DHasTHREADS=1 -DHasJPEG=1 -DHasZLIB=1 -DHasTIFF=1 -DHAVE_TIFFCONF_H=1 -I. -I../include -I../include -O2 -m64 -march=x86-64 -mtune=generic -flto=auto -ffat-lto-objects -fvisibility=hidden -pthread -MT cmsgamma.lo -MD -MP -MF .deps/cmsgamma.Tpo -c cmsgamma.c -o cmsgamma.o >/dev/null 2>&1
depbase=`echo cmsmd5.lo | sed 's|[^/]*$|.deps/&|;s|\.lo$||'`;\
/bin/sh ../libtool  --tag=CC   --mode=compile x86_64-unknown-linux-musl-gcc -DPACKAGE_NAME=\"lcms2\" -DPACKAGE_TARNAME=\"lcms2\" -DPACKAGE_VERSION=\"2.16\" -DPACKAGE_STRING=\"lcms2\ 2.16\" -DPACKAGE_BUGREPORT=\"\" -DPACKAGE_URL=\"\" -DHAVE_STDIO_H=1 -DHAVE_STDLIB_H=1 -DHAVE_STRING_H=1 -DHAVE_INTTYPES_H=1 -DHAVE_STDINT_H=1 -DHAVE_STRINGS_H=1 -DHAVE_SYS_STAT_H=1 -DHAVE_SYS_TYPES_H=1 -DHAVE_UNISTD_H=1 -DSTDC_HEADERS=1 -DHAVE_DLFCN_H=1 -DLT_OBJDIR=\".libs/\" -DHAVE_FUNC_ATTRIBUTE_VISIBILITY=1 -DHAVE_GMTIME_R=1 -DHAVE_PTHREAD_PRIO_INHERIT=1 -DHAVE_PTHREAD=1 -DHasTHREADS=1 -DHasJPEG=1 -DHasZLIB=1 -DHasTIFF=1 -DHAVE_TIFFCONF_H=1 -I.  -I../include -I../include   -O2 -m64 -march=x86-64 -mtune=generic -flto=auto -ffat-lto-objects -fvisibility=hidden -pthread -MT cmsmd5.lo -MD -MP -MF $depbase.Tpo -c -o cmsmd5.lo cmsmd5.c &&\
mv -f $depbase.Tpo $depbase.Plo
libtool: compile:  x86_64-unknown-linux-musl-gcc "-DPACKAGE_NAME=\"lcms2\"" "-DPACKAGE_TARNAME=\"lcms2\"" "-DPACKAGE_VERSION=\"2.16\"" "-DPACKAGE_STRING=\"lcms2 2.16\"" "-DPACKAGE_BUGREPORT=\"\"" "-DPACKAGE_URL=\"\"" -DHAVE_STDIO_H=1 -DHAVE_STDLIB_H=1 -DHAVE_STRING_H=1 -DHAVE_INTTYPES_H=1 -DHAVE_STDINT_H=1 -DHAVE_STRINGS_H=1 -DHAVE_SYS_STAT_H=1 -DHAVE_SYS_TYPES_H=1 -DHAVE_UNISTD_H=1 -DSTDC_HEADERS=1 -DHAVE_DLFCN_H=1 "-DLT_OBJDIR=\".libs/\"" -DHAVE_FUNC_ATTRIBUTE_VISIBILITY=1 -DHAVE_GMTIME_R=1 -DHAVE_PTHREAD_PRIO_INHERIT=1 -DHAVE_PTHREAD=1 -DHasTHREADS=1 -DHasJPEG=1 -DHasZLIB=1 -DHasTIFF=1 -DHAVE_TIFFCONF_H=1 -I. -I../include -I../include -O2 -m64 -march=x86-64 -mtune=generic -flto=auto -ffat-lto-objects -fvisibility=hidden -pthread -MT cmssm.lo -MD -MP -MF .deps/cmssm.Tpo -c cmssm.c  -fPIC -DPIC -o .libs/cmssm.o
libtool: compile:  x86_64-unknown-linux-musl-gcc "-DPACKAGE_NAME=\"lcms2\"" "-DPACKAGE_TARNAME=\"lcms2\"" "-DPACKAGE_VERSION=\"2.16\"" "-DPACKAGE_STRING=\"lcms2 2.16\"" "-DPACKAGE_BUGREPORT=\"\"" "-DPACKAGE_URL=\"\"" -DHAVE_STDIO_H=1 -DHAVE_STDLIB_H=1 -DHAVE_STRING_H=1 -DHAVE_INTTYPES_H=1 -DHAVE_STDINT_H=1 -DHAVE_STRINGS_H=1 -DHAVE_SYS_STAT_H=1 -DHAVE_SYS_TYPES_H=1 -DHAVE_UNISTD_H=1 -DSTDC_HEADERS=1 -DHAVE_DLFCN_H=1 "-DLT_OBJDIR=\".libs/\"" -DHAVE_FUNC_ATTRIBUTE_VISIBILITY=1 -DHAVE_GMTIME_R=1 -DHAVE_PTHREAD_PRIO_INHERIT=1 -DHAVE_PTHREAD=1 -DHasTHREADS=1 -DHasJPEG=1 -DHasZLIB=1 -DHasTIFF=1 -DHAVE_TIFFCONF_H=1 -I. -I../include -I../include -O2 -m64 -march=x86-64 -mtune=generic -flto=auto -ffat-lto-objects -fvisibility=hidden -pthread -MT cmsio0.lo -MD -MP -MF .deps/cmsio0.Tpo -c cmsio0.c -o cmsio0.o >/dev/null 2>&1
libtool: compile:  x86_64-unknown-linux-musl-gcc "-DPACKAGE_NAME=\"lcms2\"" "-DPACKAGE_TARNAME=\"lcms2\"" "-DPACKAGE_VERSION=\"2.16\"" "-DPACKAGE_STRING=\"lcms2 2.16\"" "-DPACKAGE_BUGREPORT=\"\"" "-DPACKAGE_URL=\"\"" -DHAVE_STDIO_H=1 -DHAVE_STDLIB_H=1 -DHAVE_STRING_H=1 -DHAVE_INTTYPES_H=1 -DHAVE_STDINT_H=1 -DHAVE_STRINGS_H=1 -DHAVE_SYS_STAT_H=1 -DHAVE_SYS_TYPES_H=1 -DHAVE_UNISTD_H=1 -DSTDC_HEADERS=1 -DHAVE_DLFCN_H=1 "-DLT_OBJDIR=\".libs/\"" -DHAVE_FUNC_ATTRIBUTE_VISIBILITY=1 -DHAVE_GMTIME_R=1 -DHAVE_PTHREAD_PRIO_INHERIT=1 -DHAVE_PTHREAD=1 -DHasTHREADS=1 -DHasJPEG=1 -DHasZLIB=1 -DHasTIFF=1 -DHAVE_TIFFCONF_H=1 -I. -I../include -I../include -O2 -m64 -march=x86-64 -mtune=generic -flto=auto -ffat-lto-objects -fvisibility=hidden -pthread -MT cmsmd5.lo -MD -MP -MF .deps/cmsmd5.Tpo -c cmsmd5.c  -fPIC -DPIC -o .libs/cmsmd5.o
libtool: compile:  x86_64-unknown-linux-musl-gcc "-DPACKAGE_NAME=\"lcms2\"" "-DPACKAGE_TARNAME=\"lcms2\"" "-DPACKAGE_VERSION=\"2.16\"" "-DPACKAGE_STRING=\"lcms2 2.16\"" "-DPACKAGE_BUGREPORT=\"\"" "-DPACKAGE_URL=\"\"" -DHAVE_STDIO_H=1 -DHAVE_STDLIB_H=1 -DHAVE_STRING_H=1 -DHAVE_INTTYPES_H=1 -DHAVE_STDINT_H=1 -DHAVE_STRINGS_H=1 -DHAVE_SYS_STAT_H=1 -DHAVE_SYS_TYPES_H=1 -DHAVE_UNISTD_H=1 -DSTDC_HEADERS=1 -DHAVE_DLFCN_H=1 "-DLT_OBJDIR=\".libs/\"" -DHAVE_FUNC_ATTRIBUTE_VISIBILITY=1 -DHAVE_GMTIME_R=1 -DHAVE_PTHREAD_PRIO_INHERIT=1 -DHAVE_PTHREAD=1 -DHasTHREADS=1 -DHasJPEG=1 -DHasZLIB=1 -DHasTIFF=1 -DHAVE_TIFFCONF_H=1 -I. -I../include -I../include -O2 -m64 -march=x86-64 -mtune=generic -flto=auto -ffat-lto-objects -fvisibility=hidden -pthread -MT cmslut.lo -MD -MP -MF .deps/cmslut.Tpo -c cmslut.c -o cmslut.o >/dev/null 2>&1
libtool: compile:  x86_64-unknown-linux-musl-gcc "-DPACKAGE_NAME=\"lcms2\"" "-DPACKAGE_TARNAME=\"lcms2\"" "-DPACKAGE_VERSION=\"2.16\"" "-DPACKAGE_STRING=\"lcms2 2.16\"" "-DPACKAGE_BUGREPORT=\"\"" "-DPACKAGE_URL=\"\"" -DHAVE_STDIO_H=1 -DHAVE_STDLIB_H=1 -DHAVE_STRING_H=1 -DHAVE_INTTYPES_H=1 -DHAVE_STDINT_H=1 -DHAVE_STRINGS_H=1 -DHAVE_SYS_STAT_H=1 -DHAVE_SYS_TYPES_H=1 -DHAVE_UNISTD_H=1 -DSTDC_HEADERS=1 -DHAVE_DLFCN_H=1 "-DLT_OBJDIR=\".libs/\"" -DHAVE_FUNC_ATTRIBUTE_VISIBILITY=1 -DHAVE_GMTIME_R=1 -DHAVE_PTHREAD_PRIO_INHERIT=1 -DHAVE_PTHREAD=1 -DHasTHREADS=1 -DHasJPEG=1 -DHasZLIB=1 -DHasTIFF=1 -DHAVE_TIFFCONF_H=1 -I. -I../include -I../include -O2 -m64 -march=x86-64 -mtune=generic -flto=auto -ffat-lto-objects -fvisibility=hidden -pthread -MT cmssm.lo -MD -MP -MF .deps/cmssm.Tpo -c cmssm.c -o cmssm.o >/dev/null 2>&1
depbase=`echo cmsmtrx.lo | sed 's|[^/]*$|.deps/&|;s|\.lo$||'`;\
/bin/sh ../libtool  --tag=CC   --mode=compile x86_64-unknown-linux-musl-gcc -DPACKAGE_NAME=\"lcms2\" -DPACKAGE_TARNAME=\"lcms2\" -DPACKAGE_VERSION=\"2.16\" -DPACKAGE_STRING=\"lcms2\ 2.16\" -DPACKAGE_BUGREPORT=\"\" -DPACKAGE_URL=\"\" -DHAVE_STDIO_H=1 -DHAVE_STDLIB_H=1 -DHAVE_STRING_H=1 -DHAVE_INTTYPES_H=1 -DHAVE_STDINT_H=1 -DHAVE_STRINGS_H=1 -DHAVE_SYS_STAT_H=1 -DHAVE_SYS_TYPES_H=1 -DHAVE_UNISTD_H=1 -DSTDC_HEADERS=1 -DHAVE_DLFCN_H=1 -DLT_OBJDIR=\".libs/\" -DHAVE_FUNC_ATTRIBUTE_VISIBILITY=1 -DHAVE_GMTIME_R=1 -DHAVE_PTHREAD_PRIO_INHERIT=1 -DHAVE_PTHREAD=1 -DHasTHREADS=1 -DHasJPEG=1 -DHasZLIB=1 -DHasTIFF=1 -DHAVE_TIFFCONF_H=1 -I.  -I../include -I../include   -O2 -m64 -march=x86-64 -mtune=generic -flto=auto -ffat-lto-objects -fvisibility=hidden -pthread -MT cmsmtrx.lo -MD -MP -MF $depbase.Tpo -c -o cmsmtrx.lo cmsmtrx.c &&\
mv -f $depbase.Tpo $depbase.Plo
libtool: compile:  x86_64-unknown-linux-musl-gcc "-DPACKAGE_NAME=\"lcms2\"" "-DPACKAGE_TARNAME=\"lcms2\"" "-DPACKAGE_VERSION=\"2.16\"" "-DPACKAGE_STRING=\"lcms2 2.16\"" "-DPACKAGE_BUGREPORT=\"\"" "-DPACKAGE_URL=\"\"" -DHAVE_STDIO_H=1 -DHAVE_STDLIB_H=1 -DHAVE_STRING_H=1 -DHAVE_INTTYPES_H=1 -DHAVE_STDINT_H=1 -DHAVE_STRINGS_H=1 -DHAVE_SYS_STAT_H=1 -DHAVE_SYS_TYPES_H=1 -DHAVE_UNISTD_H=1 -DSTDC_HEADERS=1 -DHAVE_DLFCN_H=1 "-DLT_OBJDIR=\".libs/\"" -DHAVE_FUNC_ATTRIBUTE_VISIBILITY=1 -DHAVE_GMTIME_R=1 -DHAVE_PTHREAD_PRIO_INHERIT=1 -DHAVE_PTHREAD=1 -DHasTHREADS=1 -DHasJPEG=1 -DHasZLIB=1 -DHasTIFF=1 -DHAVE_TIFFCONF_H=1 -I. -I../include -I../include -O2 -m64 -march=x86-64 -mtune=generic -flto=auto -ffat-lto-objects -fvisibility=hidden -pthread -MT cmsmd5.lo -MD -MP -MF .deps/cmsmd5.Tpo -c cmsmd5.c -o cmsmd5.o >/dev/null 2>&1
libtool: compile:  x86_64-unknown-linux-musl-gcc "-DPACKAGE_NAME=\"lcms2\"" "-DPACKAGE_TARNAME=\"lcms2\"" "-DPACKAGE_VERSION=\"2.16\"" "-DPACKAGE_STRING=\"lcms2 2.16\"" "-DPACKAGE_BUGREPORT=\"\"" "-DPACKAGE_URL=\"\"" -DHAVE_STDIO_H=1 -DHAVE_STDLIB_H=1 -DHAVE_STRING_H=1 -DHAVE_INTTYPES_H=1 -DHAVE_STDINT_H=1 -DHAVE_STRINGS_H=1 -DHAVE_SYS_STAT_H=1 -DHAVE_SYS_TYPES_H=1 -DHAVE_UNISTD_H=1 -DSTDC_HEADERS=1 -DHAVE_DLFCN_H=1 "-DLT_OBJDIR=\".libs/\"" -DHAVE_FUNC_ATTRIBUTE_VISIBILITY=1 -DHAVE_GMTIME_R=1 -DHAVE_PTHREAD_PRIO_INHERIT=1 -DHAVE_PTHREAD=1 -DHasTHREADS=1 -DHasJPEG=1 -DHasZLIB=1 -DHasTIFF=1 -DHAVE_TIFFCONF_H=1 -I. -I../include -I../include -O2 -m64 -march=x86-64 -mtune=generic -flto=auto -ffat-lto-objects -fvisibility=hidden -pthread -MT cmsmtrx.lo -MD -MP -MF .deps/cmsmtrx.Tpo -c cmsmtrx.c  -fPIC -DPIC -o .libs/cmsmtrx.o
libtool: compile:  x86_64-unknown-linux-musl-gcc "-DPACKAGE_NAME=\"lcms2\"" "-DPACKAGE_TARNAME=\"lcms2\"" "-DPACKAGE_VERSION=\"2.16\"" "-DPACKAGE_STRING=\"lcms2 2.16\"" "-DPACKAGE_BUGREPORT=\"\"" "-DPACKAGE_URL=\"\"" -DHAVE_STDIO_H=1 -DHAVE_STDLIB_H=1 -DHAVE_STRING_H=1 -DHAVE_INTTYPES_H=1 -DHAVE_STDINT_H=1 -DHAVE_STRINGS_H=1 -DHAVE_SYS_STAT_H=1 -DHAVE_SYS_TYPES_H=1 -DHAVE_UNISTD_H=1 -DSTDC_HEADERS=1 -DHAVE_DLFCN_H=1 "-DLT_OBJDIR=\".libs/\"" -DHAVE_FUNC_ATTRIBUTE_VISIBILITY=1 -DHAVE_GMTIME_R=1 -DHAVE_PTHREAD_PRIO_INHERIT=1 -DHAVE_PTHREAD=1 -DHasTHREADS=1 -DHasJPEG=1 -DHasZLIB=1 -DHasTIFF=1 -DHAVE_TIFFCONF_H=1 -I. -I../include -I../include -O2 -m64 -march=x86-64 -mtune=generic -flto=auto -ffat-lto-objects -fvisibility=hidden -pthread -MT cmsplugin.lo -MD -MP -MF .deps/cmsplugin.Tpo -c cmsplugin.c -o cmsplugin.o >/dev/null 2>&1
libtool: compile:  x86_64-unknown-linux-musl-gcc "-DPACKAGE_NAME=\"lcms2\"" "-DPACKAGE_TARNAME=\"lcms2\"" "-DPACKAGE_VERSION=\"2.16\"" "-DPACKAGE_STRING=\"lcms2 2.16\"" "-DPACKAGE_BUGREPORT=\"\"" "-DPACKAGE_URL=\"\"" -DHAVE_STDIO_H=1 -DHAVE_STDLIB_H=1 -DHAVE_STRING_H=1 -DHAVE_INTTYPES_H=1 -DHAVE_STDINT_H=1 -DHAVE_STRINGS_H=1 -DHAVE_SYS_STAT_H=1 -DHAVE_SYS_TYPES_H=1 -DHAVE_UNISTD_H=1 -DSTDC_HEADERS=1 -DHAVE_DLFCN_H=1 "-DLT_OBJDIR=\".libs/\"" -DHAVE_FUNC_ATTRIBUTE_VISIBILITY=1 -DHAVE_GMTIME_R=1 -DHAVE_PTHREAD_PRIO_INHERIT=1 -DHAVE_PTHREAD=1 -DHasTHREADS=1 -DHasJPEG=1 -DHasZLIB=1 -DHasTIFF=1 -DHAVE_TIFFCONF_H=1 -I. -I../include -I../include -O2 -m64 -march=x86-64 -mtune=generic -flto=auto -ffat-lto-objects -fvisibility=hidden -pthread -MT cmsmtrx.lo -MD -MP -MF .deps/cmsmtrx.Tpo -c cmsmtrx.c -o cmsmtrx.o >/dev/null 2>&1
depbase=`echo cmspack.lo | sed 's|[^/]*$|.deps/&|;s|\.lo$||'`;\
/bin/sh ../libtool  --tag=CC   --mode=compile x86_64-unknown-linux-musl-gcc -DPACKAGE_NAME=\"lcms2\" -DPACKAGE_TARNAME=\"lcms2\" -DPACKAGE_VERSION=\"2.16\" -DPACKAGE_STRING=\"lcms2\ 2.16\" -DPACKAGE_BUGREPORT=\"\" -DPACKAGE_URL=\"\" -DHAVE_STDIO_H=1 -DHAVE_STDLIB_H=1 -DHAVE_STRING_H=1 -DHAVE_INTTYPES_H=1 -DHAVE_STDINT_H=1 -DHAVE_STRINGS_H=1 -DHAVE_SYS_STAT_H=1 -DHAVE_SYS_TYPES_H=1 -DHAVE_UNISTD_H=1 -DSTDC_HEADERS=1 -DHAVE_DLFCN_H=1 -DLT_OBJDIR=\".libs/\" -DHAVE_FUNC_ATTRIBUTE_VISIBILITY=1 -DHAVE_GMTIME_R=1 -DHAVE_PTHREAD_PRIO_INHERIT=1 -DHAVE_PTHREAD=1 -DHasTHREADS=1 -DHasJPEG=1 -DHasZLIB=1 -DHasTIFF=1 -DHAVE_TIFFCONF_H=1 -I.  -I../include -I../include   -O2 -m64 -march=x86-64 -mtune=generic -flto=auto -ffat-lto-objects -fvisibility=hidden -pthread -MT cmspack.lo -MD -MP -MF $depbase.Tpo -c -o cmspack.lo cmspack.c &&\
mv -f $depbase.Tpo $depbase.Plo
depbase=`echo cmspcs.lo | sed 's|[^/]*$|.deps/&|;s|\.lo$||'`;\
/bin/sh ../libtool  --tag=CC   --mode=compile x86_64-unknown-linux-musl-gcc -DPACKAGE_NAME=\"lcms2\" -DPACKAGE_TARNAME=\"lcms2\" -DPACKAGE_VERSION=\"2.16\" -DPACKAGE_STRING=\"lcms2\ 2.16\" -DPACKAGE_BUGREPORT=\"\" -DPACKAGE_URL=\"\" -DHAVE_STDIO_H=1 -DHAVE_STDLIB_H=1 -DHAVE_STRING_H=1 -DHAVE_INTTYPES_H=1 -DHAVE_STDINT_H=1 -DHAVE_STRINGS_H=1 -DHAVE_SYS_STAT_H=1 -DHAVE_SYS_TYPES_H=1 -DHAVE_UNISTD_H=1 -DSTDC_HEADERS=1 -DHAVE_DLFCN_H=1 -DLT_OBJDIR=\".libs/\" -DHAVE_FUNC_ATTRIBUTE_VISIBILITY=1 -DHAVE_GMTIME_R=1 -DHAVE_PTHREAD_PRIO_INHERIT=1 -DHAVE_PTHREAD=1 -DHasTHREADS=1 -DHasJPEG=1 -DHasZLIB=1 -DHasTIFF=1 -DHAVE_TIFFCONF_H=1 -I.  -I../include -I../include   -O2 -m64 -march=x86-64 -mtune=generic -flto=auto -ffat-lto-objects -fvisibility=hidden -pthread -MT cmspcs.lo -MD -MP -MF $depbase.Tpo -c -o cmspcs.lo cmspcs.c &&\
mv -f $depbase.Tpo $depbase.Plo
libtool: compile:  x86_64-unknown-linux-musl-gcc "-DPACKAGE_NAME=\"lcms2\"" "-DPACKAGE_TARNAME=\"lcms2\"" "-DPACKAGE_VERSION=\"2.16\"" "-DPACKAGE_STRING=\"lcms2 2.16\"" "-DPACKAGE_BUGREPORT=\"\"" "-DPACKAGE_URL=\"\"" -DHAVE_STDIO_H=1 -DHAVE_STDLIB_H=1 -DHAVE_STRING_H=1 -DHAVE_INTTYPES_H=1 -DHAVE_STDINT_H=1 -DHAVE_STRINGS_H=1 -DHAVE_SYS_STAT_H=1 -DHAVE_SYS_TYPES_H=1 -DHAVE_UNISTD_H=1 -DSTDC_HEADERS=1 -DHAVE_DLFCN_H=1 "-DLT_OBJDIR=\".libs/\"" -DHAVE_FUNC_ATTRIBUTE_VISIBILITY=1 -DHAVE_GMTIME_R=1 -DHAVE_PTHREAD_PRIO_INHERIT=1 -DHAVE_PTHREAD=1 -DHasTHREADS=1 -DHasJPEG=1 -DHasZLIB=1 -DHasTIFF=1 -DHAVE_TIFFCONF_H=1 -I. -I../include -I../include -O2 -m64 -march=x86-64 -mtune=generic -flto=auto -ffat-lto-objects -fvisibility=hidden -pthread -MT cmsintrp.lo -MD -MP -MF .deps/cmsintrp.Tpo -c cmsintrp.c -o cmsintrp.o >/dev/null 2>&1
libtool: compile:  x86_64-unknown-linux-musl-gcc "-DPACKAGE_NAME=\"lcms2\"" "-DPACKAGE_TARNAME=\"lcms2\"" "-DPACKAGE_VERSION=\"2.16\"" "-DPACKAGE_STRING=\"lcms2 2.16\"" "-DPACKAGE_BUGREPORT=\"\"" "-DPACKAGE_URL=\"\"" -DHAVE_STDIO_H=1 -DHAVE_STDLIB_H=1 -DHAVE_STRING_H=1 -DHAVE_INTTYPES_H=1 -DHAVE_STDINT_H=1 -DHAVE_STRINGS_H=1 -DHAVE_SYS_STAT_H=1 -DHAVE_SYS_TYPES_H=1 -DHAVE_UNISTD_H=1 -DSTDC_HEADERS=1 -DHAVE_DLFCN_H=1 "-DLT_OBJDIR=\".libs/\"" -DHAVE_FUNC_ATTRIBUTE_VISIBILITY=1 -DHAVE_GMTIME_R=1 -DHAVE_PTHREAD_PRIO_INHERIT=1 -DHAVE_PTHREAD=1 -DHasTHREADS=1 -DHasJPEG=1 -DHasZLIB=1 -DHasTIFF=1 -DHAVE_TIFFCONF_H=1 -I. -I../include -I../include -O2 -m64 -march=x86-64 -mtune=generic -flto=auto -ffat-lto-objects -fvisibility=hidden -pthread -MT cmspcs.lo -MD -MP -MF .deps/cmspcs.Tpo -c cmspcs.c  -fPIC -DPIC -o .libs/cmspcs.o
libtool: compile:  x86_64-unknown-linux-musl-gcc "-DPACKAGE_NAME=\"lcms2\"" "-DPACKAGE_TARNAME=\"lcms2\"" "-DPACKAGE_VERSION=\"2.16\"" "-DPACKAGE_STRING=\"lcms2 2.16\"" "-DPACKAGE_BUGREPORT=\"\"" "-DPACKAGE_URL=\"\"" -DHAVE_STDIO_H=1 -DHAVE_STDLIB_H=1 -DHAVE_STRING_H=1 -DHAVE_INTTYPES_H=1 -DHAVE_STDINT_H=1 -DHAVE_STRINGS_H=1 -DHAVE_SYS_STAT_H=1 -DHAVE_SYS_TYPES_H=1 -DHAVE_UNISTD_H=1 -DSTDC_HEADERS=1 -DHAVE_DLFCN_H=1 "-DLT_OBJDIR=\".libs/\"" -DHAVE_FUNC_ATTRIBUTE_VISIBILITY=1 -DHAVE_GMTIME_R=1 -DHAVE_PTHREAD_PRIO_INHERIT=1 -DHAVE_PTHREAD=1 -DHasTHREADS=1 -DHasJPEG=1 -DHasZLIB=1 -DHasTIFF=1 -DHAVE_TIFFCONF_H=1 -I. -I../include -I../include -O2 -m64 -march=x86-64 -mtune=generic -flto=auto -ffat-lto-objects -fvisibility=hidden -pthread -MT cmspack.lo -MD -MP -MF .deps/cmspack.Tpo -c cmspack.c  -fPIC -DPIC -o .libs/cmspack.o
depbase=`echo cmswtpnt.lo | sed 's|[^/]*$|.deps/&|;s|\.lo$||'`;\
/bin/sh ../libtool  --tag=CC   --mode=compile x86_64-unknown-linux-musl-gcc -DPACKAGE_NAME=\"lcms2\" -DPACKAGE_TARNAME=\"lcms2\" -DPACKAGE_VERSION=\"2.16\" -DPACKAGE_STRING=\"lcms2\ 2.16\" -DPACKAGE_BUGREPORT=\"\" -DPACKAGE_URL=\"\" -DHAVE_STDIO_H=1 -DHAVE_STDLIB_H=1 -DHAVE_STRING_H=1 -DHAVE_INTTYPES_H=1 -DHAVE_STDINT_H=1 -DHAVE_STRINGS_H=1 -DHAVE_SYS_STAT_H=1 -DHAVE_SYS_TYPES_H=1 -DHAVE_UNISTD_H=1 -DSTDC_HEADERS=1 -DHAVE_DLFCN_H=1 -DLT_OBJDIR=\".libs/\" -DHAVE_FUNC_ATTRIBUTE_VISIBILITY=1 -DHAVE_GMTIME_R=1 -DHAVE_PTHREAD_PRIO_INHERIT=1 -DHAVE_PTHREAD=1 -DHasTHREADS=1 -DHasJPEG=1 -DHasZLIB=1 -DHasTIFF=1 -DHAVE_TIFFCONF_H=1 -I.  -I../include -I../include   -O2 -m64 -march=x86-64 -mtune=generic -flto=auto -ffat-lto-objects -fvisibility=hidden -pthread -MT cmswtpnt.lo -MD -MP -MF $depbase.Tpo -c -o cmswtpnt.lo cmswtpnt.c &&\
mv -f $depbase.Tpo $depbase.Plo
depbase=`echo cmsxform.lo | sed 's|[^/]*$|.deps/&|;s|\.lo$||'`;\
/bin/sh ../libtool  --tag=CC   --mode=compile x86_64-unknown-linux-musl-gcc -DPACKAGE_NAME=\"lcms2\" -DPACKAGE_TARNAME=\"lcms2\" -DPACKAGE_VERSION=\"2.16\" -DPACKAGE_STRING=\"lcms2\ 2.16\" -DPACKAGE_BUGREPORT=\"\" -DPACKAGE_URL=\"\" -DHAVE_STDIO_H=1 -DHAVE_STDLIB_H=1 -DHAVE_STRING_H=1 -DHAVE_INTTYPES_H=1 -DHAVE_STDINT_H=1 -DHAVE_STRINGS_H=1 -DHAVE_SYS_STAT_H=1 -DHAVE_SYS_TYPES_H=1 -DHAVE_UNISTD_H=1 -DSTDC_HEADERS=1 -DHAVE_DLFCN_H=1 -DLT_OBJDIR=\".libs/\" -DHAVE_FUNC_ATTRIBUTE_VISIBILITY=1 -DHAVE_GMTIME_R=1 -DHAVE_PTHREAD_PRIO_INHERIT=1 -DHAVE_PTHREAD=1 -DHasTHREADS=1 -DHasJPEG=1 -DHasZLIB=1 -DHasTIFF=1 -DHAVE_TIFFCONF_H=1 -I.  -I../include -I../include   -O2 -m64 -march=x86-64 -mtune=generic -flto=auto -ffat-lto-objects -fvisibility=hidden -pthread -MT cmsxform.lo -MD -MP -MF $depbase.Tpo -c -o cmsxform.lo cmsxform.c &&\
mv -f $depbase.Tpo $depbase.Plo
libtool: compile:  x86_64-unknown-linux-musl-gcc "-DPACKAGE_NAME=\"lcms2\"" "-DPACKAGE_TARNAME=\"lcms2\"" "-DPACKAGE_VERSION=\"2.16\"" "-DPACKAGE_STRING=\"lcms2 2.16\"" "-DPACKAGE_BUGREPORT=\"\"" "-DPACKAGE_URL=\"\"" -DHAVE_STDIO_H=1 -DHAVE_STDLIB_H=1 -DHAVE_STRING_H=1 -DHAVE_INTTYPES_H=1 -DHAVE_STDINT_H=1 -DHAVE_STRINGS_H=1 -DHAVE_SYS_STAT_H=1 -DHAVE_SYS_TYPES_H=1 -DHAVE_UNISTD_H=1 -DSTDC_HEADERS=1 -DHAVE_DLFCN_H=1 "-DLT_OBJDIR=\".libs/\"" -DHAVE_FUNC_ATTRIBUTE_VISIBILITY=1 -DHAVE_GMTIME_R=1 -DHAVE_PTHREAD_PRIO_INHERIT=1 -DHAVE_PTHREAD=1 -DHasTHREADS=1 -DHasJPEG=1 -DHasZLIB=1 -DHasTIFF=1 -DHAVE_TIFFCONF_H=1 -I. -I../include -I../include -O2 -m64 -march=x86-64 -mtune=generic -flto=auto -ffat-lto-objects -fvisibility=hidden -pthread -MT cmswtpnt.lo -MD -MP -MF .deps/cmswtpnt.Tpo -c cmswtpnt.c  -fPIC -DPIC -o .libs/cmswtpnt.o
libtool: compile:  x86_64-unknown-linux-musl-gcc "-DPACKAGE_NAME=\"lcms2\"" "-DPACKAGE_TARNAME=\"lcms2\"" "-DPACKAGE_VERSION=\"2.16\"" "-DPACKAGE_STRING=\"lcms2 2.16\"" "-DPACKAGE_BUGREPORT=\"\"" "-DPACKAGE_URL=\"\"" -DHAVE_STDIO_H=1 -DHAVE_STDLIB_H=1 -DHAVE_STRING_H=1 -DHAVE_INTTYPES_H=1 -DHAVE_STDINT_H=1 -DHAVE_STRINGS_H=1 -DHAVE_SYS_STAT_H=1 -DHAVE_SYS_TYPES_H=1 -DHAVE_UNISTD_H=1 -DSTDC_HEADERS=1 -DHAVE_DLFCN_H=1 "-DLT_OBJDIR=\".libs/\"" -DHAVE_FUNC_ATTRIBUTE_VISIBILITY=1 -DHAVE_GMTIME_R=1 -DHAVE_PTHREAD_PRIO_INHERIT=1 -DHAVE_PTHREAD=1 -DHasTHREADS=1 -DHasJPEG=1 -DHasZLIB=1 -DHasTIFF=1 -DHAVE_TIFFCONF_H=1 -I. -I../include -I../include -O2 -m64 -march=x86-64 -mtune=generic -flto=auto -ffat-lto-objects -fvisibility=hidden -pthread -MT cmsxform.lo -MD -MP -MF .deps/cmsxform.Tpo -c cmsxform.c  -fPIC -DPIC -o .libs/cmsxform.o
libtool: compile:  x86_64-unknown-linux-musl-gcc "-DPACKAGE_NAME=\"lcms2\"" "-DPACKAGE_TARNAME=\"lcms2\"" "-DPACKAGE_VERSION=\"2.16\"" "-DPACKAGE_STRING=\"lcms2 2.16\"" "-DPACKAGE_BUGREPORT=\"\"" "-DPACKAGE_URL=\"\"" -DHAVE_STDIO_H=1 -DHAVE_STDLIB_H=1 -DHAVE_STRING_H=1 -DHAVE_INTTYPES_H=1 -DHAVE_STDINT_H=1 -DHAVE_STRINGS_H=1 -DHAVE_SYS_STAT_H=1 -DHAVE_SYS_TYPES_H=1 -DHAVE_UNISTD_H=1 -DSTDC_HEADERS=1 -DHAVE_DLFCN_H=1 "-DLT_OBJDIR=\".libs/\"" -DHAVE_FUNC_ATTRIBUTE_VISIBILITY=1 -DHAVE_GMTIME_R=1 -DHAVE_PTHREAD_PRIO_INHERIT=1 -DHAVE_PTHREAD=1 -DHasTHREADS=1 -DHasJPEG=1 -DHasZLIB=1 -DHasTIFF=1 -DHAVE_TIFFCONF_H=1 -I. -I../include -I../include -O2 -m64 -march=x86-64 -mtune=generic -flto=auto -ffat-lto-objects -fvisibility=hidden -pthread -MT cmswtpnt.lo -MD -MP -MF .deps/cmswtpnt.Tpo -c cmswtpnt.c -o cmswtpnt.o >/dev/null 2>&1
depbase=`echo cmssamp.lo | sed 's|[^/]*$|.deps/&|;s|\.lo$||'`;\
/bin/sh ../libtool  --tag=CC   --mode=compile x86_64-unknown-linux-musl-gcc -DPACKAGE_NAME=\"lcms2\" -DPACKAGE_TARNAME=\"lcms2\" -DPACKAGE_VERSION=\"2.16\" -DPACKAGE_STRING=\"lcms2\ 2.16\" -DPACKAGE_BUGREPORT=\"\" -DPACKAGE_URL=\"\" -DHAVE_STDIO_H=1 -DHAVE_STDLIB_H=1 -DHAVE_STRING_H=1 -DHAVE_INTTYPES_H=1 -DHAVE_STDINT_H=1 -DHAVE_STRINGS_H=1 -DHAVE_SYS_STAT_H=1 -DHAVE_SYS_TYPES_H=1 -DHAVE_UNISTD_H=1 -DSTDC_HEADERS=1 -DHAVE_DLFCN_H=1 -DLT_OBJDIR=\".libs/\" -DHAVE_FUNC_ATTRIBUTE_VISIBILITY=1 -DHAVE_GMTIME_R=1 -DHAVE_PTHREAD_PRIO_INHERIT=1 -DHAVE_PTHREAD=1 -DHasTHREADS=1 -DHasJPEG=1 -DHasZLIB=1 -DHasTIFF=1 -DHAVE_TIFFCONF_H=1 -I.  -I../include -I../include   -O2 -m64 -march=x86-64 -mtune=generic -flto=auto -ffat-lto-objects -fvisibility=hidden -pthread -MT cmssamp.lo -MD -MP -MF $depbase.Tpo -c -o cmssamp.lo cmssamp.c &&\
mv -f $depbase.Tpo $depbase.Plo
depbase=`echo cmsnamed.lo | sed 's|[^/]*$|.deps/&|;s|\.lo$||'`;\
/bin/sh ../libtool  --tag=CC   --mode=compile x86_64-unknown-linux-musl-gcc -DPACKAGE_NAME=\"lcms2\" -DPACKAGE_TARNAME=\"lcms2\" -DPACKAGE_VERSION=\"2.16\" -DPACKAGE_STRING=\"lcms2\ 2.16\" -DPACKAGE_BUGREPORT=\"\" -DPACKAGE_URL=\"\" -DHAVE_STDIO_H=1 -DHAVE_STDLIB_H=1 -DHAVE_STRING_H=1 -DHAVE_INTTYPES_H=1 -DHAVE_STDINT_H=1 -DHAVE_STRINGS_H=1 -DHAVE_SYS_STAT_H=1 -DHAVE_SYS_TYPES_H=1 -DHAVE_UNISTD_H=1 -DSTDC_HEADERS=1 -DHAVE_DLFCN_H=1 -DLT_OBJDIR=\".libs/\" -DHAVE_FUNC_ATTRIBUTE_VISIBILITY=1 -DHAVE_GMTIME_R=1 -DHAVE_PTHREAD_PRIO_INHERIT=1 -DHAVE_PTHREAD=1 -DHasTHREADS=1 -DHasJPEG=1 -DHasZLIB=1 -DHasTIFF=1 -DHAVE_TIFFCONF_H=1 -I.  -I../include -I../include   -O2 -m64 -march=x86-64 -mtune=generic -flto=auto -ffat-lto-objects -fvisibility=hidden -pthread -MT cmsnamed.lo -MD -MP -MF $depbase.Tpo -c -o cmsnamed.lo cmsnamed.c &&\
mv -f $depbase.Tpo $depbase.Plo
libtool: compile:  x86_64-unknown-linux-musl-gcc "-DPACKAGE_NAME=\"lcms2\"" "-DPACKAGE_TARNAME=\"lcms2\"" "-DPACKAGE_VERSION=\"2.16\"" "-DPACKAGE_STRING=\"lcms2 2.16\"" "-DPACKAGE_BUGREPORT=\"\"" "-DPACKAGE_URL=\"\"" -DHAVE_STDIO_H=1 -DHAVE_STDLIB_H=1 -DHAVE_STRING_H=1 -DHAVE_INTTYPES_H=1 -DHAVE_STDINT_H=1 -DHAVE_STRINGS_H=1 -DHAVE_SYS_STAT_H=1 -DHAVE_SYS_TYPES_H=1 -DHAVE_UNISTD_H=1 -DSTDC_HEADERS=1 -DHAVE_DLFCN_H=1 "-DLT_OBJDIR=\".libs/\"" -DHAVE_FUNC_ATTRIBUTE_VISIBILITY=1 -DHAVE_GMTIME_R=1 -DHAVE_PTHREAD_PRIO_INHERIT=1 -DHAVE_PTHREAD=1 -DHasTHREADS=1 -DHasJPEG=1 -DHasZLIB=1 -DHasTIFF=1 -DHAVE_TIFFCONF_H=1 -I. -I../include -I../include -O2 -m64 -march=x86-64 -mtune=generic -flto=auto -ffat-lto-objects -fvisibility=hidden -pthread -MT cmssamp.lo -MD -MP -MF .deps/cmssamp.Tpo -c cmssamp.c  -fPIC -DPIC -o .libs/cmssamp.o
libtool: compile:  x86_64-unknown-linux-musl-gcc "-DPACKAGE_NAME=\"lcms2\"" "-DPACKAGE_TARNAME=\"lcms2\"" "-DPACKAGE_VERSION=\"2.16\"" "-DPACKAGE_STRING=\"lcms2 2.16\"" "-DPACKAGE_BUGREPORT=\"\"" "-DPACKAGE_URL=\"\"" -DHAVE_STDIO_H=1 -DHAVE_STDLIB_H=1 -DHAVE_STRING_H=1 -DHAVE_INTTYPES_H=1 -DHAVE_STDINT_H=1 -DHAVE_STRINGS_H=1 -DHAVE_SYS_STAT_H=1 -DHAVE_SYS_TYPES_H=1 -DHAVE_UNISTD_H=1 -DSTDC_HEADERS=1 -DHAVE_DLFCN_H=1 "-DLT_OBJDIR=\".libs/\"" -DHAVE_FUNC_ATTRIBUTE_VISIBILITY=1 -DHAVE_GMTIME_R=1 -DHAVE_PTHREAD_PRIO_INHERIT=1 -DHAVE_PTHREAD=1 -DHasTHREADS=1 -DHasJPEG=1 -DHasZLIB=1 -DHasTIFF=1 -DHAVE_TIFFCONF_H=1 -I. -I../include -I../include -O2 -m64 -march=x86-64 -mtune=generic -flto=auto -ffat-lto-objects -fvisibility=hidden -pthread -MT cmsnamed.lo -MD -MP -MF .deps/cmsnamed.Tpo -c cmsnamed.c  -fPIC -DPIC -o .libs/cmsnamed.o
depbase=`echo cmscam02.lo | sed 's|[^/]*$|.deps/&|;s|\.lo$||'`;\
/bin/sh ../libtool  --tag=CC   --mode=compile x86_64-unknown-linux-musl-gcc -DPACKAGE_NAME=\"lcms2\" -DPACKAGE_TARNAME=\"lcms2\" -DPACKAGE_VERSION=\"2.16\" -DPACKAGE_STRING=\"lcms2\ 2.16\" -DPACKAGE_BUGREPORT=\"\" -DPACKAGE_URL=\"\" -DHAVE_STDIO_H=1 -DHAVE_STDLIB_H=1 -DHAVE_STRING_H=1 -DHAVE_INTTYPES_H=1 -DHAVE_STDINT_H=1 -DHAVE_STRINGS_H=1 -DHAVE_SYS_STAT_H=1 -DHAVE_SYS_TYPES_H=1 -DHAVE_UNISTD_H=1 -DSTDC_HEADERS=1 -DHAVE_DLFCN_H=1 -DLT_OBJDIR=\".libs/\" -DHAVE_FUNC_ATTRIBUTE_VISIBILITY=1 -DHAVE_GMTIME_R=1 -DHAVE_PTHREAD_PRIO_INHERIT=1 -DHAVE_PTHREAD=1 -DHasTHREADS=1 -DHasJPEG=1 -DHasZLIB=1 -DHasTIFF=1 -DHAVE_TIFFCONF_H=1 -I.  -I../include -I../include   -O2 -m64 -march=x86-64 -mtune=generic -flto=auto -ffat-lto-objects -fvisibility=hidden -pthread -MT cmscam02.lo -MD -MP -MF $depbase.Tpo -c -o cmscam02.lo cmscam02.c &&\
mv -f $depbase.Tpo $depbase.Plo
libtool: compile:  x86_64-unknown-linux-musl-gcc "-DPACKAGE_NAME=\"lcms2\"" "-DPACKAGE_TARNAME=\"lcms2\"" "-DPACKAGE_VERSION=\"2.16\"" "-DPACKAGE_STRING=\"lcms2 2.16\"" "-DPACKAGE_BUGREPORT=\"\"" "-DPACKAGE_URL=\"\"" -DHAVE_STDIO_H=1 -DHAVE_STDLIB_H=1 -DHAVE_STRING_H=1 -DHAVE_INTTYPES_H=1 -DHAVE_STDINT_H=1 -DHAVE_STRINGS_H=1 -DHAVE_SYS_STAT_H=1 -DHAVE_SYS_TYPES_H=1 -DHAVE_UNISTD_H=1 -DSTDC_HEADERS=1 -DHAVE_DLFCN_H=1 "-DLT_OBJDIR=\".libs/\"" -DHAVE_FUNC_ATTRIBUTE_VISIBILITY=1 -DHAVE_GMTIME_R=1 -DHAVE_PTHREAD_PRIO_INHERIT=1 -DHAVE_PTHREAD=1 -DHasTHREADS=1 -DHasJPEG=1 -DHasZLIB=1 -DHasTIFF=1 -DHAVE_TIFFCONF_H=1 -I. -I../include -I../include -O2 -m64 -march=x86-64 -mtune=generic -flto=auto -ffat-lto-objects -fvisibility=hidden -pthread -MT cmspcs.lo -MD -MP -MF .deps/cmspcs.Tpo -c cmspcs.c -o cmspcs.o >/dev/null 2>&1
depbase=`echo cmsvirt.lo | sed 's|[^/]*$|.deps/&|;s|\.lo$||'`;\
/bin/sh ../libtool  --tag=CC   --mode=compile x86_64-unknown-linux-musl-gcc -DPACKAGE_NAME=\"lcms2\" -DPACKAGE_TARNAME=\"lcms2\" -DPACKAGE_VERSION=\"2.16\" -DPACKAGE_STRING=\"lcms2\ 2.16\" -DPACKAGE_BUGREPORT=\"\" -DPACKAGE_URL=\"\" -DHAVE_STDIO_H=1 -DHAVE_STDLIB_H=1 -DHAVE_STRING_H=1 -DHAVE_INTTYPES_H=1 -DHAVE_STDINT_H=1 -DHAVE_STRINGS_H=1 -DHAVE_SYS_STAT_H=1 -DHAVE_SYS_TYPES_H=1 -DHAVE_UNISTD_H=1 -DSTDC_HEADERS=1 -DHAVE_DLFCN_H=1 -DLT_OBJDIR=\".libs/\" -DHAVE_FUNC_ATTRIBUTE_VISIBILITY=1 -DHAVE_GMTIME_R=1 -DHAVE_PTHREAD_PRIO_INHERIT=1 -DHAVE_PTHREAD=1 -DHasTHREADS=1 -DHasJPEG=1 -DHasZLIB=1 -DHasTIFF=1 -DHAVE_TIFFCONF_H=1 -I.  -I../include -I../include   -O2 -m64 -march=x86-64 -mtune=generic -flto=auto -ffat-lto-objects -fvisibility=hidden -pthread -MT cmsvirt.lo -MD -MP -MF $depbase.Tpo -c -o cmsvirt.lo cmsvirt.c &&\
mv -f $depbase.Tpo $depbase.Plo
libtool: compile:  x86_64-unknown-linux-musl-gcc "-DPACKAGE_NAME=\"lcms2\"" "-DPACKAGE_TARNAME=\"lcms2\"" "-DPACKAGE_VERSION=\"2.16\"" "-DPACKAGE_STRING=\"lcms2 2.16\"" "-DPACKAGE_BUGREPORT=\"\"" "-DPACKAGE_URL=\"\"" -DHAVE_STDIO_H=1 -DHAVE_STDLIB_H=1 -DHAVE_STRING_H=1 -DHAVE_INTTYPES_H=1 -DHAVE_STDINT_H=1 -DHAVE_STRINGS_H=1 -DHAVE_SYS_STAT_H=1 -DHAVE_SYS_TYPES_H=1 -DHAVE_UNISTD_H=1 -DSTDC_HEADERS=1 -DHAVE_DLFCN_H=1 "-DLT_OBJDIR=\".libs/\"" -DHAVE_FUNC_ATTRIBUTE_VISIBILITY=1 -DHAVE_GMTIME_R=1 -DHAVE_PTHREAD_PRIO_INHERIT=1 -DHAVE_PTHREAD=1 -DHasTHREADS=1 -DHasJPEG=1 -DHasZLIB=1 -DHasTIFF=1 -DHAVE_TIFFCONF_H=1 -I. -I../include -I../include -O2 -m64 -march=x86-64 -mtune=generic -flto=auto -ffat-lto-objects -fvisibility=hidden -pthread -MT cmscam02.lo -MD -MP -MF .deps/cmscam02.Tpo -c cmscam02.c  -fPIC -DPIC -o .libs/cmscam02.o
libtool: compile:  x86_64-unknown-linux-musl-gcc "-DPACKAGE_NAME=\"lcms2\"" "-DPACKAGE_TARNAME=\"lcms2\"" "-DPACKAGE_VERSION=\"2.16\"" "-DPACKAGE_STRING=\"lcms2 2.16\"" "-DPACKAGE_BUGREPORT=\"\"" "-DPACKAGE_URL=\"\"" -DHAVE_STDIO_H=1 -DHAVE_STDLIB_H=1 -DHAVE_STRING_H=1 -DHAVE_INTTYPES_H=1 -DHAVE_STDINT_H=1 -DHAVE_STRINGS_H=1 -DHAVE_SYS_STAT_H=1 -DHAVE_SYS_TYPES_H=1 -DHAVE_UNISTD_H=1 -DSTDC_HEADERS=1 -DHAVE_DLFCN_H=1 "-DLT_OBJDIR=\".libs/\"" -DHAVE_FUNC_ATTRIBUTE_VISIBILITY=1 -DHAVE_GMTIME_R=1 -DHAVE_PTHREAD_PRIO_INHERIT=1 -DHAVE_PTHREAD=1 -DHasTHREADS=1 -DHasJPEG=1 -DHasZLIB=1 -DHasTIFF=1 -DHAVE_TIFFCONF_H=1 -I. -I../include -I../include -O2 -m64 -march=x86-64 -mtune=generic -flto=auto -ffat-lto-objects -fvisibility=hidden -pthread -MT cmssamp.lo -MD -MP -MF .deps/cmssamp.Tpo -c cmssamp.c -o cmssamp.o >/dev/null 2>&1
libtool: compile:  x86_64-unknown-linux-musl-gcc "-DPACKAGE_NAME=\"lcms2\"" "-DPACKAGE_TARNAME=\"lcms2\"" "-DPACKAGE_VERSION=\"2.16\"" "-DPACKAGE_STRING=\"lcms2 2.16\"" "-DPACKAGE_BUGREPORT=\"\"" "-DPACKAGE_URL=\"\"" -DHAVE_STDIO_H=1 -DHAVE_STDLIB_H=1 -DHAVE_STRING_H=1 -DHAVE_INTTYPES_H=1 -DHAVE_STDINT_H=1 -DHAVE_STRINGS_H=1 -DHAVE_SYS_STAT_H=1 -DHAVE_SYS_TYPES_H=1 -DHAVE_UNISTD_H=1 -DSTDC_HEADERS=1 -DHAVE_DLFCN_H=1 "-DLT_OBJDIR=\".libs/\"" -DHAVE_FUNC_ATTRIBUTE_VISIBILITY=1 -DHAVE_GMTIME_R=1 -DHAVE_PTHREAD_PRIO_INHERIT=1 -DHAVE_PTHREAD=1 -DHasTHREADS=1 -DHasJPEG=1 -DHasZLIB=1 -DHasTIFF=1 -DHAVE_TIFFCONF_H=1 -I. -I../include -I../include -O2 -m64 -march=x86-64 -mtune=generic -flto=auto -ffat-lto-objects -fvisibility=hidden -pthread -MT cmsvirt.lo -MD -MP -MF .deps/cmsvirt.Tpo -c cmsvirt.c  -fPIC -DPIC -o .libs/cmsvirt.o
libtool: compile:  x86_64-unknown-linux-musl-gcc "-DPACKAGE_NAME=\"lcms2\"" "-DPACKAGE_TARNAME=\"lcms2\"" "-DPACKAGE_VERSION=\"2.16\"" "-DPACKAGE_STRING=\"lcms2 2.16\"" "-DPACKAGE_BUGREPORT=\"\"" "-DPACKAGE_URL=\"\"" -DHAVE_STDIO_H=1 -DHAVE_STDLIB_H=1 -DHAVE_STRING_H=1 -DHAVE_INTTYPES_H=1 -DHAVE_STDINT_H=1 -DHAVE_STRINGS_H=1 -DHAVE_SYS_STAT_H=1 -DHAVE_SYS_TYPES_H=1 -DHAVE_UNISTD_H=1 -DSTDC_HEADERS=1 -DHAVE_DLFCN_H=1 "-DLT_OBJDIR=\".libs/\"" -DHAVE_FUNC_ATTRIBUTE_VISIBILITY=1 -DHAVE_GMTIME_R=1 -DHAVE_PTHREAD_PRIO_INHERIT=1 -DHAVE_PTHREAD=1 -DHasTHREADS=1 -DHasJPEG=1 -DHasZLIB=1 -DHasTIFF=1 -DHAVE_TIFFCONF_H=1 -I. -I../include -I../include -O2 -m64 -march=x86-64 -mtune=generic -flto=auto -ffat-lto-objects -fvisibility=hidden -pthread -MT cmsxform.lo -MD -MP -MF .deps/cmsxform.Tpo -c cmsxform.c -o cmsxform.o >/dev/null 2>&1
depbase=`echo cmstypes.lo | sed 's|[^/]*$|.deps/&|;s|\.lo$||'`;\
/bin/sh ../libtool  --tag=CC   --mode=compile x86_64-unknown-linux-musl-gcc -DPACKAGE_NAME=\"lcms2\" -DPACKAGE_TARNAME=\"lcms2\" -DPACKAGE_VERSION=\"2.16\" -DPACKAGE_STRING=\"lcms2\ 2.16\" -DPACKAGE_BUGREPORT=\"\" -DPACKAGE_URL=\"\" -DHAVE_STDIO_H=1 -DHAVE_STDLIB_H=1 -DHAVE_STRING_H=1 -DHAVE_INTTYPES_H=1 -DHAVE_STDINT_H=1 -DHAVE_STRINGS_H=1 -DHAVE_SYS_STAT_H=1 -DHAVE_SYS_TYPES_H=1 -DHAVE_UNISTD_H=1 -DSTDC_HEADERS=1 -DHAVE_DLFCN_H=1 -DLT_OBJDIR=\".libs/\" -DHAVE_FUNC_ATTRIBUTE_VISIBILITY=1 -DHAVE_GMTIME_R=1 -DHAVE_PTHREAD_PRIO_INHERIT=1 -DHAVE_PTHREAD=1 -DHasTHREADS=1 -DHasJPEG=1 -DHasZLIB=1 -DHasTIFF=1 -DHAVE_TIFFCONF_H=1 -I.  -I../include -I../include   -O2 -m64 -march=x86-64 -mtune=generic -flto=auto -ffat-lto-objects -fvisibility=hidden -pthread -MT cmstypes.lo -MD -MP -MF $depbase.Tpo -c -o cmstypes.lo cmstypes.c &&\
mv -f $depbase.Tpo $depbase.Plo
libtool: compile:  x86_64-unknown-linux-musl-gcc "-DPACKAGE_NAME=\"lcms2\"" "-DPACKAGE_TARNAME=\"lcms2\"" "-DPACKAGE_VERSION=\"2.16\"" "-DPACKAGE_STRING=\"lcms2 2.16\"" "-DPACKAGE_BUGREPORT=\"\"" "-DPACKAGE_URL=\"\"" -DHAVE_STDIO_H=1 -DHAVE_STDLIB_H=1 -DHAVE_STRING_H=1 -DHAVE_INTTYPES_H=1 -DHAVE_STDINT_H=1 -DHAVE_STRINGS_H=1 -DHAVE_SYS_STAT_H=1 -DHAVE_SYS_TYPES_H=1 -DHAVE_UNISTD_H=1 -DSTDC_HEADERS=1 -DHAVE_DLFCN_H=1 "-DLT_OBJDIR=\".libs/\"" -DHAVE_FUNC_ATTRIBUTE_VISIBILITY=1 -DHAVE_GMTIME_R=1 -DHAVE_PTHREAD_PRIO_INHERIT=1 -DHAVE_PTHREAD=1 -DHasTHREADS=1 -DHasJPEG=1 -DHasZLIB=1 -DHasTIFF=1 -DHAVE_TIFFCONF_H=1 -I. -I../include -I../include -O2 -m64 -march=x86-64 -mtune=generic -flto=auto -ffat-lto-objects -fvisibility=hidden -pthread -MT cmscam02.lo -MD -MP -MF .deps/cmscam02.Tpo -c cmscam02.c -o cmscam02.o >/dev/null 2>&1
libtool: compile:  x86_64-unknown-linux-musl-gcc "-DPACKAGE_NAME=\"lcms2\"" "-DPACKAGE_TARNAME=\"lcms2\"" "-DPACKAGE_VERSION=\"2.16\"" "-DPACKAGE_STRING=\"lcms2 2.16\"" "-DPACKAGE_BUGREPORT=\"\"" "-DPACKAGE_URL=\"\"" -DHAVE_STDIO_H=1 -DHAVE_STDLIB_H=1 -DHAVE_STRING_H=1 -DHAVE_INTTYPES_H=1 -DHAVE_STDINT_H=1 -DHAVE_STRINGS_H=1 -DHAVE_SYS_STAT_H=1 -DHAVE_SYS_TYPES_H=1 -DHAVE_UNISTD_H=1 -DSTDC_HEADERS=1 -DHAVE_DLFCN_H=1 "-DLT_OBJDIR=\".libs/\"" -DHAVE_FUNC_ATTRIBUTE_VISIBILITY=1 -DHAVE_GMTIME_R=1 -DHAVE_PTHREAD_PRIO_INHERIT=1 -DHAVE_PTHREAD=1 -DHasTHREADS=1 -DHasJPEG=1 -DHasZLIB=1 -DHasTIFF=1 -DHAVE_TIFFCONF_H=1 -I. -I../include -I../include -O2 -m64 -march=x86-64 -mtune=generic -flto=auto -ffat-lto-objects -fvisibility=hidden -pthread -MT cmstypes.lo -MD -MP -MF .deps/cmstypes.Tpo -c cmstypes.c  -fPIC -DPIC -o .libs/cmstypes.o
depbase=`echo cmscgats.lo | sed 's|[^/]*$|.deps/&|;s|\.lo$||'`;\
/bin/sh ../libtool  --tag=CC   --mode=compile x86_64-unknown-linux-musl-gcc -DPACKAGE_NAME=\"lcms2\" -DPACKAGE_TARNAME=\"lcms2\" -DPACKAGE_VERSION=\"2.16\" -DPACKAGE_STRING=\"lcms2\ 2.16\" -DPACKAGE_BUGREPORT=\"\" -DPACKAGE_URL=\"\" -DHAVE_STDIO_H=1 -DHAVE_STDLIB_H=1 -DHAVE_STRING_H=1 -DHAVE_INTTYPES_H=1 -DHAVE_STDINT_H=1 -DHAVE_STRINGS_H=1 -DHAVE_SYS_STAT_H=1 -DHAVE_SYS_TYPES_H=1 -DHAVE_UNISTD_H=1 -DSTDC_HEADERS=1 -DHAVE_DLFCN_H=1 -DLT_OBJDIR=\".libs/\" -DHAVE_FUNC_ATTRIBUTE_VISIBILITY=1 -DHAVE_GMTIME_R=1 -DHAVE_PTHREAD_PRIO_INHERIT=1 -DHAVE_PTHREAD=1 -DHasTHREADS=1 -DHasJPEG=1 -DHasZLIB=1 -DHasTIFF=1 -DHAVE_TIFFCONF_H=1 -I.  -I../include -I../include   -O2 -m64 -march=x86-64 -mtune=generic -flto=auto -ffat-lto-objects -fvisibility=hidden -pthread -MT cmscgats.lo -MD -MP -MF $depbase.Tpo -c -o cmscgats.lo cmscgats.c &&\
mv -f $depbase.Tpo $depbase.Plo
libtool: compile:  x86_64-unknown-linux-musl-gcc "-DPACKAGE_NAME=\"lcms2\"" "-DPACKAGE_TARNAME=\"lcms2\"" "-DPACKAGE_VERSION=\"2.16\"" "-DPACKAGE_STRING=\"lcms2 2.16\"" "-DPACKAGE_BUGREPORT=\"\"" "-DPACKAGE_URL=\"\"" -DHAVE_STDIO_H=1 -DHAVE_STDLIB_H=1 -DHAVE_STRING_H=1 -DHAVE_INTTYPES_H=1 -DHAVE_STDINT_H=1 -DHAVE_STRINGS_H=1 -DHAVE_SYS_STAT_H=1 -DHAVE_SYS_TYPES_H=1 -DHAVE_UNISTD_H=1 -DSTDC_HEADERS=1 -DHAVE_DLFCN_H=1 "-DLT_OBJDIR=\".libs/\"" -DHAVE_FUNC_ATTRIBUTE_VISIBILITY=1 -DHAVE_GMTIME_R=1 -DHAVE_PTHREAD_PRIO_INHERIT=1 -DHAVE_PTHREAD=1 -DHasTHREADS=1 -DHasJPEG=1 -DHasZLIB=1 -DHasTIFF=1 -DHAVE_TIFFCONF_H=1 -I. -I../include -I../include -O2 -m64 -march=x86-64 -mtune=generic -flto=auto -ffat-lto-objects -fvisibility=hidden -pthread -MT cmsnamed.lo -MD -MP -MF .deps/cmsnamed.Tpo -c cmsnamed.c -o cmsnamed.o >/dev/null 2>&1
libtool: compile:  x86_64-unknown-linux-musl-gcc "-DPACKAGE_NAME=\"lcms2\"" "-DPACKAGE_TARNAME=\"lcms2\"" "-DPACKAGE_VERSION=\"2.16\"" "-DPACKAGE_STRING=\"lcms2 2.16\"" "-DPACKAGE_BUGREPORT=\"\"" "-DPACKAGE_URL=\"\"" -DHAVE_STDIO_H=1 -DHAVE_STDLIB_H=1 -DHAVE_STRING_H=1 -DHAVE_INTTYPES_H=1 -DHAVE_STDINT_H=1 -DHAVE_STRINGS_H=1 -DHAVE_SYS_STAT_H=1 -DHAVE_SYS_TYPES_H=1 -DHAVE_UNISTD_H=1 -DSTDC_HEADERS=1 -DHAVE_DLFCN_H=1 "-DLT_OBJDIR=\".libs/\"" -DHAVE_FUNC_ATTRIBUTE_VISIBILITY=1 -DHAVE_GMTIME_R=1 -DHAVE_PTHREAD_PRIO_INHERIT=1 -DHAVE_PTHREAD=1 -DHasTHREADS=1 -DHasJPEG=1 -DHasZLIB=1 -DHasTIFF=1 -DHAVE_TIFFCONF_H=1 -I. -I../include -I../include -O2 -m64 -march=x86-64 -mtune=generic -flto=auto -ffat-lto-objects -fvisibility=hidden -pthread -MT cmscgats.lo -MD -MP -MF .deps/cmscgats.Tpo -c cmscgats.c  -fPIC -DPIC -o .libs/cmscgats.o
libtool: compile:  x86_64-unknown-linux-musl-gcc "-DPACKAGE_NAME=\"lcms2\"" "-DPACKAGE_TARNAME=\"lcms2\"" "-DPACKAGE_VERSION=\"2.16\"" "-DPACKAGE_STRING=\"lcms2 2.16\"" "-DPACKAGE_BUGREPORT=\"\"" "-DPACKAGE_URL=\"\"" -DHAVE_STDIO_H=1 -DHAVE_STDLIB_H=1 -DHAVE_STRING_H=1 -DHAVE_INTTYPES_H=1 -DHAVE_STDINT_H=1 -DHAVE_STRINGS_H=1 -DHAVE_SYS_STAT_H=1 -DHAVE_SYS_TYPES_H=1 -DHAVE_UNISTD_H=1 -DSTDC_HEADERS=1 -DHAVE_DLFCN_H=1 "-DLT_OBJDIR=\".libs/\"" -DHAVE_FUNC_ATTRIBUTE_VISIBILITY=1 -DHAVE_GMTIME_R=1 -DHAVE_PTHREAD_PRIO_INHERIT=1 -DHAVE_PTHREAD=1 -DHasTHREADS=1 -DHasJPEG=1 -DHasZLIB=1 -DHasTIFF=1 -DHAVE_TIFFCONF_H=1 -I. -I../include -I../include -O2 -m64 -march=x86-64 -mtune=generic -flto=auto -ffat-lto-objects -fvisibility=hidden -pthread -MT cmsvirt.lo -MD -MP -MF .deps/cmsvirt.Tpo -c cmsvirt.c -o cmsvirt.o >/dev/null 2>&1
depbase=`echo cmsps2.lo | sed 's|[^/]*$|.deps/&|;s|\.lo$||'`;\
/bin/sh ../libtool  --tag=CC   --mode=compile x86_64-unknown-linux-musl-gcc -DPACKAGE_NAME=\"lcms2\" -DPACKAGE_TARNAME=\"lcms2\" -DPACKAGE_VERSION=\"2.16\" -DPACKAGE_STRING=\"lcms2\ 2.16\" -DPACKAGE_BUGREPORT=\"\" -DPACKAGE_URL=\"\" -DHAVE_STDIO_H=1 -DHAVE_STDLIB_H=1 -DHAVE_STRING_H=1 -DHAVE_INTTYPES_H=1 -DHAVE_STDINT_H=1 -DHAVE_STRINGS_H=1 -DHAVE_SYS_STAT_H=1 -DHAVE_SYS_TYPES_H=1 -DHAVE_UNISTD_H=1 -DSTDC_HEADERS=1 -DHAVE_DLFCN_H=1 -DLT_OBJDIR=\".libs/\" -DHAVE_FUNC_ATTRIBUTE_VISIBILITY=1 -DHAVE_GMTIME_R=1 -DHAVE_PTHREAD_PRIO_INHERIT=1 -DHAVE_PTHREAD=1 -DHasTHREADS=1 -DHasJPEG=1 -DHasZLIB=1 -DHasTIFF=1 -DHAVE_TIFFCONF_H=1 -I.  -I../include -I../include   -O2 -m64 -march=x86-64 -mtune=generic -flto=auto -ffat-lto-objects -fvisibility=hidden -pthread -MT cmsps2.lo -MD -MP -MF $depbase.Tpo -c -o cmsps2.lo cmsps2.c &&\
mv -f $depbase.Tpo $depbase.Plo
libtool: compile:  x86_64-unknown-linux-musl-gcc "-DPACKAGE_NAME=\"lcms2\"" "-DPACKAGE_TARNAME=\"lcms2\"" "-DPACKAGE_VERSION=\"2.16\"" "-DPACKAGE_STRING=\"lcms2 2.16\"" "-DPACKAGE_BUGREPORT=\"\"" "-DPACKAGE_URL=\"\"" -DHAVE_STDIO_H=1 -DHAVE_STDLIB_H=1 -DHAVE_STRING_H=1 -DHAVE_INTTYPES_H=1 -DHAVE_STDINT_H=1 -DHAVE_STRINGS_H=1 -DHAVE_SYS_STAT_H=1 -DHAVE_SYS_TYPES_H=1 -DHAVE_UNISTD_H=1 -DSTDC_HEADERS=1 -DHAVE_DLFCN_H=1 "-DLT_OBJDIR=\".libs/\"" -DHAVE_FUNC_ATTRIBUTE_VISIBILITY=1 -DHAVE_GMTIME_R=1 -DHAVE_PTHREAD_PRIO_INHERIT=1 -DHAVE_PTHREAD=1 -DHasTHREADS=1 -DHasJPEG=1 -DHasZLIB=1 -DHasTIFF=1 -DHAVE_TIFFCONF_H=1 -I. -I../include -I../include -O2 -m64 -march=x86-64 -mtune=generic -flto=auto -ffat-lto-objects -fvisibility=hidden -pthread -MT cmsps2.lo -MD -MP -MF .deps/cmsps2.Tpo -c cmsps2.c  -fPIC -DPIC -o .libs/cmsps2.o
depbase=`echo cmsopt.lo | sed 's|[^/]*$|.deps/&|;s|\.lo$||'`;\
/bin/sh ../libtool  --tag=CC   --mode=compile x86_64-unknown-linux-musl-gcc -DPACKAGE_NAME=\"lcms2\" -DPACKAGE_TARNAME=\"lcms2\" -DPACKAGE_VERSION=\"2.16\" -DPACKAGE_STRING=\"lcms2\ 2.16\" -DPACKAGE_BUGREPORT=\"\" -DPACKAGE_URL=\"\" -DHAVE_STDIO_H=1 -DHAVE_STDLIB_H=1 -DHAVE_STRING_H=1 -DHAVE_INTTYPES_H=1 -DHAVE_STDINT_H=1 -DHAVE_STRINGS_H=1 -DHAVE_SYS_STAT_H=1 -DHAVE_SYS_TYPES_H=1 -DHAVE_UNISTD_H=1 -DSTDC_HEADERS=1 -DHAVE_DLFCN_H=1 -DLT_OBJDIR=\".libs/\" -DHAVE_FUNC_ATTRIBUTE_VISIBILITY=1 -DHAVE_GMTIME_R=1 -DHAVE_PTHREAD_PRIO_INHERIT=1 -DHAVE_PTHREAD=1 -DHasTHREADS=1 -DHasJPEG=1 -DHasZLIB=1 -DHasTIFF=1 -DHAVE_TIFFCONF_H=1 -I.  -I../include -I../include   -O2 -m64 -march=x86-64 -mtune=generic -flto=auto -ffat-lto-objects -fvisibility=hidden -pthread -MT cmsopt.lo -MD -MP -MF $depbase.Tpo -c -o cmsopt.lo cmsopt.c &&\
mv -f $depbase.Tpo $depbase.Plo
libtool: compile:  x86_64-unknown-linux-musl-gcc "-DPACKAGE_NAME=\"lcms2\"" "-DPACKAGE_TARNAME=\"lcms2\"" "-DPACKAGE_VERSION=\"2.16\"" "-DPACKAGE_STRING=\"lcms2 2.16\"" "-DPACKAGE_BUGREPORT=\"\"" "-DPACKAGE_URL=\"\"" -DHAVE_STDIO_H=1 -DHAVE_STDLIB_H=1 -DHAVE_STRING_H=1 -DHAVE_INTTYPES_H=1 -DHAVE_STDINT_H=1 -DHAVE_STRINGS_H=1 -DHAVE_SYS_STAT_H=1 -DHAVE_SYS_TYPES_H=1 -DHAVE_UNISTD_H=1 -DSTDC_HEADERS=1 -DHAVE_DLFCN_H=1 "-DLT_OBJDIR=\".libs/\"" -DHAVE_FUNC_ATTRIBUTE_VISIBILITY=1 -DHAVE_GMTIME_R=1 -DHAVE_PTHREAD_PRIO_INHERIT=1 -DHAVE_PTHREAD=1 -DHasTHREADS=1 -DHasJPEG=1 -DHasZLIB=1 -DHasTIFF=1 -DHAVE_TIFFCONF_H=1 -I. -I../include -I../include -O2 -m64 -march=x86-64 -mtune=generic -flto=auto -ffat-lto-objects -fvisibility=hidden -pthread -MT cmsopt.lo -MD -MP -MF .deps/cmsopt.Tpo -c cmsopt.c  -fPIC -DPIC -o .libs/cmsopt.o
depbase=`echo cmshalf.lo | sed 's|[^/]*$|.deps/&|;s|\.lo$||'`;\
/bin/sh ../libtool  --tag=CC   --mode=compile x86_64-unknown-linux-musl-gcc -DPACKAGE_NAME=\"lcms2\" -DPACKAGE_TARNAME=\"lcms2\" -DPACKAGE_VERSION=\"2.16\" -DPACKAGE_STRING=\"lcms2\ 2.16\" -DPACKAGE_BUGREPORT=\"\" -DPACKAGE_URL=\"\" -DHAVE_STDIO_H=1 -DHAVE_STDLIB_H=1 -DHAVE_STRING_H=1 -DHAVE_INTTYPES_H=1 -DHAVE_STDINT_H=1 -DHAVE_STRINGS_H=1 -DHAVE_SYS_STAT_H=1 -DHAVE_SYS_TYPES_H=1 -DHAVE_UNISTD_H=1 -DSTDC_HEADERS=1 -DHAVE_DLFCN_H=1 -DLT_OBJDIR=\".libs/\" -DHAVE_FUNC_ATTRIBUTE_VISIBILITY=1 -DHAVE_GMTIME_R=1 -DHAVE_PTHREAD_PRIO_INHERIT=1 -DHAVE_PTHREAD=1 -DHasTHREADS=1 -DHasJPEG=1 -DHasZLIB=1 -DHasTIFF=1 -DHAVE_TIFFCONF_H=1 -I.  -I../include -I../include   -O2 -m64 -march=x86-64 -mtune=generic -flto=auto -ffat-lto-objects -fvisibility=hidden -pthread -MT cmshalf.lo -MD -MP -MF $depbase.Tpo -c -o cmshalf.lo cmshalf.c &&\
mv -f $depbase.Tpo $depbase.Plo
libtool: compile:  x86_64-unknown-linux-musl-gcc "-DPACKAGE_NAME=\"lcms2\"" "-DPACKAGE_TARNAME=\"lcms2\"" "-DPACKAGE_VERSION=\"2.16\"" "-DPACKAGE_STRING=\"lcms2 2.16\"" "-DPACKAGE_BUGREPORT=\"\"" "-DPACKAGE_URL=\"\"" -DHAVE_STDIO_H=1 -DHAVE_STDLIB_H=1 -DHAVE_STRING_H=1 -DHAVE_INTTYPES_H=1 -DHAVE_STDINT_H=1 -DHAVE_STRINGS_H=1 -DHAVE_SYS_STAT_H=1 -DHAVE_SYS_TYPES_H=1 -DHAVE_UNISTD_H=1 -DSTDC_HEADERS=1 -DHAVE_DLFCN_H=1 "-DLT_OBJDIR=\".libs/\"" -DHAVE_FUNC_ATTRIBUTE_VISIBILITY=1 -DHAVE_GMTIME_R=1 -DHAVE_PTHREAD_PRIO_INHERIT=1 -DHAVE_PTHREAD=1 -DHasTHREADS=1 -DHasJPEG=1 -DHasZLIB=1 -DHasTIFF=1 -DHAVE_TIFFCONF_H=1 -I. -I../include -I../include -O2 -m64 -march=x86-64 -mtune=generic -flto=auto -ffat-lto-objects -fvisibility=hidden -pthread -MT cmshalf.lo -MD -MP -MF .deps/cmshalf.Tpo -c cmshalf.c  -fPIC -DPIC -o .libs/cmshalf.o
depbase=`echo cmsalpha.lo | sed 's|[^/]*$|.deps/&|;s|\.lo$||'`;\
/bin/sh ../libtool  --tag=CC   --mode=compile x86_64-unknown-linux-musl-gcc -DPACKAGE_NAME=\"lcms2\" -DPACKAGE_TARNAME=\"lcms2\" -DPACKAGE_VERSION=\"2.16\" -DPACKAGE_STRING=\"lcms2\ 2.16\" -DPACKAGE_BUGREPORT=\"\" -DPACKAGE_URL=\"\" -DHAVE_STDIO_H=1 -DHAVE_STDLIB_H=1 -DHAVE_STRING_H=1 -DHAVE_INTTYPES_H=1 -DHAVE_STDINT_H=1 -DHAVE_STRINGS_H=1 -DHAVE_SYS_STAT_H=1 -DHAVE_SYS_TYPES_H=1 -DHAVE_UNISTD_H=1 -DSTDC_HEADERS=1 -DHAVE_DLFCN_H=1 -DLT_OBJDIR=\".libs/\" -DHAVE_FUNC_ATTRIBUTE_VISIBILITY=1 -DHAVE_GMTIME_R=1 -DHAVE_PTHREAD_PRIO_INHERIT=1 -DHAVE_PTHREAD=1 -DHasTHREADS=1 -DHasJPEG=1 -DHasZLIB=1 -DHasTIFF=1 -DHAVE_TIFFCONF_H=1 -I.  -I../include -I../include   -O2 -m64 -march=x86-64 -mtune=generic -flto=auto -ffat-lto-objects -fvisibility=hidden -pthread -MT cmsalpha.lo -MD -MP -MF $depbase.Tpo -c -o cmsalpha.lo cmsalpha.c &&\
mv -f $depbase.Tpo $depbase.Plo
libtool: compile:  x86_64-unknown-linux-musl-gcc "-DPACKAGE_NAME=\"lcms2\"" "-DPACKAGE_TARNAME=\"lcms2\"" "-DPACKAGE_VERSION=\"2.16\"" "-DPACKAGE_STRING=\"lcms2 2.16\"" "-DPACKAGE_BUGREPORT=\"\"" "-DPACKAGE_URL=\"\"" -DHAVE_STDIO_H=1 -DHAVE_STDLIB_H=1 -DHAVE_STRING_H=1 -DHAVE_INTTYPES_H=1 -DHAVE_STDINT_H=1 -DHAVE_STRINGS_H=1 -DHAVE_SYS_STAT_H=1 -DHAVE_SYS_TYPES_H=1 -DHAVE_UNISTD_H=1 -DSTDC_HEADERS=1 -DHAVE_DLFCN_H=1 "-DLT_OBJDIR=\".libs/\"" -DHAVE_FUNC_ATTRIBUTE_VISIBILITY=1 -DHAVE_GMTIME_R=1 -DHAVE_PTHREAD_PRIO_INHERIT=1 -DHAVE_PTHREAD=1 -DHasTHREADS=1 -DHasJPEG=1 -DHasZLIB=1 -DHasTIFF=1 -DHAVE_TIFFCONF_H=1 -I. -I../include -I../include -O2 -m64 -march=x86-64 -mtune=generic -flto=auto -ffat-lto-objects -fvisibility=hidden -pthread -MT cmshalf.lo -MD -MP -MF .deps/cmshalf.Tpo -c cmshalf.c -o cmshalf.o >/dev/null 2>&1
libtool: compile:  x86_64-unknown-linux-musl-gcc "-DPACKAGE_NAME=\"lcms2\"" "-DPACKAGE_TARNAME=\"lcms2\"" "-DPACKAGE_VERSION=\"2.16\"" "-DPACKAGE_STRING=\"lcms2 2.16\"" "-DPACKAGE_BUGREPORT=\"\"" "-DPACKAGE_URL=\"\"" -DHAVE_STDIO_H=1 -DHAVE_STDLIB_H=1 -DHAVE_STRING_H=1 -DHAVE_INTTYPES_H=1 -DHAVE_STDINT_H=1 -DHAVE_STRINGS_H=1 -DHAVE_SYS_STAT_H=1 -DHAVE_SYS_TYPES_H=1 -DHAVE_UNISTD_H=1 -DSTDC_HEADERS=1 -DHAVE_DLFCN_H=1 "-DLT_OBJDIR=\".libs/\"" -DHAVE_FUNC_ATTRIBUTE_VISIBILITY=1 -DHAVE_GMTIME_R=1 -DHAVE_PTHREAD_PRIO_INHERIT=1 -DHAVE_PTHREAD=1 -DHasTHREADS=1 -DHasJPEG=1 -DHasZLIB=1 -DHasTIFF=1 -DHAVE_TIFFCONF_H=1 -I. -I../include -I../include -O2 -m64 -march=x86-64 -mtune=generic -flto=auto -ffat-lto-objects -fvisibility=hidden -pthread -MT cmsps2.lo -MD -MP -MF .deps/cmsps2.Tpo -c cmsps2.c -o cmsps2.o >/dev/null 2>&1
libtool: compile:  x86_64-unknown-linux-musl-gcc "-DPACKAGE_NAME=\"lcms2\"" "-DPACKAGE_TARNAME=\"lcms2\"" "-DPACKAGE_VERSION=\"2.16\"" "-DPACKAGE_STRING=\"lcms2 2.16\"" "-DPACKAGE_BUGREPORT=\"\"" "-DPACKAGE_URL=\"\"" -DHAVE_STDIO_H=1 -DHAVE_STDLIB_H=1 -DHAVE_STRING_H=1 -DHAVE_INTTYPES_H=1 -DHAVE_STDINT_H=1 -DHAVE_STRINGS_H=1 -DHAVE_SYS_STAT_H=1 -DHAVE_SYS_TYPES_H=1 -DHAVE_UNISTD_H=1 -DSTDC_HEADERS=1 -DHAVE_DLFCN_H=1 "-DLT_OBJDIR=\".libs/\"" -DHAVE_FUNC_ATTRIBUTE_VISIBILITY=1 -DHAVE_GMTIME_R=1 -DHAVE_PTHREAD_PRIO_INHERIT=1 -DHAVE_PTHREAD=1 -DHasTHREADS=1 -DHasJPEG=1 -DHasZLIB=1 -DHasTIFF=1 -DHAVE_TIFFCONF_H=1 -I. -I../include -I../include -O2 -m64 -march=x86-64 -mtune=generic -flto=auto -ffat-lto-objects -fvisibility=hidden -pthread -MT cmsalpha.lo -MD -MP -MF .deps/cmsalpha.Tpo -c cmsalpha.c  -fPIC -DPIC -o .libs/cmsalpha.o
libtool: compile:  x86_64-unknown-linux-musl-gcc "-DPACKAGE_NAME=\"lcms2\"" "-DPACKAGE_TARNAME=\"lcms2\"" "-DPACKAGE_VERSION=\"2.16\"" "-DPACKAGE_STRING=\"lcms2 2.16\"" "-DPACKAGE_BUGREPORT=\"\"" "-DPACKAGE_URL=\"\"" -DHAVE_STDIO_H=1 -DHAVE_STDLIB_H=1 -DHAVE_STRING_H=1 -DHAVE_INTTYPES_H=1 -DHAVE_STDINT_H=1 -DHAVE_STRINGS_H=1 -DHAVE_SYS_STAT_H=1 -DHAVE_SYS_TYPES_H=1 -DHAVE_UNISTD_H=1 -DSTDC_HEADERS=1 -DHAVE_DLFCN_H=1 "-DLT_OBJDIR=\".libs/\"" -DHAVE_FUNC_ATTRIBUTE_VISIBILITY=1 -DHAVE_GMTIME_R=1 -DHAVE_PTHREAD_PRIO_INHERIT=1 -DHAVE_PTHREAD=1 -DHasTHREADS=1 -DHasJPEG=1 -DHasZLIB=1 -DHasTIFF=1 -DHAVE_TIFFCONF_H=1 -I. -I../include -I../include -O2 -m64 -march=x86-64 -mtune=generic -flto=auto -ffat-lto-objects -fvisibility=hidden -pthread -MT cmspack.lo -MD -MP -MF .deps/cmspack.Tpo -c cmspack.c -o cmspack.o >/dev/null 2>&1
libtool: compile:  x86_64-unknown-linux-musl-gcc "-DPACKAGE_NAME=\"lcms2\"" "-DPACKAGE_TARNAME=\"lcms2\"" "-DPACKAGE_VERSION=\"2.16\"" "-DPACKAGE_STRING=\"lcms2 2.16\"" "-DPACKAGE_BUGREPORT=\"\"" "-DPACKAGE_URL=\"\"" -DHAVE_STDIO_H=1 -DHAVE_STDLIB_H=1 -DHAVE_STRING_H=1 -DHAVE_INTTYPES_H=1 -DHAVE_STDINT_H=1 -DHAVE_STRINGS_H=1 -DHAVE_SYS_STAT_H=1 -DHAVE_SYS_TYPES_H=1 -DHAVE_UNISTD_H=1 -DSTDC_HEADERS=1 -DHAVE_DLFCN_H=1 "-DLT_OBJDIR=\".libs/\"" -DHAVE_FUNC_ATTRIBUTE_VISIBILITY=1 -DHAVE_GMTIME_R=1 -DHAVE_PTHREAD_PRIO_INHERIT=1 -DHAVE_PTHREAD=1 -DHasTHREADS=1 -DHasJPEG=1 -DHasZLIB=1 -DHasTIFF=1 -DHAVE_TIFFCONF_H=1 -I. -I../include -I../include -O2 -m64 -march=x86-64 -mtune=generic -flto=auto -ffat-lto-objects -fvisibility=hidden -pthread -MT cmsalpha.lo -MD -MP -MF .deps/cmsalpha.Tpo -c cmsalpha.c -o cmsalpha.o >/dev/null 2>&1
libtool: compile:  x86_64-unknown-linux-musl-gcc "-DPACKAGE_NAME=\"lcms2\"" "-DPACKAGE_TARNAME=\"lcms2\"" "-DPACKAGE_VERSION=\"2.16\"" "-DPACKAGE_STRING=\"lcms2 2.16\"" "-DPACKAGE_BUGREPORT=\"\"" "-DPACKAGE_URL=\"\"" -DHAVE_STDIO_H=1 -DHAVE_STDLIB_H=1 -DHAVE_STRING_H=1 -DHAVE_INTTYPES_H=1 -DHAVE_STDINT_H=1 -DHAVE_STRINGS_H=1 -DHAVE_SYS_STAT_H=1 -DHAVE_SYS_TYPES_H=1 -DHAVE_UNISTD_H=1 -DSTDC_HEADERS=1 -DHAVE_DLFCN_H=1 "-DLT_OBJDIR=\".libs/\"" -DHAVE_FUNC_ATTRIBUTE_VISIBILITY=1 -DHAVE_GMTIME_R=1 -DHAVE_PTHREAD_PRIO_INHERIT=1 -DHAVE_PTHREAD=1 -DHasTHREADS=1 -DHasJPEG=1 -DHasZLIB=1 -DHasTIFF=1 -DHAVE_TIFFCONF_H=1 -I. -I../include -I../include -O2 -m64 -march=x86-64 -mtune=generic -flto=auto -ffat-lto-objects -fvisibility=hidden -pthread -MT cmsopt.lo -MD -MP -MF .deps/cmsopt.Tpo -c cmsopt.c -o cmsopt.o >/dev/null 2>&1
libtool: compile:  x86_64-unknown-linux-musl-gcc "-DPACKAGE_NAME=\"lcms2\"" "-DPACKAGE_TARNAME=\"lcms2\"" "-DPACKAGE_VERSION=\"2.16\"" "-DPACKAGE_STRING=\"lcms2 2.16\"" "-DPACKAGE_BUGREPORT=\"\"" "-DPACKAGE_URL=\"\"" -DHAVE_STDIO_H=1 -DHAVE_STDLIB_H=1 -DHAVE_STRING_H=1 -DHAVE_INTTYPES_H=1 -DHAVE_STDINT_H=1 -DHAVE_STRINGS_H=1 -DHAVE_SYS_STAT_H=1 -DHAVE_SYS_TYPES_H=1 -DHAVE_UNISTD_H=1 -DSTDC_HEADERS=1 -DHAVE_DLFCN_H=1 "-DLT_OBJDIR=\".libs/\"" -DHAVE_FUNC_ATTRIBUTE_VISIBILITY=1 -DHAVE_GMTIME_R=1 -DHAVE_PTHREAD_PRIO_INHERIT=1 -DHAVE_PTHREAD=1 -DHasTHREADS=1 -DHasJPEG=1 -DHasZLIB=1 -DHasTIFF=1 -DHAVE_TIFFCONF_H=1 -I. -I../include -I../include -O2 -m64 -march=x86-64 -mtune=generic -flto=auto -ffat-lto-objects -fvisibility=hidden -pthread -MT cmscgats.lo -MD -MP -MF .deps/cmscgats.Tpo -c cmscgats.c -o cmscgats.o >/dev/null 2>&1
libtool: compile:  x86_64-unknown-linux-musl-gcc "-DPACKAGE_NAME=\"lcms2\"" "-DPACKAGE_TARNAME=\"lcms2\"" "-DPACKAGE_VERSION=\"2.16\"" "-DPACKAGE_STRING=\"lcms2 2.16\"" "-DPACKAGE_BUGREPORT=\"\"" "-DPACKAGE_URL=\"\"" -DHAVE_STDIO_H=1 -DHAVE_STDLIB_H=1 -DHAVE_STRING_H=1 -DHAVE_INTTYPES_H=1 -DHAVE_STDINT_H=1 -DHAVE_STRINGS_H=1 -DHAVE_SYS_STAT_H=1 -DHAVE_SYS_TYPES_H=1 -DHAVE_UNISTD_H=1 -DSTDC_HEADERS=1 -DHAVE_DLFCN_H=1 "-DLT_OBJDIR=\".libs/\"" -DHAVE_FUNC_ATTRIBUTE_VISIBILITY=1 -DHAVE_GMTIME_R=1 -DHAVE_PTHREAD_PRIO_INHERIT=1 -DHAVE_PTHREAD=1 -DHasTHREADS=1 -DHasJPEG=1 -DHasZLIB=1 -DHasTIFF=1 -DHAVE_TIFFCONF_H=1 -I. -I../include -I../include -O2 -m64 -march=x86-64 -mtune=generic -flto=auto -ffat-lto-objects -fvisibility=hidden -pthread -MT cmstypes.lo -MD -MP -MF .deps/cmstypes.Tpo -c cmstypes.c -o cmstypes.o >/dev/null 2>&1
/bin/sh ../libtool  --tag=CC   --mode=link x86_64-unknown-linux-musl-gcc  -O2 -m64 -march=x86-64 -mtune=generic -flto=auto -ffat-lto-objects -fvisibility=hidden -pthread -no-undefined -version-info 2:16:0  -o liblcms2.la -rpath /usr/lib cmscnvrt.lo cmserr.lo cmsgamma.lo cmsgmt.lo cmsintrp.lo cmsio0.lo cmsio1.lo cmslut.lo cmsplugin.lo cmssm.lo cmsmd5.lo cmsmtrx.lo cmspack.lo cmspcs.lo cmswtpnt.lo cmsxform.lo cmssamp.lo cmsnamed.lo cmscam02.lo cmsvirt.lo cmstypes.lo cmscgats.lo cmsps2.lo cmsopt.lo cmshalf.lo cmsalpha.lo -lm -lpthread 
libtool: link: x86_64-unknown-linux-musl-gcc -shared  -fPIC -DPIC  .libs/cmscnvrt.o .libs/cmserr.o .libs/cmsgamma.o .libs/cmsgmt.o .libs/cmsintrp.o .libs/cmsio0.o .libs/cmsio1.o .libs/cmslut.o .libs/cmsplugin.o .libs/cmssm.o .libs/cmsmd5.o .libs/cmsmtrx.o .libs/cmspack.o .libs/cmspcs.o .libs/cmswtpnt.o .libs/cmsxform.o .libs/cmssamp.o .libs/cmsnamed.o .libs/cmscam02.o .libs/cmsvirt.o .libs/cmstypes.o .libs/cmscgats.o .libs/cmsps2.o .libs/cmsopt.o .libs/cmshalf.o .libs/cmsalpha.o   -lm -lpthread  -O2 -m64 -march=x86-64 -mtune=generic -flto=auto   -pthread -Wl,-soname -Wl,liblcms2.so.2 -o .libs/liblcms2.so.2.0.16
libtool: link: (cd ".libs" && rm -f "liblcms2.so.2" && ln -s "liblcms2.so.2.0.16" "liblcms2.so.2")
libtool: link: (cd ".libs" && rm -f "liblcms2.so" && ln -s "liblcms2.so.2.0.16" "liblcms2.so")
libtool: link: x86_64-unknown-linux-musl-ar cr .libs/liblcms2.a  cmscnvrt.o cmserr.o cmsgamma.o cmsgmt.o cmsintrp.o cmsio0.o cmsio1.o cmslut.o cmsplugin.o cmssm.o cmsmd5.o cmsmtrx.o cmspack.o cmspcs.o cmswtpnt.o cmsxform.o cmssamp.o cmsnamed.o cmscam02.o cmsvirt.o cmstypes.o cmscgats.o cmsps2.o cmsopt.o cmshalf.o cmsalpha.o
libtool: link: x86_64-unknown-linux-musl-ranlib .libs/liblcms2.a
libtool: link: ( cd ".libs" && rm -f "liblcms2.la" && ln -s "../liblcms2.la" "liblcms2.la" )
make[1]: Leaving directory '/home/devel/building/work/src/lcms2-2.16/src'
Making all in include
make[1]: Entering directory '/home/devel/building/work/src/lcms2-2.16/include'
make[1]: Nothing to be done for 'all'.
make[1]: Leaving directory '/home/devel/building/work/src/lcms2-2.16/include'
Making all in utils/tificc
make[1]: Entering directory '/home/devel/building/work/src/lcms2-2.16/utils/tificc'
x86_64-unknown-linux-musl-gcc -DPACKAGE_NAME=\"lcms2\" -DPACKAGE_TARNAME=\"lcms2\" -DPACKAGE_VERSION=\"2.16\" -DPACKAGE_STRING=\"lcms2\ 2.16\" -DPACKAGE_BUGREPORT=\"\" -DPACKAGE_URL=\"\" -DHAVE_STDIO_H=1 -DHAVE_STDLIB_H=1 -DHAVE_STRING_H=1 -DHAVE_INTTYPES_H=1 -DHAVE_STDINT_H=1 -DHAVE_STRINGS_H=1 -DHAVE_SYS_STAT_H=1 -DHAVE_SYS_TYPES_H=1 -DHAVE_UNISTD_H=1 -DSTDC_HEADERS=1 -DHAVE_DLFCN_H=1 -DLT_OBJDIR=\".libs/\" -DHAVE_FUNC_ATTRIBUTE_VISIBILITY=1 -DHAVE_GMTIME_R=1 -DHAVE_PTHREAD_PRIO_INHERIT=1 -DHAVE_PTHREAD=1 -DHasTHREADS=1 -DHasJPEG=1 -DHasZLIB=1 -DHasTIFF=1 -DHAVE_TIFFCONF_H=1 -I.  -I../../include -I../../include -I../../utils/common -I../../utils/common   -O2 -m64 -march=x86-64 -mtune=generic -flto=auto -ffat-lto-objects -fvisibility=hidden -pthread -c -o tificc.o tificc.c
x86_64-unknown-linux-musl-gcc -DPACKAGE_NAME=\"lcms2\" -DPACKAGE_TARNAME=\"lcms2\" -DPACKAGE_VERSION=\"2.16\" -DPACKAGE_STRING=\"lcms2\ 2.16\" -DPACKAGE_BUGREPORT=\"\" -DPACKAGE_URL=\"\" -DHAVE_STDIO_H=1 -DHAVE_STDLIB_H=1 -DHAVE_STRING_H=1 -DHAVE_INTTYPES_H=1 -DHAVE_STDINT_H=1 -DHAVE_STRINGS_H=1 -DHAVE_SYS_STAT_H=1 -DHAVE_SYS_TYPES_H=1 -DHAVE_UNISTD_H=1 -DSTDC_HEADERS=1 -DHAVE_DLFCN_H=1 -DLT_OBJDIR=\".libs/\" -DHAVE_FUNC_ATTRIBUTE_VISIBILITY=1 -DHAVE_GMTIME_R=1 -DHAVE_PTHREAD_PRIO_INHERIT=1 -DHAVE_PTHREAD=1 -DHasTHREADS=1 -DHasJPEG=1 -DHasZLIB=1 -DHasTIFF=1 -DHAVE_TIFFCONF_H=1 -I.  -I../../include -I../../include -I../../utils/common -I../../utils/common   -O2 -m64 -march=x86-64 -mtune=generic -flto=auto -ffat-lto-objects -fvisibility=hidden -pthread -c -o ../common/xgetopt.o ../common/xgetopt.c
x86_64-unknown-linux-musl-gcc -DPACKAGE_NAME=\"lcms2\" -DPACKAGE_TARNAME=\"lcms2\" -DPACKAGE_VERSION=\"2.16\" -DPACKAGE_STRING=\"lcms2\ 2.16\" -DPACKAGE_BUGREPORT=\"\" -DPACKAGE_URL=\"\" -DHAVE_STDIO_H=1 -DHAVE_STDLIB_H=1 -DHAVE_STRING_H=1 -DHAVE_INTTYPES_H=1 -DHAVE_STDINT_H=1 -DHAVE_STRINGS_H=1 -DHAVE_SYS_STAT_H=1 -DHAVE_SYS_TYPES_H=1 -DHAVE_UNISTD_H=1 -DSTDC_HEADERS=1 -DHAVE_DLFCN_H=1 -DLT_OBJDIR=\".libs/\" -DHAVE_FUNC_ATTRIBUTE_VISIBILITY=1 -DHAVE_GMTIME_R=1 -DHAVE_PTHREAD_PRIO_INHERIT=1 -DHAVE_PTHREAD=1 -DHasTHREADS=1 -DHasJPEG=1 -DHasZLIB=1 -DHasTIFF=1 -DHAVE_TIFFCONF_H=1 -I.  -I../../include -I../../include -I../../utils/common -I../../utils/common   -O2 -m64 -march=x86-64 -mtune=generic -flto=auto -ffat-lto-objects -fvisibility=hidden -pthread -c -o ../common/vprf.o ../common/vprf.c
/bin/sh ../../libtool  --tag=CC   --mode=link x86_64-unknown-linux-musl-gcc  -O2 -m64 -march=x86-64 -mtune=generic -flto=auto -ffat-lto-objects -fvisibility=hidden -pthread   -o tificc tificc.o ../common/xgetopt.o ../common/vprf.o ../../src/liblcms2.la -ltiff -ljpeg -lz -lm -lpthread 
libtool: link: x86_64-unknown-linux-musl-gcc -O2 -m64 -march=x86-64 -mtune=generic -flto=auto -ffat-lto-objects -fvisibility=hidden -o .libs/tificc tificc.o ../common/xgetopt.o ../common/vprf.o  ../../src/.libs/liblcms2.so /usr/lib/libtiff.so -ljpeg -lz -lm -lpthread -pthread
make[1]: Leaving directory '/home/devel/building/work/src/lcms2-2.16/utils/tificc'
Making all in utils/transicc
make[1]: Entering directory '/home/devel/building/work/src/lcms2-2.16/utils/transicc'
x86_64-unknown-linux-musl-gcc -DPACKAGE_NAME=\"lcms2\" -DPACKAGE_TARNAME=\"lcms2\" -DPACKAGE_VERSION=\"2.16\" -DPACKAGE_STRING=\"lcms2\ 2.16\" -DPACKAGE_BUGREPORT=\"\" -DPACKAGE_URL=\"\" -DHAVE_STDIO_H=1 -DHAVE_STDLIB_H=1 -DHAVE_STRING_H=1 -DHAVE_INTTYPES_H=1 -DHAVE_STDINT_H=1 -DHAVE_STRINGS_H=1 -DHAVE_SYS_STAT_H=1 -DHAVE_SYS_TYPES_H=1 -DHAVE_UNISTD_H=1 -DSTDC_HEADERS=1 -DHAVE_DLFCN_H=1 -DLT_OBJDIR=\".libs/\" -DHAVE_FUNC_ATTRIBUTE_VISIBILITY=1 -DHAVE_GMTIME_R=1 -DHAVE_PTHREAD_PRIO_INHERIT=1 -DHAVE_PTHREAD=1 -DHasTHREADS=1 -DHasJPEG=1 -DHasZLIB=1 -DHasTIFF=1 -DHAVE_TIFFCONF_H=1 -I.  -I../../include -I../../include -I../../utils/common -I../../utils/common   -O2 -m64 -march=x86-64 -mtune=generic -flto=auto -ffat-lto-objects -fvisibility=hidden -pthread -c -o transicc.o transicc.c
/bin/sh ../../libtool  --tag=CC   --mode=link x86_64-unknown-linux-musl-gcc  -O2 -m64 -march=x86-64 -mtune=generic -flto=auto -ffat-lto-objects -fvisibility=hidden -pthread   -o transicc transicc.o ../common/xgetopt.o ../common/vprf.o ../../src/liblcms2.la -lm -lpthread 
libtool: link: x86_64-unknown-linux-musl-gcc -O2 -m64 -march=x86-64 -mtune=generic -flto=auto -ffat-lto-objects -fvisibility=hidden -o .libs/transicc transicc.o ../common/xgetopt.o ../common/vprf.o  ../../src/.libs/liblcms2.so -lm -lpthread -pthread
make[1]: Leaving directory '/home/devel/building/work/src/lcms2-2.16/utils/transicc'
Making all in utils/linkicc
make[1]: Entering directory '/home/devel/building/work/src/lcms2-2.16/utils/linkicc'
x86_64-unknown-linux-musl-gcc -DPACKAGE_NAME=\"lcms2\" -DPACKAGE_TARNAME=\"lcms2\" -DPACKAGE_VERSION=\"2.16\" -DPACKAGE_STRING=\"lcms2\ 2.16\" -DPACKAGE_BUGREPORT=\"\" -DPACKAGE_URL=\"\" -DHAVE_STDIO_H=1 -DHAVE_STDLIB_H=1 -DHAVE_STRING_H=1 -DHAVE_INTTYPES_H=1 -DHAVE_STDINT_H=1 -DHAVE_STRINGS_H=1 -DHAVE_SYS_STAT_H=1 -DHAVE_SYS_TYPES_H=1 -DHAVE_UNISTD_H=1 -DSTDC_HEADERS=1 -DHAVE_DLFCN_H=1 -DLT_OBJDIR=\".libs/\" -DHAVE_FUNC_ATTRIBUTE_VISIBILITY=1 -DHAVE_GMTIME_R=1 -DHAVE_PTHREAD_PRIO_INHERIT=1 -DHAVE_PTHREAD=1 -DHasTHREADS=1 -DHasJPEG=1 -DHasZLIB=1 -DHasTIFF=1 -DHAVE_TIFFCONF_H=1 -I.  -I../../include -I../../include -I../../utils/common -I../../utils/common   -O2 -m64 -march=x86-64 -mtune=generic -flto=auto -ffat-lto-objects -fvisibility=hidden -pthread -c -o linkicc.o linkicc.c
/bin/sh ../../libtool  --tag=CC   --mode=link x86_64-unknown-linux-musl-gcc  -O2 -m64 -march=x86-64 -mtune=generic -flto=auto -ffat-lto-objects -fvisibility=hidden -pthread   -o linkicc linkicc.o ../common/xgetopt.o ../common/vprf.o ../../src/liblcms2.la  
libtool: link: x86_64-unknown-linux-musl-gcc -O2 -m64 -march=x86-64 -mtune=generic -flto=auto -ffat-lto-objects -fvisibility=hidden -o .libs/linkicc linkicc.o ../common/xgetopt.o ../common/vprf.o  ../../src/.libs/liblcms2.so -pthread
make[1]: Leaving directory '/home/devel/building/work/src/lcms2-2.16/utils/linkicc'
Making all in utils/jpgicc
make[1]: Entering directory '/home/devel/building/work/src/lcms2-2.16/utils/jpgicc'
x86_64-unknown-linux-musl-gcc -DPACKAGE_NAME=\"lcms2\" -DPACKAGE_TARNAME=\"lcms2\" -DPACKAGE_VERSION=\"2.16\" -DPACKAGE_STRING=\"lcms2\ 2.16\" -DPACKAGE_BUGREPORT=\"\" -DPACKAGE_URL=\"\" -DHAVE_STDIO_H=1 -DHAVE_STDLIB_H=1 -DHAVE_STRING_H=1 -DHAVE_INTTYPES_H=1 -DHAVE_STDINT_H=1 -DHAVE_STRINGS_H=1 -DHAVE_SYS_STAT_H=1 -DHAVE_SYS_TYPES_H=1 -DHAVE_UNISTD_H=1 -DSTDC_HEADERS=1 -DHAVE_DLFCN_H=1 -DLT_OBJDIR=\".libs/\" -DHAVE_FUNC_ATTRIBUTE_VISIBILITY=1 -DHAVE_GMTIME_R=1 -DHAVE_PTHREAD_PRIO_INHERIT=1 -DHAVE_PTHREAD=1 -DHasTHREADS=1 -DHasJPEG=1 -DHasZLIB=1 -DHasTIFF=1 -DHAVE_TIFFCONF_H=1 -I.  -I../../include -I../../include -I../../utils/common -I../../utils/common   -O2 -m64 -march=x86-64 -mtune=generic -flto=auto -ffat-lto-objects -fvisibility=hidden -pthread -c -o jpgicc.o jpgicc.c
x86_64-unknown-linux-musl-gcc -DPACKAGE_NAME=\"lcms2\" -DPACKAGE_TARNAME=\"lcms2\" -DPACKAGE_VERSION=\"2.16\" -DPACKAGE_STRING=\"lcms2\ 2.16\" -DPACKAGE_BUGREPORT=\"\" -DPACKAGE_URL=\"\" -DHAVE_STDIO_H=1 -DHAVE_STDLIB_H=1 -DHAVE_STRING_H=1 -DHAVE_INTTYPES_H=1 -DHAVE_STDINT_H=1 -DHAVE_STRINGS_H=1 -DHAVE_SYS_STAT_H=1 -DHAVE_SYS_TYPES_H=1 -DHAVE_UNISTD_H=1 -DSTDC_HEADERS=1 -DHAVE_DLFCN_H=1 -DLT_OBJDIR=\".libs/\" -DHAVE_FUNC_ATTRIBUTE_VISIBILITY=1 -DHAVE_GMTIME_R=1 -DHAVE_PTHREAD_PRIO_INHERIT=1 -DHAVE_PTHREAD=1 -DHasTHREADS=1 -DHasJPEG=1 -DHasZLIB=1 -DHasTIFF=1 -DHAVE_TIFFCONF_H=1 -I.  -I../../include -I../../include -I../../utils/common -I../../utils/common   -O2 -m64 -march=x86-64 -mtune=generic -flto=auto -ffat-lto-objects -fvisibility=hidden -pthread -c -o iccjpeg.o iccjpeg.c
/bin/sh ../../libtool  --tag=CC   --mode=link x86_64-unknown-linux-musl-gcc  -O2 -m64 -march=x86-64 -mtune=generic -flto=auto -ffat-lto-objects -fvisibility=hidden -pthread   -o jpgicc jpgicc.o iccjpeg.o ../common/xgetopt.o ../common/vprf.o ../../src/liblcms2.la -ljpeg -lm -lpthread 
libtool: link: x86_64-unknown-linux-musl-gcc -O2 -m64 -march=x86-64 -mtune=generic -flto=auto -ffat-lto-objects -fvisibility=hidden -o .libs/jpgicc jpgicc.o iccjpeg.o ../common/xgetopt.o ../common/vprf.o  ../../src/.libs/liblcms2.so -ljpeg -lm -lpthread -pthread
make[1]: Leaving directory '/home/devel/building/work/src/lcms2-2.16/utils/jpgicc'
Making all in utils/psicc
make[1]: Entering directory '/home/devel/building/work/src/lcms2-2.16/utils/psicc'
x86_64-unknown-linux-musl-gcc -DPACKAGE_NAME=\"lcms2\" -DPACKAGE_TARNAME=\"lcms2\" -DPACKAGE_VERSION=\"2.16\" -DPACKAGE_STRING=\"lcms2\ 2.16\" -DPACKAGE_BUGREPORT=\"\" -DPACKAGE_URL=\"\" -DHAVE_STDIO_H=1 -DHAVE_STDLIB_H=1 -DHAVE_STRING_H=1 -DHAVE_INTTYPES_H=1 -DHAVE_STDINT_H=1 -DHAVE_STRINGS_H=1 -DHAVE_SYS_STAT_H=1 -DHAVE_SYS_TYPES_H=1 -DHAVE_UNISTD_H=1 -DSTDC_HEADERS=1 -DHAVE_DLFCN_H=1 -DLT_OBJDIR=\".libs/\" -DHAVE_FUNC_ATTRIBUTE_VISIBILITY=1 -DHAVE_GMTIME_R=1 -DHAVE_PTHREAD_PRIO_INHERIT=1 -DHAVE_PTHREAD=1 -DHasTHREADS=1 -DHasJPEG=1 -DHasZLIB=1 -DHasTIFF=1 -DHAVE_TIFFCONF_H=1 -I.  -I../../include -I../../include -I../../utils/common -I../../utils/common   -O2 -m64 -march=x86-64 -mtune=generic -flto=auto -ffat-lto-objects -fvisibility=hidden -pthread -c -o psicc.o psicc.c
/bin/sh ../../libtool  --tag=CC   --mode=link x86_64-unknown-linux-musl-gcc  -O2 -m64 -march=x86-64 -mtune=generic -flto=auto -ffat-lto-objects -fvisibility=hidden -pthread   -o psicc psicc.o ../common/xgetopt.o ../common/vprf.o ../../src/liblcms2.la -lm -lpthread 
libtool: link: x86_64-unknown-linux-musl-gcc -O2 -m64 -march=x86-64 -mtune=generic -flto=auto -ffat-lto-objects -fvisibility=hidden -o .libs/psicc psicc.o ../common/xgetopt.o ../common/vprf.o  ../../src/.libs/liblcms2.so -lm -lpthread -pthread
make[1]: Leaving directory '/home/devel/building/work/src/lcms2-2.16/utils/psicc'
Making all in testbed
make[1]: Entering directory '/home/devel/building/work/src/lcms2-2.16/testbed'
make[1]: Nothing to be done for 'all'.
make[1]: Leaving directory '/home/devel/building/work/src/lcms2-2.16/testbed'
make[1]: Entering directory '/home/devel/building/work/src/lcms2-2.16'
make[1]: Nothing to be done for 'all-am'.
make[1]: Leaving directory '/home/devel/building/work/src/lcms2-2.16'
+ make DESTDIR=/home/devel/building/work/pkg install
Making install in src
make[1]: Entering directory '/home/devel/building/work/src/lcms2-2.16/src'
make[2]: Entering directory '/home/devel/building/work/src/lcms2-2.16/src'
make[2]: Nothing to be done for 'install-data-am'.
 /bin/mkdir -p '/home/devel/building/work/pkg/usr/lib'
 /bin/sh ../libtool   --mode=install /usr/bin/install -c   liblcms2.la '/home/devel/building/work/pkg/usr/lib'
libtool: install: /usr/bin/install -c .libs/liblcms2.so.2.0.16 /home/devel/building/work/pkg/usr/lib/liblcms2.so.2.0.16
libtool: install: (cd /home/devel/building/work/pkg/usr/lib && { ln -s -f liblcms2.so.2.0.16 liblcms2.so.2 || { rm -f liblcms2.so.2 && ln -s liblcms2.so.2.0.16 liblcms2.so.2; }; })
libtool: install: (cd /home/devel/building/work/pkg/usr/lib && { ln -s -f liblcms2.so.2.0.16 liblcms2.so || { rm -f liblcms2.so && ln -s liblcms2.so.2.0.16 liblcms2.so; }; })
libtool: install: /usr/bin/install -c .libs/liblcms2.lai /home/devel/building/work/pkg/usr/lib/liblcms2.la
libtool: install: /usr/bin/install -c .libs/liblcms2.a /home/devel/building/work/pkg/usr/lib/liblcms2.a
libtool: install: chmod 644 /home/devel/building/work/pkg/usr/lib/liblcms2.a
libtool: install: x86_64-unknown-linux-musl-ranlib /home/devel/building/work/pkg/usr/lib/liblcms2.a
libtool: warning: remember to run 'libtool --finish /usr/lib'
make[2]: Leaving directory '/home/devel/building/work/src/lcms2-2.16/src'
make[1]: Leaving directory '/home/devel/building/work/src/lcms2-2.16/src'
Making install in include
make[1]: Entering directory '/home/devel/building/work/src/lcms2-2.16/include'
make[2]: Entering directory '/home/devel/building/work/src/lcms2-2.16/include'
make[2]: Nothing to be done for 'install-exec-am'.
 /bin/mkdir -p '/home/devel/building/work/pkg/usr/include'
 /usr/bin/install -c -m 644 lcms2.h lcms2_plugin.h '/home/devel/building/work/pkg/usr/include'
make[2]: Leaving directory '/home/devel/building/work/src/lcms2-2.16/include'
make[1]: Leaving directory '/home/devel/building/work/src/lcms2-2.16/include'
Making install in utils/tificc
make[1]: Entering directory '/home/devel/building/work/src/lcms2-2.16/utils/tificc'
make[2]: Entering directory '/home/devel/building/work/src/lcms2-2.16/utils/tificc'
 /bin/mkdir -p '/home/devel/building/work/pkg/usr/bin'
 /bin/mkdir -p '/home/devel/building/work/pkg/usr/share/man/man1'
  /bin/sh ../../libtool   --mode=install /usr/bin/install -c tificc '/home/devel/building/work/pkg/usr/bin'
 /usr/bin/install -c -m 644 tificc.1 '/home/devel/building/work/pkg/usr/share/man/man1'
libtool: install: /usr/bin/install -c .libs/tificc /home/devel/building/work/pkg/usr/bin/tificc
make[2]: Leaving directory '/home/devel/building/work/src/lcms2-2.16/utils/tificc'
make[1]: Leaving directory '/home/devel/building/work/src/lcms2-2.16/utils/tificc'
Making install in utils/transicc
make[1]: Entering directory '/home/devel/building/work/src/lcms2-2.16/utils/transicc'
make[2]: Entering directory '/home/devel/building/work/src/lcms2-2.16/utils/transicc'
 /bin/mkdir -p '/home/devel/building/work/pkg/usr/bin'
 /bin/mkdir -p '/home/devel/building/work/pkg/usr/share/man/man1'
  /bin/sh ../../libtool   --mode=install /usr/bin/install -c transicc '/home/devel/building/work/pkg/usr/bin'
 /usr/bin/install -c -m 644 transicc.1 '/home/devel/building/work/pkg/usr/share/man/man1'
libtool: install: /usr/bin/install -c .libs/transicc /home/devel/building/work/pkg/usr/bin/transicc
make[2]: Leaving directory '/home/devel/building/work/src/lcms2-2.16/utils/transicc'
make[1]: Leaving directory '/home/devel/building/work/src/lcms2-2.16/utils/transicc'
Making install in utils/linkicc
make[1]: Entering directory '/home/devel/building/work/src/lcms2-2.16/utils/linkicc'
make[2]: Entering directory '/home/devel/building/work/src/lcms2-2.16/utils/linkicc'
 /bin/mkdir -p '/home/devel/building/work/pkg/usr/bin'
 /bin/mkdir -p '/home/devel/building/work/pkg/usr/share/man/man1'
  /bin/sh ../../libtool   --mode=install /usr/bin/install -c linkicc '/home/devel/building/work/pkg/usr/bin'
 /usr/bin/install -c -m 644 linkicc.1 '/home/devel/building/work/pkg/usr/share/man/man1'
libtool: install: /usr/bin/install -c .libs/linkicc /home/devel/building/work/pkg/usr/bin/linkicc
make[2]: Leaving directory '/home/devel/building/work/src/lcms2-2.16/utils/linkicc'
make[1]: Leaving directory '/home/devel/building/work/src/lcms2-2.16/utils/linkicc'
Making install in utils/jpgicc
make[1]: Entering directory '/home/devel/building/work/src/lcms2-2.16/utils/jpgicc'
make[2]: Entering directory '/home/devel/building/work/src/lcms2-2.16/utils/jpgicc'
 /bin/mkdir -p '/home/devel/building/work/pkg/usr/bin'
 /bin/mkdir -p '/home/devel/building/work/pkg/usr/share/man/man1'
  /bin/sh ../../libtool   --mode=install /usr/bin/install -c jpgicc '/home/devel/building/work/pkg/usr/bin'
 /usr/bin/install -c -m 644 jpgicc.1 '/home/devel/building/work/pkg/usr/share/man/man1'
libtool: install: /usr/bin/install -c .libs/jpgicc /home/devel/building/work/pkg/usr/bin/jpgicc
make[2]: Leaving directory '/home/devel/building/work/src/lcms2-2.16/utils/jpgicc'
make[1]: Leaving directory '/home/devel/building/work/src/lcms2-2.16/utils/jpgicc'
Making install in utils/psicc
make[1]: Entering directory '/home/devel/building/work/src/lcms2-2.16/utils/psicc'
make[2]: Entering directory '/home/devel/building/work/src/lcms2-2.16/utils/psicc'
 /bin/mkdir -p '/home/devel/building/work/pkg/usr/bin'
 /bin/mkdir -p '/home/devel/building/work/pkg/usr/share/man/man1'
  /bin/sh ../../libtool   --mode=install /usr/bin/install -c psicc '/home/devel/building/work/pkg/usr/bin'
 /usr/bin/install -c -m 644 psicc.1 '/home/devel/building/work/pkg/usr/share/man/man1'
libtool: install: /usr/bin/install -c .libs/psicc /home/devel/building/work/pkg/usr/bin/psicc
make[2]: Leaving directory '/home/devel/building/work/src/lcms2-2.16/utils/psicc'
make[1]: Leaving directory '/home/devel/building/work/src/lcms2-2.16/utils/psicc'
Making install in testbed
make[1]: Entering directory '/home/devel/building/work/src/lcms2-2.16/testbed'
make[2]: Entering directory '/home/devel/building/work/src/lcms2-2.16/testbed'
make[2]: Nothing to be done for 'install-exec-am'.
make[2]: Nothing to be done for 'install-data-am'.
make[2]: Leaving directory '/home/devel/building/work/src/lcms2-2.16/testbed'
make[1]: Leaving directory '/home/devel/building/work/src/lcms2-2.16/testbed'
make[1]: Entering directory '/home/devel/building/work/src/lcms2-2.16'
make[2]: Entering directory '/home/devel/building/work/src/lcms2-2.16'
make[2]: Nothing to be done for 'install-exec-am'.
 /bin/mkdir -p '/home/devel/building/work/pkg/usr/lib/pkgconfig'
 /usr/bin/install -c -m 644 lcms2.pc '/home/devel/building/work/pkg/usr/lib/pkgconfig'
make[2]: Leaving directory '/home/devel/building/work/src/lcms2-2.16'
make[1]: Leaving directory '/home/devel/building/work/src/lcms2-2.16'
=======> Build result:
drwxr-xr-x  0 root   root        0 May 29 19:45 usr/
drwxr-xr-x  0 root   root        0 May 29 19:45 usr/lib/
drwxr-xr-x  0 root   root        0 May 29 19:45 usr/include/
drwxr-xr-x  0 root   root        0 May 29 19:45 usr/bin/
drwxr-xr-x  0 root   root        0 May 29 19:45 usr/share/
drwxr-xr-x  0 root   root        0 May 29 19:45 usr/share/man/
drwxr-xr-x  0 root   root        0 May 29 19:45 usr/share/man/man1/
-rw-r--r--  0 root   root     1421 May 29 19:45 usr/share/man/man1/tificc.1.gz
-rw-r--r--  0 root   root     1034 May 29 19:45 usr/share/man/man1/transicc.1.gz
-rw-r--r--  0 root   root     1532 May 29 19:45 usr/share/man/man1/linkicc.1.gz
-rw-r--r--  0 root   root     1340 May 29 19:45 usr/share/man/man1/jpgicc.1.gz
-rw-r--r--  0 root   root      705 May 29 19:45 usr/share/man/man1/psicc.1.gz
-rwxr-xr-x  0 root   root    35424 May 29 19:45 usr/bin/tificc
-rwxr-xr-x  0 root   root    35376 May 29 19:45 usr/bin/transicc
-rwxr-xr-x  0 root   root    26984 May 29 19:45 usr/bin/linkicc
-rwxr-xr-x  0 root   root    31624 May 29 19:45 usr/bin/jpgicc
-rwxr-xr-x  0 root   root    14496 May 29 19:45 usr/bin/psicc
-rw-r--r--  0 root   root   107212 May 29 19:45 usr/include/lcms2.h
-rw-r--r--  0 root   root    31557 May 29 19:45 usr/include/lcms2_plugin.h
-rwxr-xr-x  0 root   root   413064 May 29 19:45 usr/lib/liblcms2.so.2.0.16
lrwxrwxrwx  0 root   root        0 May 29 19:45 usr/lib/liblcms2.so.2 -> liblcms2.so.2.0.16
lrwxrwxrwx  0 root   root        0 May 29 19:45 usr/lib/liblcms2.so -> liblcms2.so.2.0.16
-rwxr-xr-x  0 root   root      957 May 29 19:45 usr/lib/liblcms2.la
-rw-r--r--  0 root   root  2673864 May 29 19:45 usr/lib/liblcms2.a
drwxr-xr-x  0 root   root        0 May 29 19:45 usr/lib/pkgconfig/
-rw-r--r--  0 root   root      238 May 29 19:45 usr/lib/pkgconfig/lcms2.pc
=======> Building '/home/devel/packages/lcms2#2.16-1.x86_64.pkg.tar.zst' succeeded.
prt-get: Using PKGMK_PACKAGE_DIR: /home/devel/packages
prt-get: reinstalling lcms2 2.16-1
prt-get: /usr/bin/pkgadd -u lcms2#2.16-1.x86_64.pkg.tar.zst
prt-get: build done Wed May 29 19:45:41 2024

