prt-get: updating /usr/ports/opt-musl/libsigc++2
prt-get: starting build Wed May 29 19:55:44 2024
=======> Building '/home/devel/packages/libsigc++2#2.12.1-1.x86_64.pkg.tar.zst'.
bsdtar -p -o -C /home/devel/building/work/src -xf /home/devel/sources/libsigc++-2.12.1.tar.xz
+ build
+ cd libsigc++-2.12.1
+ build-meson . build
The Meson build system
Version: 1.4.0
Source dir: /home/devel/building/work/src/libsigc++-2.12.1
Build dir: /home/devel/building/work/src/libsigc++-2.12.1/build
Build type: native build
Project name: libsigc++
Project version: 2.12.1
C++ compiler for the host machine: c++ (gcc 14.1.0 "c++ (SAUX-x86_64 musl) 14.1.0")
C++ linker for the host machine: c++ ld.bfd 2.42
Host machine cpu family: x86_64
Host machine cpu: x86_64
Program python3 found: YES 3.12.3 3.12.3 (/usr/bin/python3)
Found pkg-config: YES (/usr/bin/pkg-config) 2.2.0
Run-time dependency Boost (found: system, timer) found: YES 1.85.0 (/usr)
Program mm-common-get found: YES (/usr/bin/mm-common-get)
Program m4 found: YES (/usr/bin/m4)
Program doxygen found: NO
Program dot found: NO
Program xsltproc found: YES (/usr/bin/xsltproc)
Configuring sigc++-2.0.pc using configuration
Configuring sigc++-2.0-uninstalled.pc using configuration
Configuring sigc++config.h using configuration
Configuring sigc.rc using configuration
Configuring sigc++config.h using configuration
Run-time dependency mm-common-libstdc++ found: YES 1.0.5
Configuring Doxyfile using configuration
Program xmllint found: YES (/usr/bin/xmllint)
Program dblatex found: NO
Program fop found: NO
Message: 
------
libsigc++ 2.12.1

         Maintainer mode: if-git-build (false)
       Compiler warnings: min (warning_level: 1, werror: false)
    Build deprecated API: true
Build HTML documentation: if-maintainer-mode (false)
          XML validation: true
               Build PDF: false
  Build example programs: true
     Build test programs: true
               Benchmark: false
Directories:
                  prefix: /usr
              includedir: /usr/include
        includesigcxxdir: /usr/include/sigc++-2.0
                  libdir: /usr/lib
        includeconfigdir: /usr/lib/sigc++-2.0/include
            pkgconfigdir: /usr/lib/pkgconfig
                 datadir: /usr/share
                  docdir: /usr/share/doc/libsigc++-2.0
              devhelpdir: /usr/share/devhelp/books/libsigc++-2.0
             tutorialdir: /usr/share/doc/libsigc++-2.0/tutorial
------
Build targets in project: 36

libsigc++ 2.12.1

  User defined options
    auto_features     : auto
    bindir            : /usr/bin
    buildtype         : plain
    datadir           : /usr/share
    includedir        : /usr/include
    libdir            : /usr/lib
    libexecdir        : /usr/lib
    localstatedir     : /var
    mandir            : /usr/share/man
    prefix            : /usr
    sbindir           : /usr/sbin
    sharedstatedir    : /var/lib
    sysconfdir        : /etc
    werror            : false
    wrap_mode         : nodownload
    python.bytecompile: 0
    b_lto             : false
    b_pie             : true
    b_staticpic       : true

Found ninja-1.9 at /usr/bin/ninja
+ meson compile -j 8 -v -C build
ninja: entering directory '/home/devel/building/work/src/libsigc++-2.12.1/build'
[1/107] c++ -Iexamples/member_method.p -I. -I.. -I../untracked -fdiagnostics-color=always -D_GLIBCXX_ASSERTIONS=1 -D_FILE_OFFSET_BITS=64 -Wall -Winvalid-pch -std=c++11 -O2 -m64 -march=x86-64 -mtune=generic -flto=auto -ffat-lto-objects -fPIE -DSIGCXX_DISABLE_DEPRECATED=1 -MD -MQ examples/member_method.p/member_method.cc.o -MF examples/member_method.p/member_method.cc.o.d -o examples/member_method.p/member_method.cc.o -c ../examples/member_method.cc
[2/107] c++ -Iexamples/hello_world.p -I. -I.. -I../untracked -fdiagnostics-color=always -D_GLIBCXX_ASSERTIONS=1 -D_FILE_OFFSET_BITS=64 -Wall -Winvalid-pch -std=c++11 -O2 -m64 -march=x86-64 -mtune=generic -flto=auto -ffat-lto-objects -fPIE -DSIGCXX_DISABLE_DEPRECATED=1 -MD -MQ examples/hello_world.p/hello_world.cc.o -MF examples/hello_world.p/hello_world.cc.o.d -o examples/hello_world.p/hello_world.cc.o -c ../examples/hello_world.cc
[3/107] c++ -Itests/test_visit_each.p -I. -I.. -I../untracked -fdiagnostics-color=always -D_GLIBCXX_ASSERTIONS=1 -D_FILE_OFFSET_BITS=64 -Wall -Winvalid-pch -std=c++11 -O2 -m64 -march=x86-64 -mtune=generic -flto=auto -ffat-lto-objects -fPIE -MD -MQ tests/test_visit_each.p/testutilities.cc.o -MF tests/test_visit_each.p/testutilities.cc.o.d -o tests/test_visit_each.p/testutilities.cc.o -c ../tests/testutilities.cc
[4/107] c++ -Itests/test_visit_each.p -I. -I.. -I../untracked -fdiagnostics-color=always -D_GLIBCXX_ASSERTIONS=1 -D_FILE_OFFSET_BITS=64 -Wall -Winvalid-pch -std=c++11 -O2 -m64 -march=x86-64 -mtune=generic -flto=auto -ffat-lto-objects -fPIE -MD -MQ tests/test_visit_each.p/test_visit_each.cc.o -MF tests/test_visit_each.p/test_visit_each.cc.o.d -o tests/test_visit_each.p/test_visit_each.cc.o -c ../tests/test_visit_each.cc
[5/107] c++ -Itests/test_track_obj.p -I. -I.. -I../untracked -fdiagnostics-color=always -D_GLIBCXX_ASSERTIONS=1 -D_FILE_OFFSET_BITS=64 -Wall -Winvalid-pch -std=c++11 -O2 -m64 -march=x86-64 -mtune=generic -flto=auto -ffat-lto-objects -fPIE -MD -MQ tests/test_track_obj.p/testutilities.cc.o -MF tests/test_track_obj.p/testutilities.cc.o.d -o tests/test_track_obj.p/testutilities.cc.o -c ../tests/testutilities.cc
[6/107] c++ -Itests/test_track_obj.p -I. -I.. -I../untracked -fdiagnostics-color=always -D_GLIBCXX_ASSERTIONS=1 -D_FILE_OFFSET_BITS=64 -Wall -Winvalid-pch -std=c++11 -O2 -m64 -march=x86-64 -mtune=generic -flto=auto -ffat-lto-objects -fPIE -MD -MQ tests/test_track_obj.p/test_track_obj.cc.o -MF tests/test_track_obj.p/test_track_obj.cc.o.d -o tests/test_track_obj.p/test_track_obj.cc.o -c ../tests/test_track_obj.cc
[7/107] c++ -Itests/test_trackable_move.p -I. -I.. -I../untracked -fdiagnostics-color=always -D_GLIBCXX_ASSERTIONS=1 -D_FILE_OFFSET_BITS=64 -Wall -Winvalid-pch -std=c++11 -O2 -m64 -march=x86-64 -mtune=generic -flto=auto -ffat-lto-objects -fPIE -MD -MQ tests/test_trackable_move.p/testutilities.cc.o -MF tests/test_trackable_move.p/testutilities.cc.o.d -o tests/test_trackable_move.p/testutilities.cc.o -c ../tests/testutilities.cc
[8/107] c++ -Itests/test_trackable_move.p -I. -I.. -I../untracked -fdiagnostics-color=always -D_GLIBCXX_ASSERTIONS=1 -D_FILE_OFFSET_BITS=64 -Wall -Winvalid-pch -std=c++11 -O2 -m64 -march=x86-64 -mtune=generic -flto=auto -ffat-lto-objects -fPIE -MD -MQ tests/test_trackable_move.p/test_trackable_move.cc.o -MF tests/test_trackable_move.p/test_trackable_move.cc.o.d -o tests/test_trackable_move.p/test_trackable_move.cc.o -c ../tests/test_trackable_move.cc
[9/107] c++ -Itests/test_trackable.p -I. -I.. -I../untracked -fdiagnostics-color=always -D_GLIBCXX_ASSERTIONS=1 -D_FILE_OFFSET_BITS=64 -Wall -Winvalid-pch -std=c++11 -O2 -m64 -march=x86-64 -mtune=generic -flto=auto -ffat-lto-objects -fPIE -MD -MQ tests/test_trackable.p/testutilities.cc.o -MF tests/test_trackable.p/testutilities.cc.o.d -o tests/test_trackable.p/testutilities.cc.o -c ../tests/testutilities.cc
[10/107] c++ -Itests/test_trackable.p -I. -I.. -I../untracked -fdiagnostics-color=always -D_GLIBCXX_ASSERTIONS=1 -D_FILE_OFFSET_BITS=64 -Wall -Winvalid-pch -std=c++11 -O2 -m64 -march=x86-64 -mtune=generic -flto=auto -ffat-lto-objects -fPIE -MD -MQ tests/test_trackable.p/test_trackable.cc.o -MF tests/test_trackable.p/test_trackable.cc.o.d -o tests/test_trackable.p/test_trackable.cc.o -c ../tests/test_trackable.cc
[11/107] c++ -Itests/test_slot_move.p -I. -I.. -I../untracked -fdiagnostics-color=always -D_GLIBCXX_ASSERTIONS=1 -D_FILE_OFFSET_BITS=64 -Wall -Winvalid-pch -std=c++11 -O2 -m64 -march=x86-64 -mtune=generic -flto=auto -ffat-lto-objects -fPIE -MD -MQ tests/test_slot_move.p/testutilities.cc.o -MF tests/test_slot_move.p/testutilities.cc.o.d -o tests/test_slot_move.p/testutilities.cc.o -c ../tests/testutilities.cc
[12/107] c++ -Itests/test_slot_move.p -I. -I.. -I../untracked -fdiagnostics-color=always -D_GLIBCXX_ASSERTIONS=1 -D_FILE_OFFSET_BITS=64 -Wall -Winvalid-pch -std=c++11 -O2 -m64 -march=x86-64 -mtune=generic -flto=auto -ffat-lto-objects -fPIE -MD -MQ tests/test_slot_move.p/test_slot_move.cc.o -MF tests/test_slot_move.p/test_slot_move.cc.o.d -o tests/test_slot_move.p/test_slot_move.cc.o -c ../tests/test_slot_move.cc
[13/107] c++ -Itests/test_slot_disconnect.p -I. -I.. -I../untracked -fdiagnostics-color=always -D_GLIBCXX_ASSERTIONS=1 -D_FILE_OFFSET_BITS=64 -Wall -Winvalid-pch -std=c++11 -O2 -m64 -march=x86-64 -mtune=generic -flto=auto -ffat-lto-objects -fPIE -MD -MQ tests/test_slot_disconnect.p/testutilities.cc.o -MF tests/test_slot_disconnect.p/testutilities.cc.o.d -o tests/test_slot_disconnect.p/testutilities.cc.o -c ../tests/testutilities.cc
[14/107] c++ -Itests/test_slot_disconnect.p -I. -I.. -I../untracked -fdiagnostics-color=always -D_GLIBCXX_ASSERTIONS=1 -D_FILE_OFFSET_BITS=64 -Wall -Winvalid-pch -std=c++11 -O2 -m64 -march=x86-64 -mtune=generic -flto=auto -ffat-lto-objects -fPIE -MD -MQ tests/test_slot_disconnect.p/test_slot_disconnect.cc.o -MF tests/test_slot_disconnect.p/test_slot_disconnect.cc.o.d -o tests/test_slot_disconnect.p/test_slot_disconnect.cc.o -c ../tests/test_slot_disconnect.cc
[15/107] c++ -Itests/test_slot.p -I. -I.. -I../untracked -fdiagnostics-color=always -D_GLIBCXX_ASSERTIONS=1 -D_FILE_OFFSET_BITS=64 -Wall -Winvalid-pch -std=c++11 -O2 -m64 -march=x86-64 -mtune=generic -flto=auto -ffat-lto-objects -fPIE -MD -MQ tests/test_slot.p/testutilities.cc.o -MF tests/test_slot.p/testutilities.cc.o.d -o tests/test_slot.p/testutilities.cc.o -c ../tests/testutilities.cc
[16/107] c++ -Itests/test_slot.p -I. -I.. -I../untracked -fdiagnostics-color=always -D_GLIBCXX_ASSERTIONS=1 -D_FILE_OFFSET_BITS=64 -Wall -Winvalid-pch -std=c++11 -O2 -m64 -march=x86-64 -mtune=generic -flto=auto -ffat-lto-objects -fPIE -MD -MQ tests/test_slot.p/test_slot.cc.o -MF tests/test_slot.p/test_slot.cc.o.d -o tests/test_slot.p/test_slot.cc.o -c ../tests/test_slot.cc
[17/107] c++ -Itests/test_size.p -I. -I.. -I../untracked -fdiagnostics-color=always -D_GLIBCXX_ASSERTIONS=1 -D_FILE_OFFSET_BITS=64 -Wall -Winvalid-pch -std=c++11 -O2 -m64 -march=x86-64 -mtune=generic -flto=auto -ffat-lto-objects -fPIE -MD -MQ tests/test_size.p/testutilities.cc.o -MF tests/test_size.p/testutilities.cc.o.d -o tests/test_size.p/testutilities.cc.o -c ../tests/testutilities.cc
[18/107] c++ -Itests/test_size.p -I. -I.. -I../untracked -fdiagnostics-color=always -D_GLIBCXX_ASSERTIONS=1 -D_FILE_OFFSET_BITS=64 -Wall -Winvalid-pch -std=c++11 -O2 -m64 -march=x86-64 -mtune=generic -flto=auto -ffat-lto-objects -fPIE -MD -MQ tests/test_size.p/test_size.cc.o -MF tests/test_size.p/test_size.cc.o.d -o tests/test_size.p/test_size.cc.o -c ../tests/test_size.cc
[19/107] c++ -Itests/test_signal_move.p -I. -I.. -I../untracked -fdiagnostics-color=always -D_GLIBCXX_ASSERTIONS=1 -D_FILE_OFFSET_BITS=64 -Wall -Winvalid-pch -std=c++11 -O2 -m64 -march=x86-64 -mtune=generic -flto=auto -ffat-lto-objects -fPIE -MD -MQ tests/test_signal_move.p/testutilities.cc.o -MF tests/test_signal_move.p/testutilities.cc.o.d -o tests/test_signal_move.p/testutilities.cc.o -c ../tests/testutilities.cc
[20/107] c++ -Itests/test_signal_move.p -I. -I.. -I../untracked -fdiagnostics-color=always -D_GLIBCXX_ASSERTIONS=1 -D_FILE_OFFSET_BITS=64 -Wall -Winvalid-pch -std=c++11 -O2 -m64 -march=x86-64 -mtune=generic -flto=auto -ffat-lto-objects -fPIE -MD -MQ tests/test_signal_move.p/test_signal_move.cc.o -MF tests/test_signal_move.p/test_signal_move.cc.o.d -o tests/test_signal_move.p/test_signal_move.cc.o -c ../tests/test_signal_move.cc
[21/107] c++ -Itests/test_signal.p -I. -I.. -I../untracked -fdiagnostics-color=always -D_GLIBCXX_ASSERTIONS=1 -D_FILE_OFFSET_BITS=64 -Wall -Winvalid-pch -std=c++11 -O2 -m64 -march=x86-64 -mtune=generic -flto=auto -ffat-lto-objects -fPIE -MD -MQ tests/test_signal.p/testutilities.cc.o -MF tests/test_signal.p/testutilities.cc.o.d -o tests/test_signal.p/testutilities.cc.o -c ../tests/testutilities.cc
[22/107] c++ -Itests/test_signal.p -I. -I.. -I../untracked -fdiagnostics-color=always -D_GLIBCXX_ASSERTIONS=1 -D_FILE_OFFSET_BITS=64 -Wall -Winvalid-pch -std=c++11 -O2 -m64 -march=x86-64 -mtune=generic -flto=auto -ffat-lto-objects -fPIE -MD -MQ tests/test_signal.p/test_signal.cc.o -MF tests/test_signal.p/test_signal.cc.o.d -o tests/test_signal.p/test_signal.cc.o -c ../tests/test_signal.cc
[23/107] c++ -Itests/test_retype_return.p -I. -I.. -I../untracked -fdiagnostics-color=always -D_GLIBCXX_ASSERTIONS=1 -D_FILE_OFFSET_BITS=64 -Wall -Winvalid-pch -std=c++11 -O2 -m64 -march=x86-64 -mtune=generic -flto=auto -ffat-lto-objects -fPIE -MD -MQ tests/test_retype_return.p/testutilities.cc.o -MF tests/test_retype_return.p/testutilities.cc.o.d -o tests/test_retype_return.p/testutilities.cc.o -c ../tests/testutilities.cc
[24/107] c++ -Itests/test_retype_return.p -I. -I.. -I../untracked -fdiagnostics-color=always -D_GLIBCXX_ASSERTIONS=1 -D_FILE_OFFSET_BITS=64 -Wall -Winvalid-pch -std=c++11 -O2 -m64 -march=x86-64 -mtune=generic -flto=auto -ffat-lto-objects -fPIE -MD -MQ tests/test_retype_return.p/test_retype_return.cc.o -MF tests/test_retype_return.p/test_retype_return.cc.o.d -o tests/test_retype_return.p/test_retype_return.cc.o -c ../tests/test_retype_return.cc
[25/107] c++ -Itests/test_retype.p -I. -I.. -I../untracked -fdiagnostics-color=always -D_GLIBCXX_ASSERTIONS=1 -D_FILE_OFFSET_BITS=64 -Wall -Winvalid-pch -std=c++11 -O2 -m64 -march=x86-64 -mtune=generic -flto=auto -ffat-lto-objects -fPIE -MD -MQ tests/test_retype.p/testutilities.cc.o -MF tests/test_retype.p/testutilities.cc.o.d -o tests/test_retype.p/testutilities.cc.o -c ../tests/testutilities.cc
[26/107] c++ -Itests/test_retype.p -I. -I.. -I../untracked -fdiagnostics-color=always -D_GLIBCXX_ASSERTIONS=1 -D_FILE_OFFSET_BITS=64 -Wall -Winvalid-pch -std=c++11 -O2 -m64 -march=x86-64 -mtune=generic -flto=auto -ffat-lto-objects -fPIE -MD -MQ tests/test_retype.p/test_retype.cc.o -MF tests/test_retype.p/test_retype.cc.o.d -o tests/test_retype.p/test_retype.cc.o -c ../tests/test_retype.cc
[27/107] c++ -Itests/test_ptr_fun.p -I. -I.. -I../untracked -fdiagnostics-color=always -D_GLIBCXX_ASSERTIONS=1 -D_FILE_OFFSET_BITS=64 -Wall -Winvalid-pch -std=c++11 -O2 -m64 -march=x86-64 -mtune=generic -flto=auto -ffat-lto-objects -fPIE -MD -MQ tests/test_ptr_fun.p/testutilities.cc.o -MF tests/test_ptr_fun.p/testutilities.cc.o.d -o tests/test_ptr_fun.p/testutilities.cc.o -c ../tests/testutilities.cc
[28/107] c++ -Itests/test_ptr_fun.p -I. -I.. -I../untracked -fdiagnostics-color=always -D_GLIBCXX_ASSERTIONS=1 -D_FILE_OFFSET_BITS=64 -Wall -Winvalid-pch -std=c++11 -O2 -m64 -march=x86-64 -mtune=generic -flto=auto -ffat-lto-objects -fPIE -MD -MQ tests/test_ptr_fun.p/test_ptr_fun.cc.o -MF tests/test_ptr_fun.p/test_ptr_fun.cc.o.d -o tests/test_ptr_fun.p/test_ptr_fun.cc.o -c ../tests/test_ptr_fun.cc
[29/107] c++ -Itests/test_mem_fun.p -I. -I.. -I../untracked -fdiagnostics-color=always -D_GLIBCXX_ASSERTIONS=1 -D_FILE_OFFSET_BITS=64 -Wall -Winvalid-pch -std=c++11 -O2 -m64 -march=x86-64 -mtune=generic -flto=auto -ffat-lto-objects -fPIE -MD -MQ tests/test_mem_fun.p/testutilities.cc.o -MF tests/test_mem_fun.p/testutilities.cc.o.d -o tests/test_mem_fun.p/testutilities.cc.o -c ../tests/testutilities.cc
[30/107] c++ -Itests/test_mem_fun.p -I. -I.. -I../untracked -fdiagnostics-color=always -D_GLIBCXX_ASSERTIONS=1 -D_FILE_OFFSET_BITS=64 -Wall -Winvalid-pch -std=c++11 -O2 -m64 -march=x86-64 -mtune=generic -flto=auto -ffat-lto-objects -fPIE -MD -MQ tests/test_mem_fun.p/test_mem_fun.cc.o -MF tests/test_mem_fun.p/test_mem_fun.cc.o.d -o tests/test_mem_fun.p/test_mem_fun.cc.o -c ../tests/test_mem_fun.cc
[31/107] c++ -Itests/test_limit_reference.p -I. -I.. -I../untracked -fdiagnostics-color=always -D_GLIBCXX_ASSERTIONS=1 -D_FILE_OFFSET_BITS=64 -Wall -Winvalid-pch -std=c++11 -O2 -m64 -march=x86-64 -mtune=generic -flto=auto -ffat-lto-objects -fPIE -MD -MQ tests/test_limit_reference.p/testutilities.cc.o -MF tests/test_limit_reference.p/testutilities.cc.o.d -o tests/test_limit_reference.p/testutilities.cc.o -c ../tests/testutilities.cc
[32/107] c++ -Itests/test_limit_reference.p -I. -I.. -I../untracked -fdiagnostics-color=always -D_GLIBCXX_ASSERTIONS=1 -D_FILE_OFFSET_BITS=64 -Wall -Winvalid-pch -std=c++11 -O2 -m64 -march=x86-64 -mtune=generic -flto=auto -ffat-lto-objects -fPIE -MD -MQ tests/test_limit_reference.p/test_limit_reference.cc.o -MF tests/test_limit_reference.p/test_limit_reference.cc.o.d -o tests/test_limit_reference.p/test_limit_reference.cc.o -c ../tests/test_limit_reference.cc
[33/107] c++ -Itests/test_hide.p -I. -I.. -I../untracked -fdiagnostics-color=always -D_GLIBCXX_ASSERTIONS=1 -D_FILE_OFFSET_BITS=64 -Wall -Winvalid-pch -std=c++11 -O2 -m64 -march=x86-64 -mtune=generic -flto=auto -ffat-lto-objects -fPIE -MD -MQ tests/test_hide.p/testutilities.cc.o -MF tests/test_hide.p/testutilities.cc.o.d -o tests/test_hide.p/testutilities.cc.o -c ../tests/testutilities.cc
[34/107] c++ -Itests/test_hide.p -I. -I.. -I../untracked -fdiagnostics-color=always -D_GLIBCXX_ASSERTIONS=1 -D_FILE_OFFSET_BITS=64 -Wall -Winvalid-pch -std=c++11 -O2 -m64 -march=x86-64 -mtune=generic -flto=auto -ffat-lto-objects -fPIE -MD -MQ tests/test_hide.p/test_hide.cc.o -MF tests/test_hide.p/test_hide.cc.o.d -o tests/test_hide.p/test_hide.cc.o -c ../tests/test_hide.cc
[35/107] c++ -Itests/test_functor_trait.p -I. -I.. -I../untracked -fdiagnostics-color=always -D_GLIBCXX_ASSERTIONS=1 -D_FILE_OFFSET_BITS=64 -Wall -Winvalid-pch -std=c++11 -O2 -m64 -march=x86-64 -mtune=generic -flto=auto -ffat-lto-objects -fPIE -MD -MQ tests/test_functor_trait.p/testutilities.cc.o -MF tests/test_functor_trait.p/testutilities.cc.o.d -o tests/test_functor_trait.p/testutilities.cc.o -c ../tests/testutilities.cc
[36/107] c++ -Itests/test_functor_trait.p -I. -I.. -I../untracked -fdiagnostics-color=always -D_GLIBCXX_ASSERTIONS=1 -D_FILE_OFFSET_BITS=64 -Wall -Winvalid-pch -std=c++11 -O2 -m64 -march=x86-64 -mtune=generic -flto=auto -ffat-lto-objects -fPIE -MD -MQ tests/test_functor_trait.p/test_functor_trait.cc.o -MF tests/test_functor_trait.p/test_functor_trait.cc.o.d -o tests/test_functor_trait.p/test_functor_trait.cc.o -c ../tests/test_functor_trait.cc
[37/107] c++ -Itests/test_exception_catch.p -I. -I.. -I../untracked -fdiagnostics-color=always -D_GLIBCXX_ASSERTIONS=1 -D_FILE_OFFSET_BITS=64 -Wall -Winvalid-pch -std=c++11 -O2 -m64 -march=x86-64 -mtune=generic -flto=auto -ffat-lto-objects -fPIE -MD -MQ tests/test_exception_catch.p/testutilities.cc.o -MF tests/test_exception_catch.p/testutilities.cc.o.d -o tests/test_exception_catch.p/testutilities.cc.o -c ../tests/testutilities.cc
[38/107] c++ -Itests/test_exception_catch.p -I. -I.. -I../untracked -fdiagnostics-color=always -D_GLIBCXX_ASSERTIONS=1 -D_FILE_OFFSET_BITS=64 -Wall -Winvalid-pch -std=c++11 -O2 -m64 -march=x86-64 -mtune=generic -flto=auto -ffat-lto-objects -fPIE -MD -MQ tests/test_exception_catch.p/test_exception_catch.cc.o -MF tests/test_exception_catch.p/test_exception_catch.cc.o.d -o tests/test_exception_catch.p/test_exception_catch.cc.o -c ../tests/test_exception_catch.cc
[39/107] c++ -Itests/test_disconnect_during_emit.p -I. -I.. -I../untracked -fdiagnostics-color=always -D_GLIBCXX_ASSERTIONS=1 -D_FILE_OFFSET_BITS=64 -Wall -Winvalid-pch -std=c++11 -O2 -m64 -march=x86-64 -mtune=generic -flto=auto -ffat-lto-objects -fPIE -MD -MQ tests/test_disconnect_during_emit.p/testutilities.cc.o -MF tests/test_disconnect_during_emit.p/testutilities.cc.o.d -o tests/test_disconnect_during_emit.p/testutilities.cc.o -c ../tests/testutilities.cc
[40/107] c++ -Itests/test_disconnect_during_emit.p -I. -I.. -I../untracked -fdiagnostics-color=always -D_GLIBCXX_ASSERTIONS=1 -D_FILE_OFFSET_BITS=64 -Wall -Winvalid-pch -std=c++11 -O2 -m64 -march=x86-64 -mtune=generic -flto=auto -ffat-lto-objects -fPIE -MD -MQ tests/test_disconnect_during_emit.p/test_disconnect_during_emit.cc.o -MF tests/test_disconnect_during_emit.p/test_disconnect_during_emit.cc.o.d -o tests/test_disconnect_during_emit.p/test_disconnect_during_emit.cc.o -c ../tests/test_disconnect_during_emit.cc
[41/107] c++ -Itests/test_disconnect.p -I. -I.. -I../untracked -fdiagnostics-color=always -D_GLIBCXX_ASSERTIONS=1 -D_FILE_OFFSET_BITS=64 -Wall -Winvalid-pch -std=c++11 -O2 -m64 -march=x86-64 -mtune=generic -flto=auto -ffat-lto-objects -fPIE -MD -MQ tests/test_disconnect.p/testutilities.cc.o -MF tests/test_disconnect.p/testutilities.cc.o.d -o tests/test_disconnect.p/testutilities.cc.o -c ../tests/testutilities.cc
[42/107] c++ -Itests/test_disconnect.p -I. -I.. -I../untracked -fdiagnostics-color=always -D_GLIBCXX_ASSERTIONS=1 -D_FILE_OFFSET_BITS=64 -Wall -Winvalid-pch -std=c++11 -O2 -m64 -march=x86-64 -mtune=generic -flto=auto -ffat-lto-objects -fPIE -MD -MQ tests/test_disconnect.p/test_disconnect.cc.o -MF tests/test_disconnect.p/test_disconnect.cc.o.d -o tests/test_disconnect.p/test_disconnect.cc.o -c ../tests/test_disconnect.cc
[43/107] c++ -Itests/test_deduce_result_type.p -I. -I.. -I../untracked -fdiagnostics-color=always -D_GLIBCXX_ASSERTIONS=1 -D_FILE_OFFSET_BITS=64 -Wall -Winvalid-pch -std=c++11 -O2 -m64 -march=x86-64 -mtune=generic -flto=auto -ffat-lto-objects -fPIE -MD -MQ tests/test_deduce_result_type.p/testutilities.cc.o -MF tests/test_deduce_result_type.p/testutilities.cc.o.d -o tests/test_deduce_result_type.p/testutilities.cc.o -c ../tests/testutilities.cc
[44/107] c++ -Itests/test_deduce_result_type.p -I. -I.. -I../untracked -fdiagnostics-color=always -D_GLIBCXX_ASSERTIONS=1 -D_FILE_OFFSET_BITS=64 -Wall -Winvalid-pch -std=c++11 -O2 -m64 -march=x86-64 -mtune=generic -flto=auto -ffat-lto-objects -fPIE -MD -MQ tests/test_deduce_result_type.p/test_deduce_result_type.cc.o -MF tests/test_deduce_result_type.p/test_deduce_result_type.cc.o.d -o tests/test_deduce_result_type.p/test_deduce_result_type.cc.o -c ../tests/test_deduce_result_type.cc
[45/107] c++ -Itests/test_custom.p -I. -I.. -I../untracked -fdiagnostics-color=always -D_GLIBCXX_ASSERTIONS=1 -D_FILE_OFFSET_BITS=64 -Wall -Winvalid-pch -std=c++11 -O2 -m64 -march=x86-64 -mtune=generic -flto=auto -ffat-lto-objects -fPIE -MD -MQ tests/test_custom.p/testutilities.cc.o -MF tests/test_custom.p/testutilities.cc.o.d -o tests/test_custom.p/testutilities.cc.o -c ../tests/testutilities.cc
[46/107] c++ -Itests/test_custom.p -I. -I.. -I../untracked -fdiagnostics-color=always -D_GLIBCXX_ASSERTIONS=1 -D_FILE_OFFSET_BITS=64 -Wall -Winvalid-pch -std=c++11 -O2 -m64 -march=x86-64 -mtune=generic -flto=auto -ffat-lto-objects -fPIE -MD -MQ tests/test_custom.p/test_custom.cc.o -MF tests/test_custom.p/test_custom.cc.o.d -o tests/test_custom.p/test_custom.cc.o -c ../tests/test_custom.cc
[47/107] c++ -Itests/test_cpp11_lambda.p -I. -I.. -I../untracked -fdiagnostics-color=always -D_GLIBCXX_ASSERTIONS=1 -D_FILE_OFFSET_BITS=64 -Wall -Winvalid-pch -std=c++11 -O2 -m64 -march=x86-64 -mtune=generic -flto=auto -ffat-lto-objects -fPIE -MD -MQ tests/test_cpp11_lambda.p/testutilities.cc.o -MF tests/test_cpp11_lambda.p/testutilities.cc.o.d -o tests/test_cpp11_lambda.p/testutilities.cc.o -c ../tests/testutilities.cc
[48/107] c++ -Itests/test_cpp11_lambda.p -I. -I.. -I../untracked -fdiagnostics-color=always -D_GLIBCXX_ASSERTIONS=1 -D_FILE_OFFSET_BITS=64 -Wall -Winvalid-pch -std=c++11 -O2 -m64 -march=x86-64 -mtune=generic -flto=auto -ffat-lto-objects -fPIE -MD -MQ tests/test_cpp11_lambda.p/test_cpp11_lambda.cc.o -MF tests/test_cpp11_lambda.p/test_cpp11_lambda.cc.o.d -o tests/test_cpp11_lambda.p/test_cpp11_lambda.cc.o -c ../tests/test_cpp11_lambda.cc
[49/107] c++ -Itests/test_copy_invalid_slot.p -I. -I.. -I../untracked -fdiagnostics-color=always -D_GLIBCXX_ASSERTIONS=1 -D_FILE_OFFSET_BITS=64 -Wall -Winvalid-pch -std=c++11 -O2 -m64 -march=x86-64 -mtune=generic -flto=auto -ffat-lto-objects -fPIE -MD -MQ tests/test_copy_invalid_slot.p/testutilities.cc.o -MF tests/test_copy_invalid_slot.p/testutilities.cc.o.d -o tests/test_copy_invalid_slot.p/testutilities.cc.o -c ../tests/testutilities.cc
[50/107] c++ -Itests/test_copy_invalid_slot.p -I. -I.. -I../untracked -fdiagnostics-color=always -D_GLIBCXX_ASSERTIONS=1 -D_FILE_OFFSET_BITS=64 -Wall -Winvalid-pch -std=c++11 -O2 -m64 -march=x86-64 -mtune=generic -flto=auto -ffat-lto-objects -fPIE -MD -MQ tests/test_copy_invalid_slot.p/test_copy_invalid_slot.cc.o -MF tests/test_copy_invalid_slot.p/test_copy_invalid_slot.cc.o.d -o tests/test_copy_invalid_slot.p/test_copy_invalid_slot.cc.o -c ../tests/test_copy_invalid_slot.cc
[51/107] c++ -Itests/test_compose.p -I. -I.. -I../untracked -fdiagnostics-color=always -D_GLIBCXX_ASSERTIONS=1 -D_FILE_OFFSET_BITS=64 -Wall -Winvalid-pch -std=c++11 -O2 -m64 -march=x86-64 -mtune=generic -flto=auto -ffat-lto-objects -fPIE -MD -MQ tests/test_compose.p/testutilities.cc.o -MF tests/test_compose.p/testutilities.cc.o.d -o tests/test_compose.p/testutilities.cc.o -c ../tests/testutilities.cc
[52/107] c++ -Itests/test_compose.p -I. -I.. -I../untracked -fdiagnostics-color=always -D_GLIBCXX_ASSERTIONS=1 -D_FILE_OFFSET_BITS=64 -Wall -Winvalid-pch -std=c++11 -O2 -m64 -march=x86-64 -mtune=generic -flto=auto -ffat-lto-objects -fPIE -MD -MQ tests/test_compose.p/test_compose.cc.o -MF tests/test_compose.p/test_compose.cc.o.d -o tests/test_compose.p/test_compose.cc.o -c ../tests/test_compose.cc
[53/107] c++ -Itests/test_bind_return.p -I. -I.. -I../untracked -fdiagnostics-color=always -D_GLIBCXX_ASSERTIONS=1 -D_FILE_OFFSET_BITS=64 -Wall -Winvalid-pch -std=c++11 -O2 -m64 -march=x86-64 -mtune=generic -flto=auto -ffat-lto-objects -fPIE -MD -MQ tests/test_bind_return.p/testutilities.cc.o -MF tests/test_bind_return.p/testutilities.cc.o.d -o tests/test_bind_return.p/testutilities.cc.o -c ../tests/testutilities.cc
[54/107] c++ -Itests/test_bind_return.p -I. -I.. -I../untracked -fdiagnostics-color=always -D_GLIBCXX_ASSERTIONS=1 -D_FILE_OFFSET_BITS=64 -Wall -Winvalid-pch -std=c++11 -O2 -m64 -march=x86-64 -mtune=generic -flto=auto -ffat-lto-objects -fPIE -MD -MQ tests/test_bind_return.p/test_bind_return.cc.o -MF tests/test_bind_return.p/test_bind_return.cc.o.d -o tests/test_bind_return.p/test_bind_return.cc.o -c ../tests/test_bind_return.cc
[55/107] c++ -Itests/test_bind_refptr.p -I. -I.. -I../untracked -fdiagnostics-color=always -D_GLIBCXX_ASSERTIONS=1 -D_FILE_OFFSET_BITS=64 -Wall -Winvalid-pch -std=c++11 -O2 -m64 -march=x86-64 -mtune=generic -flto=auto -ffat-lto-objects -fPIE -MD -MQ tests/test_bind_refptr.p/testutilities.cc.o -MF tests/test_bind_refptr.p/testutilities.cc.o.d -o tests/test_bind_refptr.p/testutilities.cc.o -c ../tests/testutilities.cc
[56/107] c++ -Itests/test_bind_refptr.p -I. -I.. -I../untracked -fdiagnostics-color=always -D_GLIBCXX_ASSERTIONS=1 -D_FILE_OFFSET_BITS=64 -Wall -Winvalid-pch -std=c++11 -O2 -m64 -march=x86-64 -mtune=generic -flto=auto -ffat-lto-objects -fPIE -MD -MQ tests/test_bind_refptr.p/test_bind_refptr.cc.o -MF tests/test_bind_refptr.p/test_bind_refptr.cc.o.d -o tests/test_bind_refptr.p/test_bind_refptr.cc.o -c ../tests/test_bind_refptr.cc
[57/107] c++ -Itests/test_bind_ref.p -I. -I.. -I../untracked -fdiagnostics-color=always -D_GLIBCXX_ASSERTIONS=1 -D_FILE_OFFSET_BITS=64 -Wall -Winvalid-pch -std=c++11 -O2 -m64 -march=x86-64 -mtune=generic -flto=auto -ffat-lto-objects -fPIE -MD -MQ tests/test_bind_ref.p/testutilities.cc.o -MF tests/test_bind_ref.p/testutilities.cc.o.d -o tests/test_bind_ref.p/testutilities.cc.o -c ../tests/testutilities.cc
[58/107] c++ -Itests/test_bind_ref.p -I. -I.. -I../untracked -fdiagnostics-color=always -D_GLIBCXX_ASSERTIONS=1 -D_FILE_OFFSET_BITS=64 -Wall -Winvalid-pch -std=c++11 -O2 -m64 -march=x86-64 -mtune=generic -flto=auto -ffat-lto-objects -fPIE -MD -MQ tests/test_bind_ref.p/test_bind_ref.cc.o -MF tests/test_bind_ref.p/test_bind_ref.cc.o.d -o tests/test_bind_ref.p/test_bind_ref.cc.o -c ../tests/test_bind_ref.cc
[59/107] c++ -Itests/test_bind_as_slot.p -I. -I.. -I../untracked -fdiagnostics-color=always -D_GLIBCXX_ASSERTIONS=1 -D_FILE_OFFSET_BITS=64 -Wall -Winvalid-pch -std=c++11 -O2 -m64 -march=x86-64 -mtune=generic -flto=auto -ffat-lto-objects -fPIE -MD -MQ tests/test_bind_as_slot.p/testutilities.cc.o -MF tests/test_bind_as_slot.p/testutilities.cc.o.d -o tests/test_bind_as_slot.p/testutilities.cc.o -c ../tests/testutilities.cc
[60/107] c++ -Itests/test_bind_as_slot.p -I. -I.. -I../untracked -fdiagnostics-color=always -D_GLIBCXX_ASSERTIONS=1 -D_FILE_OFFSET_BITS=64 -Wall -Winvalid-pch -std=c++11 -O2 -m64 -march=x86-64 -mtune=generic -flto=auto -ffat-lto-objects -fPIE -MD -MQ tests/test_bind_as_slot.p/test_bind_as_slot.cc.o -MF tests/test_bind_as_slot.p/test_bind_as_slot.cc.o.d -o tests/test_bind_as_slot.p/test_bind_as_slot.cc.o -c ../tests/test_bind_as_slot.cc
[61/107] c++ -Itests/test_bind.p -I. -I.. -I../untracked -fdiagnostics-color=always -D_GLIBCXX_ASSERTIONS=1 -D_FILE_OFFSET_BITS=64 -Wall -Winvalid-pch -std=c++11 -O2 -m64 -march=x86-64 -mtune=generic -flto=auto -ffat-lto-objects -fPIE -MD -MQ tests/test_bind.p/testutilities.cc.o -MF tests/test_bind.p/testutilities.cc.o.d -o tests/test_bind.p/testutilities.cc.o -c ../tests/testutilities.cc
[62/107] c++ -Itests/test_bind.p -I. -I.. -I../untracked -fdiagnostics-color=always -D_GLIBCXX_ASSERTIONS=1 -D_FILE_OFFSET_BITS=64 -Wall -Winvalid-pch -std=c++11 -O2 -m64 -march=x86-64 -mtune=generic -flto=auto -ffat-lto-objects -fPIE -MD -MQ tests/test_bind.p/test_bind.cc.o -MF tests/test_bind.p/test_bind.cc.o.d -o tests/test_bind.p/test_bind.cc.o -c ../tests/test_bind.cc
[63/107] c++ -Itests/test_accumulated.p -I. -I.. -I../untracked -fdiagnostics-color=always -D_GLIBCXX_ASSERTIONS=1 -D_FILE_OFFSET_BITS=64 -Wall -Winvalid-pch -std=c++11 -O2 -m64 -march=x86-64 -mtune=generic -flto=auto -ffat-lto-objects -fPIE -MD -MQ tests/test_accumulated.p/testutilities.cc.o -MF tests/test_accumulated.p/testutilities.cc.o.d -o tests/test_accumulated.p/testutilities.cc.o -c ../tests/testutilities.cc
[64/107] c++ -Itests/test_accumulated.p -I. -I.. -I../untracked -fdiagnostics-color=always -D_GLIBCXX_ASSERTIONS=1 -D_FILE_OFFSET_BITS=64 -Wall -Winvalid-pch -std=c++11 -O2 -m64 -march=x86-64 -mtune=generic -flto=auto -ffat-lto-objects -fPIE -MD -MQ tests/test_accumulated.p/test_accumulated.cc.o -MF tests/test_accumulated.p/test_accumulated.cc.o.d -o tests/test_accumulated.p/test_accumulated.cc.o -c ../tests/test_accumulated.cc
[65/107] c++ -Isigc++/libsigc-2.0.so.0.0.0.p -I. -I.. -I../untracked -fdiagnostics-color=always -D_GLIBCXX_ASSERTIONS=1 -D_FILE_OFFSET_BITS=64 -Wall -Winvalid-pch -std=c++11 -O2 -m64 -march=x86-64 -mtune=generic -flto=auto -ffat-lto-objects -fPIC -MD -MQ sigc++/libsigc-2.0.so.0.0.0.p/.._untracked_sigc++_adaptors_lambda_lambda.cc.o -MF sigc++/libsigc-2.0.so.0.0.0.p/.._untracked_sigc++_adaptors_lambda_lambda.cc.o.d -o sigc++/libsigc-2.0.so.0.0.0.p/.._untracked_sigc++_adaptors_lambda_lambda.cc.o -c ../untracked/sigc++/adaptors/lambda/lambda.cc
[66/107] c++ -Isigc++/libsigc-2.0.so.0.0.0.p -I. -I.. -I../untracked -fdiagnostics-color=always -D_GLIBCXX_ASSERTIONS=1 -D_FILE_OFFSET_BITS=64 -Wall -Winvalid-pch -std=c++11 -O2 -m64 -march=x86-64 -mtune=generic -flto=auto -ffat-lto-objects -fPIC -MD -MQ sigc++/libsigc-2.0.so.0.0.0.p/functors_slot_base.cc.o -MF sigc++/libsigc-2.0.so.0.0.0.p/functors_slot_base.cc.o.d -o sigc++/libsigc-2.0.so.0.0.0.p/functors_slot_base.cc.o -c ../sigc++/functors/slot_base.cc
[67/107] c++ -Isigc++/libsigc-2.0.so.0.0.0.p -I. -I.. -I../untracked -fdiagnostics-color=always -D_GLIBCXX_ASSERTIONS=1 -D_FILE_OFFSET_BITS=64 -Wall -Winvalid-pch -std=c++11 -O2 -m64 -march=x86-64 -mtune=generic -flto=auto -ffat-lto-objects -fPIC -MD -MQ sigc++/libsigc-2.0.so.0.0.0.p/trackable.cc.o -MF sigc++/libsigc-2.0.so.0.0.0.p/trackable.cc.o.d -o sigc++/libsigc-2.0.so.0.0.0.p/trackable.cc.o -c ../sigc++/trackable.cc
[68/107] c++ -Isigc++/libsigc-2.0.so.0.0.0.p -I. -I.. -I../untracked -fdiagnostics-color=always -D_GLIBCXX_ASSERTIONS=1 -D_FILE_OFFSET_BITS=64 -Wall -Winvalid-pch -std=c++11 -O2 -m64 -march=x86-64 -mtune=generic -flto=auto -ffat-lto-objects -fPIC -MD -MQ sigc++/libsigc-2.0.so.0.0.0.p/signal_base.cc.o -MF sigc++/libsigc-2.0.so.0.0.0.p/signal_base.cc.o.d -o sigc++/libsigc-2.0.so.0.0.0.p/signal_base.cc.o -c ../sigc++/signal_base.cc
[69/107] c++ -Isigc++/libsigc-2.0.so.0.0.0.p -I. -I.. -I../untracked -fdiagnostics-color=always -D_GLIBCXX_ASSERTIONS=1 -D_FILE_OFFSET_BITS=64 -Wall -Winvalid-pch -std=c++11 -O2 -m64 -march=x86-64 -mtune=generic -flto=auto -ffat-lto-objects -fPIC -MD -MQ sigc++/libsigc-2.0.so.0.0.0.p/connection.cc.o -MF sigc++/libsigc-2.0.so.0.0.0.p/connection.cc.o.d -o sigc++/libsigc-2.0.so.0.0.0.p/connection.cc.o -c ../sigc++/connection.cc
[70/107] c++ -Itests/test_accum_iter.p -I. -I.. -I../untracked -fdiagnostics-color=always -D_GLIBCXX_ASSERTIONS=1 -D_FILE_OFFSET_BITS=64 -Wall -Winvalid-pch -std=c++11 -O2 -m64 -march=x86-64 -mtune=generic -flto=auto -ffat-lto-objects -fPIE -MD -MQ tests/test_accum_iter.p/testutilities.cc.o -MF tests/test_accum_iter.p/testutilities.cc.o.d -o tests/test_accum_iter.p/testutilities.cc.o -c ../tests/testutilities.cc
[71/107] c++ -Itests/test_accum_iter.p -I. -I.. -I../untracked -fdiagnostics-color=always -D_GLIBCXX_ASSERTIONS=1 -D_FILE_OFFSET_BITS=64 -Wall -Winvalid-pch -std=c++11 -O2 -m64 -march=x86-64 -mtune=generic -flto=auto -ffat-lto-objects -fPIE -MD -MQ tests/test_accum_iter.p/test_accum_iter.cc.o -MF tests/test_accum_iter.p/test_accum_iter.cc.o.d -o tests/test_accum_iter.p/test_accum_iter.cc.o -c ../tests/test_accum_iter.cc
[72/107] c++  -o sigc++/libsigc-2.0.so.0.0.0 sigc++/libsigc-2.0.so.0.0.0.p/connection.cc.o sigc++/libsigc-2.0.so.0.0.0.p/signal_base.cc.o sigc++/libsigc-2.0.so.0.0.0.p/trackable.cc.o sigc++/libsigc-2.0.so.0.0.0.p/functors_slot_base.cc.o sigc++/libsigc-2.0.so.0.0.0.p/.._untracked_sigc++_adaptors_lambda_lambda.cc.o -Wl,--as-needed -Wl,--no-undefined -shared -fPIC -Wl,-soname,libsigc-2.0.so.0 -O2 -m64 -march=x86-64 -mtune=generic -flto=auto -ffat-lto-objects
[73/107] /usr/bin/meson --internal symbolextractor /home/devel/building/work/src/libsigc++-2.12.1/build sigc++/libsigc-2.0.so.0.0.0 sigc++/libsigc-2.0.so.0.0.0 sigc++/libsigc-2.0.so.0.0.0.p/libsigc-2.0.so.0.0.0.symbols 
[74/107] c++  -o tests/test_visit_each tests/test_visit_each.p/test_visit_each.cc.o tests/test_visit_each.p/testutilities.cc.o -Wl,--as-needed -Wl,--no-undefined -pie -O2 -m64 -march=x86-64 -mtune=generic -flto=auto -ffat-lto-objects '-Wl,-rpath,$ORIGIN/../sigc++' -Wl,-rpath-link,/home/devel/building/work/src/libsigc++-2.12.1/build/sigc++ sigc++/libsigc-2.0.so.0.0.0
[75/107] c++  -o tests/test_track_obj tests/test_track_obj.p/test_track_obj.cc.o tests/test_track_obj.p/testutilities.cc.o -Wl,--as-needed -Wl,--no-undefined -pie -O2 -m64 -march=x86-64 -mtune=generic -flto=auto -ffat-lto-objects '-Wl,-rpath,$ORIGIN/../sigc++' -Wl,-rpath-link,/home/devel/building/work/src/libsigc++-2.12.1/build/sigc++ sigc++/libsigc-2.0.so.0.0.0
[76/107] c++  -o tests/test_trackable_move tests/test_trackable_move.p/test_trackable_move.cc.o tests/test_trackable_move.p/testutilities.cc.o -Wl,--as-needed -Wl,--no-undefined -pie -O2 -m64 -march=x86-64 -mtune=generic -flto=auto -ffat-lto-objects '-Wl,-rpath,$ORIGIN/../sigc++' -Wl,-rpath-link,/home/devel/building/work/src/libsigc++-2.12.1/build/sigc++ sigc++/libsigc-2.0.so.0.0.0
[77/107] c++  -o tests/test_trackable tests/test_trackable.p/test_trackable.cc.o tests/test_trackable.p/testutilities.cc.o -Wl,--as-needed -Wl,--no-undefined -pie -O2 -m64 -march=x86-64 -mtune=generic -flto=auto -ffat-lto-objects '-Wl,-rpath,$ORIGIN/../sigc++' -Wl,-rpath-link,/home/devel/building/work/src/libsigc++-2.12.1/build/sigc++ sigc++/libsigc-2.0.so.0.0.0
[78/107] c++  -o tests/test_slot_move tests/test_slot_move.p/test_slot_move.cc.o tests/test_slot_move.p/testutilities.cc.o -Wl,--as-needed -Wl,--no-undefined -pie -O2 -m64 -march=x86-64 -mtune=generic -flto=auto -ffat-lto-objects '-Wl,-rpath,$ORIGIN/../sigc++' -Wl,-rpath-link,/home/devel/building/work/src/libsigc++-2.12.1/build/sigc++ sigc++/libsigc-2.0.so.0.0.0
[79/107] c++  -o tests/test_slot_disconnect tests/test_slot_disconnect.p/test_slot_disconnect.cc.o tests/test_slot_disconnect.p/testutilities.cc.o -Wl,--as-needed -Wl,--no-undefined -pie -O2 -m64 -march=x86-64 -mtune=generic -flto=auto -ffat-lto-objects '-Wl,-rpath,$ORIGIN/../sigc++' -Wl,-rpath-link,/home/devel/building/work/src/libsigc++-2.12.1/build/sigc++ sigc++/libsigc-2.0.so.0.0.0
[80/107] c++  -o tests/test_slot tests/test_slot.p/test_slot.cc.o tests/test_slot.p/testutilities.cc.o -Wl,--as-needed -Wl,--no-undefined -pie -O2 -m64 -march=x86-64 -mtune=generic -flto=auto -ffat-lto-objects '-Wl,-rpath,$ORIGIN/../sigc++' -Wl,-rpath-link,/home/devel/building/work/src/libsigc++-2.12.1/build/sigc++ sigc++/libsigc-2.0.so.0.0.0
[81/107] c++  -o tests/test_size tests/test_size.p/test_size.cc.o tests/test_size.p/testutilities.cc.o -Wl,--as-needed -Wl,--no-undefined -pie -O2 -m64 -march=x86-64 -mtune=generic -flto=auto -ffat-lto-objects '-Wl,-rpath,$ORIGIN/../sigc++' -Wl,-rpath-link,/home/devel/building/work/src/libsigc++-2.12.1/build/sigc++ sigc++/libsigc-2.0.so.0.0.0
[82/107] c++  -o tests/test_signal_move tests/test_signal_move.p/test_signal_move.cc.o tests/test_signal_move.p/testutilities.cc.o -Wl,--as-needed -Wl,--no-undefined -pie -O2 -m64 -march=x86-64 -mtune=generic -flto=auto -ffat-lto-objects '-Wl,-rpath,$ORIGIN/../sigc++' -Wl,-rpath-link,/home/devel/building/work/src/libsigc++-2.12.1/build/sigc++ sigc++/libsigc-2.0.so.0.0.0
[83/107] c++  -o tests/test_signal tests/test_signal.p/test_signal.cc.o tests/test_signal.p/testutilities.cc.o -Wl,--as-needed -Wl,--no-undefined -pie -O2 -m64 -march=x86-64 -mtune=generic -flto=auto -ffat-lto-objects '-Wl,-rpath,$ORIGIN/../sigc++' -Wl,-rpath-link,/home/devel/building/work/src/libsigc++-2.12.1/build/sigc++ sigc++/libsigc-2.0.so.0.0.0
[84/107] c++  -o tests/test_retype_return tests/test_retype_return.p/test_retype_return.cc.o tests/test_retype_return.p/testutilities.cc.o -Wl,--as-needed -Wl,--no-undefined -pie -O2 -m64 -march=x86-64 -mtune=generic -flto=auto -ffat-lto-objects '-Wl,-rpath,$ORIGIN/../sigc++' -Wl,-rpath-link,/home/devel/building/work/src/libsigc++-2.12.1/build/sigc++ sigc++/libsigc-2.0.so.0.0.0
[85/107] c++  -o tests/test_retype tests/test_retype.p/test_retype.cc.o tests/test_retype.p/testutilities.cc.o -Wl,--as-needed -Wl,--no-undefined -pie -O2 -m64 -march=x86-64 -mtune=generic -flto=auto -ffat-lto-objects '-Wl,-rpath,$ORIGIN/../sigc++' -Wl,-rpath-link,/home/devel/building/work/src/libsigc++-2.12.1/build/sigc++ sigc++/libsigc-2.0.so.0.0.0
[86/107] c++  -o tests/test_ptr_fun tests/test_ptr_fun.p/test_ptr_fun.cc.o tests/test_ptr_fun.p/testutilities.cc.o -Wl,--as-needed -Wl,--no-undefined -pie -O2 -m64 -march=x86-64 -mtune=generic -flto=auto -ffat-lto-objects '-Wl,-rpath,$ORIGIN/../sigc++' -Wl,-rpath-link,/home/devel/building/work/src/libsigc++-2.12.1/build/sigc++ sigc++/libsigc-2.0.so.0.0.0
[87/107] c++  -o tests/test_mem_fun tests/test_mem_fun.p/test_mem_fun.cc.o tests/test_mem_fun.p/testutilities.cc.o -Wl,--as-needed -Wl,--no-undefined -pie -O2 -m64 -march=x86-64 -mtune=generic -flto=auto -ffat-lto-objects '-Wl,-rpath,$ORIGIN/../sigc++' -Wl,-rpath-link,/home/devel/building/work/src/libsigc++-2.12.1/build/sigc++ sigc++/libsigc-2.0.so.0.0.0
[88/107] c++  -o tests/test_limit_reference tests/test_limit_reference.p/test_limit_reference.cc.o tests/test_limit_reference.p/testutilities.cc.o -Wl,--as-needed -Wl,--no-undefined -pie -O2 -m64 -march=x86-64 -mtune=generic -flto=auto -ffat-lto-objects '-Wl,-rpath,$ORIGIN/../sigc++' -Wl,-rpath-link,/home/devel/building/work/src/libsigc++-2.12.1/build/sigc++ sigc++/libsigc-2.0.so.0.0.0
[89/107] c++  -o tests/test_hide tests/test_hide.p/test_hide.cc.o tests/test_hide.p/testutilities.cc.o -Wl,--as-needed -Wl,--no-undefined -pie -O2 -m64 -march=x86-64 -mtune=generic -flto=auto -ffat-lto-objects '-Wl,-rpath,$ORIGIN/../sigc++' -Wl,-rpath-link,/home/devel/building/work/src/libsigc++-2.12.1/build/sigc++ sigc++/libsigc-2.0.so.0.0.0
[90/107] c++  -o tests/test_functor_trait tests/test_functor_trait.p/test_functor_trait.cc.o tests/test_functor_trait.p/testutilities.cc.o -Wl,--as-needed -Wl,--no-undefined -pie -O2 -m64 -march=x86-64 -mtune=generic -flto=auto -ffat-lto-objects '-Wl,-rpath,$ORIGIN/../sigc++' -Wl,-rpath-link,/home/devel/building/work/src/libsigc++-2.12.1/build/sigc++ sigc++/libsigc-2.0.so.0.0.0
[91/107] c++  -o tests/test_exception_catch tests/test_exception_catch.p/test_exception_catch.cc.o tests/test_exception_catch.p/testutilities.cc.o -Wl,--as-needed -Wl,--no-undefined -pie -O2 -m64 -march=x86-64 -mtune=generic -flto=auto -ffat-lto-objects '-Wl,-rpath,$ORIGIN/../sigc++' -Wl,-rpath-link,/home/devel/building/work/src/libsigc++-2.12.1/build/sigc++ sigc++/libsigc-2.0.so.0.0.0
[92/107] c++  -o tests/test_disconnect_during_emit tests/test_disconnect_during_emit.p/test_disconnect_during_emit.cc.o tests/test_disconnect_during_emit.p/testutilities.cc.o -Wl,--as-needed -Wl,--no-undefined -pie -O2 -m64 -march=x86-64 -mtune=generic -flto=auto -ffat-lto-objects '-Wl,-rpath,$ORIGIN/../sigc++' -Wl,-rpath-link,/home/devel/building/work/src/libsigc++-2.12.1/build/sigc++ sigc++/libsigc-2.0.so.0.0.0
[93/107] c++  -o tests/test_disconnect tests/test_disconnect.p/test_disconnect.cc.o tests/test_disconnect.p/testutilities.cc.o -Wl,--as-needed -Wl,--no-undefined -pie -O2 -m64 -march=x86-64 -mtune=generic -flto=auto -ffat-lto-objects '-Wl,-rpath,$ORIGIN/../sigc++' -Wl,-rpath-link,/home/devel/building/work/src/libsigc++-2.12.1/build/sigc++ sigc++/libsigc-2.0.so.0.0.0
[94/107] c++  -o tests/test_deduce_result_type tests/test_deduce_result_type.p/test_deduce_result_type.cc.o tests/test_deduce_result_type.p/testutilities.cc.o -Wl,--as-needed -Wl,--no-undefined -pie -O2 -m64 -march=x86-64 -mtune=generic -flto=auto -ffat-lto-objects '-Wl,-rpath,$ORIGIN/../sigc++' -Wl,-rpath-link,/home/devel/building/work/src/libsigc++-2.12.1/build/sigc++ sigc++/libsigc-2.0.so.0.0.0
[95/107] c++  -o tests/test_custom tests/test_custom.p/test_custom.cc.o tests/test_custom.p/testutilities.cc.o -Wl,--as-needed -Wl,--no-undefined -pie -O2 -m64 -march=x86-64 -mtune=generic -flto=auto -ffat-lto-objects '-Wl,-rpath,$ORIGIN/../sigc++' -Wl,-rpath-link,/home/devel/building/work/src/libsigc++-2.12.1/build/sigc++ sigc++/libsigc-2.0.so.0.0.0
[96/107] c++  -o tests/test_cpp11_lambda tests/test_cpp11_lambda.p/test_cpp11_lambda.cc.o tests/test_cpp11_lambda.p/testutilities.cc.o -Wl,--as-needed -Wl,--no-undefined -pie -O2 -m64 -march=x86-64 -mtune=generic -flto=auto -ffat-lto-objects '-Wl,-rpath,$ORIGIN/../sigc++' -Wl,-rpath-link,/home/devel/building/work/src/libsigc++-2.12.1/build/sigc++ sigc++/libsigc-2.0.so.0.0.0
[97/107] c++  -o tests/test_copy_invalid_slot tests/test_copy_invalid_slot.p/test_copy_invalid_slot.cc.o tests/test_copy_invalid_slot.p/testutilities.cc.o -Wl,--as-needed -Wl,--no-undefined -pie -O2 -m64 -march=x86-64 -mtune=generic -flto=auto -ffat-lto-objects '-Wl,-rpath,$ORIGIN/../sigc++' -Wl,-rpath-link,/home/devel/building/work/src/libsigc++-2.12.1/build/sigc++ sigc++/libsigc-2.0.so.0.0.0
[98/107] c++  -o tests/test_compose tests/test_compose.p/test_compose.cc.o tests/test_compose.p/testutilities.cc.o -Wl,--as-needed -Wl,--no-undefined -pie -O2 -m64 -march=x86-64 -mtune=generic -flto=auto -ffat-lto-objects '-Wl,-rpath,$ORIGIN/../sigc++' -Wl,-rpath-link,/home/devel/building/work/src/libsigc++-2.12.1/build/sigc++ sigc++/libsigc-2.0.so.0.0.0
[99/107] c++  -o tests/test_bind_return tests/test_bind_return.p/test_bind_return.cc.o tests/test_bind_return.p/testutilities.cc.o -Wl,--as-needed -Wl,--no-undefined -pie -O2 -m64 -march=x86-64 -mtune=generic -flto=auto -ffat-lto-objects '-Wl,-rpath,$ORIGIN/../sigc++' -Wl,-rpath-link,/home/devel/building/work/src/libsigc++-2.12.1/build/sigc++ sigc++/libsigc-2.0.so.0.0.0
[100/107] c++  -o tests/test_bind_refptr tests/test_bind_refptr.p/test_bind_refptr.cc.o tests/test_bind_refptr.p/testutilities.cc.o -Wl,--as-needed -Wl,--no-undefined -pie -O2 -m64 -march=x86-64 -mtune=generic -flto=auto -ffat-lto-objects '-Wl,-rpath,$ORIGIN/../sigc++' -Wl,-rpath-link,/home/devel/building/work/src/libsigc++-2.12.1/build/sigc++ sigc++/libsigc-2.0.so.0.0.0
[101/107] c++  -o tests/test_bind_ref tests/test_bind_ref.p/test_bind_ref.cc.o tests/test_bind_ref.p/testutilities.cc.o -Wl,--as-needed -Wl,--no-undefined -pie -O2 -m64 -march=x86-64 -mtune=generic -flto=auto -ffat-lto-objects '-Wl,-rpath,$ORIGIN/../sigc++' -Wl,-rpath-link,/home/devel/building/work/src/libsigc++-2.12.1/build/sigc++ sigc++/libsigc-2.0.so.0.0.0
[102/107] c++  -o tests/test_bind_as_slot tests/test_bind_as_slot.p/test_bind_as_slot.cc.o tests/test_bind_as_slot.p/testutilities.cc.o -Wl,--as-needed -Wl,--no-undefined -pie -O2 -m64 -march=x86-64 -mtune=generic -flto=auto -ffat-lto-objects '-Wl,-rpath,$ORIGIN/../sigc++' -Wl,-rpath-link,/home/devel/building/work/src/libsigc++-2.12.1/build/sigc++ sigc++/libsigc-2.0.so.0.0.0
[103/107] c++  -o tests/test_bind tests/test_bind.p/test_bind.cc.o tests/test_bind.p/testutilities.cc.o -Wl,--as-needed -Wl,--no-undefined -pie -O2 -m64 -march=x86-64 -mtune=generic -flto=auto -ffat-lto-objects '-Wl,-rpath,$ORIGIN/../sigc++' -Wl,-rpath-link,/home/devel/building/work/src/libsigc++-2.12.1/build/sigc++ sigc++/libsigc-2.0.so.0.0.0
[104/107] c++  -o tests/test_accumulated tests/test_accumulated.p/test_accumulated.cc.o tests/test_accumulated.p/testutilities.cc.o -Wl,--as-needed -Wl,--no-undefined -pie -O2 -m64 -march=x86-64 -mtune=generic -flto=auto -ffat-lto-objects '-Wl,-rpath,$ORIGIN/../sigc++' -Wl,-rpath-link,/home/devel/building/work/src/libsigc++-2.12.1/build/sigc++ sigc++/libsigc-2.0.so.0.0.0
[105/107] c++  -o tests/test_accum_iter tests/test_accum_iter.p/test_accum_iter.cc.o tests/test_accum_iter.p/testutilities.cc.o -Wl,--as-needed -Wl,--no-undefined -pie -O2 -m64 -march=x86-64 -mtune=generic -flto=auto -ffat-lto-objects '-Wl,-rpath,$ORIGIN/../sigc++' -Wl,-rpath-link,/home/devel/building/work/src/libsigc++-2.12.1/build/sigc++ sigc++/libsigc-2.0.so.0.0.0
[106/107] c++  -o examples/member_method examples/member_method.p/member_method.cc.o -Wl,--as-needed -Wl,--no-undefined -pie -O2 -m64 -march=x86-64 -mtune=generic -flto=auto -ffat-lto-objects '-Wl,-rpath,$ORIGIN/../sigc++' -Wl,-rpath-link,/home/devel/building/work/src/libsigc++-2.12.1/build/sigc++ sigc++/libsigc-2.0.so.0.0.0
[107/107] c++  -o examples/hello_world examples/hello_world.p/hello_world.cc.o -Wl,--as-needed -Wl,--no-undefined -pie -O2 -m64 -march=x86-64 -mtune=generic -flto=auto -ffat-lto-objects '-Wl,-rpath,$ORIGIN/../sigc++' -Wl,-rpath-link,/home/devel/building/work/src/libsigc++-2.12.1/build/sigc++ sigc++/libsigc-2.0.so.0.0.0
INFO: autodetecting backend as ninja
INFO: calculating backend command to run: /usr/bin/ninja -C /home/devel/building/work/src/libsigc++-2.12.1/build -j 8 -v
+ DESTDIR=/home/devel/building/work/pkg
+ meson install --no-rebuild -C build
Installing  /home/devel/building/work/src/libsigc++-2.12.1/untracked/sigc++/limit_reference.h  to  /home/devel/building/work/pkg/usr/include/sigc++-2.0/sigc++
Installing  /home/devel/building/work/src/libsigc++-2.12.1/untracked/sigc++/signal.h  to  /home/devel/building/work/pkg/usr/include/sigc++-2.0/sigc++
Installing  /home/devel/building/work/src/libsigc++-2.12.1/untracked/sigc++/adaptors/adaptor_trait.h  to  /home/devel/building/work/pkg/usr/include/sigc++-2.0/sigc++/adaptors
Installing  /home/devel/building/work/src/libsigc++-2.12.1/untracked/sigc++/adaptors/bind.h  to  /home/devel/building/work/pkg/usr/include/sigc++-2.0/sigc++/adaptors
Installing  /home/devel/building/work/src/libsigc++-2.12.1/untracked/sigc++/adaptors/bind_return.h  to  /home/devel/building/work/pkg/usr/include/sigc++-2.0/sigc++/adaptors
Installing  /home/devel/building/work/src/libsigc++-2.12.1/untracked/sigc++/adaptors/compose.h  to  /home/devel/building/work/pkg/usr/include/sigc++-2.0/sigc++/adaptors
Installing  /home/devel/building/work/src/libsigc++-2.12.1/untracked/sigc++/adaptors/deduce_result_type.h  to  /home/devel/building/work/pkg/usr/include/sigc++-2.0/sigc++/adaptors
Installing  /home/devel/building/work/src/libsigc++-2.12.1/untracked/sigc++/adaptors/exception_catch.h  to  /home/devel/building/work/pkg/usr/include/sigc++-2.0/sigc++/adaptors
Installing  /home/devel/building/work/src/libsigc++-2.12.1/untracked/sigc++/adaptors/hide.h  to  /home/devel/building/work/pkg/usr/include/sigc++-2.0/sigc++/adaptors
Installing  /home/devel/building/work/src/libsigc++-2.12.1/untracked/sigc++/adaptors/retype.h  to  /home/devel/building/work/pkg/usr/include/sigc++-2.0/sigc++/adaptors
Installing  /home/devel/building/work/src/libsigc++-2.12.1/untracked/sigc++/adaptors/retype_return.h  to  /home/devel/building/work/pkg/usr/include/sigc++-2.0/sigc++/adaptors
Installing  /home/devel/building/work/src/libsigc++-2.12.1/untracked/sigc++/adaptors/track_obj.h  to  /home/devel/building/work/pkg/usr/include/sigc++-2.0/sigc++/adaptors
Installing  /home/devel/building/work/src/libsigc++-2.12.1/untracked/sigc++/adaptors/lambda/base.h  to  /home/devel/building/work/pkg/usr/include/sigc++-2.0/sigc++/adaptors/lambda
Installing  /home/devel/building/work/src/libsigc++-2.12.1/untracked/sigc++/adaptors/lambda/select.h  to  /home/devel/building/work/pkg/usr/include/sigc++-2.0/sigc++/adaptors/lambda
Installing  /home/devel/building/work/src/libsigc++-2.12.1/untracked/sigc++/functors/functor_trait.h  to  /home/devel/building/work/pkg/usr/include/sigc++-2.0/sigc++/functors
Installing  /home/devel/building/work/src/libsigc++-2.12.1/untracked/sigc++/functors/mem_fun.h  to  /home/devel/building/work/pkg/usr/include/sigc++-2.0/sigc++/functors
Installing  /home/devel/building/work/src/libsigc++-2.12.1/untracked/sigc++/functors/ptr_fun.h  to  /home/devel/building/work/pkg/usr/include/sigc++-2.0/sigc++/functors
Installing  /home/devel/building/work/src/libsigc++-2.12.1/untracked/sigc++/functors/slot.h  to  /home/devel/building/work/pkg/usr/include/sigc++-2.0/sigc++/functors
Installing sigc++/libsigc-2.0.so.0.0.0 to /home/devel/building/work/pkg/usr/lib
Installing /home/devel/building/work/src/libsigc++-2.12.1/sigc++/sigc++.h to /home/devel/building/work/pkg/usr/include/sigc++-2.0/sigc++
Installing /home/devel/building/work/src/libsigc++-2.12.1/sigc++/bind.h to /home/devel/building/work/pkg/usr/include/sigc++-2.0/sigc++
Installing /home/devel/building/work/src/libsigc++-2.12.1/sigc++/bind_return.h to /home/devel/building/work/pkg/usr/include/sigc++-2.0/sigc++
Installing /home/devel/building/work/src/libsigc++-2.12.1/sigc++/connection.h to /home/devel/building/work/pkg/usr/include/sigc++-2.0/sigc++
Installing /home/devel/building/work/src/libsigc++-2.12.1/sigc++/reference_wrapper.h to /home/devel/building/work/pkg/usr/include/sigc++-2.0/sigc++
Installing /home/devel/building/work/src/libsigc++-2.12.1/sigc++/retype_return.h to /home/devel/building/work/pkg/usr/include/sigc++-2.0/sigc++
Installing /home/devel/building/work/src/libsigc++-2.12.1/sigc++/signal_base.h to /home/devel/building/work/pkg/usr/include/sigc++-2.0/sigc++
Installing /home/devel/building/work/src/libsigc++-2.12.1/sigc++/slot.h to /home/devel/building/work/pkg/usr/include/sigc++-2.0/sigc++
Installing /home/devel/building/work/src/libsigc++-2.12.1/sigc++/trackable.h to /home/devel/building/work/pkg/usr/include/sigc++-2.0/sigc++
Installing /home/devel/building/work/src/libsigc++-2.12.1/sigc++/type_traits.h to /home/devel/building/work/pkg/usr/include/sigc++-2.0/sigc++
Installing /home/devel/building/work/src/libsigc++-2.12.1/sigc++/visit_each.h to /home/devel/building/work/pkg/usr/include/sigc++-2.0/sigc++
Installing /home/devel/building/work/src/libsigc++-2.12.1/sigc++/adaptors/adaptors.h to /home/devel/building/work/pkg/usr/include/sigc++-2.0/sigc++/adaptors
Installing /home/devel/building/work/src/libsigc++-2.12.1/sigc++/adaptors/bound_argument.h to /home/devel/building/work/pkg/usr/include/sigc++-2.0/sigc++/adaptors
Installing /home/devel/building/work/src/libsigc++-2.12.1/sigc++/functors/functors.h to /home/devel/building/work/pkg/usr/include/sigc++-2.0/sigc++/functors
Installing /home/devel/building/work/src/libsigc++-2.12.1/sigc++/functors/slot_base.h to /home/devel/building/work/pkg/usr/include/sigc++-2.0/sigc++/functors
Installing /home/devel/building/work/src/libsigc++-2.12.1/build/sigc++-2.0.pc to /home/devel/building/work/pkg/usr/lib/pkgconfig
Installing /home/devel/building/work/src/libsigc++-2.12.1/build/sigc++config.h to /home/devel/building/work/pkg/usr/lib/sigc++-2.0/include
Installing symlink pointing to libsigc-2.0.so.0.0.0 to /home/devel/building/work/pkg/usr/lib/libsigc-2.0.so.0
Installing symlink pointing to libsigc-2.0.so.0 to /home/devel/building/work/pkg/usr/lib/libsigc-2.0.so
Running custom install script '/usr/bin/python3 /home/devel/building/work/src/libsigc++-2.12.1/tools/handle-built-files.py install_built_h_files /home/devel/building/work/src/libsigc++-2.12.1/untracked/sigc++ include/sigc++-2.0/sigc++ limit_reference.h signal.h adaptors/adaptor_trait.h adaptors/bind.h adaptors/bind_return.h adaptors/compose.h adaptors/deduce_result_type.h adaptors/exception_catch.h adaptors/hide.h adaptors/retype.h adaptors/retype_return.h adaptors/track_obj.h adaptors/lambda/base.h adaptors/lambda/select.h functors/functor_trait.h functors/mem_fun.h functors/ptr_fun.h functors/slot.h'
=======> Build result:
drwxr-xr-x  0 root   root        0 May 29 19:55 usr/
drwxr-xr-x  0 root   root        0 May 29 19:55 usr/lib/
drwxr-xr-x  0 root   root        0 May 29 19:55 usr/include/
drwxr-xr-x  0 root   root        0 May 29 19:55 usr/include/sigc++-2.0/
drwxr-xr-x  0 root   root        0 May 29 19:55 usr/include/sigc++-2.0/sigc++/
-rw-r--r--  0 root   root     4735 Oct  1  2023 usr/include/sigc++-2.0/sigc++/sigc++.h
-rw-r--r--  0 root   root      920 Oct  1  2023 usr/include/sigc++-2.0/sigc++/bind.h
-rw-r--r--  0 root   root      949 Oct  1  2023 usr/include/sigc++-2.0/sigc++/bind_return.h
-rw-r--r--  0 root   root     4535 Oct  1  2023 usr/include/sigc++-2.0/sigc++/connection.h
-rw-r--r--  0 root   root     3903 Oct  1  2023 usr/include/sigc++-2.0/sigc++/reference_wrapper.h
-rw-r--r--  0 root   root      957 Oct  1  2023 usr/include/sigc++-2.0/sigc++/retype_return.h
-rw-r--r--  0 root   root    14942 Oct  1  2023 usr/include/sigc++-2.0/sigc++/signal_base.h
-rw-r--r--  0 root   root      830 Oct  1  2023 usr/include/sigc++-2.0/sigc++/slot.h
-rw-r--r--  0 root   root     5571 Oct  1  2023 usr/include/sigc++-2.0/sigc++/trackable.h
-rw-r--r--  0 root   root     1660 Oct  1  2023 usr/include/sigc++-2.0/sigc++/type_traits.h
-rw-r--r--  0 root   root     7325 Oct  1  2023 usr/include/sigc++-2.0/sigc++/visit_each.h
drwxr-xr-x  0 root   root        0 May 29 19:55 usr/include/sigc++-2.0/sigc++/adaptors/
drwxr-xr-x  0 root   root        0 May 29 19:55 usr/include/sigc++-2.0/sigc++/functors/
-rw-rw-r--  0 root   root    15310 Oct  1  2023 usr/include/sigc++-2.0/sigc++/limit_reference.h
-rw-rw-r--  0 root   root   195276 Oct  1  2023 usr/include/sigc++-2.0/sigc++/signal.h
-rw-r--r--  0 root   root     1018 Oct  1  2023 usr/include/sigc++-2.0/sigc++/functors/functors.h
-rw-r--r--  0 root   root    13744 Oct  1  2023 usr/include/sigc++-2.0/sigc++/functors/slot_base.h
-rw-rw-r--  0 root   root    17881 Oct  1  2023 usr/include/sigc++-2.0/sigc++/functors/functor_trait.h
-rw-rw-r--  0 root   root   331067 Oct  1  2023 usr/include/sigc++-2.0/sigc++/functors/mem_fun.h
-rw-rw-r--  0 root   root    22425 Oct  1  2023 usr/include/sigc++-2.0/sigc++/functors/ptr_fun.h
-rw-rw-r--  0 root   root    89642 Oct  1  2023 usr/include/sigc++-2.0/sigc++/functors/slot.h
-rw-r--r--  0 root   root     1219 Oct  1  2023 usr/include/sigc++-2.0/sigc++/adaptors/adaptors.h
-rw-r--r--  0 root   root     6577 Oct  1  2023 usr/include/sigc++-2.0/sigc++/adaptors/bound_argument.h
-rw-rw-r--  0 root   root    16645 Oct  1  2023 usr/include/sigc++-2.0/sigc++/adaptors/adaptor_trait.h
-rw-rw-r--  0 root   root   135396 Oct  1  2023 usr/include/sigc++-2.0/sigc++/adaptors/bind.h
-rw-rw-r--  0 root   root    12206 Oct  1  2023 usr/include/sigc++-2.0/sigc++/adaptors/bind_return.h
-rw-rw-r--  0 root   root    14403 Oct  1  2023 usr/include/sigc++-2.0/sigc++/adaptors/compose.h
-rw-rw-r--  0 root   root     2520 Oct  1  2023 usr/include/sigc++-2.0/sigc++/adaptors/deduce_result_type.h
-rw-rw-r--  0 root   root    12291 Oct  1  2023 usr/include/sigc++-2.0/sigc++/adaptors/exception_catch.h
-rw-rw-r--  0 root   root    59625 Oct  1  2023 usr/include/sigc++-2.0/sigc++/adaptors/hide.h
-rw-rw-r--  0 root   root    73281 Oct  1  2023 usr/include/sigc++-2.0/sigc++/adaptors/retype.h
-rw-rw-r--  0 root   root    15738 Oct  1  2023 usr/include/sigc++-2.0/sigc++/adaptors/retype_return.h
-rw-rw-r--  0 root   root    45216 Oct  1  2023 usr/include/sigc++-2.0/sigc++/adaptors/track_obj.h
drwxr-xr-x  0 root   root        0 May 29 19:55 usr/include/sigc++-2.0/sigc++/adaptors/lambda/
-rw-rw-r--  0 root   root    12028 Oct  1  2023 usr/include/sigc++-2.0/sigc++/adaptors/lambda/base.h
-rw-rw-r--  0 root   root    19560 Oct  1  2023 usr/include/sigc++-2.0/sigc++/adaptors/lambda/select.h
-rwxr-xr-x  0 root   root    31128 May 29 19:55 usr/lib/libsigc-2.0.so.0.0.0
drwxr-xr-x  0 root   root        0 May 29 19:55 usr/lib/pkgconfig/
drwxr-xr-x  0 root   root        0 May 29 19:55 usr/lib/sigc++-2.0/
lrwxrwxrwx  0 root   root        0 May 29 19:55 usr/lib/libsigc-2.0.so.0 -> libsigc-2.0.so.0.0.0
lrwxrwxrwx  0 root   root        0 May 29 19:55 usr/lib/libsigc-2.0.so -> libsigc-2.0.so.0
drwxr-xr-x  0 root   root        0 May 29 19:55 usr/lib/sigc++-2.0/include/
-rw-r--r--  0 root   root     2782 May 29 19:55 usr/lib/sigc++-2.0/include/sigc++config.h
-rw-r--r--  0 root   root      567 May 29 19:55 usr/lib/pkgconfig/sigc++-2.0.pc
=======> Building '/home/devel/packages/libsigc++2#2.12.1-1.x86_64.pkg.tar.zst' succeeded.
prt-get: Using PKGMK_PACKAGE_DIR: /home/devel/packages
prt-get: reinstalling libsigc++2 2.12.1-1
prt-get: /usr/bin/pkgadd -u libsigc++2#2.12.1-1.x86_64.pkg.tar.zst
prt-get: build done Wed May 29 19:55:50 2024

