prt-get: updating /usr/ports/core-musl/ports
prt-get: starting build Wed May 29 21:29:59 2024
=======> Building '/home/devel/packages/ports#1.6-1.x86_64.pkg.tar.zst'.
bsdtar -p -o -C /home/devel/building/work/src -xf /home/devel/sources/ports-1.6.tar.gz
cp core-musl.httpup /home/devel/building/work/src
cp core-musl.pub /home/devel/building/work/src
cp opt-musl.httpup /home/devel/building/work/src
cp opt-musl.pub /home/devel/building/work/src
cp wayland-musl.httpup /home/devel/building/work/src
cp wayland-musl.pub /home/devel/building/work/src
+ build
+ cd ports-1.6
+ make V=1
sed "s/#VERSION#/1.6/" ports.in > ports
sed "s/#VERSION#/1.6/" ports.8.in > ports.8
+ make DESTDIR=/home/devel/building/work/pkg MANDIR=/usr/share/man install
install -D -m0755 ports /home/devel/building/work/pkg/usr/bin/ports
install -D -m0644 ports.8 /home/devel/building/work/pkg/usr/share/man/man8/ports.8
install -d /home/devel/building/work/pkg/etc/ports/drivers
install -d /home/devel/building/work/pkg/usr/ports
+ install -m 0644 /home/devel/building/work/src/core-musl.httpup /home/devel/building/work/pkg/etc/ports/core-musl.httpup
+ install -m 0644 /home/devel/building/work/src/opt-musl.httpup /home/devel/building/work/pkg/etc/ports/opt-musl.httpup
+ install -m 0644 /home/devel/building/work/src/wayland-musl.httpup /home/devel/building/work/pkg/etc/ports/wayland-musl.httpup
+ install -m 0644 /home/devel/building/work/src/core-musl.pub /home/devel/building/work/pkg/etc/ports/core-musl.pub
+ install -m 0644 /home/devel/building/work/src/opt-musl.pub /home/devel/building/work/pkg/etc/ports/opt-musl.pub
+ install -m 0644 /home/devel/building/work/src/wayland-musl.pub /home/devel/building/work/pkg/etc/ports/wayland-musl.pub
=======> Build result:
drwxr-xr-x  0 root   root        0 May 29 21:29 etc/
drwxr-xr-x  0 root   root        0 May 29 21:29 etc/ports/
drwxr-xr-x  0 root   root        0 May 29 21:29 etc/ports/drivers/
-rw-r--r--  0 root   root      160 May 29 21:29 etc/ports/core-musl.httpup
-rw-r--r--  0 root   root      156 May 29 21:29 etc/ports/opt-musl.httpup
-rw-r--r--  0 root   root      172 May 29 21:29 etc/ports/wayland-musl.httpup
-rw-r--r--  0 root   root       97 May 29 21:29 etc/ports/core-musl.pub
-rw-r--r--  0 root   root       96 May 29 21:29 etc/ports/opt-musl.pub
-rw-r--r--  0 root   root      100 May 29 21:29 etc/ports/wayland-musl.pub
drwxr-xr-x  0 root   root        0 May 29 21:29 usr/
drwxr-xr-x  0 root   root        0 May 29 21:29 usr/bin/
drwxr-xr-x  0 root   root        0 May 29 21:29 usr/share/
drwxr-xr-x  0 root   root        0 May 29 21:29 usr/ports/
drwxr-xr-x  0 root   root        0 May 29 21:29 usr/share/man/
drwxr-xr-x  0 root   root        0 May 29 21:29 usr/share/man/man8/
-rw-r--r--  0 root   root      543 May 29 21:29 usr/share/man/man8/ports.8.gz
-rwxr-xr-x  0 root   root     4275 May 29 21:29 usr/bin/ports
=======> Building '/home/devel/packages/ports#1.6-1.x86_64.pkg.tar.zst' succeeded.
prt-get: Using PKGMK_PACKAGE_DIR: /home/devel/packages
prt-get: reinstalling ports 1.6-1
prt-get: /usr/bin/pkgadd -u ports#1.6-1.x86_64.pkg.tar.zst
prt-get: build done Wed May 29 21:29:59 2024

