prt-get: updating /usr/ports/wayland-musl/python3-mako
prt-get: starting build Wed May 29 21:38:11 2024
=======> Building '/home/devel/packages/python3-mako#1.3.3-1.x86_64.pkg.tar.zst'.
bsdtar -p -o -C /home/devel/building/work/src -xf /home/devel/sources/Mako-1.3.3.tar.gz
+ build
+ cd Mako-1.3.3
+ /usr/bin/pip3 wheel -w dist --no-cache-dir --no-build-isolation --no-deps /home/devel/building/work/src/Mako-1.3.3
Processing /home/devel/building/work/src/Mako-1.3.3
  Preparing metadata (pyproject.toml): started
  Preparing metadata (pyproject.toml): finished with status 'done'
Building wheels for collected packages: Mako
  Building wheel for Mako (pyproject.toml): started
  Building wheel for Mako (pyproject.toml): finished with status 'done'
  Created wheel for Mako: filename=Mako-1.3.3-py3-none-any.whl size=78829 sha256=dc3343f54a229ed6e8c755074446cd1e352c5967a0b95f91536d5dd30ec64a00
  Stored in directory: /tmp/pip-ephem-wheel-cache-_j_s4_yx/wheels/f7/8a/37/4e566ea7905b66b4570637043a11a3b0abda80bc6ae577f1b9
Successfully built Mako
+ PIP_CONFIG_FILE=/dev/null
+ /usr/bin/pip3 install --root-user-action=ignore --no-warn-script-location --ignore-installed --no-deps dist/Mako-1.3.3-py3-none-any.whl --no-cache-dir --no-index --isolated --root=/home/devel/building/work/pkg
Processing ./dist/Mako-1.3.3-py3-none-any.whl
Installing collected packages: Mako
Successfully installed Mako-1.3.3
=======> Build result:
drwxr-xr-x  0 root   root        0 May 29 21:38 usr/
drwxr-xr-x  0 root   root        0 May 29 21:38 usr/lib/
drwxr-xr-x  0 root   root        0 May 29 21:38 usr/bin/
-rwxr-xr-x  0 root   root      213 May 29 21:38 usr/bin/mako-render
drwxr-xr-x  0 root   root        0 May 29 21:38 usr/lib/python3.12/
drwxr-xr-x  0 root   root        0 May 29 21:38 usr/lib/python3.12/site-packages/
drwxr-xr-x  0 root   root        0 May 29 21:38 usr/lib/python3.12/site-packages/mako/
drwxr-xr-x  0 root   root        0 May 29 21:38 usr/lib/python3.12/site-packages/Mako-1.3.3.dist-info/
-rw-r--r--  0 root   root     1098 May 29 21:38 usr/lib/python3.12/site-packages/Mako-1.3.3.dist-info/LICENSE
-rw-r--r--  0 root   root     2900 May 29 21:38 usr/lib/python3.12/site-packages/Mako-1.3.3.dist-info/METADATA
-rw-r--r--  0 root   root       92 May 29 21:38 usr/lib/python3.12/site-packages/Mako-1.3.3.dist-info/WHEEL
-rw-r--r--  0 root   root      512 May 29 21:38 usr/lib/python3.12/site-packages/Mako-1.3.3.dist-info/entry_points.txt
-rw-r--r--  0 root   root        5 May 29 21:38 usr/lib/python3.12/site-packages/Mako-1.3.3.dist-info/top_level.txt
-rw-r--r--  0 root   root        4 May 29 21:38 usr/lib/python3.12/site-packages/Mako-1.3.3.dist-info/INSTALLER
-rw-r--r--  0 root   root      282 May 29 21:38 usr/lib/python3.12/site-packages/Mako-1.3.3.dist-info/direct_url.json
-rw-r--r--  0 root   root        0 May 29 21:38 usr/lib/python3.12/site-packages/Mako-1.3.3.dist-info/REQUESTED
-rw-r--r--  0 root   root     4923 May 29 21:38 usr/lib/python3.12/site-packages/Mako-1.3.3.dist-info/RECORD
-rw-r--r--  0 root   root      242 May 29 21:38 usr/lib/python3.12/site-packages/mako/__init__.py
-rw-r--r--  0 root   root    20247 May 29 21:38 usr/lib/python3.12/site-packages/mako/_ast_util.py
-rw-r--r--  0 root   root     6642 May 29 21:38 usr/lib/python3.12/site-packages/mako/ast.py
-rw-r--r--  0 root   root     7680 May 29 21:38 usr/lib/python3.12/site-packages/mako/cache.py
-rw-r--r--  0 root   root     2813 May 29 21:38 usr/lib/python3.12/site-packages/mako/cmd.py
-rw-r--r--  0 root   root    47736 May 29 21:38 usr/lib/python3.12/site-packages/mako/codegen.py
-rw-r--r--  0 root   root     1820 May 29 21:38 usr/lib/python3.12/site-packages/mako/compat.py
-rw-r--r--  0 root   root    12530 May 29 21:38 usr/lib/python3.12/site-packages/mako/exceptions.py
-rw-r--r--  0 root   root     4658 May 29 21:38 usr/lib/python3.12/site-packages/mako/filters.py
-rw-r--r--  0 root   root    16324 May 29 21:38 usr/lib/python3.12/site-packages/mako/lexer.py
-rw-r--r--  0 root   root    12428 May 29 21:38 usr/lib/python3.12/site-packages/mako/lookup.py
-rw-r--r--  0 root   root    19007 May 29 21:38 usr/lib/python3.12/site-packages/mako/parsetree.py
-rw-r--r--  0 root   root    10416 May 29 21:38 usr/lib/python3.12/site-packages/mako/pygen.py
-rw-r--r--  0 root   root     7656 May 29 21:38 usr/lib/python3.12/site-packages/mako/pyparser.py
-rw-r--r--  0 root   root    27804 May 29 21:38 usr/lib/python3.12/site-packages/mako/runtime.py
-rw-r--r--  0 root   root    23857 May 29 21:38 usr/lib/python3.12/site-packages/mako/template.py
-rw-r--r--  0 root   root    10638 May 29 21:38 usr/lib/python3.12/site-packages/mako/util.py
drwxr-xr-x  0 root   root        0 May 29 21:38 usr/lib/python3.12/site-packages/mako/ext/
drwxr-xr-x  0 root   root        0 May 29 21:38 usr/lib/python3.12/site-packages/mako/testing/
drwxr-xr-x  0 root   root        0 May 29 21:38 usr/lib/python3.12/site-packages/mako/__pycache__/
-rw-r--r--  0 root   root      204 May 29 21:38 usr/lib/python3.12/site-packages/mako/__pycache__/__init__.cpython-312.pyc
-rw-r--r--  0 root   root    36415 May 29 21:38 usr/lib/python3.12/site-packages/mako/__pycache__/_ast_util.cpython-312.pyc
-rw-r--r--  0 root   root     7489 May 29 21:38 usr/lib/python3.12/site-packages/mako/__pycache__/ast.cpython-312.pyc
-rw-r--r--  0 root   root     8488 May 29 21:38 usr/lib/python3.12/site-packages/mako/__pycache__/cache.cpython-312.pyc
-rw-r--r--  0 root   root     3739 May 29 21:38 usr/lib/python3.12/site-packages/mako/__pycache__/cmd.cpython-312.pyc
-rw-r--r--  0 root   root    59063 May 29 21:38 usr/lib/python3.12/site-packages/mako/__pycache__/codegen.cpython-312.pyc
-rw-r--r--  0 root   root     3065 May 29 21:38 usr/lib/python3.12/site-packages/mako/__pycache__/compat.cpython-312.pyc
-rw-r--r--  0 root   root    14776 May 29 21:38 usr/lib/python3.12/site-packages/mako/__pycache__/exceptions.cpython-312.pyc
-rw-r--r--  0 root   root     6697 May 29 21:38 usr/lib/python3.12/site-packages/mako/__pycache__/filters.cpython-312.pyc
-rw-r--r--  0 root   root    20339 May 29 21:38 usr/lib/python3.12/site-packages/mako/__pycache__/lexer.cpython-312.pyc
-rw-r--r--  0 root   root    13705 May 29 21:38 usr/lib/python3.12/site-packages/mako/__pycache__/lookup.cpython-312.pyc
-rw-r--r--  0 root   root    29948 May 29 21:38 usr/lib/python3.12/site-packages/mako/__pycache__/parsetree.cpython-312.pyc
-rw-r--r--  0 root   root    11045 May 29 21:38 usr/lib/python3.12/site-packages/mako/__pycache__/pygen.cpython-312.pyc
-rw-r--r--  0 root   root    12504 May 29 21:38 usr/lib/python3.12/site-packages/mako/__pycache__/pyparser.cpython-312.pyc
-rw-r--r--  0 root   root    39104 May 29 21:38 usr/lib/python3.12/site-packages/mako/__pycache__/runtime.cpython-312.pyc
-rw-r--r--  0 root   root    27084 May 29 21:38 usr/lib/python3.12/site-packages/mako/__pycache__/template.cpython-312.pyc
-rw-r--r--  0 root   root    20370 May 29 21:38 usr/lib/python3.12/site-packages/mako/__pycache__/util.cpython-312.pyc
-rw-r--r--  0 root   root        0 May 29 21:38 usr/lib/python3.12/site-packages/mako/testing/__init__.py
-rw-r--r--  0 root   root     3566 May 29 21:38 usr/lib/python3.12/site-packages/mako/testing/_config.py
-rw-r--r--  0 root   root     5161 May 29 21:38 usr/lib/python3.12/site-packages/mako/testing/assertions.py
-rw-r--r--  0 root   root      323 May 29 21:38 usr/lib/python3.12/site-packages/mako/testing/config.py
-rw-r--r--  0 root   root     1553 May 29 21:38 usr/lib/python3.12/site-packages/mako/testing/exclusions.py
-rw-r--r--  0 root   root     3044 May 29 21:38 usr/lib/python3.12/site-packages/mako/testing/fixtures.py
-rw-r--r--  0 root   root     1623 May 29 21:38 usr/lib/python3.12/site-packages/mako/testing/helpers.py
drwxr-xr-x  0 root   root        0 May 29 21:38 usr/lib/python3.12/site-packages/mako/testing/__pycache__/
-rw-r--r--  0 root   root      184 May 29 21:38 usr/lib/python3.12/site-packages/mako/testing/__pycache__/__init__.cpython-312.pyc
-rw-r--r--  0 root   root     5813 May 29 21:38 usr/lib/python3.12/site-packages/mako/testing/__pycache__/_config.cpython-312.pyc
-rw-r--r--  0 root   root     5893 May 29 21:38 usr/lib/python3.12/site-packages/mako/testing/__pycache__/assertions.cpython-312.pyc
-rw-r--r--  0 root   root      798 May 29 21:38 usr/lib/python3.12/site-packages/mako/testing/__pycache__/config.cpython-312.pyc
-rw-r--r--  0 root   root     2401 May 29 21:38 usr/lib/python3.12/site-packages/mako/testing/__pycache__/exclusions.cpython-312.pyc
-rw-r--r--  0 root   root     4795 May 29 21:38 usr/lib/python3.12/site-packages/mako/testing/__pycache__/fixtures.cpython-312.pyc
-rw-r--r--  0 root   root     3506 May 29 21:38 usr/lib/python3.12/site-packages/mako/testing/__pycache__/helpers.cpython-312.pyc
-rw-r--r--  0 root   root        0 May 29 21:38 usr/lib/python3.12/site-packages/mako/ext/__init__.py
-rw-r--r--  0 root   root     1885 May 29 21:38 usr/lib/python3.12/site-packages/mako/ext/autohandler.py
-rw-r--r--  0 root   root     2091 May 29 21:38 usr/lib/python3.12/site-packages/mako/ext/babelplugin.py
-rw-r--r--  0 root   root     2578 May 29 21:38 usr/lib/python3.12/site-packages/mako/ext/beaker_cache.py
-rw-r--r--  0 root   root     4659 May 29 21:38 usr/lib/python3.12/site-packages/mako/ext/extract.py
-rw-r--r--  0 root   root     1935 May 29 21:38 usr/lib/python3.12/site-packages/mako/ext/linguaplugin.py
-rw-r--r--  0 root   root      576 May 29 21:38 usr/lib/python3.12/site-packages/mako/ext/preprocessors.py
-rw-r--r--  0 root   root     4753 May 29 21:38 usr/lib/python3.12/site-packages/mako/ext/pygmentplugin.py
-rw-r--r--  0 root   root     2141 May 29 21:38 usr/lib/python3.12/site-packages/mako/ext/turbogears.py
drwxr-xr-x  0 root   root        0 May 29 21:38 usr/lib/python3.12/site-packages/mako/ext/__pycache__/
-rw-r--r--  0 root   root      180 May 29 21:38 usr/lib/python3.12/site-packages/mako/ext/__pycache__/__init__.cpython-312.pyc
-rw-r--r--  0 root   root     2353 May 29 21:38 usr/lib/python3.12/site-packages/mako/ext/__pycache__/autohandler.cpython-312.pyc
-rw-r--r--  0 root   root     2666 May 29 21:38 usr/lib/python3.12/site-packages/mako/ext/__pycache__/babelplugin.cpython-312.pyc
-rw-r--r--  0 root   root     3915 May 29 21:38 usr/lib/python3.12/site-packages/mako/ext/__pycache__/beaker_cache.cpython-312.pyc
-rw-r--r--  0 root   root     5143 May 29 21:38 usr/lib/python3.12/site-packages/mako/ext/__pycache__/extract.cpython-312.pyc
-rw-r--r--  0 root   root     2629 May 29 21:38 usr/lib/python3.12/site-packages/mako/ext/__pycache__/linguaplugin.cpython-312.pyc
-rw-r--r--  0 root   root      675 May 29 21:38 usr/lib/python3.12/site-packages/mako/ext/__pycache__/preprocessors.cpython-312.pyc
-rw-r--r--  0 root   root     5910 May 29 21:38 usr/lib/python3.12/site-packages/mako/ext/__pycache__/pygmentplugin.cpython-312.pyc
-rw-r--r--  0 root   root     2452 May 29 21:38 usr/lib/python3.12/site-packages/mako/ext/__pycache__/turbogears.cpython-312.pyc
=======> Building '/home/devel/packages/python3-mako#1.3.3-1.x86_64.pkg.tar.zst' succeeded.
prt-get: Using PKGMK_PACKAGE_DIR: /home/devel/packages
prt-get: reinstalling python3-mako 1.3.3-1
prt-get: /usr/bin/pkgadd -u python3-mako#1.3.3-1.x86_64.pkg.tar.zst
prt-get: build done Wed May 29 21:38:12 2024

