prt-get: updating /usr/ports/wayland-musl/river
prt-get: starting build Wed May 29 21:39:38 2024
=======> Building '/home/devel/packages/river#0.3.2-1.x86_64.pkg.tar.zst'.
bsdtar -p -o -C /home/devel/building/work/src -xf /home/devel/sources/river-0.3.2.tar.gz
+ build
+ cd river-0.3.2
+ DESTDIR=/home/devel/building/work/src/river-0.3.2/out
+ zig build -Doptimize=ReleaseSafe -Dcpu=baseline -Dpie --prefix /usr install
+ cp -r out/usr /home/devel/building/work/pkg
+ install -D -m 0644 example/init -t /home/devel/building/work/pkg/usr/share/river/examples
+ rm -r /home/devel/building/work/pkg/usr/share/bash-completion /home/devel/building/work/pkg/usr/share/fish /home/devel/building/work/pkg/usr/share/zsh
=======> Build result:
drwxr-xr-x  0 root   root        0 May 29 21:40 usr/
drwxr-xr-x  0 root   root        0 May 29 21:40 usr/share/
drwxr-xr-x  0 root   root        0 May 29 21:40 usr/bin/
-rwxr-xr-x  0 root   root   271960 May 29 21:40 usr/bin/riverctl
-rwxr-xr-x  0 root   root   325328 May 29 21:40 usr/bin/rivertile
-rwxr-xr-x  0 root   root   687432 May 29 21:40 usr/bin/river
drwxr-xr-x  0 root   root        0 May 29 21:40 usr/share/pkgconfig/
drwxr-xr-x  0 root   root        0 May 29 21:40 usr/share/man/
drwxr-xr-x  0 root   root        0 May 29 21:40 usr/share/river-protocols/
drwxr-xr-x  0 root   root        0 May 29 21:40 usr/share/river/
drwxr-xr-x  0 root   root        0 May 29 21:40 usr/share/river/examples/
-rw-r--r--  0 root   root     6575 May 29 21:40 usr/share/river/examples/init
-rw-r--r--  0 root   root     9451 May 29 21:40 usr/share/river-protocols/river-layout-v3.xml
drwxr-xr-x  0 root   root        0 May 29 21:40 usr/share/man/man1/
-rw-r--r--  0 root   root     7490 May 29 21:40 usr/share/man/man1/riverctl.1.gz
-rw-r--r--  0 root   root     1220 May 29 21:40 usr/share/man/man1/river.1.gz
-rw-r--r--  0 root   root     1198 May 29 21:40 usr/share/man/man1/rivertile.1.gz
-rw-r--r--  0 root   root      210 May 29 21:40 usr/share/pkgconfig/river-protocols.pc
=======> Building '/home/devel/packages/river#0.3.2-1.x86_64.pkg.tar.zst' succeeded.
prt-get: Using PKGMK_PACKAGE_DIR: /home/devel/packages
prt-get: reinstalling river 0.3.2-1
prt-get: /usr/bin/pkgadd -u river#0.3.2-1.x86_64.pkg.tar.zst
prt-get: build done Wed May 29 21:40:08 2024

