prt-get: updating /usr/ports/opt-musl/soxr
prt-get: starting build Wed May 29 22:11:59 2024
=======> Building '/home/devel/packages/soxr#0.1.3-1.x86_64.pkg.tar.zst'.
bsdtar -p -o -C /home/devel/building/work/src -xf /home/devel/sources/soxr-0.1.3-Source.tar.xz
+ build
+ cd soxr-0.1.3-Source
+ mkdir build-shared build-static
+ cd build-shared
+ cmake .. -G Ninja -DCMAKE_BUILD_TYPE=None -DCMAKE_INSTALL_PREFIX=/usr -DBUILD_SHARED_LIBS=ON -DBUILD_TESTS=OFF -Wno-dev
-- The C compiler identification is GNU 14.1.0
-- Detecting C compiler ABI info
-- Detecting C compiler ABI info - done
-- Check for working C compiler: /usr/bin/cc - skipped
-- Detecting C compile features
-- Detecting C compile features - done
-- Looking for pow in m
-- Looking for pow in m - found
-- Found OpenMP_C: -fopenmp (found version "4.5")
-- Found OpenMP: TRUE (found version "4.5")
-- Trying SIMD32 C flags:  
-- Performing Test DETECT_SIMD32_C_FLAGS
-- Performing Test DETECT_SIMD32_C_FLAGS - Success
-- Found SIMD32:
-- Trying SIMD64 C flags: -mavx
-- Performing Test DETECT_SIMD64_C_FLAGS
-- Performing Test DETECT_SIMD64_C_FLAGS - Success
-- Found SIMD64: -mavx
-- Looking for lrint
-- Looking for lrint - found
-- Looking for include file fenv.h
-- Looking for include file fenv.h - found
-- Looking for include file stdbool.h
-- Looking for include file stdbool.h - found
-- Looking for include file stdint.h
-- Looking for include file stdint.h - found
-- Configuring done (1.0s)
-- Generating done (0.0s)
-- Build files have been written to: /home/devel/building/work/src/soxr-0.1.3-Source/build-shared
+ ninja -v
[1/21] /usr/bin/cc -DNDEBUG -DSOXR_LIB -DSOXR_VISIBILITY -Dsoxr_lsr_EXPORTS -I/home/devel/building/work/src/soxr-0.1.3-Source/build-shared -I/home/devel/building/work/src/soxr-0.1.3-Source/src -O2 -m64 -march=x86-64 -mtune=generic -flto=auto -ffat-lto-objects -fopenmp -fPIC   -fvisibility=hidden  -Wconversion -Wall -Wextra       -pedantic -Wundef -Wpointer-arith -Wno-long-long        -std=gnu89 -Wnested-externs -Wmissing-prototypes -Wstrict-prototypes -MD -MT src/CMakeFiles/soxr-lsr.dir/soxr-lsr.c.o -MF src/CMakeFiles/soxr-lsr.dir/soxr-lsr.c.o.d -o src/CMakeFiles/soxr-lsr.dir/soxr-lsr.c.o -c /home/devel/building/work/src/soxr-0.1.3-Source/src/soxr-lsr.c
[2/21] /usr/bin/cc -DNDEBUG -DSOXR_LIB -DSOXR_VISIBILITY -Dsoxr_EXPORTS -I/home/devel/building/work/src/soxr-0.1.3-Source/build-shared -I/home/devel/building/work/src/soxr-0.1.3-Source/src -O2 -m64 -march=x86-64 -mtune=generic -flto=auto -ffat-lto-objects -fopenmp -fPIC   -fvisibility=hidden  -Wconversion -Wall -Wextra       -pedantic -Wundef -Wpointer-arith -Wno-long-long        -std=gnu89 -Wnested-externs -Wmissing-prototypes -Wstrict-prototypes -mavx -MD -MT src/CMakeFiles/soxr.dir/util64s.c.o -MF src/CMakeFiles/soxr.dir/util64s.c.o.d -o src/CMakeFiles/soxr.dir/util64s.c.o -c /home/devel/building/work/src/soxr-0.1.3-Source/src/util64s.c
[3/21] /usr/bin/cc -DNDEBUG -DSOXR_LIB -DSOXR_VISIBILITY -Dsoxr_EXPORTS -I/home/devel/building/work/src/soxr-0.1.3-Source/build-shared -I/home/devel/building/work/src/soxr-0.1.3-Source/src -O2 -m64 -march=x86-64 -mtune=generic -flto=auto -ffat-lto-objects -fopenmp -fPIC   -fvisibility=hidden  -Wconversion -Wall -Wextra       -pedantic -Wundef -Wpointer-arith -Wno-long-long        -std=gnu89 -Wnested-externs -Wmissing-prototypes -Wstrict-prototypes -mavx -MD -MT src/CMakeFiles/soxr.dir/pffft64s.c.o -MF src/CMakeFiles/soxr.dir/pffft64s.c.o.d -o src/CMakeFiles/soxr.dir/pffft64s.c.o -c /home/devel/building/work/src/soxr-0.1.3-Source/src/pffft64s.c
[4/21] /usr/bin/cc -DNDEBUG -DSOXR_LIB -DSOXR_VISIBILITY -Dsoxr_EXPORTS -I/home/devel/building/work/src/soxr-0.1.3-Source/build-shared -I/home/devel/building/work/src/soxr-0.1.3-Source/src -O2 -m64 -march=x86-64 -mtune=generic -flto=auto -ffat-lto-objects -fopenmp -fPIC   -fvisibility=hidden  -Wconversion -Wall -Wextra       -pedantic -Wundef -Wpointer-arith -Wno-long-long        -std=gnu89 -Wnested-externs -Wmissing-prototypes -Wstrict-prototypes -mavx -MD -MT src/CMakeFiles/soxr.dir/cr64s.c.o -MF src/CMakeFiles/soxr.dir/cr64s.c.o.d -o src/CMakeFiles/soxr.dir/cr64s.c.o -c /home/devel/building/work/src/soxr-0.1.3-Source/src/cr64s.c
[5/21] /usr/bin/cc -DNDEBUG -DSOXR_LIB -DSOXR_VISIBILITY -Dsoxr_EXPORTS -I/home/devel/building/work/src/soxr-0.1.3-Source/build-shared -I/home/devel/building/work/src/soxr-0.1.3-Source/src -O2 -m64 -march=x86-64 -mtune=generic -flto=auto -ffat-lto-objects -fopenmp -fPIC   -fvisibility=hidden  -Wconversion -Wall -Wextra       -pedantic -Wundef -Wpointer-arith -Wno-long-long        -std=gnu89 -Wnested-externs -Wmissing-prototypes -Wstrict-prototypes -MD -MT src/CMakeFiles/soxr.dir/util32s.c.o -MF src/CMakeFiles/soxr.dir/util32s.c.o.d -o src/CMakeFiles/soxr.dir/util32s.c.o -c /home/devel/building/work/src/soxr-0.1.3-Source/src/util32s.c
[6/21] /usr/bin/cc -DNDEBUG -DSOXR_LIB -DSOXR_VISIBILITY -Dsoxr_EXPORTS -I/home/devel/building/work/src/soxr-0.1.3-Source/build-shared -I/home/devel/building/work/src/soxr-0.1.3-Source/src -O2 -m64 -march=x86-64 -mtune=generic -flto=auto -ffat-lto-objects -fopenmp -fPIC   -fvisibility=hidden  -Wconversion -Wall -Wextra       -pedantic -Wundef -Wpointer-arith -Wno-long-long        -std=gnu89 -Wnested-externs -Wmissing-prototypes -Wstrict-prototypes -MD -MT src/CMakeFiles/soxr.dir/pffft32s.c.o -MF src/CMakeFiles/soxr.dir/pffft32s.c.o.d -o src/CMakeFiles/soxr.dir/pffft32s.c.o -c /home/devel/building/work/src/soxr-0.1.3-Source/src/pffft32s.c
[7/21] /usr/bin/cc -DNDEBUG -DSOXR_LIB -DSOXR_VISIBILITY -Dsoxr_EXPORTS -I/home/devel/building/work/src/soxr-0.1.3-Source/build-shared -I/home/devel/building/work/src/soxr-0.1.3-Source/src -O2 -m64 -march=x86-64 -mtune=generic -flto=auto -ffat-lto-objects -fopenmp -fPIC   -fvisibility=hidden  -Wconversion -Wall -Wextra       -pedantic -Wundef -Wpointer-arith -Wno-long-long        -std=gnu89 -Wnested-externs -Wmissing-prototypes -Wstrict-prototypes -MD -MT src/CMakeFiles/soxr.dir/cr32s.c.o -MF src/CMakeFiles/soxr.dir/cr32s.c.o.d -o src/CMakeFiles/soxr.dir/cr32s.c.o -c /home/devel/building/work/src/soxr-0.1.3-Source/src/cr32s.c
[8/21] /usr/bin/cc -DNDEBUG -DSOXR_LIB -DSOXR_VISIBILITY -Dsoxr_EXPORTS -I/home/devel/building/work/src/soxr-0.1.3-Source/build-shared -I/home/devel/building/work/src/soxr-0.1.3-Source/src -O2 -m64 -march=x86-64 -mtune=generic -flto=auto -ffat-lto-objects -fopenmp -fPIC   -fvisibility=hidden  -Wconversion -Wall -Wextra       -pedantic -Wundef -Wpointer-arith -Wno-long-long        -std=gnu89 -Wnested-externs -Wmissing-prototypes -Wstrict-prototypes -MD -MT src/CMakeFiles/soxr.dir/vr32.c.o -MF src/CMakeFiles/soxr.dir/vr32.c.o.d -o src/CMakeFiles/soxr.dir/vr32.c.o -c /home/devel/building/work/src/soxr-0.1.3-Source/src/vr32.c
[9/21] /usr/bin/cc -DNDEBUG -DSOXR_LIB -DSOXR_VISIBILITY -Dsoxr_EXPORTS -I/home/devel/building/work/src/soxr-0.1.3-Source/build-shared -I/home/devel/building/work/src/soxr-0.1.3-Source/src -O2 -m64 -march=x86-64 -mtune=generic -flto=auto -ffat-lto-objects -fopenmp -fPIC   -fvisibility=hidden  -Wconversion -Wall -Wextra       -pedantic -Wundef -Wpointer-arith -Wno-long-long        -std=gnu89 -Wnested-externs -Wmissing-prototypes -Wstrict-prototypes -MD -MT src/CMakeFiles/soxr.dir/cr64.c.o -MF src/CMakeFiles/soxr.dir/cr64.c.o.d -o src/CMakeFiles/soxr.dir/cr64.c.o -c /home/devel/building/work/src/soxr-0.1.3-Source/src/cr64.c
/home/devel/building/work/src/soxr-0.1.3-Source/src/soxr-lsr.c: In function 'src_callback_new':
/home/devel/building/work/src/soxr-0.1.3-Source/src/soxr-lsr.c:82:37: warning: cast between incompatible function types from 'src_callback_t' {aka 'long int (*)(void *, float **)'} to 'size_t (*)(void *, const void **, size_t)' {aka 'long unsigned int (*)(void *, const void **, long unsigned int)'} [-Wcast-function-type]
   82 |     error = soxr_set_input_fn(soxr, (soxr_input_fn_t)fn, p, 0);
      |                                     ^
[10/21] /usr/bin/cc -DNDEBUG -DSOXR_LIB -DSOXR_VISIBILITY -Dsoxr_EXPORTS -I/home/devel/building/work/src/soxr-0.1.3-Source/build-shared -I/home/devel/building/work/src/soxr-0.1.3-Source/src -O2 -m64 -march=x86-64 -mtune=generic -flto=auto -ffat-lto-objects -fopenmp -fPIC   -fvisibility=hidden  -Wconversion -Wall -Wextra       -pedantic -Wundef -Wpointer-arith -Wno-long-long        -std=gnu89 -Wnested-externs -Wmissing-prototypes -Wstrict-prototypes -MD -MT src/CMakeFiles/soxr.dir/fft4g32.c.o -MF src/CMakeFiles/soxr.dir/fft4g32.c.o.d -o src/CMakeFiles/soxr.dir/fft4g32.c.o -c /home/devel/building/work/src/soxr-0.1.3-Source/src/fft4g32.c
[11/21] /usr/bin/cc -DNDEBUG -DSOXR_LIB -DSOXR_VISIBILITY -Dsoxr_EXPORTS -I/home/devel/building/work/src/soxr-0.1.3-Source/build-shared -I/home/devel/building/work/src/soxr-0.1.3-Source/src -O2 -m64 -march=x86-64 -mtune=generic -flto=auto -ffat-lto-objects -fopenmp -fPIC   -fvisibility=hidden  -Wconversion -Wall -Wextra       -pedantic -Wundef -Wpointer-arith -Wno-long-long        -std=gnu89 -Wnested-externs -Wmissing-prototypes -Wstrict-prototypes -MD -MT src/CMakeFiles/soxr.dir/cr32.c.o -MF src/CMakeFiles/soxr.dir/cr32.c.o.d -o src/CMakeFiles/soxr.dir/cr32.c.o -c /home/devel/building/work/src/soxr-0.1.3-Source/src/cr32.c
[12/21] /usr/bin/cc -DNDEBUG -DSOXR_LIB -DSOXR_VISIBILITY -Dsoxr_EXPORTS -I/home/devel/building/work/src/soxr-0.1.3-Source/build-shared -I/home/devel/building/work/src/soxr-0.1.3-Source/src -O2 -m64 -march=x86-64 -mtune=generic -flto=auto -ffat-lto-objects -fopenmp -fPIC   -fvisibility=hidden  -Wconversion -Wall -Wextra       -pedantic -Wundef -Wpointer-arith -Wno-long-long        -std=gnu89 -Wnested-externs -Wmissing-prototypes -Wstrict-prototypes -MD -MT src/CMakeFiles/soxr.dir/cr.c.o -MF src/CMakeFiles/soxr.dir/cr.c.o.d -o src/CMakeFiles/soxr.dir/cr.c.o -c /home/devel/building/work/src/soxr-0.1.3-Source/src/cr.c
[13/21] /usr/bin/cc -DNDEBUG -DSOXR_LIB -DSOXR_VISIBILITY -Dsoxr_EXPORTS -I/home/devel/building/work/src/soxr-0.1.3-Source/build-shared -I/home/devel/building/work/src/soxr-0.1.3-Source/src -O2 -m64 -march=x86-64 -mtune=generic -flto=auto -ffat-lto-objects -fopenmp -fPIC   -fvisibility=hidden  -Wconversion -Wall -Wextra       -pedantic -Wundef -Wpointer-arith -Wno-long-long        -std=gnu89 -Wnested-externs -Wmissing-prototypes -Wstrict-prototypes -MD -MT src/CMakeFiles/soxr.dir/fft4g64.c.o -MF src/CMakeFiles/soxr.dir/fft4g64.c.o.d -o src/CMakeFiles/soxr.dir/fft4g64.c.o -c /home/devel/building/work/src/soxr-0.1.3-Source/src/fft4g64.c
[14/21] /usr/bin/cc -DNDEBUG -DSOXR_LIB -DSOXR_VISIBILITY -Dsoxr_EXPORTS -I/home/devel/building/work/src/soxr-0.1.3-Source/build-shared -I/home/devel/building/work/src/soxr-0.1.3-Source/src -O2 -m64 -march=x86-64 -mtune=generic -flto=auto -ffat-lto-objects -fopenmp -fPIC   -fvisibility=hidden  -Wconversion -Wall -Wextra       -pedantic -Wundef -Wpointer-arith -Wno-long-long        -std=gnu89 -Wnested-externs -Wmissing-prototypes -Wstrict-prototypes -MD -MT src/CMakeFiles/soxr.dir/filter.c.o -MF src/CMakeFiles/soxr.dir/filter.c.o.d -o src/CMakeFiles/soxr.dir/filter.c.o -c /home/devel/building/work/src/soxr-0.1.3-Source/src/filter.c
[15/21] /usr/bin/cc -DNDEBUG -DSOXR_LIB -DSOXR_VISIBILITY -Dsoxr_EXPORTS -I/home/devel/building/work/src/soxr-0.1.3-Source/build-shared -I/home/devel/building/work/src/soxr-0.1.3-Source/src -O2 -m64 -march=x86-64 -mtune=generic -flto=auto -ffat-lto-objects -fopenmp -fPIC   -fvisibility=hidden  -Wconversion -Wall -Wextra       -pedantic -Wundef -Wpointer-arith -Wno-long-long        -std=gnu89 -Wnested-externs -Wmissing-prototypes -Wstrict-prototypes -MD -MT src/CMakeFiles/soxr.dir/dbesi0.c.o -MF src/CMakeFiles/soxr.dir/dbesi0.c.o.d -o src/CMakeFiles/soxr.dir/dbesi0.c.o -c /home/devel/building/work/src/soxr-0.1.3-Source/src/dbesi0.c
[16/21] /usr/bin/cc -DNDEBUG -DSOXR_LIB -DSOXR_VISIBILITY -Dsoxr_EXPORTS -I/home/devel/building/work/src/soxr-0.1.3-Source/build-shared -I/home/devel/building/work/src/soxr-0.1.3-Source/src -O2 -m64 -march=x86-64 -mtune=generic -flto=auto -ffat-lto-objects -fopenmp -fPIC   -fvisibility=hidden  -Wconversion -Wall -Wextra       -pedantic -Wundef -Wpointer-arith -Wno-long-long        -std=gnu89 -Wnested-externs -Wmissing-prototypes -Wstrict-prototypes -MD -MT src/CMakeFiles/soxr.dir/data-io.c.o -MF src/CMakeFiles/soxr.dir/data-io.c.o.d -o src/CMakeFiles/soxr.dir/data-io.c.o -c /home/devel/building/work/src/soxr-0.1.3-Source/src/data-io.c
[17/21] /usr/bin/cc -DNDEBUG -DSOXR_LIB -DSOXR_VISIBILITY -Dsoxr_EXPORTS -I/home/devel/building/work/src/soxr-0.1.3-Source/build-shared -I/home/devel/building/work/src/soxr-0.1.3-Source/src -O2 -m64 -march=x86-64 -mtune=generic -flto=auto -ffat-lto-objects -fopenmp -fPIC   -fvisibility=hidden  -Wconversion -Wall -Wextra       -pedantic -Wundef -Wpointer-arith -Wno-long-long        -std=gnu89 -Wnested-externs -Wmissing-prototypes -Wstrict-prototypes -MD -MT src/CMakeFiles/soxr.dir/soxr.c.o -MF src/CMakeFiles/soxr.dir/soxr.c.o.d -o src/CMakeFiles/soxr.dir/soxr.c.o -c /home/devel/building/work/src/soxr-0.1.3-Source/src/soxr.c
/home/devel/building/work/src/soxr-0.1.3-Source/src/soxr.c: In function 'soxr_create':
/home/devel/building/work/src/soxr-0.1.3-Source/src/soxr.c:396:36: warning: 'calloc' sizes specified with 'sizeof' in the earlier argument and not in the later argument [-Wcalloc-transposed-args]
  396 |   if (!error && !(p = calloc(sizeof(*p), 1))) error = "malloc failed";
      |                                    ^
/home/devel/building/work/src/soxr-0.1.3-Source/src/soxr.c:396:36: note: earlier argument should specify number of elements, later size of each element
/home/devel/building/work/src/soxr-0.1.3-Source/src/soxr.c: In function 'initialise':
/home/devel/building/work/src/soxr-0.1.3-Source/src/soxr.c:533:34: warning: 'calloc' sizes specified with 'sizeof' in the earlier argument and not in the later argument [-Wcalloc-transposed-args]
  533 |   p->channel_ptrs = calloc(sizeof(*p->channel_ptrs), p->num_channels);
      |                                  ^
/home/devel/building/work/src/soxr-0.1.3-Source/src/soxr.c:533:34: note: earlier argument should specify number of elements, later size of each element
/home/devel/building/work/src/soxr-0.1.3-Source/src/soxr.c:535:32: warning: 'calloc' sizes specified with 'sizeof' in the earlier argument and not in the later argument [-Wcalloc-transposed-args]
  535 |   p->resamplers = calloc(sizeof(*p->resamplers), p->num_channels);
      |                                ^
/home/devel/building/work/src/soxr-0.1.3-Source/src/soxr.c:535:32: note: earlier argument should specify number of elements, later size of each element
[18/21] : && /usr/bin/cc -fPIC -O2 -m64 -march=x86-64 -mtune=generic -flto=auto -ffat-lto-objects -fopenmp   -shared -Wl,-soname,libsoxr.so.0 -o src/libsoxr.so.0.1.2 src/CMakeFiles/soxr.dir/soxr.c.o src/CMakeFiles/soxr.dir/data-io.c.o src/CMakeFiles/soxr.dir/dbesi0.c.o src/CMakeFiles/soxr.dir/filter.c.o src/CMakeFiles/soxr.dir/fft4g64.c.o src/CMakeFiles/soxr.dir/cr.c.o src/CMakeFiles/soxr.dir/cr32.c.o src/CMakeFiles/soxr.dir/fft4g32.c.o src/CMakeFiles/soxr.dir/cr64.c.o src/CMakeFiles/soxr.dir/vr32.c.o src/CMakeFiles/soxr.dir/cr32s.c.o src/CMakeFiles/soxr.dir/pffft32s.c.o src/CMakeFiles/soxr.dir/util32s.c.o src/CMakeFiles/soxr.dir/cr64s.c.o src/CMakeFiles/soxr.dir/pffft64s.c.o src/CMakeFiles/soxr.dir/util64s.c.o  -lm && :
[19/21] /usr/bin/cmake -E cmake_symlink_library src/libsoxr.so.0.1.2  src/libsoxr.so.0 src/libsoxr.so && :
[20/21] : && /usr/bin/cc -fPIC -O2 -m64 -march=x86-64 -mtune=generic -flto=auto -ffat-lto-objects -fopenmp   -shared -Wl,-soname,libsoxr-lsr.so.0 -o src/libsoxr-lsr.so.0.1.9 src/CMakeFiles/soxr-lsr.dir/soxr-lsr.c.o  -Wl,-rpath,/home/devel/building/work/src/soxr-0.1.3-Source/build-shared/src:  src/libsoxr.so.0.1.2 && :
[21/21] /usr/bin/cmake -E cmake_symlink_library src/libsoxr-lsr.so.0.1.9  src/libsoxr-lsr.so.0 src/libsoxr-lsr.so && :
+ cd ../build-static
+ cmake .. -G Ninja -DCMAKE_INSTALL_PREFIX=/usr -DBUILD_SHARED_LIBS=OFF -DBUILD_TESTS=OFF -Wno-dev
-- The C compiler identification is GNU 14.1.0
-- Detecting C compiler ABI info
-- Detecting C compiler ABI info - done
-- Check for working C compiler: /usr/bin/cc - skipped
-- Detecting C compile features
-- Detecting C compile features - done
-- Looking for pow in m
-- Looking for pow in m - found
-- Found OpenMP_C: -fopenmp (found version "4.5")
-- Found OpenMP: TRUE (found version "4.5")
-- Trying SIMD32 C flags:  
-- Performing Test DETECT_SIMD32_C_FLAGS
-- Performing Test DETECT_SIMD32_C_FLAGS - Success
-- Found SIMD32:
-- Trying SIMD64 C flags: -mavx
-- Performing Test DETECT_SIMD64_C_FLAGS
-- Performing Test DETECT_SIMD64_C_FLAGS - Success
-- Found SIMD64: -mavx
-- Looking for lrint
-- Looking for lrint - found
-- Looking for include file fenv.h
-- Looking for include file fenv.h - found
-- Looking for include file stdbool.h
-- Looking for include file stdbool.h - found
-- Looking for include file stdint.h
-- Looking for include file stdint.h - found
-- Configuring done (1.0s)
-- Generating done (0.0s)
-- Build files have been written to: /home/devel/building/work/src/soxr-0.1.3-Source/build-static
+ ninja -v
[1/19] /usr/bin/cc -DSOXR_LIB -I/home/devel/building/work/src/soxr-0.1.3-Source/build-static -I/home/devel/building/work/src/soxr-0.1.3-Source/src -O2 -m64 -march=x86-64 -mtune=generic -flto=auto -ffat-lto-objects -fopenmp -O3 -DNDEBUG    -Wconversion -Wall -Wextra       -pedantic -Wundef -Wpointer-arith -Wno-long-long        -std=gnu89 -Wnested-externs -Wmissing-prototypes -Wstrict-prototypes -MD -MT src/CMakeFiles/soxr-lsr.dir/soxr-lsr.c.o -MF src/CMakeFiles/soxr-lsr.dir/soxr-lsr.c.o.d -o src/CMakeFiles/soxr-lsr.dir/soxr-lsr.c.o -c /home/devel/building/work/src/soxr-0.1.3-Source/src/soxr-lsr.c
[2/19] /usr/bin/cc -DSOXR_LIB -I/home/devel/building/work/src/soxr-0.1.3-Source/build-static -I/home/devel/building/work/src/soxr-0.1.3-Source/src -O2 -m64 -march=x86-64 -mtune=generic -flto=auto -ffat-lto-objects -fopenmp -O3 -DNDEBUG    -Wconversion -Wall -Wextra       -pedantic -Wundef -Wpointer-arith -Wno-long-long        -std=gnu89 -Wnested-externs -Wmissing-prototypes -Wstrict-prototypes -mavx -MD -MT src/CMakeFiles/soxr.dir/util64s.c.o -MF src/CMakeFiles/soxr.dir/util64s.c.o.d -o src/CMakeFiles/soxr.dir/util64s.c.o -c /home/devel/building/work/src/soxr-0.1.3-Source/src/util64s.c
[3/19] /usr/bin/cc -DSOXR_LIB -I/home/devel/building/work/src/soxr-0.1.3-Source/build-static -I/home/devel/building/work/src/soxr-0.1.3-Source/src -O2 -m64 -march=x86-64 -mtune=generic -flto=auto -ffat-lto-objects -fopenmp -O3 -DNDEBUG    -Wconversion -Wall -Wextra       -pedantic -Wundef -Wpointer-arith -Wno-long-long        -std=gnu89 -Wnested-externs -Wmissing-prototypes -Wstrict-prototypes -mavx -MD -MT src/CMakeFiles/soxr.dir/pffft64s.c.o -MF src/CMakeFiles/soxr.dir/pffft64s.c.o.d -o src/CMakeFiles/soxr.dir/pffft64s.c.o -c /home/devel/building/work/src/soxr-0.1.3-Source/src/pffft64s.c
[4/19] /usr/bin/cc -DSOXR_LIB -I/home/devel/building/work/src/soxr-0.1.3-Source/build-static -I/home/devel/building/work/src/soxr-0.1.3-Source/src -O2 -m64 -march=x86-64 -mtune=generic -flto=auto -ffat-lto-objects -fopenmp -O3 -DNDEBUG    -Wconversion -Wall -Wextra       -pedantic -Wundef -Wpointer-arith -Wno-long-long        -std=gnu89 -Wnested-externs -Wmissing-prototypes -Wstrict-prototypes -mavx -MD -MT src/CMakeFiles/soxr.dir/cr64s.c.o -MF src/CMakeFiles/soxr.dir/cr64s.c.o.d -o src/CMakeFiles/soxr.dir/cr64s.c.o -c /home/devel/building/work/src/soxr-0.1.3-Source/src/cr64s.c
[5/19] /usr/bin/cc -DSOXR_LIB -I/home/devel/building/work/src/soxr-0.1.3-Source/build-static -I/home/devel/building/work/src/soxr-0.1.3-Source/src -O2 -m64 -march=x86-64 -mtune=generic -flto=auto -ffat-lto-objects -fopenmp -O3 -DNDEBUG    -Wconversion -Wall -Wextra       -pedantic -Wundef -Wpointer-arith -Wno-long-long        -std=gnu89 -Wnested-externs -Wmissing-prototypes -Wstrict-prototypes -MD -MT src/CMakeFiles/soxr.dir/util32s.c.o -MF src/CMakeFiles/soxr.dir/util32s.c.o.d -o src/CMakeFiles/soxr.dir/util32s.c.o -c /home/devel/building/work/src/soxr-0.1.3-Source/src/util32s.c
[6/19] /usr/bin/cc -DSOXR_LIB -I/home/devel/building/work/src/soxr-0.1.3-Source/build-static -I/home/devel/building/work/src/soxr-0.1.3-Source/src -O2 -m64 -march=x86-64 -mtune=generic -flto=auto -ffat-lto-objects -fopenmp -O3 -DNDEBUG    -Wconversion -Wall -Wextra       -pedantic -Wundef -Wpointer-arith -Wno-long-long        -std=gnu89 -Wnested-externs -Wmissing-prototypes -Wstrict-prototypes -MD -MT src/CMakeFiles/soxr.dir/pffft32s.c.o -MF src/CMakeFiles/soxr.dir/pffft32s.c.o.d -o src/CMakeFiles/soxr.dir/pffft32s.c.o -c /home/devel/building/work/src/soxr-0.1.3-Source/src/pffft32s.c
[7/19] /usr/bin/cc -DSOXR_LIB -I/home/devel/building/work/src/soxr-0.1.3-Source/build-static -I/home/devel/building/work/src/soxr-0.1.3-Source/src -O2 -m64 -march=x86-64 -mtune=generic -flto=auto -ffat-lto-objects -fopenmp -O3 -DNDEBUG    -Wconversion -Wall -Wextra       -pedantic -Wundef -Wpointer-arith -Wno-long-long        -std=gnu89 -Wnested-externs -Wmissing-prototypes -Wstrict-prototypes -MD -MT src/CMakeFiles/soxr.dir/cr32s.c.o -MF src/CMakeFiles/soxr.dir/cr32s.c.o.d -o src/CMakeFiles/soxr.dir/cr32s.c.o -c /home/devel/building/work/src/soxr-0.1.3-Source/src/cr32s.c
[8/19] /usr/bin/cc -DSOXR_LIB -I/home/devel/building/work/src/soxr-0.1.3-Source/build-static -I/home/devel/building/work/src/soxr-0.1.3-Source/src -O2 -m64 -march=x86-64 -mtune=generic -flto=auto -ffat-lto-objects -fopenmp -O3 -DNDEBUG    -Wconversion -Wall -Wextra       -pedantic -Wundef -Wpointer-arith -Wno-long-long        -std=gnu89 -Wnested-externs -Wmissing-prototypes -Wstrict-prototypes -MD -MT src/CMakeFiles/soxr.dir/vr32.c.o -MF src/CMakeFiles/soxr.dir/vr32.c.o.d -o src/CMakeFiles/soxr.dir/vr32.c.o -c /home/devel/building/work/src/soxr-0.1.3-Source/src/vr32.c
[9/19] /usr/bin/cc -DSOXR_LIB -I/home/devel/building/work/src/soxr-0.1.3-Source/build-static -I/home/devel/building/work/src/soxr-0.1.3-Source/src -O2 -m64 -march=x86-64 -mtune=generic -flto=auto -ffat-lto-objects -fopenmp -O3 -DNDEBUG    -Wconversion -Wall -Wextra       -pedantic -Wundef -Wpointer-arith -Wno-long-long        -std=gnu89 -Wnested-externs -Wmissing-prototypes -Wstrict-prototypes -MD -MT src/CMakeFiles/soxr.dir/cr64.c.o -MF src/CMakeFiles/soxr.dir/cr64.c.o.d -o src/CMakeFiles/soxr.dir/cr64.c.o -c /home/devel/building/work/src/soxr-0.1.3-Source/src/cr64.c
/home/devel/building/work/src/soxr-0.1.3-Source/src/soxr-lsr.c: In function 'src_callback_new':
/home/devel/building/work/src/soxr-0.1.3-Source/src/soxr-lsr.c:82:37: warning: cast between incompatible function types from 'src_callback_t' {aka 'long int (*)(void *, float **)'} to 'size_t (*)(void *, const void **, size_t)' {aka 'long unsigned int (*)(void *, const void **, long unsigned int)'} [-Wcast-function-type]
   82 |     error = soxr_set_input_fn(soxr, (soxr_input_fn_t)fn, p, 0);
      |                                     ^
[10/19] /usr/bin/cc -DSOXR_LIB -I/home/devel/building/work/src/soxr-0.1.3-Source/build-static -I/home/devel/building/work/src/soxr-0.1.3-Source/src -O2 -m64 -march=x86-64 -mtune=generic -flto=auto -ffat-lto-objects -fopenmp -O3 -DNDEBUG    -Wconversion -Wall -Wextra       -pedantic -Wundef -Wpointer-arith -Wno-long-long        -std=gnu89 -Wnested-externs -Wmissing-prototypes -Wstrict-prototypes -MD -MT src/CMakeFiles/soxr.dir/fft4g32.c.o -MF src/CMakeFiles/soxr.dir/fft4g32.c.o.d -o src/CMakeFiles/soxr.dir/fft4g32.c.o -c /home/devel/building/work/src/soxr-0.1.3-Source/src/fft4g32.c
[11/19] /usr/bin/cc -DSOXR_LIB -I/home/devel/building/work/src/soxr-0.1.3-Source/build-static -I/home/devel/building/work/src/soxr-0.1.3-Source/src -O2 -m64 -march=x86-64 -mtune=generic -flto=auto -ffat-lto-objects -fopenmp -O3 -DNDEBUG    -Wconversion -Wall -Wextra       -pedantic -Wundef -Wpointer-arith -Wno-long-long        -std=gnu89 -Wnested-externs -Wmissing-prototypes -Wstrict-prototypes -MD -MT src/CMakeFiles/soxr.dir/cr32.c.o -MF src/CMakeFiles/soxr.dir/cr32.c.o.d -o src/CMakeFiles/soxr.dir/cr32.c.o -c /home/devel/building/work/src/soxr-0.1.3-Source/src/cr32.c
[12/19] /usr/bin/cc -DSOXR_LIB -I/home/devel/building/work/src/soxr-0.1.3-Source/build-static -I/home/devel/building/work/src/soxr-0.1.3-Source/src -O2 -m64 -march=x86-64 -mtune=generic -flto=auto -ffat-lto-objects -fopenmp -O3 -DNDEBUG    -Wconversion -Wall -Wextra       -pedantic -Wundef -Wpointer-arith -Wno-long-long        -std=gnu89 -Wnested-externs -Wmissing-prototypes -Wstrict-prototypes -MD -MT src/CMakeFiles/soxr.dir/cr.c.o -MF src/CMakeFiles/soxr.dir/cr.c.o.d -o src/CMakeFiles/soxr.dir/cr.c.o -c /home/devel/building/work/src/soxr-0.1.3-Source/src/cr.c
[13/19] /usr/bin/cc -DSOXR_LIB -I/home/devel/building/work/src/soxr-0.1.3-Source/build-static -I/home/devel/building/work/src/soxr-0.1.3-Source/src -O2 -m64 -march=x86-64 -mtune=generic -flto=auto -ffat-lto-objects -fopenmp -O3 -DNDEBUG    -Wconversion -Wall -Wextra       -pedantic -Wundef -Wpointer-arith -Wno-long-long        -std=gnu89 -Wnested-externs -Wmissing-prototypes -Wstrict-prototypes -MD -MT src/CMakeFiles/soxr.dir/fft4g64.c.o -MF src/CMakeFiles/soxr.dir/fft4g64.c.o.d -o src/CMakeFiles/soxr.dir/fft4g64.c.o -c /home/devel/building/work/src/soxr-0.1.3-Source/src/fft4g64.c
[14/19] /usr/bin/cc -DSOXR_LIB -I/home/devel/building/work/src/soxr-0.1.3-Source/build-static -I/home/devel/building/work/src/soxr-0.1.3-Source/src -O2 -m64 -march=x86-64 -mtune=generic -flto=auto -ffat-lto-objects -fopenmp -O3 -DNDEBUG    -Wconversion -Wall -Wextra       -pedantic -Wundef -Wpointer-arith -Wno-long-long        -std=gnu89 -Wnested-externs -Wmissing-prototypes -Wstrict-prototypes -MD -MT src/CMakeFiles/soxr.dir/filter.c.o -MF src/CMakeFiles/soxr.dir/filter.c.o.d -o src/CMakeFiles/soxr.dir/filter.c.o -c /home/devel/building/work/src/soxr-0.1.3-Source/src/filter.c
[15/19] /usr/bin/cc -DSOXR_LIB -I/home/devel/building/work/src/soxr-0.1.3-Source/build-static -I/home/devel/building/work/src/soxr-0.1.3-Source/src -O2 -m64 -march=x86-64 -mtune=generic -flto=auto -ffat-lto-objects -fopenmp -O3 -DNDEBUG    -Wconversion -Wall -Wextra       -pedantic -Wundef -Wpointer-arith -Wno-long-long        -std=gnu89 -Wnested-externs -Wmissing-prototypes -Wstrict-prototypes -MD -MT src/CMakeFiles/soxr.dir/dbesi0.c.o -MF src/CMakeFiles/soxr.dir/dbesi0.c.o.d -o src/CMakeFiles/soxr.dir/dbesi0.c.o -c /home/devel/building/work/src/soxr-0.1.3-Source/src/dbesi0.c
[16/19] /usr/bin/cc -DSOXR_LIB -I/home/devel/building/work/src/soxr-0.1.3-Source/build-static -I/home/devel/building/work/src/soxr-0.1.3-Source/src -O2 -m64 -march=x86-64 -mtune=generic -flto=auto -ffat-lto-objects -fopenmp -O3 -DNDEBUG    -Wconversion -Wall -Wextra       -pedantic -Wundef -Wpointer-arith -Wno-long-long        -std=gnu89 -Wnested-externs -Wmissing-prototypes -Wstrict-prototypes -MD -MT src/CMakeFiles/soxr.dir/data-io.c.o -MF src/CMakeFiles/soxr.dir/data-io.c.o.d -o src/CMakeFiles/soxr.dir/data-io.c.o -c /home/devel/building/work/src/soxr-0.1.3-Source/src/data-io.c
[17/19] /usr/bin/cc -DSOXR_LIB -I/home/devel/building/work/src/soxr-0.1.3-Source/build-static -I/home/devel/building/work/src/soxr-0.1.3-Source/src -O2 -m64 -march=x86-64 -mtune=generic -flto=auto -ffat-lto-objects -fopenmp -O3 -DNDEBUG    -Wconversion -Wall -Wextra       -pedantic -Wundef -Wpointer-arith -Wno-long-long        -std=gnu89 -Wnested-externs -Wmissing-prototypes -Wstrict-prototypes -MD -MT src/CMakeFiles/soxr.dir/soxr.c.o -MF src/CMakeFiles/soxr.dir/soxr.c.o.d -o src/CMakeFiles/soxr.dir/soxr.c.o -c /home/devel/building/work/src/soxr-0.1.3-Source/src/soxr.c
/home/devel/building/work/src/soxr-0.1.3-Source/src/soxr.c: In function 'soxr_create':
/home/devel/building/work/src/soxr-0.1.3-Source/src/soxr.c:396:36: warning: 'calloc' sizes specified with 'sizeof' in the earlier argument and not in the later argument [-Wcalloc-transposed-args]
  396 |   if (!error && !(p = calloc(sizeof(*p), 1))) error = "malloc failed";
      |                                    ^
/home/devel/building/work/src/soxr-0.1.3-Source/src/soxr.c:396:36: note: earlier argument should specify number of elements, later size of each element
/home/devel/building/work/src/soxr-0.1.3-Source/src/soxr.c: In function 'initialise':
/home/devel/building/work/src/soxr-0.1.3-Source/src/soxr.c:533:34: warning: 'calloc' sizes specified with 'sizeof' in the earlier argument and not in the later argument [-Wcalloc-transposed-args]
  533 |   p->channel_ptrs = calloc(sizeof(*p->channel_ptrs), p->num_channels);
      |                                  ^
/home/devel/building/work/src/soxr-0.1.3-Source/src/soxr.c:533:34: note: earlier argument should specify number of elements, later size of each element
/home/devel/building/work/src/soxr-0.1.3-Source/src/soxr.c:535:32: warning: 'calloc' sizes specified with 'sizeof' in the earlier argument and not in the later argument [-Wcalloc-transposed-args]
  535 |   p->resamplers = calloc(sizeof(*p->resamplers), p->num_channels);
      |                                ^
/home/devel/building/work/src/soxr-0.1.3-Source/src/soxr.c:535:32: note: earlier argument should specify number of elements, later size of each element
[18/19] : && /usr/bin/cmake -E rm -f src/libsoxr.a && /usr/bin/ar qc src/libsoxr.a  src/CMakeFiles/soxr.dir/soxr.c.o src/CMakeFiles/soxr.dir/data-io.c.o src/CMakeFiles/soxr.dir/dbesi0.c.o src/CMakeFiles/soxr.dir/filter.c.o src/CMakeFiles/soxr.dir/fft4g64.c.o src/CMakeFiles/soxr.dir/cr.c.o src/CMakeFiles/soxr.dir/cr32.c.o src/CMakeFiles/soxr.dir/fft4g32.c.o src/CMakeFiles/soxr.dir/cr64.c.o src/CMakeFiles/soxr.dir/vr32.c.o src/CMakeFiles/soxr.dir/cr32s.c.o src/CMakeFiles/soxr.dir/pffft32s.c.o src/CMakeFiles/soxr.dir/util32s.c.o src/CMakeFiles/soxr.dir/cr64s.c.o src/CMakeFiles/soxr.dir/pffft64s.c.o src/CMakeFiles/soxr.dir/util64s.c.o && /usr/bin/ranlib src/libsoxr.a && :
[19/19] : && /usr/bin/cmake -E rm -f src/libsoxr-lsr.a && /usr/bin/ar qc src/libsoxr-lsr.a  src/CMakeFiles/soxr-lsr.dir/soxr-lsr.c.o && /usr/bin/ranlib src/libsoxr-lsr.a && :
+ cd /home/devel/building/work/src/soxr-0.1.3-Source
+ DESTDIR=/home/devel/building/work/pkg
+ cmake --install build-shared
-- Install configuration: "None"
-- Installing: /home/devel/building/work/pkg/usr/share/doc/libsoxr/README
-- Installing: /home/devel/building/work/pkg/usr/share/doc/libsoxr/LICENCE
-- Installing: /home/devel/building/work/pkg/usr/share/doc/libsoxr/NEWS
-- Installing: /home/devel/building/work/pkg/usr/lib/pkgconfig/soxr.pc
-- Installing: /home/devel/building/work/pkg/usr/lib/pkgconfig/soxr-lsr.pc
-- Installing: /home/devel/building/work/pkg/usr/lib/libsoxr.so.0.1.2
-- Installing: /home/devel/building/work/pkg/usr/lib/libsoxr.so.0
-- Installing: /home/devel/building/work/pkg/usr/lib/libsoxr.so
-- Installing: /home/devel/building/work/pkg/usr/include/soxr.h
-- Installing: /home/devel/building/work/pkg/usr/lib/libsoxr-lsr.so.0.1.9
-- Installing: /home/devel/building/work/pkg/usr/lib/libsoxr-lsr.so.0
-- Set non-toolchain portion of runtime path of "/home/devel/building/work/pkg/usr/lib/libsoxr-lsr.so.0.1.9" to ""
-- Installing: /home/devel/building/work/pkg/usr/lib/libsoxr-lsr.so
-- Installing: /home/devel/building/work/pkg/usr/include/soxr-lsr.h
+ DESTDIR=/home/devel/building/work/pkg
+ cmake --install build-static
-- Install configuration: "Release"
-- Up-to-date: /home/devel/building/work/pkg/usr/share/doc/libsoxr/README
-- Up-to-date: /home/devel/building/work/pkg/usr/share/doc/libsoxr/LICENCE
-- Up-to-date: /home/devel/building/work/pkg/usr/share/doc/libsoxr/NEWS
-- Installing: /home/devel/building/work/pkg/usr/lib/pkgconfig/soxr.pc
-- Installing: /home/devel/building/work/pkg/usr/lib/pkgconfig/soxr-lsr.pc
-- Installing: /home/devel/building/work/pkg/usr/lib/libsoxr.a
-- Up-to-date: /home/devel/building/work/pkg/usr/include/soxr.h
-- Installing: /home/devel/building/work/pkg/usr/lib/libsoxr-lsr.a
-- Up-to-date: /home/devel/building/work/pkg/usr/include/soxr-lsr.h
+ rm -r /home/devel/building/work/pkg/usr/share/doc
=======> Build result:
drwxr-xr-x  0 root   root        0 May 29 22:12 usr/
drwxr-xr-x  0 root   root        0 May 29 22:12 usr/share/
drwxr-xr-x  0 root   root        0 May 29 22:12 usr/lib/
drwxr-xr-x  0 root   root        0 May 29 22:12 usr/include/
-rw-r--r--  0 root   root    13984 Feb 23  2018 usr/include/soxr.h
-rw-r--r--  0 root   root     3112 Feb 23  2018 usr/include/soxr-lsr.h
drwxr-xr-x  0 root   root        0 May 29 22:12 usr/lib/pkgconfig/
-rwxr-xr-x  0 root   root   200056 May 29 22:12 usr/lib/libsoxr.so.0.1.2
lrwxrwxrwx  0 root   root        0 May 29 22:12 usr/lib/libsoxr.so.0 -> libsoxr.so.0.1.2
lrwxrwxrwx  0 root   root        0 May 29 22:12 usr/lib/libsoxr.so -> libsoxr.so.0
-rwxr-xr-x  0 root   root    14368 May 29 22:12 usr/lib/libsoxr-lsr.so.0.1.9
lrwxrwxrwx  0 root   root        0 May 29 22:12 usr/lib/libsoxr-lsr.so.0 -> libsoxr-lsr.so.0.1.9
lrwxrwxrwx  0 root   root        0 May 29 22:12 usr/lib/libsoxr-lsr.so -> libsoxr-lsr.so.0
-rw-r--r--  0 root   root  1301694 May 29 22:12 usr/lib/libsoxr.a
-rw-r--r--  0 root   root    32972 May 29 22:12 usr/lib/libsoxr-lsr.a
-rw-r--r--  0 root   root      147 May 29 22:12 usr/lib/pkgconfig/soxr.pc
-rw-r--r--  0 root   root      190 May 29 22:12 usr/lib/pkgconfig/soxr-lsr.pc
=======> Building '/home/devel/packages/soxr#0.1.3-1.x86_64.pkg.tar.zst' succeeded.
prt-get: Using PKGMK_PACKAGE_DIR: /home/devel/packages
prt-get: reinstalling soxr 0.1.3-1
prt-get: /usr/bin/pkgadd -u soxr#0.1.3-1.x86_64.pkg.tar.zst
prt-get: build done Wed May 29 22:12:07 2024

