prt-get: updating /usr/ports/wayland-musl/wayidle
prt-get: starting build Wed May 29 22:18:17 2024
=======> Building '/home/devel/packages/wayidle#0.1.1-1.x86_64.pkg.tar.zst'.
bsdtar -p -o -C /home/devel/building/work/src -xf /home/devel/sources/wayidle-v0.1.1.tar.gz
+ build
+ cd wayidle-v0.1.1
+ mkdir /home/devel/sources/rust
mkdir: cannot create directory ‘/home/devel/sources/rust’: File exists
+ true
+ export CARGO_HOME=/home/devel/sources/rust
+ CARGO_HOME=/home/devel/sources/rust
+ cargo fetch --verbose --locked --target x86_64-unknown-linux-musl
    Updating crates.io index
 Downloading crates ...
  Downloaded quote v1.0.28
  Downloaded lexopt v0.3.0
  Downloaded memoffset v0.7.1
  Downloaded thiserror-impl v1.0.40
  Downloaded anyhow v1.0.71
  Downloaded unicode-segmentation v1.10.1
  Downloaded nix v0.26.2
  Downloaded quick-xml v0.28.2
  Downloaded syn v2.0.18
  Downloaded memchr v2.5.0
  Downloaded static_assertions v1.1.0
  Downloaded thiserror v1.0.40
  Downloaded proc-macro2 v1.0.59
  Downloaded unicode-ident v1.0.9
  Downloaded convert_case v0.6.0
  Downloaded wayrs-scanner v0.10.3
  Downloaded wayrs-utils v0.6.0
  Downloaded wayrs-protocols v0.10.5
  Downloaded wayrs-client v0.10.4
+ cargo build --verbose --release --frozen --all-targets
   Compiling proc-macro2 v1.0.59
     Running `rustc --crate-name build_script_build --edition=2018 /home/devel/sources/rust/registry/src/index.crates.io-6f17d22bba15001f/proc-macro2-1.0.59/build.rs --error-format=json --json=diagnostic-rendered-ansi,artifacts,future-incompat --crate-type bin --emit=dep-info,link -C embed-bitcode=no -C debug-assertions=off --cfg 'feature="default"' --cfg 'feature="proc-macro"' -C metadata=e3dc32446bba440d -C extra-filename=-e3dc32446bba440d --out-dir /home/devel/building/work/src/wayidle-v0.1.1/target/release/build/proc-macro2-e3dc32446bba440d -C strip=symbols -L dependency=/home/devel/building/work/src/wayidle-v0.1.1/target/release/deps --cap-lints allow`
   Compiling quote v1.0.28
   Compiling unicode-ident v1.0.9
   Compiling memchr v2.5.0
   Compiling autocfg v1.1.0
   Compiling libc v0.2.144
   Compiling unicode-segmentation v1.10.1
   Compiling thiserror v1.0.40
     Running `rustc --crate-name build_script_build --edition=2018 /home/devel/sources/rust/registry/src/index.crates.io-6f17d22bba15001f/quote-1.0.28/build.rs --error-format=json --json=diagnostic-rendered-ansi,artifacts,future-incompat --crate-type bin --emit=dep-info,link -C embed-bitcode=no -C debug-assertions=off --cfg 'feature="default"' --cfg 'feature="proc-macro"' -C metadata=757feffc7e2e812b -C extra-filename=-757feffc7e2e812b --out-dir /home/devel/building/work/src/wayidle-v0.1.1/target/release/build/quote-757feffc7e2e812b -C strip=symbols -L dependency=/home/devel/building/work/src/wayidle-v0.1.1/target/release/deps --cap-lints allow`
     Running `rustc --crate-name unicode_ident --edition=2018 /home/devel/sources/rust/registry/src/index.crates.io-6f17d22bba15001f/unicode-ident-1.0.9/src/lib.rs --error-format=json --json=diagnostic-rendered-ansi,artifacts,future-incompat --crate-type lib --emit=dep-info,metadata,link -C embed-bitcode=no -C debug-assertions=off -C metadata=5508d6f33072ffaf -C extra-filename=-5508d6f33072ffaf --out-dir /home/devel/building/work/src/wayidle-v0.1.1/target/release/deps -C strip=symbols -L dependency=/home/devel/building/work/src/wayidle-v0.1.1/target/release/deps --cap-lints allow`
     Running `rustc --crate-name build_script_build --edition=2018 /home/devel/sources/rust/registry/src/index.crates.io-6f17d22bba15001f/memchr-2.5.0/build.rs --error-format=json --json=diagnostic-rendered-ansi,artifacts,future-incompat --crate-type bin --emit=dep-info,link -C embed-bitcode=no -C debug-assertions=off --cfg 'feature="default"' --cfg 'feature="std"' -C metadata=8a699ea7d2d32995 -C extra-filename=-8a699ea7d2d32995 --out-dir /home/devel/building/work/src/wayidle-v0.1.1/target/release/build/memchr-8a699ea7d2d32995 -C strip=symbols -L dependency=/home/devel/building/work/src/wayidle-v0.1.1/target/release/deps --cap-lints allow`
     Running `rustc --crate-name build_script_build --edition=2015 /home/devel/sources/rust/registry/src/index.crates.io-6f17d22bba15001f/libc-0.2.144/build.rs --error-format=json --json=diagnostic-rendered-ansi,artifacts,future-incompat --crate-type bin --emit=dep-info,link -C embed-bitcode=no -C debug-assertions=off --cfg 'feature="default"' --cfg 'feature="extra_traits"' --cfg 'feature="std"' -C metadata=57206c07eff1d697 -C extra-filename=-57206c07eff1d697 --out-dir /home/devel/building/work/src/wayidle-v0.1.1/target/release/build/libc-57206c07eff1d697 -C strip=symbols -L dependency=/home/devel/building/work/src/wayidle-v0.1.1/target/release/deps --cap-lints allow`
     Running `rustc --crate-name unicode_segmentation --edition=2018 /home/devel/sources/rust/registry/src/index.crates.io-6f17d22bba15001f/unicode-segmentation-1.10.1/src/lib.rs --error-format=json --json=diagnostic-rendered-ansi,artifacts,future-incompat --crate-type lib --emit=dep-info,metadata,link -C embed-bitcode=no -C debug-assertions=off -C metadata=698bc84880569be1 -C extra-filename=-698bc84880569be1 --out-dir /home/devel/building/work/src/wayidle-v0.1.1/target/release/deps -C strip=symbols -L dependency=/home/devel/building/work/src/wayidle-v0.1.1/target/release/deps --cap-lints allow`
     Running `rustc --crate-name autocfg --edition=2015 /home/devel/sources/rust/registry/src/index.crates.io-6f17d22bba15001f/autocfg-1.1.0/src/lib.rs --error-format=json --json=diagnostic-rendered-ansi,artifacts,future-incompat --crate-type lib --emit=dep-info,metadata,link -C embed-bitcode=no -C debug-assertions=off -C metadata=3395c1d7e1298125 -C extra-filename=-3395c1d7e1298125 --out-dir /home/devel/building/work/src/wayidle-v0.1.1/target/release/deps -C strip=symbols -L dependency=/home/devel/building/work/src/wayidle-v0.1.1/target/release/deps --cap-lints allow`
     Running `rustc --crate-name build_script_build --edition=2018 /home/devel/sources/rust/registry/src/index.crates.io-6f17d22bba15001f/thiserror-1.0.40/build.rs --error-format=json --json=diagnostic-rendered-ansi,artifacts,future-incompat --crate-type bin --emit=dep-info,link -C embed-bitcode=no -C debug-assertions=off -C metadata=5fc7a07e31e0c154 -C extra-filename=-5fc7a07e31e0c154 --out-dir /home/devel/building/work/src/wayidle-v0.1.1/target/release/build/thiserror-5fc7a07e31e0c154 -C strip=symbols -L dependency=/home/devel/building/work/src/wayidle-v0.1.1/target/release/deps --cap-lints allow`
   Compiling bitflags v1.3.2
     Running `rustc --crate-name bitflags --edition=2018 /home/devel/sources/rust/registry/src/index.crates.io-6f17d22bba15001f/bitflags-1.3.2/src/lib.rs --error-format=json --json=diagnostic-rendered-ansi,artifacts,future-incompat --crate-type lib --emit=dep-info,metadata,link -C opt-level=3 -C linker-plugin-lto --cfg 'feature="default"' -C metadata=d8d43fc06883dc94 -C extra-filename=-d8d43fc06883dc94 --out-dir /home/devel/building/work/src/wayidle-v0.1.1/target/release/deps -C strip=symbols -L dependency=/home/devel/building/work/src/wayidle-v0.1.1/target/release/deps --cap-lints allow`
   Compiling static_assertions v1.1.0
     Running `rustc --crate-name static_assertions --edition=2015 /home/devel/sources/rust/registry/src/index.crates.io-6f17d22bba15001f/static_assertions-1.1.0/src/lib.rs --error-format=json --json=diagnostic-rendered-ansi,artifacts,future-incompat --crate-type lib --emit=dep-info,metadata,link -C opt-level=3 -C linker-plugin-lto -C metadata=728128306a2a38f7 -C extra-filename=-728128306a2a38f7 --out-dir /home/devel/building/work/src/wayidle-v0.1.1/target/release/deps -C strip=symbols -L dependency=/home/devel/building/work/src/wayidle-v0.1.1/target/release/deps --cap-lints allow`
   Compiling cfg-if v1.0.0
     Running `rustc --crate-name cfg_if --edition=2018 /home/devel/sources/rust/registry/src/index.crates.io-6f17d22bba15001f/cfg-if-1.0.0/src/lib.rs --error-format=json --json=diagnostic-rendered-ansi,artifacts,future-incompat --crate-type lib --emit=dep-info,metadata,link -C opt-level=3 -C linker-plugin-lto -C metadata=b78008274eb7d469 -C extra-filename=-b78008274eb7d469 --out-dir /home/devel/building/work/src/wayidle-v0.1.1/target/release/deps -C strip=symbols -L dependency=/home/devel/building/work/src/wayidle-v0.1.1/target/release/deps --cap-lints allow`
     Running `/home/devel/building/work/src/wayidle-v0.1.1/target/release/build/quote-757feffc7e2e812b/build-script-build`
   Compiling anyhow v1.0.71
     Running `rustc --crate-name build_script_build --edition=2018 /home/devel/sources/rust/registry/src/index.crates.io-6f17d22bba15001f/anyhow-1.0.71/build.rs --error-format=json --json=diagnostic-rendered-ansi,artifacts,future-incompat --crate-type bin --emit=dep-info,link -C embed-bitcode=no -C debug-assertions=off --cfg 'feature="default"' --cfg 'feature="std"' -C metadata=18bb5252b647b5b8 -C extra-filename=-18bb5252b647b5b8 --out-dir /home/devel/building/work/src/wayidle-v0.1.1/target/release/build/anyhow-18bb5252b647b5b8 -C strip=symbols -L dependency=/home/devel/building/work/src/wayidle-v0.1.1/target/release/deps --cap-lints allow`
   Compiling lexopt v0.3.0
     Running `/home/devel/building/work/src/wayidle-v0.1.1/target/release/build/thiserror-5fc7a07e31e0c154/build-script-build`
     Running `rustc --crate-name lexopt --edition=2018 /home/devel/sources/rust/registry/src/index.crates.io-6f17d22bba15001f/lexopt-0.3.0/src/lib.rs --error-format=json --json=diagnostic-rendered-ansi,artifacts,future-incompat --crate-type lib --emit=dep-info,metadata,link -C opt-level=3 -C linker-plugin-lto -C metadata=7612e04604571539 -C extra-filename=-7612e04604571539 --out-dir /home/devel/building/work/src/wayidle-v0.1.1/target/release/deps -C strip=symbols -L dependency=/home/devel/building/work/src/wayidle-v0.1.1/target/release/deps --cap-lints allow`
     Running `/home/devel/building/work/src/wayidle-v0.1.1/target/release/build/memchr-8a699ea7d2d32995/build-script-build`
     Running `rustc --crate-name memchr --edition=2018 /home/devel/sources/rust/registry/src/index.crates.io-6f17d22bba15001f/memchr-2.5.0/src/lib.rs --error-format=json --json=diagnostic-rendered-ansi,artifacts,future-incompat --crate-type lib --emit=dep-info,metadata,link -C embed-bitcode=no -C debug-assertions=off --cfg 'feature="default"' --cfg 'feature="std"' -C metadata=c15cafa8470b5cff -C extra-filename=-c15cafa8470b5cff --out-dir /home/devel/building/work/src/wayidle-v0.1.1/target/release/deps -C strip=symbols -L dependency=/home/devel/building/work/src/wayidle-v0.1.1/target/release/deps --cap-lints allow --cfg memchr_runtime_simd --cfg memchr_runtime_sse2 --cfg memchr_runtime_sse42 --cfg memchr_runtime_avx`
     Running `/home/devel/building/work/src/wayidle-v0.1.1/target/release/build/libc-57206c07eff1d697/build-script-build`
     Running `/home/devel/building/work/src/wayidle-v0.1.1/target/release/build/proc-macro2-e3dc32446bba440d/build-script-build`
     Running `rustc --crate-name libc --edition=2015 /home/devel/sources/rust/registry/src/index.crates.io-6f17d22bba15001f/libc-0.2.144/src/lib.rs --error-format=json --json=diagnostic-rendered-ansi,artifacts,future-incompat --crate-type lib --emit=dep-info,metadata,link -C opt-level=3 -C linker-plugin-lto --cfg 'feature="default"' --cfg 'feature="extra_traits"' --cfg 'feature="std"' -C metadata=9322bcd8e8c3c39b -C extra-filename=-9322bcd8e8c3c39b --out-dir /home/devel/building/work/src/wayidle-v0.1.1/target/release/deps -C strip=symbols -L dependency=/home/devel/building/work/src/wayidle-v0.1.1/target/release/deps --cap-lints allow --cfg freebsd11 --cfg libc_priv_mod_use --cfg libc_union --cfg libc_const_size_of --cfg libc_align --cfg libc_int128 --cfg libc_core_cvoid --cfg libc_packedN --cfg libc_cfg_target_vendor --cfg libc_non_exhaustive --cfg libc_long_array --cfg libc_ptr_addr_of --cfg libc_underscore_const_names --cfg libc_const_extern_fn`
     Running `rustc --crate-name proc_macro2 --edition=2018 /home/devel/sources/rust/registry/src/index.crates.io-6f17d22bba15001f/proc-macro2-1.0.59/src/lib.rs --error-format=json --json=diagnostic-rendered-ansi,artifacts,future-incompat --crate-type lib --emit=dep-info,metadata,link -C embed-bitcode=no -C debug-assertions=off --cfg 'feature="default"' --cfg 'feature="proc-macro"' -C metadata=8efd3e8f2c444924 -C extra-filename=-8efd3e8f2c444924 --out-dir /home/devel/building/work/src/wayidle-v0.1.1/target/release/deps -C strip=symbols -L dependency=/home/devel/building/work/src/wayidle-v0.1.1/target/release/deps --extern unicode_ident=/home/devel/building/work/src/wayidle-v0.1.1/target/release/deps/libunicode_ident-5508d6f33072ffaf.rmeta --cap-lints allow --cfg wrap_proc_macro`
   Compiling convert_case v0.6.0
     Running `rustc --crate-name convert_case --edition=2018 /home/devel/sources/rust/registry/src/index.crates.io-6f17d22bba15001f/convert_case-0.6.0/src/lib.rs --error-format=json --json=diagnostic-rendered-ansi,artifacts,future-incompat --crate-type lib --emit=dep-info,metadata,link -C embed-bitcode=no -C debug-assertions=off -C metadata=26da42e60aa17844 -C extra-filename=-26da42e60aa17844 --out-dir /home/devel/building/work/src/wayidle-v0.1.1/target/release/deps -C strip=symbols -L dependency=/home/devel/building/work/src/wayidle-v0.1.1/target/release/deps --extern unicode_segmentation=/home/devel/building/work/src/wayidle-v0.1.1/target/release/deps/libunicode_segmentation-698bc84880569be1.rmeta --cap-lints allow`
   Compiling memoffset v0.7.1
     Running `rustc --crate-name build_script_build --edition=2015 /home/devel/sources/rust/registry/src/index.crates.io-6f17d22bba15001f/memoffset-0.7.1/build.rs --error-format=json --json=diagnostic-rendered-ansi,artifacts,future-incompat --crate-type bin --emit=dep-info,link -C embed-bitcode=no -C debug-assertions=off --cfg 'feature="default"' -C metadata=8dc3ef8a517be8b8 -C extra-filename=-8dc3ef8a517be8b8 --out-dir /home/devel/building/work/src/wayidle-v0.1.1/target/release/build/memoffset-8dc3ef8a517be8b8 -C strip=symbols -L dependency=/home/devel/building/work/src/wayidle-v0.1.1/target/release/deps --extern autocfg=/home/devel/building/work/src/wayidle-v0.1.1/target/release/deps/libautocfg-3395c1d7e1298125.rlib --cap-lints allow`
     Running `/home/devel/building/work/src/wayidle-v0.1.1/target/release/build/anyhow-18bb5252b647b5b8/build-script-build`
     Running `/home/devel/building/work/src/wayidle-v0.1.1/target/release/build/memoffset-8dc3ef8a517be8b8/build-script-build`
     Running `rustc --crate-name anyhow --edition=2018 /home/devel/sources/rust/registry/src/index.crates.io-6f17d22bba15001f/anyhow-1.0.71/src/lib.rs --error-format=json --json=diagnostic-rendered-ansi,artifacts,future-incompat --crate-type lib --emit=dep-info,metadata,link -C opt-level=3 -C linker-plugin-lto --cfg 'feature="default"' --cfg 'feature="std"' -C metadata=53f0bf95d189ac31 -C extra-filename=-53f0bf95d189ac31 --out-dir /home/devel/building/work/src/wayidle-v0.1.1/target/release/deps -C strip=symbols -L dependency=/home/devel/building/work/src/wayidle-v0.1.1/target/release/deps --cap-lints allow`
     Running `rustc --crate-name memoffset --edition=2015 /home/devel/sources/rust/registry/src/index.crates.io-6f17d22bba15001f/memoffset-0.7.1/src/lib.rs --error-format=json --json=diagnostic-rendered-ansi,artifacts,future-incompat --crate-type lib --emit=dep-info,metadata,link -C opt-level=3 -C linker-plugin-lto --cfg 'feature="default"' -C metadata=d6f149188543436f -C extra-filename=-d6f149188543436f --out-dir /home/devel/building/work/src/wayidle-v0.1.1/target/release/deps -C strip=symbols -L dependency=/home/devel/building/work/src/wayidle-v0.1.1/target/release/deps --cap-lints allow --cfg tuple_ty --cfg allow_clippy --cfg maybe_uninit --cfg doctests --cfg raw_ref_macros`
   Compiling quick-xml v0.28.2
     Running `rustc --crate-name quick_xml --edition=2018 /home/devel/sources/rust/registry/src/index.crates.io-6f17d22bba15001f/quick-xml-0.28.2/src/lib.rs --error-format=json --json=diagnostic-rendered-ansi,artifacts,future-incompat --crate-type lib --emit=dep-info,metadata,link -C embed-bitcode=no -C debug-assertions=off --cfg 'feature="default"' -C metadata=a898b6afe855f86b -C extra-filename=-a898b6afe855f86b --out-dir /home/devel/building/work/src/wayidle-v0.1.1/target/release/deps -C strip=symbols -L dependency=/home/devel/building/work/src/wayidle-v0.1.1/target/release/deps --extern memchr=/home/devel/building/work/src/wayidle-v0.1.1/target/release/deps/libmemchr-c15cafa8470b5cff.rmeta --cap-lints allow`
     Running `rustc --crate-name quote --edition=2018 /home/devel/sources/rust/registry/src/index.crates.io-6f17d22bba15001f/quote-1.0.28/src/lib.rs --error-format=json --json=diagnostic-rendered-ansi,artifacts,future-incompat --crate-type lib --emit=dep-info,metadata,link -C embed-bitcode=no -C debug-assertions=off --cfg 'feature="default"' --cfg 'feature="proc-macro"' -C metadata=c34ff86083b1078c -C extra-filename=-c34ff86083b1078c --out-dir /home/devel/building/work/src/wayidle-v0.1.1/target/release/deps -C strip=symbols -L dependency=/home/devel/building/work/src/wayidle-v0.1.1/target/release/deps --extern proc_macro2=/home/devel/building/work/src/wayidle-v0.1.1/target/release/deps/libproc_macro2-8efd3e8f2c444924.rmeta --cap-lints allow`
   Compiling syn v2.0.18
     Running `rustc --crate-name syn --edition=2021 /home/devel/sources/rust/registry/src/index.crates.io-6f17d22bba15001f/syn-2.0.18/src/lib.rs --error-format=json --json=diagnostic-rendered-ansi,artifacts,future-incompat --crate-type lib --emit=dep-info,metadata,link -C embed-bitcode=no -C debug-assertions=off --cfg 'feature="clone-impls"' --cfg 'feature="default"' --cfg 'feature="derive"' --cfg 'feature="parsing"' --cfg 'feature="printing"' --cfg 'feature="proc-macro"' --cfg 'feature="quote"' -C metadata=fabc4eb5915ad6b4 -C extra-filename=-fabc4eb5915ad6b4 --out-dir /home/devel/building/work/src/wayidle-v0.1.1/target/release/deps -C strip=symbols -L dependency=/home/devel/building/work/src/wayidle-v0.1.1/target/release/deps --extern proc_macro2=/home/devel/building/work/src/wayidle-v0.1.1/target/release/deps/libproc_macro2-8efd3e8f2c444924.rmeta --extern quote=/home/devel/building/work/src/wayidle-v0.1.1/target/release/deps/libquote-c34ff86083b1078c.rmeta --extern unicode_ident=/home/devel/building/work/src/wayidle-v0.1.1/target/release/deps/libunicode_ident-5508d6f33072ffaf.rmeta --cap-lints allow`
   Compiling nix v0.26.2
     Running `rustc --crate-name nix --edition=2018 /home/devel/sources/rust/registry/src/index.crates.io-6f17d22bba15001f/nix-0.26.2/src/lib.rs --error-format=json --json=diagnostic-rendered-ansi,artifacts,future-incompat --crate-type lib --emit=dep-info,metadata,link -C opt-level=3 -C linker-plugin-lto --cfg 'feature="memoffset"' --cfg 'feature="socket"' --cfg 'feature="uio"' -C metadata=65abce18f3c4eb74 -C extra-filename=-65abce18f3c4eb74 --out-dir /home/devel/building/work/src/wayidle-v0.1.1/target/release/deps -C strip=symbols -L dependency=/home/devel/building/work/src/wayidle-v0.1.1/target/release/deps --extern bitflags=/home/devel/building/work/src/wayidle-v0.1.1/target/release/deps/libbitflags-d8d43fc06883dc94.rmeta --extern cfg_if=/home/devel/building/work/src/wayidle-v0.1.1/target/release/deps/libcfg_if-b78008274eb7d469.rmeta --extern libc=/home/devel/building/work/src/wayidle-v0.1.1/target/release/deps/liblibc-9322bcd8e8c3c39b.rmeta --extern memoffset=/home/devel/building/work/src/wayidle-v0.1.1/target/release/deps/libmemoffset-d6f149188543436f.rmeta --extern static_assertions=/home/devel/building/work/src/wayidle-v0.1.1/target/release/deps/libstatic_assertions-728128306a2a38f7.rmeta --cap-lints allow`
   Compiling thiserror-impl v1.0.40
   Compiling wayrs-scanner v0.10.3
     Running `rustc --crate-name thiserror_impl --edition=2018 /home/devel/sources/rust/registry/src/index.crates.io-6f17d22bba15001f/thiserror-impl-1.0.40/src/lib.rs --error-format=json --json=diagnostic-rendered-ansi,artifacts,future-incompat --crate-type proc-macro --emit=dep-info,link -C prefer-dynamic -C embed-bitcode=no -C debug-assertions=off -C metadata=d582db8c4ca19ced -C extra-filename=-d582db8c4ca19ced --out-dir /home/devel/building/work/src/wayidle-v0.1.1/target/release/deps -C strip=symbols -L dependency=/home/devel/building/work/src/wayidle-v0.1.1/target/release/deps --extern proc_macro2=/home/devel/building/work/src/wayidle-v0.1.1/target/release/deps/libproc_macro2-8efd3e8f2c444924.rlib --extern quote=/home/devel/building/work/src/wayidle-v0.1.1/target/release/deps/libquote-c34ff86083b1078c.rlib --extern syn=/home/devel/building/work/src/wayidle-v0.1.1/target/release/deps/libsyn-fabc4eb5915ad6b4.rlib --extern proc_macro --cap-lints allow`
     Running `rustc --crate-name wayrs_scanner --edition=2021 /home/devel/sources/rust/registry/src/index.crates.io-6f17d22bba15001f/wayrs-scanner-0.10.3/src/lib.rs --error-format=json --json=diagnostic-rendered-ansi,artifacts,future-incompat --crate-type proc-macro --emit=dep-info,link -C prefer-dynamic -C embed-bitcode=no -C debug-assertions=off -C metadata=c06a86ddf1f0c53f -C extra-filename=-c06a86ddf1f0c53f --out-dir /home/devel/building/work/src/wayidle-v0.1.1/target/release/deps -C strip=symbols -L dependency=/home/devel/building/work/src/wayidle-v0.1.1/target/release/deps --extern convert_case=/home/devel/building/work/src/wayidle-v0.1.1/target/release/deps/libconvert_case-26da42e60aa17844.rlib --extern proc_macro2=/home/devel/building/work/src/wayidle-v0.1.1/target/release/deps/libproc_macro2-8efd3e8f2c444924.rlib --extern quick_xml=/home/devel/building/work/src/wayidle-v0.1.1/target/release/deps/libquick_xml-a898b6afe855f86b.rlib --extern quote=/home/devel/building/work/src/wayidle-v0.1.1/target/release/deps/libquote-c34ff86083b1078c.rlib --extern syn=/home/devel/building/work/src/wayidle-v0.1.1/target/release/deps/libsyn-fabc4eb5915ad6b4.rlib --extern proc_macro --cap-lints allow`
     Running `rustc --crate-name thiserror --edition=2018 /home/devel/sources/rust/registry/src/index.crates.io-6f17d22bba15001f/thiserror-1.0.40/src/lib.rs --error-format=json --json=diagnostic-rendered-ansi,artifacts,future-incompat --crate-type lib --emit=dep-info,metadata,link -C opt-level=3 -C linker-plugin-lto -C metadata=797bffcedecc3433 -C extra-filename=-797bffcedecc3433 --out-dir /home/devel/building/work/src/wayidle-v0.1.1/target/release/deps -C strip=symbols -L dependency=/home/devel/building/work/src/wayidle-v0.1.1/target/release/deps --extern thiserror_impl=/home/devel/building/work/src/wayidle-v0.1.1/target/release/deps/libthiserror_impl-d582db8c4ca19ced.so --cap-lints allow`
   Compiling wayrs-client v0.10.4
     Running `rustc --crate-name wayrs_client --edition=2021 /home/devel/sources/rust/registry/src/index.crates.io-6f17d22bba15001f/wayrs-client-0.10.4/src/lib.rs --error-format=json --json=diagnostic-rendered-ansi,artifacts,future-incompat --crate-type lib --emit=dep-info,metadata,link -C opt-level=3 -C linker-plugin-lto -C metadata=1f2f58cd413ca9e1 -C extra-filename=-1f2f58cd413ca9e1 --out-dir /home/devel/building/work/src/wayidle-v0.1.1/target/release/deps -C strip=symbols -L dependency=/home/devel/building/work/src/wayidle-v0.1.1/target/release/deps --extern nix=/home/devel/building/work/src/wayidle-v0.1.1/target/release/deps/libnix-65abce18f3c4eb74.rmeta --extern thiserror=/home/devel/building/work/src/wayidle-v0.1.1/target/release/deps/libthiserror-797bffcedecc3433.rmeta --extern wayrs_scanner=/home/devel/building/work/src/wayidle-v0.1.1/target/release/deps/libwayrs_scanner-c06a86ddf1f0c53f.so --cap-lints allow`
   Compiling wayrs-protocols v0.10.5
   Compiling wayrs-utils v0.6.0
     Running `rustc --crate-name wayrs_protocols --edition=2021 /home/devel/sources/rust/registry/src/index.crates.io-6f17d22bba15001f/wayrs-protocols-0.10.5/src/lib.rs --error-format=json --json=diagnostic-rendered-ansi,artifacts,future-incompat --crate-type lib --emit=dep-info,metadata,link -C opt-level=3 -C linker-plugin-lto --cfg 'feature="ext-idle-notify-v1"' -C metadata=c8653bbd5e5efd01 -C extra-filename=-c8653bbd5e5efd01 --out-dir /home/devel/building/work/src/wayidle-v0.1.1/target/release/deps -C strip=symbols -L dependency=/home/devel/building/work/src/wayidle-v0.1.1/target/release/deps --extern wayrs_client=/home/devel/building/work/src/wayidle-v0.1.1/target/release/deps/libwayrs_client-1f2f58cd413ca9e1.rmeta --cap-lints allow`
     Running `rustc --crate-name wayrs_utils --edition=2021 /home/devel/sources/rust/registry/src/index.crates.io-6f17d22bba15001f/wayrs-utils-0.6.0/src/lib.rs --error-format=json --json=diagnostic-rendered-ansi,artifacts,future-incompat --crate-type lib --emit=dep-info,metadata,link -C opt-level=3 -C linker-plugin-lto --cfg 'feature="seats"' -C metadata=82a73e1aed2f0167 -C extra-filename=-82a73e1aed2f0167 --out-dir /home/devel/building/work/src/wayidle-v0.1.1/target/release/deps -C strip=symbols -L dependency=/home/devel/building/work/src/wayidle-v0.1.1/target/release/deps --extern thiserror=/home/devel/building/work/src/wayidle-v0.1.1/target/release/deps/libthiserror-797bffcedecc3433.rmeta --extern wayrs_client=/home/devel/building/work/src/wayidle-v0.1.1/target/release/deps/libwayrs_client-1f2f58cd413ca9e1.rmeta --cap-lints allow`
   Compiling wayidle v0.1.1 (/home/devel/building/work/src/wayidle-v0.1.1)
     Running `rustc --crate-name wayidle --edition=2021 src/main.rs --error-format=json --json=diagnostic-rendered-ansi,artifacts,future-incompat --crate-type bin --emit=dep-info,link -C opt-level=3 -C lto -C metadata=1cfc21638898d064 -C extra-filename=-1cfc21638898d064 --out-dir /home/devel/building/work/src/wayidle-v0.1.1/target/release/deps -C strip=symbols -L dependency=/home/devel/building/work/src/wayidle-v0.1.1/target/release/deps --extern anyhow=/home/devel/building/work/src/wayidle-v0.1.1/target/release/deps/libanyhow-53f0bf95d189ac31.rlib --extern lexopt=/home/devel/building/work/src/wayidle-v0.1.1/target/release/deps/liblexopt-7612e04604571539.rlib --extern wayrs_client=/home/devel/building/work/src/wayidle-v0.1.1/target/release/deps/libwayrs_client-1f2f58cd413ca9e1.rlib --extern wayrs_protocols=/home/devel/building/work/src/wayidle-v0.1.1/target/release/deps/libwayrs_protocols-c8653bbd5e5efd01.rlib --extern wayrs_utils=/home/devel/building/work/src/wayidle-v0.1.1/target/release/deps/libwayrs_utils-82a73e1aed2f0167.rlib`
     Running `rustc --crate-name wayidle --edition=2021 src/main.rs --error-format=json --json=diagnostic-rendered-ansi,artifacts,future-incompat --emit=dep-info,link -C opt-level=3 -C lto --test -C metadata=2726c54cf5f955a0 -C extra-filename=-2726c54cf5f955a0 --out-dir /home/devel/building/work/src/wayidle-v0.1.1/target/release/deps -C strip=symbols -L dependency=/home/devel/building/work/src/wayidle-v0.1.1/target/release/deps --extern anyhow=/home/devel/building/work/src/wayidle-v0.1.1/target/release/deps/libanyhow-53f0bf95d189ac31.rlib --extern lexopt=/home/devel/building/work/src/wayidle-v0.1.1/target/release/deps/liblexopt-7612e04604571539.rlib --extern wayrs_client=/home/devel/building/work/src/wayidle-v0.1.1/target/release/deps/libwayrs_client-1f2f58cd413ca9e1.rlib --extern wayrs_protocols=/home/devel/building/work/src/wayidle-v0.1.1/target/release/deps/libwayrs_protocols-c8653bbd5e5efd01.rlib --extern wayrs_utils=/home/devel/building/work/src/wayidle-v0.1.1/target/release/deps/libwayrs_utils-82a73e1aed2f0167.rlib`
    Finished `release` profile [optimized] target(s) in 17.13s
+ install -D -m 0755 -t /home/devel/building/work/pkg/usr/bin target/release/wayidle
=======> Build result:
drwxr-xr-x  0 root   root        0 May 29 22:18 usr/
drwxr-xr-x  0 root   root        0 May 29 22:18 usr/bin/
-rwxr-xr-x  0 root   root   506120 May 29 22:18 usr/bin/wayidle
=======> Building '/home/devel/packages/wayidle#0.1.1-1.x86_64.pkg.tar.zst' succeeded.
prt-get: Using PKGMK_PACKAGE_DIR: /home/devel/packages
prt-get: reinstalling wayidle 0.1.1-1
prt-get: /usr/bin/pkgadd -u wayidle#0.1.1-1.x86_64.pkg.tar.zst
prt-get: build done Wed May 29 22:18:37 2024

