prt-get: updating /usr/ports/core-musl/zstd
prt-get: starting build Wed May 29 22:25:39 2024
=======> Building '/home/devel/packages/zstd#1.5.6-1.x86_64.pkg.tar.zst'.
bsdtar -p -o -C /home/devel/building/work/src -xf /home/devel/sources/zstd-1.5.6.tar.gz
cp disable-warning-decompression-multi-thread.patch /home/devel/building/work/src
+ build
+ cd zstd-1.5.6
+ patch -p1 -i /home/devel/building/work/src/disable-warning-decompression-multi-thread.patch
patching file programs/zstdcli.c
Hunk #1 succeeded at 1298 (offset 7 lines).
+ export 'CFLAGS=-O3 -m64 -march=x86-64 -mtune=generic -flto=auto -ffat-lto-objects'
+ CFLAGS='-O3 -m64 -march=x86-64 -mtune=generic -flto=auto -ffat-lto-objects'
+ export 'CXXFLAGS=-O3 -m64 -march=x86-64 -mtune=generic -flto=auto -ffat-lto-objects'
+ CXXFLAGS='-O3 -m64 -march=x86-64 -mtune=generic -flto=auto -ffat-lto-objects'
+ export CPPFLAGS=
+ CPPFLAGS=
+ cd build/meson
+ build-meson --default-library=both -Dbin_contrib=true -Dbin_programs=true -Dbin_tests=false -Dmulti_thread=enabled -Dbacktrace=disabled -Dlz4=disabled -Dlzma=disabled -Dzlib=disabled . build
The Meson build system
Version: 1.4.0
Source dir: /home/devel/building/work/src/zstd-1.5.6/build/meson
Build dir: /home/devel/building/work/src/zstd-1.5.6/build/meson/build
Build type: native build
Program GetZstdLibraryVersion.py found: YES (/usr/bin/python3 /home/devel/building/work/src/zstd-1.5.6/build/meson/GetZstdLibraryVersion.py)
Project name: zstd
Project version: 1.5.6
C compiler for the host machine: cc (gcc 14.1.0 "cc (SAUX-x86_64 musl) 14.1.0")
C linker for the host machine: cc ld.bfd 2.42
C++ compiler for the host machine: c++ (gcc 14.1.0 "c++ (SAUX-x86_64 musl) 14.1.0")
C++ linker for the host machine: c++ ld.bfd 2.42
Host machine cpu family: x86_64
Host machine cpu: x86_64
Library m found: YES
Run-time dependency threads found: YES
Dependency zlib skipped: feature zlib disabled
Dependency liblzma skipped: feature lzma disabled
Dependency liblz4 skipped: feature lz4 disabled
Compiler for C supports arguments -Wundef: YES 
Compiler for C supports arguments -Wshadow: YES 
Compiler for C supports arguments -Wcast-align: YES 
Compiler for C supports arguments -Wcast-qual: YES 
Compiler for C supports arguments -Wstrict-prototypes: YES 
Compiler for C++ supports arguments -Wundef: YES 
Compiler for C++ supports arguments -Wshadow: YES 
Compiler for C++ supports arguments -Wcast-align: YES 
Compiler for C++ supports arguments -Wcast-qual: YES 
Message: Enable legacy support back to version 0.5
Message: Enable multi-threading support
Found pkg-config: YES (/usr/bin/pkg-config) 2.2.0
Has header "execinfo.h" skipped: feature backtrace disabled
Build targets in project: 7

zstd 1.5.6

  User defined options
    auto_features     : auto
    bindir            : /usr/bin
    buildtype         : plain
    datadir           : /usr/share
    default_library   : both
    includedir        : /usr/include
    libdir            : /usr/lib
    libexecdir        : /usr/lib
    localstatedir     : /var
    mandir            : /usr/share/man
    prefix            : /usr
    sbindir           : /usr/sbin
    sharedstatedir    : /var/lib
    sysconfdir        : /etc
    werror            : false
    wrap_mode         : nodownload
    python.bytecompile: 0
    b_lto             : false
    b_pie             : true
    b_staticpic       : true
    backtrace         : disabled
    bin_contrib       : true
    bin_programs      : true
    bin_tests         : false
    lz4               : disabled
    lzma              : disabled
    multi_thread      : enabled
    zlib              : disabled

Found ninja-1.9 at /usr/bin/ninja
+ meson compile -j 8 -v -C build
ninja: entering directory '/home/devel/building/work/src/zstd-1.5.6/build/meson/build'
[1/61] c++ -Icontrib/gen_html/gen_html.p -Icontrib/gen_html -I../contrib/gen_html -I../../../programs -I../../../lib -I../../../lib/common -I../../../contrib/gen_html -fdiagnostics-color=always -D_GLIBCXX_ASSERTIONS=1 -D_FILE_OFFSET_BITS=64 -Wall -Winvalid-pch -Wextra -Wpedantic -std=c++11 -O3 -m64 -march=x86-64 -mtune=generic -flto=auto -ffat-lto-objects -fPIE -MD -MQ contrib/gen_html/gen_html.p/.._.._.._.._contrib_gen_html_gen_html.cpp.o -MF contrib/gen_html/gen_html.p/.._.._.._.._contrib_gen_html_gen_html.cpp.o.d -o contrib/gen_html/gen_html.p/.._.._.._.._contrib_gen_html_gen_html.cpp.o -c ../../../contrib/gen_html/gen_html.cpp
[2/61] c++ -Icontrib/pzstd/pzstd.p -Icontrib/pzstd -I../contrib/pzstd -I../../../programs -I../../../contrib/pzstd -I../../../lib -I../../../lib/common -I../../../lib/compress -I../../../lib/decompress -I../../../lib/dictBuilder -I../../../lib/legacy -fdiagnostics-color=always -DNDEBUG -D_FILE_OFFSET_BITS=64 -Wall -Winvalid-pch -Wextra -Wpedantic -std=c++11 -Wundef -Wshadow -Wcast-align -Wcast-qual -O3 -m64 -march=x86-64 -mtune=generic -flto=auto -ffat-lto-objects -fPIE -pthread -Wno-shadow -Wno-deprecated-declarations -MD -MQ contrib/pzstd/pzstd.p/.._.._.._.._contrib_pzstd_SkippableFrame.cpp.o -MF contrib/pzstd/pzstd.p/.._.._.._.._contrib_pzstd_SkippableFrame.cpp.o.d -o contrib/pzstd/pzstd.p/.._.._.._.._contrib_pzstd_SkippableFrame.cpp.o -c ../../../contrib/pzstd/SkippableFrame.cpp
[3/61] c++ -Icontrib/pzstd/pzstd.p -Icontrib/pzstd -I../contrib/pzstd -I../../../programs -I../../../contrib/pzstd -I../../../lib -I../../../lib/common -I../../../lib/compress -I../../../lib/decompress -I../../../lib/dictBuilder -I../../../lib/legacy -fdiagnostics-color=always -DNDEBUG -D_FILE_OFFSET_BITS=64 -Wall -Winvalid-pch -Wextra -Wpedantic -std=c++11 -Wundef -Wshadow -Wcast-align -Wcast-qual -O3 -m64 -march=x86-64 -mtune=generic -flto=auto -ffat-lto-objects -fPIE -pthread -Wno-shadow -Wno-deprecated-declarations -MD -MQ contrib/pzstd/pzstd.p/.._.._.._.._contrib_pzstd_Pzstd.cpp.o -MF contrib/pzstd/pzstd.p/.._.._.._.._contrib_pzstd_Pzstd.cpp.o.d -o contrib/pzstd/pzstd.p/.._.._.._.._contrib_pzstd_Pzstd.cpp.o -c ../../../contrib/pzstd/Pzstd.cpp
[4/61] c++ -Icontrib/pzstd/pzstd.p -Icontrib/pzstd -I../contrib/pzstd -I../../../programs -I../../../contrib/pzstd -I../../../lib -I../../../lib/common -I../../../lib/compress -I../../../lib/decompress -I../../../lib/dictBuilder -I../../../lib/legacy -fdiagnostics-color=always -DNDEBUG -D_FILE_OFFSET_BITS=64 -Wall -Winvalid-pch -Wextra -Wpedantic -std=c++11 -Wundef -Wshadow -Wcast-align -Wcast-qual -O3 -m64 -march=x86-64 -mtune=generic -flto=auto -ffat-lto-objects -fPIE -pthread -Wno-shadow -Wno-deprecated-declarations -MD -MQ contrib/pzstd/pzstd.p/.._.._.._.._contrib_pzstd_Options.cpp.o -MF contrib/pzstd/pzstd.p/.._.._.._.._contrib_pzstd_Options.cpp.o.d -o contrib/pzstd/pzstd.p/.._.._.._.._contrib_pzstd_Options.cpp.o -c ../../../contrib/pzstd/Options.cpp
[5/61] c++ -Icontrib/pzstd/pzstd.p -Icontrib/pzstd -I../contrib/pzstd -I../../../programs -I../../../contrib/pzstd -I../../../lib -I../../../lib/common -I../../../lib/compress -I../../../lib/decompress -I../../../lib/dictBuilder -I../../../lib/legacy -fdiagnostics-color=always -DNDEBUG -D_FILE_OFFSET_BITS=64 -Wall -Winvalid-pch -Wextra -Wpedantic -std=c++11 -Wundef -Wshadow -Wcast-align -Wcast-qual -O3 -m64 -march=x86-64 -mtune=generic -flto=auto -ffat-lto-objects -fPIE -pthread -Wno-shadow -Wno-deprecated-declarations -MD -MQ contrib/pzstd/pzstd.p/.._.._.._.._contrib_pzstd_main.cpp.o -MF contrib/pzstd/pzstd.p/.._.._.._.._contrib_pzstd_main.cpp.o.d -o contrib/pzstd/pzstd.p/.._.._.._.._contrib_pzstd_main.cpp.o -c ../../../contrib/pzstd/main.cpp
[6/61] cc -Icontrib/pzstd/pzstd.p -Icontrib/pzstd -I../contrib/pzstd -I../../../programs -I../../../contrib/pzstd -I../../../lib -I../../../lib/common -I../../../lib/compress -I../../../lib/decompress -I../../../lib/dictBuilder -I../../../lib/legacy -fdiagnostics-color=always -DNDEBUG -D_FILE_OFFSET_BITS=64 -Wall -Winvalid-pch -Wextra -Wpedantic -DXXH_NAMESPACE=ZSTD_ -Wundef -Wshadow -Wcast-align -Wcast-qual -Wstrict-prototypes -DZSTD_LEGACY_SUPPORT=5 -DZSTD_MULTITHREAD -O3 -m64 -march=x86-64 -mtune=generic -flto=auto -ffat-lto-objects -fPIE -pthread -MD -MQ contrib/pzstd/pzstd.p/.._.._.._.._programs_util.c.o -MF contrib/pzstd/pzstd.p/.._.._.._.._programs_util.c.o.d -o contrib/pzstd/pzstd.p/.._.._.._.._programs_util.c.o -c ../../../programs/util.c
[7/61] cc -Iprograms/zstd-frugal.p -Iprograms -I../programs -fdiagnostics-color=always -D_FILE_OFFSET_BITS=64 -Wall -Winvalid-pch -Wextra -Wpedantic -DXXH_NAMESPACE=ZSTD_ -Wundef -Wshadow -Wcast-align -Wcast-qual -Wstrict-prototypes -DZSTD_LEGACY_SUPPORT=5 -O3 -m64 -march=x86-64 -mtune=generic -flto=auto -ffat-lto-objects -fPIE -pthread -DZSTD_NOBENCH -DZSTD_NODICT -DZSTD_NOTRACE -DZSTD_MULTITHREAD -MD -MQ programs/zstd-frugal.p/.._.._.._programs_fileio_asyncio.c.o -MF programs/zstd-frugal.p/.._.._.._programs_fileio_asyncio.c.o.d -o programs/zstd-frugal.p/.._.._.._programs_fileio_asyncio.c.o -c ../../../programs/fileio_asyncio.c
[8/61] cc -Iprograms/zstd-frugal.p -Iprograms -I../programs -fdiagnostics-color=always -D_FILE_OFFSET_BITS=64 -Wall -Winvalid-pch -Wextra -Wpedantic -DXXH_NAMESPACE=ZSTD_ -Wundef -Wshadow -Wcast-align -Wcast-qual -Wstrict-prototypes -DZSTD_LEGACY_SUPPORT=5 -O3 -m64 -march=x86-64 -mtune=generic -flto=auto -ffat-lto-objects -fPIE -pthread -DZSTD_NOBENCH -DZSTD_NODICT -DZSTD_NOTRACE -DZSTD_MULTITHREAD -MD -MQ programs/zstd-frugal.p/.._.._.._programs_fileio.c.o -MF programs/zstd-frugal.p/.._.._.._programs_fileio.c.o.d -o programs/zstd-frugal.p/.._.._.._programs_fileio.c.o -c ../../../programs/fileio.c
[9/61] cc -Iprograms/zstd-frugal.p -Iprograms -I../programs -fdiagnostics-color=always -D_FILE_OFFSET_BITS=64 -Wall -Winvalid-pch -Wextra -Wpedantic -DXXH_NAMESPACE=ZSTD_ -Wundef -Wshadow -Wcast-align -Wcast-qual -Wstrict-prototypes -DZSTD_LEGACY_SUPPORT=5 -O3 -m64 -march=x86-64 -mtune=generic -flto=auto -ffat-lto-objects -fPIE -pthread -DZSTD_NOBENCH -DZSTD_NODICT -DZSTD_NOTRACE -DZSTD_MULTITHREAD -MD -MQ programs/zstd-frugal.p/.._.._.._programs_util.c.o -MF programs/zstd-frugal.p/.._.._.._programs_util.c.o.d -o programs/zstd-frugal.p/.._.._.._programs_util.c.o -c ../../../programs/util.c
[10/61] cc -Iprograms/zstd-frugal.p -Iprograms -I../programs -fdiagnostics-color=always -D_FILE_OFFSET_BITS=64 -Wall -Winvalid-pch -Wextra -Wpedantic -DXXH_NAMESPACE=ZSTD_ -Wundef -Wshadow -Wcast-align -Wcast-qual -Wstrict-prototypes -DZSTD_LEGACY_SUPPORT=5 -O3 -m64 -march=x86-64 -mtune=generic -flto=auto -ffat-lto-objects -fPIE -pthread -DZSTD_NOBENCH -DZSTD_NODICT -DZSTD_NOTRACE -DZSTD_MULTITHREAD -MD -MQ programs/zstd-frugal.p/.._.._.._programs_timefn.c.o -MF programs/zstd-frugal.p/.._.._.._programs_timefn.c.o.d -o programs/zstd-frugal.p/.._.._.._programs_timefn.c.o -c ../../../programs/timefn.c
[11/61] cc -Iprograms/zstd-frugal.p -Iprograms -I../programs -fdiagnostics-color=always -D_FILE_OFFSET_BITS=64 -Wall -Winvalid-pch -Wextra -Wpedantic -DXXH_NAMESPACE=ZSTD_ -Wundef -Wshadow -Wcast-align -Wcast-qual -Wstrict-prototypes -DZSTD_LEGACY_SUPPORT=5 -O3 -m64 -march=x86-64 -mtune=generic -flto=auto -ffat-lto-objects -fPIE -pthread -DZSTD_NOBENCH -DZSTD_NODICT -DZSTD_NOTRACE -DZSTD_MULTITHREAD -MD -MQ programs/zstd-frugal.p/.._.._.._programs_zstdcli.c.o -MF programs/zstd-frugal.p/.._.._.._programs_zstdcli.c.o.d -o programs/zstd-frugal.p/.._.._.._programs_zstdcli.c.o -c ../../../programs/zstdcli.c
[12/61] cc -Iprograms/zstd.p -Iprograms -I../programs -fdiagnostics-color=always -D_FILE_OFFSET_BITS=64 -Wall -Winvalid-pch -Wextra -Wpedantic -DXXH_NAMESPACE=ZSTD_ -Wundef -Wshadow -Wcast-align -Wcast-qual -Wstrict-prototypes -DZSTD_LEGACY_SUPPORT=5 -O3 -m64 -march=x86-64 -mtune=generic -flto=auto -ffat-lto-objects -fPIE -pthread -DZSTD_MULTITHREAD -DBACKTRACE_ENABLE=0 -MD -MQ programs/zstd.p/.._.._.._programs_zstdcli_trace.c.o -MF programs/zstd.p/.._.._.._programs_zstdcli_trace.c.o.d -o programs/zstd.p/.._.._.._programs_zstdcli_trace.c.o -c ../../../programs/zstdcli_trace.c
[13/61] cc -Iprograms/zstd.p -Iprograms -I../programs -fdiagnostics-color=always -D_FILE_OFFSET_BITS=64 -Wall -Winvalid-pch -Wextra -Wpedantic -DXXH_NAMESPACE=ZSTD_ -Wundef -Wshadow -Wcast-align -Wcast-qual -Wstrict-prototypes -DZSTD_LEGACY_SUPPORT=5 -O3 -m64 -march=x86-64 -mtune=generic -flto=auto -ffat-lto-objects -fPIE -pthread -DZSTD_MULTITHREAD -DBACKTRACE_ENABLE=0 -MD -MQ programs/zstd.p/.._.._.._programs_dibio.c.o -MF programs/zstd.p/.._.._.._programs_dibio.c.o.d -o programs/zstd.p/.._.._.._programs_dibio.c.o -c ../../../programs/dibio.c
[14/61] cc -Iprograms/zstd.p -Iprograms -I../programs -fdiagnostics-color=always -D_FILE_OFFSET_BITS=64 -Wall -Winvalid-pch -Wextra -Wpedantic -DXXH_NAMESPACE=ZSTD_ -Wundef -Wshadow -Wcast-align -Wcast-qual -Wstrict-prototypes -DZSTD_LEGACY_SUPPORT=5 -O3 -m64 -march=x86-64 -mtune=generic -flto=auto -ffat-lto-objects -fPIE -pthread -DZSTD_MULTITHREAD -DBACKTRACE_ENABLE=0 -MD -MQ programs/zstd.p/.._.._.._programs_lorem.c.o -MF programs/zstd.p/.._.._.._programs_lorem.c.o.d -o programs/zstd.p/.._.._.._programs_lorem.c.o -c ../../../programs/lorem.c
[15/61] cc -Iprograms/zstd.p -Iprograms -I../programs -fdiagnostics-color=always -D_FILE_OFFSET_BITS=64 -Wall -Winvalid-pch -Wextra -Wpedantic -DXXH_NAMESPACE=ZSTD_ -Wundef -Wshadow -Wcast-align -Wcast-qual -Wstrict-prototypes -DZSTD_LEGACY_SUPPORT=5 -O3 -m64 -march=x86-64 -mtune=generic -flto=auto -ffat-lto-objects -fPIE -pthread -DZSTD_MULTITHREAD -DBACKTRACE_ENABLE=0 -MD -MQ programs/zstd.p/.._.._.._programs_datagen.c.o -MF programs/zstd.p/.._.._.._programs_datagen.c.o.d -o programs/zstd.p/.._.._.._programs_datagen.c.o -c ../../../programs/datagen.c
[16/61] cc -Iprograms/zstd.p -Iprograms -I../programs -fdiagnostics-color=always -D_FILE_OFFSET_BITS=64 -Wall -Winvalid-pch -Wextra -Wpedantic -DXXH_NAMESPACE=ZSTD_ -Wundef -Wshadow -Wcast-align -Wcast-qual -Wstrict-prototypes -DZSTD_LEGACY_SUPPORT=5 -O3 -m64 -march=x86-64 -mtune=generic -flto=auto -ffat-lto-objects -fPIE -pthread -DZSTD_MULTITHREAD -DBACKTRACE_ENABLE=0 -MD -MQ programs/zstd.p/.._.._.._programs_benchzstd.c.o -MF programs/zstd.p/.._.._.._programs_benchzstd.c.o.d -o programs/zstd.p/.._.._.._programs_benchzstd.c.o -c ../../../programs/benchzstd.c
[17/61] cc -Iprograms/zstd.p -Iprograms -I../programs -fdiagnostics-color=always -D_FILE_OFFSET_BITS=64 -Wall -Winvalid-pch -Wextra -Wpedantic -DXXH_NAMESPACE=ZSTD_ -Wundef -Wshadow -Wcast-align -Wcast-qual -Wstrict-prototypes -DZSTD_LEGACY_SUPPORT=5 -O3 -m64 -march=x86-64 -mtune=generic -flto=auto -ffat-lto-objects -fPIE -pthread -DZSTD_MULTITHREAD -DBACKTRACE_ENABLE=0 -MD -MQ programs/zstd.p/.._.._.._programs_benchfn.c.o -MF programs/zstd.p/.._.._.._programs_benchfn.c.o.d -o programs/zstd.p/.._.._.._programs_benchfn.c.o -c ../../../programs/benchfn.c
[18/61] cc -Iprograms/zstd.p -Iprograms -I../programs -fdiagnostics-color=always -D_FILE_OFFSET_BITS=64 -Wall -Winvalid-pch -Wextra -Wpedantic -DXXH_NAMESPACE=ZSTD_ -Wundef -Wshadow -Wcast-align -Wcast-qual -Wstrict-prototypes -DZSTD_LEGACY_SUPPORT=5 -O3 -m64 -march=x86-64 -mtune=generic -flto=auto -ffat-lto-objects -fPIE -pthread -DZSTD_MULTITHREAD -DBACKTRACE_ENABLE=0 -MD -MQ programs/zstd.p/.._.._.._programs_fileio_asyncio.c.o -MF programs/zstd.p/.._.._.._programs_fileio_asyncio.c.o.d -o programs/zstd.p/.._.._.._programs_fileio_asyncio.c.o -c ../../../programs/fileio_asyncio.c
[19/61] cc -Iprograms/zstd.p -Iprograms -I../programs -fdiagnostics-color=always -D_FILE_OFFSET_BITS=64 -Wall -Winvalid-pch -Wextra -Wpedantic -DXXH_NAMESPACE=ZSTD_ -Wundef -Wshadow -Wcast-align -Wcast-qual -Wstrict-prototypes -DZSTD_LEGACY_SUPPORT=5 -O3 -m64 -march=x86-64 -mtune=generic -flto=auto -ffat-lto-objects -fPIE -pthread -DZSTD_MULTITHREAD -DBACKTRACE_ENABLE=0 -MD -MQ programs/zstd.p/.._.._.._programs_fileio.c.o -MF programs/zstd.p/.._.._.._programs_fileio.c.o.d -o programs/zstd.p/.._.._.._programs_fileio.c.o -c ../../../programs/fileio.c
[20/61] cc -Iprograms/zstd.p -Iprograms -I../programs -fdiagnostics-color=always -D_FILE_OFFSET_BITS=64 -Wall -Winvalid-pch -Wextra -Wpedantic -DXXH_NAMESPACE=ZSTD_ -Wundef -Wshadow -Wcast-align -Wcast-qual -Wstrict-prototypes -DZSTD_LEGACY_SUPPORT=5 -O3 -m64 -march=x86-64 -mtune=generic -flto=auto -ffat-lto-objects -fPIE -pthread -DZSTD_MULTITHREAD -DBACKTRACE_ENABLE=0 -MD -MQ programs/zstd.p/.._.._.._programs_timefn.c.o -MF programs/zstd.p/.._.._.._programs_timefn.c.o.d -o programs/zstd.p/.._.._.._programs_timefn.c.o -c ../../../programs/timefn.c
[21/61] cc -Iprograms/zstd.p -Iprograms -I../programs -fdiagnostics-color=always -D_FILE_OFFSET_BITS=64 -Wall -Winvalid-pch -Wextra -Wpedantic -DXXH_NAMESPACE=ZSTD_ -Wundef -Wshadow -Wcast-align -Wcast-qual -Wstrict-prototypes -DZSTD_LEGACY_SUPPORT=5 -O3 -m64 -march=x86-64 -mtune=generic -flto=auto -ffat-lto-objects -fPIE -pthread -DZSTD_MULTITHREAD -DBACKTRACE_ENABLE=0 -MD -MQ programs/zstd.p/.._.._.._programs_util.c.o -MF programs/zstd.p/.._.._.._programs_util.c.o.d -o programs/zstd.p/.._.._.._programs_util.c.o -c ../../../programs/util.c
[22/61] cc -Iprograms/zstd.p -Iprograms -I../programs -fdiagnostics-color=always -D_FILE_OFFSET_BITS=64 -Wall -Winvalid-pch -Wextra -Wpedantic -DXXH_NAMESPACE=ZSTD_ -Wundef -Wshadow -Wcast-align -Wcast-qual -Wstrict-prototypes -DZSTD_LEGACY_SUPPORT=5 -O3 -m64 -march=x86-64 -mtune=generic -flto=auto -ffat-lto-objects -fPIE -pthread -DZSTD_MULTITHREAD -DBACKTRACE_ENABLE=0 -MD -MQ programs/zstd.p/.._.._.._programs_zstdcli.c.o -MF programs/zstd.p/.._.._.._programs_zstdcli.c.o.d -o programs/zstd.p/.._.._.._programs_zstdcli.c.o -c ../../../programs/zstdcli.c
[01m[K../../../contrib/gen_html/gen_html.cpp:128:29:[m[K [01;35m[Kwarning: [m[K"/*" within comment [[01;35m[K-Wcomment[m[K]
  128 |         /* comments of type /**< and /*!< are detected and only function declaration is highlighted (bold) */
[01m[K../../../contrib/gen_html/gen_html.cpp:128:38:[m[K [01;35m[Kwarning: [m[K"/*" within comment [[01;35m[K-Wcomment[m[K]
[01m[K../../../contrib/gen_html/gen_html.cpp:162:29:[m[K [01;35m[Kwarning: [m[K"/*" within comment [[01;35m[K-Wcomment[m[K]
  162 |         /* comments of type /*! mean: this is a function declaration; switch comments with declarations */
[01m[K../../../contrib/gen_html/gen_html.cpp:182:57:[m[K [01;35m[Kwarning: [m[K"/*" within comment [[01;35m[K-Wcomment[m[K]
  182 |         } else if (exclam == '=') { /* comments of type /*= and /**= mean: use a <H3> header and show also all functions until first empty line */
[01m[K../../../contrib/gen_html/gen_html.cpp:182:65:[m[K [01;35m[Kwarning: [m[K"/*" within comment [[01;35m[K-Wcomment[m[K]
[01m[K../../../contrib/gen_html/gen_html.cpp:194:38:[m[K [01;35m[Kwarning: [m[K"/*" within comment [[01;35m[K-Wcomment[m[K]
  194 |         } else { /* comments of type /** and /*- mean: this is a comment; use a <H2> header for the first line */
[01m[K../../../contrib/gen_html/gen_html.cpp:194:46:[m[K [01;35m[Kwarning: [m[K"/*" within comment [[01;35m[K-Wcomment[m[K]
[23/61] c++  -o contrib/gen_html/gen_html contrib/gen_html/gen_html.p/.._.._.._.._contrib_gen_html_gen_html.cpp.o -Wl,--as-needed -Wl,--no-undefined -pie -O3 -m64 -march=x86-64 -mtune=generic -flto=auto -ffat-lto-objects
[24/61] cc -Ilib/libzstd.so.1.5.6.p -Ilib -I../lib -I../../../lib -I../../../lib/common -I../../../lib/compress -I../../../lib/decompress -I../../../lib/dictBuilder -I../../../lib/legacy -fvisibility=hidden -fdiagnostics-color=always -D_FILE_OFFSET_BITS=64 -Wall -Winvalid-pch -Wextra -Wpedantic -DXXH_NAMESPACE=ZSTD_ -Wundef -Wshadow -Wcast-align -Wcast-qual -Wstrict-prototypes -DZSTD_LEGACY_SUPPORT=5 -DZSTD_MULTITHREAD -O3 -m64 -march=x86-64 -mtune=generic -flto=auto -ffat-lto-objects -fPIC -pthread -MD -MQ lib/libzstd.so.1.5.6.p/.._.._.._lib_legacy_zstd_v07.c.o -MF lib/libzstd.so.1.5.6.p/.._.._.._lib_legacy_zstd_v07.c.o.d -o lib/libzstd.so.1.5.6.p/.._.._.._lib_legacy_zstd_v07.c.o -c ../../../lib/legacy/zstd_v07.c
[25/61] cc -Ilib/libzstd.so.1.5.6.p -Ilib -I../lib -I../../../lib -I../../../lib/common -I../../../lib/compress -I../../../lib/decompress -I../../../lib/dictBuilder -I../../../lib/legacy -fvisibility=hidden -fdiagnostics-color=always -D_FILE_OFFSET_BITS=64 -Wall -Winvalid-pch -Wextra -Wpedantic -DXXH_NAMESPACE=ZSTD_ -Wundef -Wshadow -Wcast-align -Wcast-qual -Wstrict-prototypes -DZSTD_LEGACY_SUPPORT=5 -DZSTD_MULTITHREAD -O3 -m64 -march=x86-64 -mtune=generic -flto=auto -ffat-lto-objects -fPIC -pthread -MD -MQ lib/libzstd.so.1.5.6.p/.._.._.._lib_legacy_zstd_v06.c.o -MF lib/libzstd.so.1.5.6.p/.._.._.._lib_legacy_zstd_v06.c.o.d -o lib/libzstd.so.1.5.6.p/.._.._.._lib_legacy_zstd_v06.c.o -c ../../../lib/legacy/zstd_v06.c
[26/61] cc -Ilib/libzstd.so.1.5.6.p -Ilib -I../lib -I../../../lib -I../../../lib/common -I../../../lib/compress -I../../../lib/decompress -I../../../lib/dictBuilder -I../../../lib/legacy -fvisibility=hidden -fdiagnostics-color=always -D_FILE_OFFSET_BITS=64 -Wall -Winvalid-pch -Wextra -Wpedantic -DXXH_NAMESPACE=ZSTD_ -Wundef -Wshadow -Wcast-align -Wcast-qual -Wstrict-prototypes -DZSTD_LEGACY_SUPPORT=5 -DZSTD_MULTITHREAD -O3 -m64 -march=x86-64 -mtune=generic -flto=auto -ffat-lto-objects -fPIC -pthread -MD -MQ lib/libzstd.so.1.5.6.p/.._.._.._lib_legacy_zstd_v05.c.o -MF lib/libzstd.so.1.5.6.p/.._.._.._lib_legacy_zstd_v05.c.o.d -o lib/libzstd.so.1.5.6.p/.._.._.._lib_legacy_zstd_v05.c.o -c ../../../lib/legacy/zstd_v05.c
[27/61] cc -Ilib/libzstd.so.1.5.6.p -Ilib -I../lib -I../../../lib -I../../../lib/common -I../../../lib/compress -I../../../lib/decompress -I../../../lib/dictBuilder -I../../../lib/legacy -fvisibility=hidden -fdiagnostics-color=always -D_FILE_OFFSET_BITS=64 -Wall -Winvalid-pch -Wextra -Wpedantic -DXXH_NAMESPACE=ZSTD_ -Wundef -Wshadow -Wcast-align -Wcast-qual -Wstrict-prototypes -DZSTD_LEGACY_SUPPORT=5 -DZSTD_MULTITHREAD -O3 -m64 -march=x86-64 -mtune=generic -flto=auto -ffat-lto-objects -fPIC -pthread -MD -MQ lib/libzstd.so.1.5.6.p/.._.._.._lib_decompress_huf_decompress_amd64.S.o -MF lib/libzstd.so.1.5.6.p/.._.._.._lib_decompress_huf_decompress_amd64.S.o.d -o lib/libzstd.so.1.5.6.p/.._.._.._lib_decompress_huf_decompress_amd64.S.o -c ../../../lib/decompress/huf_decompress_amd64.S
[28/61] cc -Ilib/libzstd.so.1.5.6.p -Ilib -I../lib -I../../../lib -I../../../lib/common -I../../../lib/compress -I../../../lib/decompress -I../../../lib/dictBuilder -I../../../lib/legacy -fvisibility=hidden -fdiagnostics-color=always -D_FILE_OFFSET_BITS=64 -Wall -Winvalid-pch -Wextra -Wpedantic -DXXH_NAMESPACE=ZSTD_ -Wundef -Wshadow -Wcast-align -Wcast-qual -Wstrict-prototypes -DZSTD_LEGACY_SUPPORT=5 -DZSTD_MULTITHREAD -O3 -m64 -march=x86-64 -mtune=generic -flto=auto -ffat-lto-objects -fPIC -pthread -MD -MQ lib/libzstd.so.1.5.6.p/.._.._.._lib_dictBuilder_zdict.c.o -MF lib/libzstd.so.1.5.6.p/.._.._.._lib_dictBuilder_zdict.c.o.d -o lib/libzstd.so.1.5.6.p/.._.._.._lib_dictBuilder_zdict.c.o -c ../../../lib/dictBuilder/zdict.c
[29/61] cc -Ilib/libzstd.so.1.5.6.p -Ilib -I../lib -I../../../lib -I../../../lib/common -I../../../lib/compress -I../../../lib/decompress -I../../../lib/dictBuilder -I../../../lib/legacy -fvisibility=hidden -fdiagnostics-color=always -D_FILE_OFFSET_BITS=64 -Wall -Winvalid-pch -Wextra -Wpedantic -DXXH_NAMESPACE=ZSTD_ -Wundef -Wshadow -Wcast-align -Wcast-qual -Wstrict-prototypes -DZSTD_LEGACY_SUPPORT=5 -DZSTD_MULTITHREAD -O3 -m64 -march=x86-64 -mtune=generic -flto=auto -ffat-lto-objects -fPIC -pthread -MD -MQ lib/libzstd.so.1.5.6.p/.._.._.._lib_dictBuilder_divsufsort.c.o -MF lib/libzstd.so.1.5.6.p/.._.._.._lib_dictBuilder_divsufsort.c.o.d -o lib/libzstd.so.1.5.6.p/.._.._.._lib_dictBuilder_divsufsort.c.o -c ../../../lib/dictBuilder/divsufsort.c
[30/61] cc -Ilib/libzstd.so.1.5.6.p -Ilib -I../lib -I../../../lib -I../../../lib/common -I../../../lib/compress -I../../../lib/decompress -I../../../lib/dictBuilder -I../../../lib/legacy -fvisibility=hidden -fdiagnostics-color=always -D_FILE_OFFSET_BITS=64 -Wall -Winvalid-pch -Wextra -Wpedantic -DXXH_NAMESPACE=ZSTD_ -Wundef -Wshadow -Wcast-align -Wcast-qual -Wstrict-prototypes -DZSTD_LEGACY_SUPPORT=5 -DZSTD_MULTITHREAD -O3 -m64 -march=x86-64 -mtune=generic -flto=auto -ffat-lto-objects -fPIC -pthread -MD -MQ lib/libzstd.so.1.5.6.p/.._.._.._lib_dictBuilder_fastcover.c.o -MF lib/libzstd.so.1.5.6.p/.._.._.._lib_dictBuilder_fastcover.c.o.d -o lib/libzstd.so.1.5.6.p/.._.._.._lib_dictBuilder_fastcover.c.o -c ../../../lib/dictBuilder/fastcover.c
[31/61] cc -Ilib/libzstd.so.1.5.6.p -Ilib -I../lib -I../../../lib -I../../../lib/common -I../../../lib/compress -I../../../lib/decompress -I../../../lib/dictBuilder -I../../../lib/legacy -fvisibility=hidden -fdiagnostics-color=always -D_FILE_OFFSET_BITS=64 -Wall -Winvalid-pch -Wextra -Wpedantic -DXXH_NAMESPACE=ZSTD_ -Wundef -Wshadow -Wcast-align -Wcast-qual -Wstrict-prototypes -DZSTD_LEGACY_SUPPORT=5 -DZSTD_MULTITHREAD -O3 -m64 -march=x86-64 -mtune=generic -flto=auto -ffat-lto-objects -fPIC -pthread -MD -MQ lib/libzstd.so.1.5.6.p/.._.._.._lib_dictBuilder_cover.c.o -MF lib/libzstd.so.1.5.6.p/.._.._.._lib_dictBuilder_cover.c.o.d -o lib/libzstd.so.1.5.6.p/.._.._.._lib_dictBuilder_cover.c.o -c ../../../lib/dictBuilder/cover.c
[32/61] cc -Ilib/libzstd.so.1.5.6.p -Ilib -I../lib -I../../../lib -I../../../lib/common -I../../../lib/compress -I../../../lib/decompress -I../../../lib/dictBuilder -I../../../lib/legacy -fvisibility=hidden -fdiagnostics-color=always -D_FILE_OFFSET_BITS=64 -Wall -Winvalid-pch -Wextra -Wpedantic -DXXH_NAMESPACE=ZSTD_ -Wundef -Wshadow -Wcast-align -Wcast-qual -Wstrict-prototypes -DZSTD_LEGACY_SUPPORT=5 -DZSTD_MULTITHREAD -O3 -m64 -march=x86-64 -mtune=generic -flto=auto -ffat-lto-objects -fPIC -pthread -MD -MQ lib/libzstd.so.1.5.6.p/.._.._.._lib_decompress_zstd_ddict.c.o -MF lib/libzstd.so.1.5.6.p/.._.._.._lib_decompress_zstd_ddict.c.o.d -o lib/libzstd.so.1.5.6.p/.._.._.._lib_decompress_zstd_ddict.c.o -c ../../../lib/decompress/zstd_ddict.c
[33/61] cc -Ilib/libzstd.so.1.5.6.p -Ilib -I../lib -I../../../lib -I../../../lib/common -I../../../lib/compress -I../../../lib/decompress -I../../../lib/dictBuilder -I../../../lib/legacy -fvisibility=hidden -fdiagnostics-color=always -D_FILE_OFFSET_BITS=64 -Wall -Winvalid-pch -Wextra -Wpedantic -DXXH_NAMESPACE=ZSTD_ -Wundef -Wshadow -Wcast-align -Wcast-qual -Wstrict-prototypes -DZSTD_LEGACY_SUPPORT=5 -DZSTD_MULTITHREAD -O3 -m64 -march=x86-64 -mtune=generic -flto=auto -ffat-lto-objects -fPIC -pthread -MD -MQ lib/libzstd.so.1.5.6.p/.._.._.._lib_decompress_zstd_decompress_block.c.o -MF lib/libzstd.so.1.5.6.p/.._.._.._lib_decompress_zstd_decompress_block.c.o.d -o lib/libzstd.so.1.5.6.p/.._.._.._lib_decompress_zstd_decompress_block.c.o -c ../../../lib/decompress/zstd_decompress_block.c
[34/61] cc -Ilib/libzstd.so.1.5.6.p -Ilib -I../lib -I../../../lib -I../../../lib/common -I../../../lib/compress -I../../../lib/decompress -I../../../lib/dictBuilder -I../../../lib/legacy -fvisibility=hidden -fdiagnostics-color=always -D_FILE_OFFSET_BITS=64 -Wall -Winvalid-pch -Wextra -Wpedantic -DXXH_NAMESPACE=ZSTD_ -Wundef -Wshadow -Wcast-align -Wcast-qual -Wstrict-prototypes -DZSTD_LEGACY_SUPPORT=5 -DZSTD_MULTITHREAD -O3 -m64 -march=x86-64 -mtune=generic -flto=auto -ffat-lto-objects -fPIC -pthread -MD -MQ lib/libzstd.so.1.5.6.p/.._.._.._lib_decompress_zstd_decompress.c.o -MF lib/libzstd.so.1.5.6.p/.._.._.._lib_decompress_zstd_decompress.c.o.d -o lib/libzstd.so.1.5.6.p/.._.._.._lib_decompress_zstd_decompress.c.o -c ../../../lib/decompress/zstd_decompress.c
[35/61] cc -Ilib/libzstd.so.1.5.6.p -Ilib -I../lib -I../../../lib -I../../../lib/common -I../../../lib/compress -I../../../lib/decompress -I../../../lib/dictBuilder -I../../../lib/legacy -fvisibility=hidden -fdiagnostics-color=always -D_FILE_OFFSET_BITS=64 -Wall -Winvalid-pch -Wextra -Wpedantic -DXXH_NAMESPACE=ZSTD_ -Wundef -Wshadow -Wcast-align -Wcast-qual -Wstrict-prototypes -DZSTD_LEGACY_SUPPORT=5 -DZSTD_MULTITHREAD -O3 -m64 -march=x86-64 -mtune=generic -flto=auto -ffat-lto-objects -fPIC -pthread -MD -MQ lib/libzstd.so.1.5.6.p/.._.._.._lib_decompress_huf_decompress.c.o -MF lib/libzstd.so.1.5.6.p/.._.._.._lib_decompress_huf_decompress.c.o.d -o lib/libzstd.so.1.5.6.p/.._.._.._lib_decompress_huf_decompress.c.o -c ../../../lib/decompress/huf_decompress.c
[36/61] cc -Ilib/libzstd.so.1.5.6.p -Ilib -I../lib -I../../../lib -I../../../lib/common -I../../../lib/compress -I../../../lib/decompress -I../../../lib/dictBuilder -I../../../lib/legacy -fvisibility=hidden -fdiagnostics-color=always -D_FILE_OFFSET_BITS=64 -Wall -Winvalid-pch -Wextra -Wpedantic -DXXH_NAMESPACE=ZSTD_ -Wundef -Wshadow -Wcast-align -Wcast-qual -Wstrict-prototypes -DZSTD_LEGACY_SUPPORT=5 -DZSTD_MULTITHREAD -O3 -m64 -march=x86-64 -mtune=generic -flto=auto -ffat-lto-objects -fPIC -pthread -MD -MQ lib/libzstd.so.1.5.6.p/.._.._.._lib_compress_zstd_ldm.c.o -MF lib/libzstd.so.1.5.6.p/.._.._.._lib_compress_zstd_ldm.c.o.d -o lib/libzstd.so.1.5.6.p/.._.._.._lib_compress_zstd_ldm.c.o -c ../../../lib/compress/zstd_ldm.c
[37/61] cc -Ilib/libzstd.so.1.5.6.p -Ilib -I../lib -I../../../lib -I../../../lib/common -I../../../lib/compress -I../../../lib/decompress -I../../../lib/dictBuilder -I../../../lib/legacy -fvisibility=hidden -fdiagnostics-color=always -D_FILE_OFFSET_BITS=64 -Wall -Winvalid-pch -Wextra -Wpedantic -DXXH_NAMESPACE=ZSTD_ -Wundef -Wshadow -Wcast-align -Wcast-qual -Wstrict-prototypes -DZSTD_LEGACY_SUPPORT=5 -DZSTD_MULTITHREAD -O3 -m64 -march=x86-64 -mtune=generic -flto=auto -ffat-lto-objects -fPIC -pthread -MD -MQ lib/libzstd.so.1.5.6.p/.._.._.._lib_compress_zstd_opt.c.o -MF lib/libzstd.so.1.5.6.p/.._.._.._lib_compress_zstd_opt.c.o.d -o lib/libzstd.so.1.5.6.p/.._.._.._lib_compress_zstd_opt.c.o -c ../../../lib/compress/zstd_opt.c
[38/61] cc -Ilib/libzstd.so.1.5.6.p -Ilib -I../lib -I../../../lib -I../../../lib/common -I../../../lib/compress -I../../../lib/decompress -I../../../lib/dictBuilder -I../../../lib/legacy -fvisibility=hidden -fdiagnostics-color=always -D_FILE_OFFSET_BITS=64 -Wall -Winvalid-pch -Wextra -Wpedantic -DXXH_NAMESPACE=ZSTD_ -Wundef -Wshadow -Wcast-align -Wcast-qual -Wstrict-prototypes -DZSTD_LEGACY_SUPPORT=5 -DZSTD_MULTITHREAD -O3 -m64 -march=x86-64 -mtune=generic -flto=auto -ffat-lto-objects -fPIC -pthread -MD -MQ lib/libzstd.so.1.5.6.p/.._.._.._lib_compress_zstd_lazy.c.o -MF lib/libzstd.so.1.5.6.p/.._.._.._lib_compress_zstd_lazy.c.o.d -o lib/libzstd.so.1.5.6.p/.._.._.._lib_compress_zstd_lazy.c.o -c ../../../lib/compress/zstd_lazy.c
[39/61] cc -Ilib/libzstd.so.1.5.6.p -Ilib -I../lib -I../../../lib -I../../../lib/common -I../../../lib/compress -I../../../lib/decompress -I../../../lib/dictBuilder -I../../../lib/legacy -fvisibility=hidden -fdiagnostics-color=always -D_FILE_OFFSET_BITS=64 -Wall -Winvalid-pch -Wextra -Wpedantic -DXXH_NAMESPACE=ZSTD_ -Wundef -Wshadow -Wcast-align -Wcast-qual -Wstrict-prototypes -DZSTD_LEGACY_SUPPORT=5 -DZSTD_MULTITHREAD -O3 -m64 -march=x86-64 -mtune=generic -flto=auto -ffat-lto-objects -fPIC -pthread -MD -MQ lib/libzstd.so.1.5.6.p/.._.._.._lib_compress_zstd_double_fast.c.o -MF lib/libzstd.so.1.5.6.p/.._.._.._lib_compress_zstd_double_fast.c.o.d -o lib/libzstd.so.1.5.6.p/.._.._.._lib_compress_zstd_double_fast.c.o -c ../../../lib/compress/zstd_double_fast.c
[40/61] cc -Ilib/libzstd.so.1.5.6.p -Ilib -I../lib -I../../../lib -I../../../lib/common -I../../../lib/compress -I../../../lib/decompress -I../../../lib/dictBuilder -I../../../lib/legacy -fvisibility=hidden -fdiagnostics-color=always -D_FILE_OFFSET_BITS=64 -Wall -Winvalid-pch -Wextra -Wpedantic -DXXH_NAMESPACE=ZSTD_ -Wundef -Wshadow -Wcast-align -Wcast-qual -Wstrict-prototypes -DZSTD_LEGACY_SUPPORT=5 -DZSTD_MULTITHREAD -O3 -m64 -march=x86-64 -mtune=generic -flto=auto -ffat-lto-objects -fPIC -pthread -MD -MQ lib/libzstd.so.1.5.6.p/.._.._.._lib_compress_zstd_fast.c.o -MF lib/libzstd.so.1.5.6.p/.._.._.._lib_compress_zstd_fast.c.o.d -o lib/libzstd.so.1.5.6.p/.._.._.._lib_compress_zstd_fast.c.o -c ../../../lib/compress/zstd_fast.c
[41/61] cc -Ilib/libzstd.so.1.5.6.p -Ilib -I../lib -I../../../lib -I../../../lib/common -I../../../lib/compress -I../../../lib/decompress -I../../../lib/dictBuilder -I../../../lib/legacy -fvisibility=hidden -fdiagnostics-color=always -D_FILE_OFFSET_BITS=64 -Wall -Winvalid-pch -Wextra -Wpedantic -DXXH_NAMESPACE=ZSTD_ -Wundef -Wshadow -Wcast-align -Wcast-qual -Wstrict-prototypes -DZSTD_LEGACY_SUPPORT=5 -DZSTD_MULTITHREAD -O3 -m64 -march=x86-64 -mtune=generic -flto=auto -ffat-lto-objects -fPIC -pthread -MD -MQ lib/libzstd.so.1.5.6.p/.._.._.._lib_compress_zstdmt_compress.c.o -MF lib/libzstd.so.1.5.6.p/.._.._.._lib_compress_zstdmt_compress.c.o.d -o lib/libzstd.so.1.5.6.p/.._.._.._lib_compress_zstdmt_compress.c.o -c ../../../lib/compress/zstdmt_compress.c
[42/61] cc -Ilib/libzstd.so.1.5.6.p -Ilib -I../lib -I../../../lib -I../../../lib/common -I../../../lib/compress -I../../../lib/decompress -I../../../lib/dictBuilder -I../../../lib/legacy -fvisibility=hidden -fdiagnostics-color=always -D_FILE_OFFSET_BITS=64 -Wall -Winvalid-pch -Wextra -Wpedantic -DXXH_NAMESPACE=ZSTD_ -Wundef -Wshadow -Wcast-align -Wcast-qual -Wstrict-prototypes -DZSTD_LEGACY_SUPPORT=5 -DZSTD_MULTITHREAD -O3 -m64 -march=x86-64 -mtune=generic -flto=auto -ffat-lto-objects -fPIC -pthread -MD -MQ lib/libzstd.so.1.5.6.p/.._.._.._lib_compress_zstd_compress_superblock.c.o -MF lib/libzstd.so.1.5.6.p/.._.._.._lib_compress_zstd_compress_superblock.c.o.d -o lib/libzstd.so.1.5.6.p/.._.._.._lib_compress_zstd_compress_superblock.c.o -c ../../../lib/compress/zstd_compress_superblock.c
[43/61] cc -Ilib/libzstd.so.1.5.6.p -Ilib -I../lib -I../../../lib -I../../../lib/common -I../../../lib/compress -I../../../lib/decompress -I../../../lib/dictBuilder -I../../../lib/legacy -fvisibility=hidden -fdiagnostics-color=always -D_FILE_OFFSET_BITS=64 -Wall -Winvalid-pch -Wextra -Wpedantic -DXXH_NAMESPACE=ZSTD_ -Wundef -Wshadow -Wcast-align -Wcast-qual -Wstrict-prototypes -DZSTD_LEGACY_SUPPORT=5 -DZSTD_MULTITHREAD -O3 -m64 -march=x86-64 -mtune=generic -flto=auto -ffat-lto-objects -fPIC -pthread -MD -MQ lib/libzstd.so.1.5.6.p/.._.._.._lib_compress_zstd_compress_sequences.c.o -MF lib/libzstd.so.1.5.6.p/.._.._.._lib_compress_zstd_compress_sequences.c.o.d -o lib/libzstd.so.1.5.6.p/.._.._.._lib_compress_zstd_compress_sequences.c.o -c ../../../lib/compress/zstd_compress_sequences.c
[44/61] cc -Ilib/libzstd.so.1.5.6.p -Ilib -I../lib -I../../../lib -I../../../lib/common -I../../../lib/compress -I../../../lib/decompress -I../../../lib/dictBuilder -I../../../lib/legacy -fvisibility=hidden -fdiagnostics-color=always -D_FILE_OFFSET_BITS=64 -Wall -Winvalid-pch -Wextra -Wpedantic -DXXH_NAMESPACE=ZSTD_ -Wundef -Wshadow -Wcast-align -Wcast-qual -Wstrict-prototypes -DZSTD_LEGACY_SUPPORT=5 -DZSTD_MULTITHREAD -O3 -m64 -march=x86-64 -mtune=generic -flto=auto -ffat-lto-objects -fPIC -pthread -MD -MQ lib/libzstd.so.1.5.6.p/.._.._.._lib_compress_zstd_compress_literals.c.o -MF lib/libzstd.so.1.5.6.p/.._.._.._lib_compress_zstd_compress_literals.c.o.d -o lib/libzstd.so.1.5.6.p/.._.._.._lib_compress_zstd_compress_literals.c.o -c ../../../lib/compress/zstd_compress_literals.c
[45/61] cc -Ilib/libzstd.so.1.5.6.p -Ilib -I../lib -I../../../lib -I../../../lib/common -I../../../lib/compress -I../../../lib/decompress -I../../../lib/dictBuilder -I../../../lib/legacy -fvisibility=hidden -fdiagnostics-color=always -D_FILE_OFFSET_BITS=64 -Wall -Winvalid-pch -Wextra -Wpedantic -DXXH_NAMESPACE=ZSTD_ -Wundef -Wshadow -Wcast-align -Wcast-qual -Wstrict-prototypes -DZSTD_LEGACY_SUPPORT=5 -DZSTD_MULTITHREAD -O3 -m64 -march=x86-64 -mtune=generic -flto=auto -ffat-lto-objects -fPIC -pthread -MD -MQ lib/libzstd.so.1.5.6.p/.._.._.._lib_compress_zstd_compress.c.o -MF lib/libzstd.so.1.5.6.p/.._.._.._lib_compress_zstd_compress.c.o.d -o lib/libzstd.so.1.5.6.p/.._.._.._lib_compress_zstd_compress.c.o -c ../../../lib/compress/zstd_compress.c
[46/61] cc -Ilib/libzstd.so.1.5.6.p -Ilib -I../lib -I../../../lib -I../../../lib/common -I../../../lib/compress -I../../../lib/decompress -I../../../lib/dictBuilder -I../../../lib/legacy -fvisibility=hidden -fdiagnostics-color=always -D_FILE_OFFSET_BITS=64 -Wall -Winvalid-pch -Wextra -Wpedantic -DXXH_NAMESPACE=ZSTD_ -Wundef -Wshadow -Wcast-align -Wcast-qual -Wstrict-prototypes -DZSTD_LEGACY_SUPPORT=5 -DZSTD_MULTITHREAD -O3 -m64 -march=x86-64 -mtune=generic -flto=auto -ffat-lto-objects -fPIC -pthread -MD -MQ lib/libzstd.so.1.5.6.p/.._.._.._lib_compress_huf_compress.c.o -MF lib/libzstd.so.1.5.6.p/.._.._.._lib_compress_huf_compress.c.o.d -o lib/libzstd.so.1.5.6.p/.._.._.._lib_compress_huf_compress.c.o -c ../../../lib/compress/huf_compress.c
[47/61] cc -Ilib/libzstd.so.1.5.6.p -Ilib -I../lib -I../../../lib -I../../../lib/common -I../../../lib/compress -I../../../lib/decompress -I../../../lib/dictBuilder -I../../../lib/legacy -fvisibility=hidden -fdiagnostics-color=always -D_FILE_OFFSET_BITS=64 -Wall -Winvalid-pch -Wextra -Wpedantic -DXXH_NAMESPACE=ZSTD_ -Wundef -Wshadow -Wcast-align -Wcast-qual -Wstrict-prototypes -DZSTD_LEGACY_SUPPORT=5 -DZSTD_MULTITHREAD -O3 -m64 -march=x86-64 -mtune=generic -flto=auto -ffat-lto-objects -fPIC -pthread -MD -MQ lib/libzstd.so.1.5.6.p/.._.._.._lib_compress_fse_compress.c.o -MF lib/libzstd.so.1.5.6.p/.._.._.._lib_compress_fse_compress.c.o.d -o lib/libzstd.so.1.5.6.p/.._.._.._lib_compress_fse_compress.c.o -c ../../../lib/compress/fse_compress.c
[48/61] cc -Ilib/libzstd.so.1.5.6.p -Ilib -I../lib -I../../../lib -I../../../lib/common -I../../../lib/compress -I../../../lib/decompress -I../../../lib/dictBuilder -I../../../lib/legacy -fvisibility=hidden -fdiagnostics-color=always -D_FILE_OFFSET_BITS=64 -Wall -Winvalid-pch -Wextra -Wpedantic -DXXH_NAMESPACE=ZSTD_ -Wundef -Wshadow -Wcast-align -Wcast-qual -Wstrict-prototypes -DZSTD_LEGACY_SUPPORT=5 -DZSTD_MULTITHREAD -O3 -m64 -march=x86-64 -mtune=generic -flto=auto -ffat-lto-objects -fPIC -pthread -MD -MQ lib/libzstd.so.1.5.6.p/.._.._.._lib_compress_hist.c.o -MF lib/libzstd.so.1.5.6.p/.._.._.._lib_compress_hist.c.o.d -o lib/libzstd.so.1.5.6.p/.._.._.._lib_compress_hist.c.o -c ../../../lib/compress/hist.c
[49/61] cc -Ilib/libzstd.so.1.5.6.p -Ilib -I../lib -I../../../lib -I../../../lib/common -I../../../lib/compress -I../../../lib/decompress -I../../../lib/dictBuilder -I../../../lib/legacy -fvisibility=hidden -fdiagnostics-color=always -D_FILE_OFFSET_BITS=64 -Wall -Winvalid-pch -Wextra -Wpedantic -DXXH_NAMESPACE=ZSTD_ -Wundef -Wshadow -Wcast-align -Wcast-qual -Wstrict-prototypes -DZSTD_LEGACY_SUPPORT=5 -DZSTD_MULTITHREAD -O3 -m64 -march=x86-64 -mtune=generic -flto=auto -ffat-lto-objects -fPIC -pthread -MD -MQ lib/libzstd.so.1.5.6.p/.._.._.._lib_common_xxhash.c.o -MF lib/libzstd.so.1.5.6.p/.._.._.._lib_common_xxhash.c.o.d -o lib/libzstd.so.1.5.6.p/.._.._.._lib_common_xxhash.c.o -c ../../../lib/common/xxhash.c
[50/61] cc -Ilib/libzstd.so.1.5.6.p -Ilib -I../lib -I../../../lib -I../../../lib/common -I../../../lib/compress -I../../../lib/decompress -I../../../lib/dictBuilder -I../../../lib/legacy -fvisibility=hidden -fdiagnostics-color=always -D_FILE_OFFSET_BITS=64 -Wall -Winvalid-pch -Wextra -Wpedantic -DXXH_NAMESPACE=ZSTD_ -Wundef -Wshadow -Wcast-align -Wcast-qual -Wstrict-prototypes -DZSTD_LEGACY_SUPPORT=5 -DZSTD_MULTITHREAD -O3 -m64 -march=x86-64 -mtune=generic -flto=auto -ffat-lto-objects -fPIC -pthread -MD -MQ lib/libzstd.so.1.5.6.p/.._.._.._lib_common_error_private.c.o -MF lib/libzstd.so.1.5.6.p/.._.._.._lib_common_error_private.c.o.d -o lib/libzstd.so.1.5.6.p/.._.._.._lib_common_error_private.c.o -c ../../../lib/common/error_private.c
[51/61] cc -Ilib/libzstd.so.1.5.6.p -Ilib -I../lib -I../../../lib -I../../../lib/common -I../../../lib/compress -I../../../lib/decompress -I../../../lib/dictBuilder -I../../../lib/legacy -fvisibility=hidden -fdiagnostics-color=always -D_FILE_OFFSET_BITS=64 -Wall -Winvalid-pch -Wextra -Wpedantic -DXXH_NAMESPACE=ZSTD_ -Wundef -Wshadow -Wcast-align -Wcast-qual -Wstrict-prototypes -DZSTD_LEGACY_SUPPORT=5 -DZSTD_MULTITHREAD -O3 -m64 -march=x86-64 -mtune=generic -flto=auto -ffat-lto-objects -fPIC -pthread -MD -MQ lib/libzstd.so.1.5.6.p/.._.._.._lib_common_zstd_common.c.o -MF lib/libzstd.so.1.5.6.p/.._.._.._lib_common_zstd_common.c.o.d -o lib/libzstd.so.1.5.6.p/.._.._.._lib_common_zstd_common.c.o -c ../../../lib/common/zstd_common.c
[52/61] cc -Ilib/libzstd.so.1.5.6.p -Ilib -I../lib -I../../../lib -I../../../lib/common -I../../../lib/compress -I../../../lib/decompress -I../../../lib/dictBuilder -I../../../lib/legacy -fvisibility=hidden -fdiagnostics-color=always -D_FILE_OFFSET_BITS=64 -Wall -Winvalid-pch -Wextra -Wpedantic -DXXH_NAMESPACE=ZSTD_ -Wundef -Wshadow -Wcast-align -Wcast-qual -Wstrict-prototypes -DZSTD_LEGACY_SUPPORT=5 -DZSTD_MULTITHREAD -O3 -m64 -march=x86-64 -mtune=generic -flto=auto -ffat-lto-objects -fPIC -pthread -MD -MQ lib/libzstd.so.1.5.6.p/.._.._.._lib_common_pool.c.o -MF lib/libzstd.so.1.5.6.p/.._.._.._lib_common_pool.c.o.d -o lib/libzstd.so.1.5.6.p/.._.._.._lib_common_pool.c.o -c ../../../lib/common/pool.c
[53/61] cc -Ilib/libzstd.so.1.5.6.p -Ilib -I../lib -I../../../lib -I../../../lib/common -I../../../lib/compress -I../../../lib/decompress -I../../../lib/dictBuilder -I../../../lib/legacy -fvisibility=hidden -fdiagnostics-color=always -D_FILE_OFFSET_BITS=64 -Wall -Winvalid-pch -Wextra -Wpedantic -DXXH_NAMESPACE=ZSTD_ -Wundef -Wshadow -Wcast-align -Wcast-qual -Wstrict-prototypes -DZSTD_LEGACY_SUPPORT=5 -DZSTD_MULTITHREAD -O3 -m64 -march=x86-64 -mtune=generic -flto=auto -ffat-lto-objects -fPIC -pthread -MD -MQ lib/libzstd.so.1.5.6.p/.._.._.._lib_common_threading.c.o -MF lib/libzstd.so.1.5.6.p/.._.._.._lib_common_threading.c.o.d -o lib/libzstd.so.1.5.6.p/.._.._.._lib_common_threading.c.o -c ../../../lib/common/threading.c
[54/61] cc -Ilib/libzstd.so.1.5.6.p -Ilib -I../lib -I../../../lib -I../../../lib/common -I../../../lib/compress -I../../../lib/decompress -I../../../lib/dictBuilder -I../../../lib/legacy -fvisibility=hidden -fdiagnostics-color=always -D_FILE_OFFSET_BITS=64 -Wall -Winvalid-pch -Wextra -Wpedantic -DXXH_NAMESPACE=ZSTD_ -Wundef -Wshadow -Wcast-align -Wcast-qual -Wstrict-prototypes -DZSTD_LEGACY_SUPPORT=5 -DZSTD_MULTITHREAD -O3 -m64 -march=x86-64 -mtune=generic -flto=auto -ffat-lto-objects -fPIC -pthread -MD -MQ lib/libzstd.so.1.5.6.p/.._.._.._lib_common_fse_decompress.c.o -MF lib/libzstd.so.1.5.6.p/.._.._.._lib_common_fse_decompress.c.o.d -o lib/libzstd.so.1.5.6.p/.._.._.._lib_common_fse_decompress.c.o -c ../../../lib/common/fse_decompress.c
[55/61] cc -Ilib/libzstd.so.1.5.6.p -Ilib -I../lib -I../../../lib -I../../../lib/common -I../../../lib/compress -I../../../lib/decompress -I../../../lib/dictBuilder -I../../../lib/legacy -fvisibility=hidden -fdiagnostics-color=always -D_FILE_OFFSET_BITS=64 -Wall -Winvalid-pch -Wextra -Wpedantic -DXXH_NAMESPACE=ZSTD_ -Wundef -Wshadow -Wcast-align -Wcast-qual -Wstrict-prototypes -DZSTD_LEGACY_SUPPORT=5 -DZSTD_MULTITHREAD -O3 -m64 -march=x86-64 -mtune=generic -flto=auto -ffat-lto-objects -fPIC -pthread -MD -MQ lib/libzstd.so.1.5.6.p/.._.._.._lib_common_entropy_common.c.o -MF lib/libzstd.so.1.5.6.p/.._.._.._lib_common_entropy_common.c.o.d -o lib/libzstd.so.1.5.6.p/.._.._.._lib_common_entropy_common.c.o -c ../../../lib/common/entropy_common.c
[56/61] rm -f lib/libzstd.a && gcc-ar csrD lib/libzstd.a lib/libzstd.so.1.5.6.p/.._.._.._lib_common_entropy_common.c.o lib/libzstd.so.1.5.6.p/.._.._.._lib_common_fse_decompress.c.o lib/libzstd.so.1.5.6.p/.._.._.._lib_common_threading.c.o lib/libzstd.so.1.5.6.p/.._.._.._lib_common_pool.c.o lib/libzstd.so.1.5.6.p/.._.._.._lib_common_zstd_common.c.o lib/libzstd.so.1.5.6.p/.._.._.._lib_common_error_private.c.o lib/libzstd.so.1.5.6.p/.._.._.._lib_common_xxhash.c.o lib/libzstd.so.1.5.6.p/.._.._.._lib_compress_hist.c.o lib/libzstd.so.1.5.6.p/.._.._.._lib_compress_fse_compress.c.o lib/libzstd.so.1.5.6.p/.._.._.._lib_compress_huf_compress.c.o lib/libzstd.so.1.5.6.p/.._.._.._lib_compress_zstd_compress.c.o lib/libzstd.so.1.5.6.p/.._.._.._lib_compress_zstd_compress_literals.c.o lib/libzstd.so.1.5.6.p/.._.._.._lib_compress_zstd_compress_sequences.c.o lib/libzstd.so.1.5.6.p/.._.._.._lib_compress_zstd_compress_superblock.c.o lib/libzstd.so.1.5.6.p/.._.._.._lib_compress_zstdmt_compress.c.o lib/libzstd.so.1.5.6.p/.._.._.._lib_compress_zstd_fast.c.o lib/libzstd.so.1.5.6.p/.._.._.._lib_compress_zstd_double_fast.c.o lib/libzstd.so.1.5.6.p/.._.._.._lib_compress_zstd_lazy.c.o lib/libzstd.so.1.5.6.p/.._.._.._lib_compress_zstd_opt.c.o lib/libzstd.so.1.5.6.p/.._.._.._lib_compress_zstd_ldm.c.o lib/libzstd.so.1.5.6.p/.._.._.._lib_decompress_huf_decompress.c.o lib/libzstd.so.1.5.6.p/.._.._.._lib_decompress_zstd_decompress.c.o lib/libzstd.so.1.5.6.p/.._.._.._lib_decompress_zstd_decompress_block.c.o lib/libzstd.so.1.5.6.p/.._.._.._lib_decompress_zstd_ddict.c.o lib/libzstd.so.1.5.6.p/.._.._.._lib_dictBuilder_cover.c.o lib/libzstd.so.1.5.6.p/.._.._.._lib_dictBuilder_fastcover.c.o lib/libzstd.so.1.5.6.p/.._.._.._lib_dictBuilder_divsufsort.c.o lib/libzstd.so.1.5.6.p/.._.._.._lib_dictBuilder_zdict.c.o lib/libzstd.so.1.5.6.p/.._.._.._lib_decompress_huf_decompress_amd64.S.o lib/libzstd.so.1.5.6.p/.._.._.._lib_legacy_zstd_v05.c.o lib/libzstd.so.1.5.6.p/.._.._.._lib_legacy_zstd_v06.c.o lib/libzstd.so.1.5.6.p/.._.._.._lib_legacy_zstd_v07.c.o
[57/61] cc  -o lib/libzstd.so.1.5.6 lib/libzstd.so.1.5.6.p/.._.._.._lib_common_entropy_common.c.o lib/libzstd.so.1.5.6.p/.._.._.._lib_common_fse_decompress.c.o lib/libzstd.so.1.5.6.p/.._.._.._lib_common_threading.c.o lib/libzstd.so.1.5.6.p/.._.._.._lib_common_pool.c.o lib/libzstd.so.1.5.6.p/.._.._.._lib_common_zstd_common.c.o lib/libzstd.so.1.5.6.p/.._.._.._lib_common_error_private.c.o lib/libzstd.so.1.5.6.p/.._.._.._lib_common_xxhash.c.o lib/libzstd.so.1.5.6.p/.._.._.._lib_compress_hist.c.o lib/libzstd.so.1.5.6.p/.._.._.._lib_compress_fse_compress.c.o lib/libzstd.so.1.5.6.p/.._.._.._lib_compress_huf_compress.c.o lib/libzstd.so.1.5.6.p/.._.._.._lib_compress_zstd_compress.c.o lib/libzstd.so.1.5.6.p/.._.._.._lib_compress_zstd_compress_literals.c.o lib/libzstd.so.1.5.6.p/.._.._.._lib_compress_zstd_compress_sequences.c.o lib/libzstd.so.1.5.6.p/.._.._.._lib_compress_zstd_compress_superblock.c.o lib/libzstd.so.1.5.6.p/.._.._.._lib_compress_zstdmt_compress.c.o lib/libzstd.so.1.5.6.p/.._.._.._lib_compress_zstd_fast.c.o lib/libzstd.so.1.5.6.p/.._.._.._lib_compress_zstd_double_fast.c.o lib/libzstd.so.1.5.6.p/.._.._.._lib_compress_zstd_lazy.c.o lib/libzstd.so.1.5.6.p/.._.._.._lib_compress_zstd_opt.c.o lib/libzstd.so.1.5.6.p/.._.._.._lib_compress_zstd_ldm.c.o lib/libzstd.so.1.5.6.p/.._.._.._lib_decompress_huf_decompress.c.o lib/libzstd.so.1.5.6.p/.._.._.._lib_decompress_zstd_decompress.c.o lib/libzstd.so.1.5.6.p/.._.._.._lib_decompress_zstd_decompress_block.c.o lib/libzstd.so.1.5.6.p/.._.._.._lib_decompress_zstd_ddict.c.o lib/libzstd.so.1.5.6.p/.._.._.._lib_dictBuilder_cover.c.o lib/libzstd.so.1.5.6.p/.._.._.._lib_dictBuilder_fastcover.c.o lib/libzstd.so.1.5.6.p/.._.._.._lib_dictBuilder_divsufsort.c.o lib/libzstd.so.1.5.6.p/.._.._.._lib_dictBuilder_zdict.c.o lib/libzstd.so.1.5.6.p/.._.._.._lib_decompress_huf_decompress_amd64.S.o lib/libzstd.so.1.5.6.p/.._.._.._lib_legacy_zstd_v05.c.o lib/libzstd.so.1.5.6.p/.._.._.._lib_legacy_zstd_v06.c.o lib/libzstd.so.1.5.6.p/.._.._.._lib_legacy_zstd_v07.c.o -Wl,--as-needed -Wl,--no-undefined -shared -fPIC -Wl,-soname,libzstd.so.1 -O3 -m64 -march=x86-64 -mtune=generic -flto=auto -ffat-lto-objects -pthread
[58/61] /usr/bin/meson --internal symbolextractor /home/devel/building/work/src/zstd-1.5.6/build/meson/build lib/libzstd.so.1.5.6 lib/libzstd.so.1.5.6 lib/libzstd.so.1.5.6.p/libzstd.so.1.5.6.symbols 
[59/61] c++  -o contrib/pzstd/pzstd contrib/pzstd/pzstd.p/.._.._.._.._programs_util.c.o contrib/pzstd/pzstd.p/.._.._.._.._contrib_pzstd_main.cpp.o contrib/pzstd/pzstd.p/.._.._.._.._contrib_pzstd_Options.cpp.o contrib/pzstd/pzstd.p/.._.._.._.._contrib_pzstd_Pzstd.cpp.o contrib/pzstd/pzstd.p/.._.._.._.._contrib_pzstd_SkippableFrame.cpp.o -Wl,--as-needed -Wl,--no-undefined -pie -O3 -m64 -march=x86-64 -mtune=generic -flto=auto -ffat-lto-objects '-Wl,-rpath,$ORIGIN/../../lib' -Wl,-rpath-link,/home/devel/building/work/src/zstd-1.5.6/build/meson/build/lib lib/libzstd.so.1.5.6 -pthread
[60/61] cc  -o programs/zstd-frugal programs/zstd-frugal.p/.._.._.._programs_zstdcli.c.o programs/zstd-frugal.p/.._.._.._programs_timefn.c.o programs/zstd-frugal.p/.._.._.._programs_util.c.o programs/zstd-frugal.p/.._.._.._programs_fileio.c.o programs/zstd-frugal.p/.._.._.._programs_fileio_asyncio.c.o -Wl,--as-needed -Wl,--no-undefined -pie -O3 -m64 -march=x86-64 -mtune=generic -flto=auto -ffat-lto-objects '-Wl,-rpath,$ORIGIN/../lib' -Wl,-rpath-link,/home/devel/building/work/src/zstd-1.5.6/build/meson/build/lib -Wl,--start-group lib/libzstd.so.1.5.6 lib/libzstd.a -Wl,--end-group -pthread
[61/61] cc  -o programs/zstd programs/zstd.p/.._.._.._programs_zstdcli.c.o programs/zstd.p/.._.._.._programs_util.c.o programs/zstd.p/.._.._.._programs_timefn.c.o programs/zstd.p/.._.._.._programs_fileio.c.o programs/zstd.p/.._.._.._programs_fileio_asyncio.c.o programs/zstd.p/.._.._.._programs_benchfn.c.o programs/zstd.p/.._.._.._programs_benchzstd.c.o programs/zstd.p/.._.._.._programs_datagen.c.o programs/zstd.p/.._.._.._programs_lorem.c.o programs/zstd.p/.._.._.._programs_dibio.c.o programs/zstd.p/.._.._.._programs_zstdcli_trace.c.o -Wl,--as-needed -Wl,--no-undefined -pie -O3 -m64 -march=x86-64 -mtune=generic -flto=auto -ffat-lto-objects '-Wl,-rpath,$ORIGIN/../lib' -Wl,-rpath-link,/home/devel/building/work/src/zstd-1.5.6/build/meson/build/lib -Wl,--start-group lib/libzstd.so.1.5.6 lib/libzstd.a -Wl,--end-group -pthread
INFO: autodetecting backend as ninja
INFO: calculating backend command to run: /usr/bin/ninja -C /home/devel/building/work/src/zstd-1.5.6/build/meson/build -j 8 -v
+ DESTDIR=/home/devel/building/work/pkg
+ meson install --no-rebuild -C build
Installing symlink PosixPath('/home/devel/building/work/pkg/usr/bin/zstdcat') -> 'zstd'
Installing symlink PosixPath('/home/devel/building/work/pkg/usr/share/man/man1/zstdcat.1') -> 'zstd.1'
Installing symlink PosixPath('/home/devel/building/work/pkg/usr/bin/unzstd') -> 'zstd'
Installing symlink PosixPath('/home/devel/building/work/pkg/usr/share/man/man1/unzstd.1') -> 'zstd.1'
Installing symlink PosixPath('/home/devel/building/work/pkg/usr/bin/zstdmt') -> 'zstd'
Installing symlink PosixPath('/home/devel/building/work/pkg/usr/share/man/man1/zstdmt.1') -> 'zstd.1'
Installing lib/libzstd.so.1.5.6 to /home/devel/building/work/pkg/usr/lib
Installing lib/libzstd.a to /home/devel/building/work/pkg/usr/lib
Installing programs/zstd to /home/devel/building/work/pkg/usr/bin
Installing programs/zstd-frugal to /home/devel/building/work/pkg/usr/bin
Installing contrib/pzstd/pzstd to /home/devel/building/work/pkg/usr/bin
Installing /home/devel/building/work/src/zstd-1.5.6/build/meson/lib/../../../lib/zstd.h to /home/devel/building/work/pkg/usr/include
Installing /home/devel/building/work/src/zstd-1.5.6/build/meson/lib/../../../lib/zdict.h to /home/devel/building/work/pkg/usr/include
Installing /home/devel/building/work/src/zstd-1.5.6/build/meson/lib/../../../lib/zstd_errors.h to /home/devel/building/work/pkg/usr/include
Installing /home/devel/building/work/src/zstd-1.5.6/build/meson/programs/../../../programs/zstd.1 to /home/devel/building/work/pkg/usr/share/man/man1
Installing /home/devel/building/work/src/zstd-1.5.6/build/meson/programs/../../../programs/zstdgrep.1 to /home/devel/building/work/pkg/usr/share/man/man1
Installing /home/devel/building/work/src/zstd-1.5.6/build/meson/programs/../../../programs/zstdless.1 to /home/devel/building/work/pkg/usr/share/man/man1
Installing /home/devel/building/work/src/zstd-1.5.6/build/meson/build/meson-private/libzstd.pc to /home/devel/building/work/pkg/usr/lib/pkgconfig
Installing /home/devel/building/work/src/zstd-1.5.6/build/meson/programs/../../../programs/zstdgrep to /home/devel/building/work/pkg/usr/bin
Installing /home/devel/building/work/src/zstd-1.5.6/build/meson/programs/../../../programs/zstdless to /home/devel/building/work/pkg/usr/bin
Installing symlink pointing to libzstd.so.1.5.6 to /home/devel/building/work/pkg/usr/lib/libzstd.so.1
Installing symlink pointing to libzstd.so.1 to /home/devel/building/work/pkg/usr/lib/libzstd.so
Running custom install script '/usr/bin/python3 /home/devel/building/work/src/zstd-1.5.6/build/meson/programs/../InstallSymlink.py zstd zstdcat bin'
Running custom install script '/usr/bin/python3 /home/devel/building/work/src/zstd-1.5.6/build/meson/programs/../InstallSymlink.py zstd.1 zstdcat.1 share/man/man1'
Running custom install script '/usr/bin/python3 /home/devel/building/work/src/zstd-1.5.6/build/meson/programs/../InstallSymlink.py zstd unzstd bin'
Running custom install script '/usr/bin/python3 /home/devel/building/work/src/zstd-1.5.6/build/meson/programs/../InstallSymlink.py zstd.1 unzstd.1 share/man/man1'
Running custom install script '/usr/bin/python3 /home/devel/building/work/src/zstd-1.5.6/build/meson/programs/../InstallSymlink.py zstd zstdmt bin'
Running custom install script '/usr/bin/python3 /home/devel/building/work/src/zstd-1.5.6/build/meson/programs/../InstallSymlink.py zstd.1 zstdmt.1 share/man/man1'
=======> Build result:
drwxr-xr-x  0 root   root        0 May 29 22:25 usr/
drwxr-xr-x  0 root   root        0 May 29 22:25 usr/lib/
drwxr-xr-x  0 root   root        0 May 29 22:25 usr/bin/
drwxr-xr-x  0 root   root        0 May 29 22:25 usr/include/
drwxr-xr-x  0 root   root        0 May 29 22:25 usr/share/
drwxr-xr-x  0 root   root        0 May 29 22:25 usr/share/man/
drwxr-xr-x  0 root   root        0 May 29 22:25 usr/share/man/man1/
-rw-r--r--  0 root   root    11320 Mar 21 23:05 usr/share/man/man1/zstd.1.gz
-rw-r--r--  0 root   root      605 Mar 21 23:05 usr/share/man/man1/zstdgrep.1.gz
-rw-r--r--  0 root   root      270 Mar 21 23:05 usr/share/man/man1/zstdless.1.gz
lrwxrwxrwx  0 root   root        0 May 29 22:25 usr/share/man/man1/zstdcat.1.gz -> zstd.1.gz
lrwxrwxrwx  0 root   root        0 May 29 22:25 usr/share/man/man1/unzstd.1.gz -> zstd.1.gz
lrwxrwxrwx  0 root   root        0 May 29 22:25 usr/share/man/man1/zstdmt.1.gz -> zstd.1.gz
-rw-r--r--  0 root   root   175838 Mar 21 23:05 usr/include/zstd.h
-rw-r--r--  0 root   root    26433 Mar 21 23:05 usr/include/zdict.h
-rw-r--r--  0 root   root     4532 Mar 21 23:05 usr/include/zstd_errors.h
-rwxr-xr-x  0 root   root   194608 May 29 22:25 usr/bin/zstd
-rwxr-xr-x  0 root   root   139152 May 29 22:25 usr/bin/zstd-frugal
-rwxr-xr-x  0 root   root   105384 May 29 22:25 usr/bin/pzstd
-rwxr-xr-x  0 root   root     3869 Mar 21 23:05 usr/bin/zstdgrep
-rwxr-xr-x  0 root   root      197 Mar 21 23:05 usr/bin/zstdless
lrwxrwxrwx  0 root   root        0 May 29 22:25 usr/bin/zstdcat -> zstd
lrwxrwxrwx  0 root   root        0 May 29 22:25 usr/bin/unzstd -> zstd
lrwxrwxrwx  0 root   root        0 May 29 22:25 usr/bin/zstdmt -> zstd
-rwxr-xr-x  0 root   root   969440 May 29 22:25 usr/lib/libzstd.so.1.5.6
-rw-r--r--  0 root   root  4771392 May 29 22:25 usr/lib/libzstd.a
drwxr-xr-x  0 root   root        0 May 29 22:25 usr/lib/pkgconfig/
lrwxrwxrwx  0 root   root        0 May 29 22:25 usr/lib/libzstd.so.1 -> libzstd.so.1.5.6
lrwxrwxrwx  0 root   root        0 May 29 22:25 usr/lib/libzstd.so -> libzstd.so.1
-rw-r--r--  0 root   root      259 May 29 22:25 usr/lib/pkgconfig/libzstd.pc
=======> Building '/home/devel/packages/zstd#1.5.6-1.x86_64.pkg.tar.zst' succeeded.
prt-get: Using PKGMK_PACKAGE_DIR: /home/devel/packages
prt-get: reinstalling zstd 1.5.6-1
prt-get: /usr/bin/pkgadd -u zstd#1.5.6-1.x86_64.pkg.tar.zst
prt-get: build done Wed May 29 22:25:56 2024

