prt-get: updating /usr/ports/core-musl/lld
prt-get: starting build Thu May 23 23:26:36 2024
=======> WARNING: Signature not found, creating new.
=======> Building '/home/devel/packages/lld#18.1.5-1.x86_64.pkg.tar.zst'.
bsdtar -p -o -C /home/devel/building/work/src -xf /home/devel/sources/llvm-project-18.1.5.src.tar.xz
+ build
+ cd llvm-project-18.1.5.src
+ export CC=gcc
+ CC=gcc
+ export CXX=g++
+ CXX=g++
+ mkdir build
+ cd build
+ cmake -G Ninja -DCMAKE_BUILD_TYPE=Release '-DCMAKE_INSTALL_PREFIX=/usr ' -DCMAKE_SKIP_INSTALL_RPATH=ON -DBUILD_SHARED_LIBS=ON -DLLD_BUILT_STANDALONE=ON -Wno-dev ../lld
-- The C compiler identification is GNU 14.1.0
-- The CXX compiler identification is GNU 14.1.0
-- Detecting C compiler ABI info
-- Detecting C compiler ABI info - done
-- Check for working C compiler: /usr/bin/gcc - skipped
-- Detecting C compile features
-- Detecting C compile features - done
-- Detecting CXX compiler ABI info
-- Detecting CXX compiler ABI info - done
-- Check for working CXX compiler: /usr/bin/g++ - skipped
-- Detecting CXX compile features
-- Detecting CXX compile features - done
-- Performing Test HAVE_FFI_CALL
-- Performing Test HAVE_FFI_CALL - Success
-- Found FFI: /usr/lib/libffi.so
-- Looking for histedit.h
-- Looking for histedit.h - found
-- Found LibEdit: /usr/include (found version "2.11")
-- Performing Test Terminfo_LINKABLE
-- Performing Test Terminfo_LINKABLE - Success
-- Found Terminfo: /usr/lib/libtinfo.so
-- Found ZLIB: /usr/lib/libz.so (found version "1.3.1")
-- Found zstd: /usr/lib/libzstd.so
-- Found LibXml2: /usr/lib/libxml2.so (found version "2.12.6")
-- Linker detection: GNU ld
-- Performing Test C_SUPPORTS_FPIC
-- Performing Test C_SUPPORTS_FPIC - Success
-- Performing Test CXX_SUPPORTS_FPIC
-- Performing Test CXX_SUPPORTS_FPIC - Success
-- Building with -fPIC
-- Performing Test C_SUPPORTS_FNO_SEMANTIC_INTERPOSITION
-- Performing Test C_SUPPORTS_FNO_SEMANTIC_INTERPOSITION - Success
-- Performing Test CXX_SUPPORTS_FNO_SEMANTIC_INTERPOSITION
-- Performing Test CXX_SUPPORTS_FNO_SEMANTIC_INTERPOSITION - Success
-- Performing Test SUPPORTS_FVISIBILITY_INLINES_HIDDEN_FLAG
-- Performing Test SUPPORTS_FVISIBILITY_INLINES_HIDDEN_FLAG - Success
-- Performing Test C_SUPPORTS_WERROR_DATE_TIME
-- Performing Test C_SUPPORTS_WERROR_DATE_TIME - Success
-- Performing Test CXX_SUPPORTS_WERROR_DATE_TIME
-- Performing Test CXX_SUPPORTS_WERROR_DATE_TIME - Success
-- Performing Test C_SUPPORTS_WERROR_UNGUARDED_AVAILABILITY_NEW
-- Performing Test C_SUPPORTS_WERROR_UNGUARDED_AVAILABILITY_NEW - Failed
-- Performing Test CXX_SUPPORTS_WERROR_UNGUARDED_AVAILABILITY_NEW
-- Performing Test CXX_SUPPORTS_WERROR_UNGUARDED_AVAILABILITY_NEW - Failed
-- Performing Test C_SUPPORTS_CMAKE_CXX_FLAGS
-- Performing Test C_SUPPORTS_CMAKE_CXX_FLAGS - Success
-- Performing Test CXX_SUPPORTS_CMAKE_CXX_FLAGS
-- Performing Test CXX_SUPPORTS_CMAKE_CXX_FLAGS - Success
-- Performing Test CXX_SUPPORTS_MISSING_FIELD_INITIALIZERS_FLAG
-- Performing Test CXX_SUPPORTS_MISSING_FIELD_INITIALIZERS_FLAG - Success
-- Performing Test C_SUPPORTS_IMPLICIT_FALLTHROUGH_FLAG
-- Performing Test C_SUPPORTS_IMPLICIT_FALLTHROUGH_FLAG - Success
-- Performing Test CXX_SUPPORTS_IMPLICIT_FALLTHROUGH_FLAG
-- Performing Test CXX_SUPPORTS_IMPLICIT_FALLTHROUGH_FLAG - Success
-- Performing Test C_SUPPORTS_COVERED_SWITCH_DEFAULT_FLAG
-- Performing Test C_SUPPORTS_COVERED_SWITCH_DEFAULT_FLAG - Failed
-- Performing Test CXX_SUPPORTS_COVERED_SWITCH_DEFAULT_FLAG
-- Performing Test CXX_SUPPORTS_COVERED_SWITCH_DEFAULT_FLAG - Failed
-- Performing Test CXX_SUPPORTS_CLASS_MEMACCESS_FLAG
-- Performing Test CXX_SUPPORTS_CLASS_MEMACCESS_FLAG - Success
-- Performing Test CXX_SUPPORTS_REDUNDANT_MOVE_FLAG
-- Performing Test CXX_SUPPORTS_REDUNDANT_MOVE_FLAG - Success
-- Performing Test CXX_SUPPORTS_PESSIMIZING_MOVE_FLAG
-- Performing Test CXX_SUPPORTS_PESSIMIZING_MOVE_FLAG - Success
-- Performing Test CXX_SUPPORTS_NOEXCEPT_TYPE_FLAG
-- Performing Test CXX_SUPPORTS_NOEXCEPT_TYPE_FLAG - Success
-- Performing Test CXX_WONT_WARN_ON_FINAL_NONVIRTUALDTOR
-- Performing Test CXX_WONT_WARN_ON_FINAL_NONVIRTUALDTOR - Failed
-- Performing Test CXX_SUPPORTS_SUGGEST_OVERRIDE_FLAG
-- Performing Test CXX_SUPPORTS_SUGGEST_OVERRIDE_FLAG - Success
-- Performing Test CXX_WSUGGEST_OVERRIDE_ALLOWS_ONLY_FINAL
-- Performing Test CXX_WSUGGEST_OVERRIDE_ALLOWS_ONLY_FINAL - Success
-- Performing Test C_WCOMMENT_ALLOWS_LINE_WRAP
-- Performing Test C_WCOMMENT_ALLOWS_LINE_WRAP - Failed
-- Performing Test C_SUPPORTS_STRING_CONVERSION_FLAG
-- Performing Test C_SUPPORTS_STRING_CONVERSION_FLAG - Failed
-- Performing Test CXX_SUPPORTS_STRING_CONVERSION_FLAG
-- Performing Test CXX_SUPPORTS_STRING_CONVERSION_FLAG - Failed
-- Performing Test CXX_SUPPORTS_MISLEADING_INDENTATION_FLAG
-- Performing Test CXX_SUPPORTS_MISLEADING_INDENTATION_FLAG - Success
-- Performing Test C_SUPPORTS_CTAD_MAYBE_UNSPPORTED_FLAG
-- Performing Test C_SUPPORTS_CTAD_MAYBE_UNSPPORTED_FLAG - Failed
-- Performing Test CXX_SUPPORTS_CTAD_MAYBE_UNSPPORTED_FLAG
-- Performing Test CXX_SUPPORTS_CTAD_MAYBE_UNSPPORTED_FLAG - Success
-- Performing Test LINKER_SUPPORTS_COLOR_DIAGNOSTICS
-- Performing Test LINKER_SUPPORTS_COLOR_DIAGNOSTICS - Failed
-- Performing Test C_SUPPORTS_FNO_FUNCTION_SECTIONS
-- Performing Test C_SUPPORTS_FNO_FUNCTION_SECTIONS - Success
-- Performing Test C_SUPPORTS_FFUNCTION_SECTIONS
-- Performing Test C_SUPPORTS_FFUNCTION_SECTIONS - Success
-- Performing Test CXX_SUPPORTS_FFUNCTION_SECTIONS
-- Performing Test CXX_SUPPORTS_FFUNCTION_SECTIONS - Success
-- Performing Test C_SUPPORTS_FDATA_SECTIONS
-- Performing Test C_SUPPORTS_FDATA_SECTIONS - Success
-- Performing Test CXX_SUPPORTS_FDATA_SECTIONS
-- Performing Test CXX_SUPPORTS_FDATA_SECTIONS - Success
-- Looking for os_signpost_interval_begin
-- Looking for os_signpost_interval_begin - not found
-- Performing Test HAVE_CXX_ATOMICS_WITHOUT_LIB
-- Performing Test HAVE_CXX_ATOMICS_WITHOUT_LIB - Success
-- Performing Test HAVE_CXX_ATOMICS64_WITHOUT_LIB
-- Performing Test HAVE_CXX_ATOMICS64_WITHOUT_LIB - Success
-- Performing Test LLVM_HAS_ATOMICS
-- Performing Test LLVM_HAS_ATOMICS - Success
-- LLD version: 18.1.5
-- Found Git: /usr/bin/git (found version "2.45.0")
-- Configuring done (2.0s)
-- Generating done (0.0s)
-- Build files have been written to: /home/devel/building/work/src/llvm-project-18.1.5.src/build
+ ninja
[1/133] Building Options.inc...
[2/133] Building Options.inc...
[3/133] Building Options.inc...
[4/133] Building Options.inc...
[5/133] Building Options.inc...
[6/133] Generating VCSVersion.inc
[7/133] Building CXX object wasm/CMakeFiles/lldWasm.dir/WriterUtils.cpp.o
[8/133] Building CXX object wasm/CMakeFiles/lldWasm.dir/Writer.cpp.o
[9/133] Building CXX object wasm/CMakeFiles/lldWasm.dir/SyntheticSections.cpp.o
[10/133] Building CXX object wasm/CMakeFiles/lldWasm.dir/Symbols.cpp.o
[11/133] Building CXX object wasm/CMakeFiles/lldWasm.dir/SymbolTable.cpp.o
[12/133] Building CXX object wasm/CMakeFiles/lldWasm.dir/Relocations.cpp.o
[13/133] Building CXX object ELF/CMakeFiles/lldELF.dir/Writer.cpp.o
[14/133] Building CXX object MachO/CMakeFiles/lldMachO.dir/Writer.cpp.o
[15/133] Building CXX object MachO/CMakeFiles/lldMachO.dir/UnwindInfoSection.cpp.o
[16/133] Building CXX object MachO/CMakeFiles/lldMachO.dir/Target.cpp.o
[17/133] Building CXX object MachO/CMakeFiles/lldMachO.dir/SyntheticSections.cpp.o
[18/133] Building CXX object MachO/CMakeFiles/lldMachO.dir/Symbols.cpp.o
[19/133] Building CXX object MachO/CMakeFiles/lldMachO.dir/SymbolTable.cpp.o
[20/133] Building CXX object MachO/CMakeFiles/lldMachO.dir/SectionPriorities.cpp.o
[21/133] Building CXX object MachO/CMakeFiles/lldMachO.dir/Relocations.cpp.o
[22/133] Building CXX object MachO/CMakeFiles/lldMachO.dir/OutputSegment.cpp.o
[01m[K/home/devel/building/work/src/llvm-project-18.1.5.src/lld/wasm/SyntheticSections.cpp:[m[K In member function '[01m[Kvoid lld::wasm::ProducersSection::[01;32m[KaddInfo[m[K(const llvm::wasm::WasmProducerInfo&)[m[K':
[01m[K/home/devel/building/work/src/llvm-project-18.1.5.src/lld/wasm/SyntheticSections.cpp:874:79:[m[K [01;35m[Kwarning: [m[Kpossibly dangling reference to a temporary [[01;35m[K-Wdangling-reference[m[K]
  874 |         std::make_pair(&info.Tools, &tools), std::make_pair(&info.SDKs, &sDKs)[01;35m[K}[m[K)
      |                                                                               [01;35m[K^[m[K
[01m[K/home/devel/building/work/src/llvm-project-18.1.5.src/lld/wasm/SyntheticSections.cpp:873:23:[m[K [01;36m[Knote: [m[Kthe temporary was destroyed at the end of the full expression '[01m[Kstd::make_pair<const vector<pair<__cxx11::basic_string<char>, __cxx11::basic_string<char> > >*, llvm::SmallVector<pair<__cxx11::basic_string<char>, __cxx11::basic_string<char> >, 8>*>((& info.llvm::wasm::WasmProducerInfo::Languages), (&((lld::wasm::ProducersSection*)this)->lld::wasm::ProducersSection::languages))[m[K'
  873 |        {[01;36m[Kstd::make_pair(&info.Languages, &languages)[m[K,
      |         [01;36m[K~~~~~~~~~~~~~~^~~~~~~~~~~~~~~~~~~~~~~~~~~~~[m[K
[01m[K/home/devel/building/work/src/llvm-project-18.1.5.src/lld/wasm/SyntheticSections.cpp:874:79:[m[K [01;35m[Kwarning: [m[Kpossibly dangling reference to a temporary [[01;35m[K-Wdangling-reference[m[K]
  874 |         std::make_pair(&info.Tools, &tools), std::make_pair(&info.SDKs, &sDKs)[01;35m[K}[m[K)
      |                                                                               [01;35m[K^[m[K
[01m[K/home/devel/building/work/src/llvm-project-18.1.5.src/lld/wasm/SyntheticSections.cpp:874:23:[m[K [01;36m[Knote: [m[Kthe temporary was destroyed at the end of the full expression '[01m[Kstd::make_pair<const vector<pair<__cxx11::basic_string<char>, __cxx11::basic_string<char> > >*, llvm::SmallVector<pair<__cxx11::basic_string<char>, __cxx11::basic_string<char> >, 8>*>((& info.llvm::wasm::WasmProducerInfo::Tools), (&((lld::wasm::ProducersSection*)this)->lld::wasm::ProducersSection::tools))[m[K'
  874 |         [01;36m[Kstd::make_pair(&info.Tools, &tools)[m[K, std::make_pair(&info.SDKs, &sDKs)})
      |         [01;36m[K~~~~~~~~~~~~~~^~~~~~~~~~~~~~~~~~~~~[m[K
[01m[K/home/devel/building/work/src/llvm-project-18.1.5.src/lld/wasm/SyntheticSections.cpp:874:79:[m[K [01;35m[Kwarning: [m[Kpossibly dangling reference to a temporary [[01;35m[K-Wdangling-reference[m[K]
  874 |         std::make_pair(&info.Tools, &tools), std::make_pair(&info.SDKs, &sDKs)[01;35m[K}[m[K)
      |                                                                               [01;35m[K^[m[K
[01m[K/home/devel/building/work/src/llvm-project-18.1.5.src/lld/wasm/SyntheticSections.cpp:874:60:[m[K [01;36m[Knote: [m[Kthe temporary was destroyed at the end of the full expression '[01m[Kstd::make_pair<const vector<pair<__cxx11::basic_string<char>, __cxx11::basic_string<char> > >*, llvm::SmallVector<pair<__cxx11::basic_string<char>, __cxx11::basic_string<char> >, 8>*>((& info.llvm::wasm::WasmProducerInfo::SDKs), (&((lld::wasm::ProducersSection*)this)->lld::wasm::ProducersSection::sDKs))[m[K'
  874 |         std::make_pair(&info.Tools, &tools), [01;36m[Kstd::make_pair(&info.SDKs, &sDKs)[m[K})
      |                                              [01;36m[K~~~~~~~~~~~~~~^~~~~~~~~~~~~~~~~~~[m[K
[23/133] Building CXX object MachO/CMakeFiles/lldMachO.dir/OutputSection.cpp.o
[24/133] Building CXX object MachO/CMakeFiles/lldMachO.dir/ObjC.cpp.o
[25/133] Building CXX object MachO/CMakeFiles/lldMachO.dir/MarkLive.cpp.o
[26/133] Building CXX object MachO/CMakeFiles/lldMachO.dir/MapFile.cpp.o
[27/133] Building CXX object MachO/CMakeFiles/lldMachO.dir/LTO.cpp.o
In file included from [01m[K/usr/include/llvm/Support/Chrono.h:13[m[K,
                 from [01m[K/usr/include/llvm/Object/Archive.h:20[m[K,
                 from [01m[K/home/devel/building/work/src/llvm-project-18.1.5.src/lld/wasm/Symbols.h:14[m[K,
                 from [01m[K/home/devel/building/work/src/llvm-project-18.1.5.src/lld/wasm/InputFiles.h:12[m[K,
                 from [01m[K/home/devel/building/work/src/llvm-project-18.1.5.src/lld/wasm/InputChunks.h:24[m[K,
                 from [01m[K/home/devel/building/work/src/llvm-project-18.1.5.src/lld/wasm/Writer.cpp:11[m[K:
In static member function '[01m[Kstatic size_t llvm::detail::HelperFunctions::[01;32m[KconsumeNumHexDigits[m[K(llvm::StringRef&, llvm::HexPrintStyle, size_t)[m[K',
    inlined from '[01m[Kstatic void llvm::format_provider<T, typename std::enable_if<llvm::detail::use_integral_formatter<T>::value, void>::type>::[01;32m[Kformat[m[K(const T&, llvm::raw_ostream&, llvm::StringRef) [35m[K[with T = long unsigned int][m[K[m[K' at [01m[K/usr/include/llvm/Support/FormatProviders.h:136:35[m[K,
    inlined from '[01m[Kvoid llvm::detail::provider_format_adapter<T>::[01;32m[Kformat[m[K(llvm::raw_ostream&, llvm::StringRef) [35m[K[with T = long unsigned int&][m[K[m[K' at [01m[K/usr/include/llvm/Support/FormatVariadicDetails.h:40:45[m[K:
[01m[K/usr/include/llvm/Support/FormatProviders.h:96:27:[m[K [01;35m[Kwarning: [m[K'[01m[KHS[m[K' may be used uninitialized [[01;35m[K-Wmaybe-uninitialized[m[K]
   96 |     if ([01;35m[KisPrefixedHexStyle(Style)[m[K)
      |         [01;35m[K~~~~~~~~~~~~~~~~~~^~~~~~~[m[K
[01m[K/usr/include/llvm/Support/FormatProviders.h:[m[K In member function '[01m[Kvoid llvm::detail::provider_format_adapter<T>::[01;32m[Kformat[m[K(llvm::raw_ostream&, llvm::StringRef) [35m[K[with T = long unsigned int&][m[K[m[K':
[01m[K/usr/include/llvm/Support/FormatProviders.h:133:19:[m[K [01;36m[Knote: [m[K'[01m[KHS[m[K' was declared here
  133 |     HexPrintStyle [01;36m[KHS[m[K;
      |                   [01;36m[K^~[m[K
In static member function '[01m[Kstatic size_t llvm::detail::HelperFunctions::[01;32m[KconsumeNumHexDigits[m[K(llvm::StringRef&, llvm::HexPrintStyle, size_t)[m[K',
    inlined from '[01m[Kstatic void llvm::format_provider<T, typename std::enable_if<llvm::detail::use_integral_formatter<T>::value, void>::type>::[01;32m[Kformat[m[K(const T&, llvm::raw_ostream&, llvm::StringRef) [35m[K[with T = int][m[K[m[K' at [01m[K/usr/include/llvm/Support/FormatProviders.h:136:35[m[K,
    inlined from '[01m[Kvoid llvm::detail::provider_format_adapter<T>::[01;32m[Kformat[m[K(llvm::raw_ostream&, llvm::StringRef) [35m[K[with T = int][m[K[m[K' at [01m[K/usr/include/llvm/Support/FormatVariadicDetails.h:40:45[m[K:
[01m[K/usr/include/llvm/Support/FormatProviders.h:96:27:[m[K [01;35m[Kwarning: [m[K'[01m[KHS[m[K' may be used uninitialized [[01;35m[K-Wmaybe-uninitialized[m[K]
   96 |     if ([01;35m[KisPrefixedHexStyle(Style)[m[K)
      |         [01;35m[K~~~~~~~~~~~~~~~~~~^~~~~~~[m[K
[01m[K/usr/include/llvm/Support/FormatProviders.h:[m[K In member function '[01m[Kvoid llvm::detail::provider_format_adapter<T>::[01;32m[Kformat[m[K(llvm::raw_ostream&, llvm::StringRef) [35m[K[with T = int][m[K[m[K':
[01m[K/usr/include/llvm/Support/FormatProviders.h:133:19:[m[K [01;36m[Knote: [m[K'[01m[KHS[m[K' was declared here
  133 |     HexPrintStyle [01;36m[KHS[m[K;
      |                   [01;36m[K^~[m[K
In static member function '[01m[Kstatic size_t llvm::detail::HelperFunctions::[01;32m[KconsumeNumHexDigits[m[K(llvm::StringRef&, llvm::HexPrintStyle, size_t)[m[K',
    inlined from '[01m[Kstatic void llvm::format_provider<T, typename std::enable_if<llvm::detail::use_integral_formatter<T>::value, void>::type>::[01;32m[Kformat[m[K(const T&, llvm::raw_ostream&, llvm::StringRef) [35m[K[with T = unsigned int][m[K[m[K' at [01m[K/usr/include/llvm/Support/FormatProviders.h:136:35[m[K,
    inlined from '[01m[Kvoid llvm::detail::provider_format_adapter<T>::[01;32m[Kformat[m[K(llvm::raw_ostream&, llvm::StringRef) [35m[K[with T = unsigned int&][m[K[m[K' at [01m[K/usr/include/llvm/Support/FormatVariadicDetails.h:40:45[m[K:
[01m[K/usr/include/llvm/Support/FormatProviders.h:96:27:[m[K [01;35m[Kwarning: [m[K'[01m[KHS[m[K' may be used uninitialized [[01;35m[K-Wmaybe-uninitialized[m[K]
   96 |     if ([01;35m[KisPrefixedHexStyle(Style)[m[K)
      |         [01;35m[K~~~~~~~~~~~~~~~~~~^~~~~~~[m[K
[01m[K/usr/include/llvm/Support/FormatProviders.h:[m[K In member function '[01m[Kvoid llvm::detail::provider_format_adapter<T>::[01;32m[Kformat[m[K(llvm::raw_ostream&, llvm::StringRef) [35m[K[with T = unsigned int&][m[K[m[K':
[01m[K/usr/include/llvm/Support/FormatProviders.h:133:19:[m[K [01;36m[Knote: [m[K'[01m[KHS[m[K' was declared here
  133 |     HexPrintStyle [01;36m[KHS[m[K;
      |                   [01;36m[K^~[m[K
[01m[K/home/devel/building/work/src/llvm-project-18.1.5.src/lld/wasm/Writer.cpp:[m[K In member function '[01m[Kvoid lld::wasm::{anonymous}::Writer::[01;32m[KcreateInitMemoryFunction[m[K()[m[K':
[01m[K/home/devel/building/work/src/llvm-project-18.1.5.src/lld/wasm/Writer.cpp:1276:22:[m[K [01;35m[Kwarning: [m[K'[01m[KflagAddress[m[K' may be used uninitialized [[01;35m[K-Wmaybe-uninitialized[m[K]
 1276 |         [01;35m[KwritePtrConst(os, flagAddress, is64, "flag address")[m[K;
      |         [01;35m[K~~~~~~~~~~~~~^~~~~~~~~~~~~~~~~~~~~~~~~~~~~~~~~~~~~~~[m[K
[01m[K/home/devel/building/work/src/llvm-project-18.1.5.src/lld/wasm/Writer.cpp:1199:12:[m[K [01;36m[Knote: [m[K'[01m[KflagAddress[m[K' was declared here
 1199 |   uint64_t [01;36m[KflagAddress[m[K;
      |            [01;36m[K^~~~~~~~~~~[m[K
[28/133] Building CXX object MachO/CMakeFiles/lldMachO.dir/InputSection.cpp.o
[29/133] Building CXX object MachO/CMakeFiles/lldMachO.dir/InputFiles.cpp.o
[30/133] Building CXX object MachO/CMakeFiles/lldMachO.dir/ICF.cpp.o
[31/133] Building CXX object MachO/CMakeFiles/lldMachO.dir/ExportTrie.cpp.o
[32/133] Building CXX object MachO/CMakeFiles/lldMachO.dir/EhFrame.cpp.o
[33/133] Building CXX object MachO/CMakeFiles/lldMachO.dir/Dwarf.cpp.o
[01m[K/home/devel/building/work/src/llvm-project-18.1.5.src/lld/MachO/SyntheticSections.cpp:[m[K In member function '[01m[Kvoid lld::macho::ObjCImageInfoSection::[01;32m[KfinalizeContents[m[K()[m[K':
[01m[K/home/devel/building/work/src/llvm-project-18.1.5.src/lld/MachO/SyntheticSections.cpp:1848:50:[m[K [01;35m[Kwarning: [m[K'[01m[KfirstFile[m[K' may be used uninitialized [[01;35m[K-Wmaybe-uninitialized[m[K]
 1848 |       error("Swift version mismatch: " + [01;35m[KtoString(firstFile)[m[K + " has version " +
      |                                          [01;35m[K~~~~~~~~^~~~~~~~~~~[m[K
[01m[K/home/devel/building/work/src/llvm-project-18.1.5.src/lld/MachO/SyntheticSections.cpp:1838:20:[m[K [01;36m[Knote: [m[K'[01m[KfirstFile[m[K' was declared here
 1838 |   const InputFile *[01;36m[KfirstFile[m[K;
      |                    [01;36m[K^~~~~~~~~[m[K
[34/133] Building CXX object MachO/CMakeFiles/lldMachO.dir/DriverUtils.cpp.o
[35/133] Building CXX object MachO/CMakeFiles/lldMachO.dir/Driver.cpp.o
[36/133] Building CXX object MachO/CMakeFiles/lldMachO.dir/ConcatOutputSection.cpp.o
[37/133] Building CXX object MachO/CMakeFiles/lldMachO.dir/Arch/X86_64.cpp.o
[38/133] Building CXX object MachO/CMakeFiles/lldMachO.dir/Arch/ARM64_32.cpp.o
[39/133] Building CXX object MachO/CMakeFiles/lldMachO.dir/Arch/ARM64Common.cpp.o
[40/133] Building CXX object MachO/CMakeFiles/lldMachO.dir/Arch/ARM64.cpp.o
[41/133] Building CXX object tools/lld/CMakeFiles/lld.dir/lld-driver.cpp.o
[42/133] Building CXX object tools/lld/CMakeFiles/lld.dir/lld.cpp.o
[43/133] Building CXX object ELF/CMakeFiles/lldELF.dir/Thunks.cpp.o
[44/133] Building CXX object ELF/CMakeFiles/lldELF.dir/Target.cpp.o
[45/133] Building CXX object ELF/CMakeFiles/lldELF.dir/SyntheticSections.cpp.o
[46/133] Building CXX object ELF/CMakeFiles/lldELF.dir/Symbols.cpp.o
[47/133] Building CXX object ELF/CMakeFiles/lldELF.dir/SymbolTable.cpp.o
[48/133] Building CXX object ELF/CMakeFiles/lldELF.dir/ScriptParser.cpp.o
[49/133] Building CXX object ELF/CMakeFiles/lldELF.dir/ScriptLexer.cpp.o
[50/133] Building CXX object ELF/CMakeFiles/lldELF.dir/Relocations.cpp.o
[51/133] Building CXX object ELF/CMakeFiles/lldELF.dir/OutputSections.cpp.o
[52/133] Building CXX object ELF/CMakeFiles/lldELF.dir/MarkLive.cpp.o
[53/133] Building CXX object ELF/CMakeFiles/lldELF.dir/MapFile.cpp.o
[54/133] Building CXX object ELF/CMakeFiles/lldELF.dir/LinkerScript.cpp.o
[55/133] Building CXX object ELF/CMakeFiles/lldELF.dir/LTO.cpp.o
[56/133] Building CXX object ELF/CMakeFiles/lldELF.dir/InputSection.cpp.o
[57/133] Building CXX object ELF/CMakeFiles/lldELF.dir/InputFiles.cpp.o
[58/133] Building CXX object ELF/CMakeFiles/lldELF.dir/ICF.cpp.o
[59/133] Building CXX object ELF/CMakeFiles/lldELF.dir/EhFrame.cpp.o
[60/133] Building CXX object ELF/CMakeFiles/lldELF.dir/DriverUtils.cpp.o
[61/133] Building CXX object ELF/CMakeFiles/lldELF.dir/Driver.cpp.o
[62/133] Building CXX object ELF/CMakeFiles/lldELF.dir/DWARF.cpp.o
[63/133] Building CXX object ELF/CMakeFiles/lldELF.dir/CallGraphSort.cpp.o
[64/133] Building CXX object ELF/CMakeFiles/lldELF.dir/ARMErrataFix.cpp.o
/home/devel/building/work/src/llvm-project-18.1.5.src/lld/ELF/Relocations.cpp: In instantiation of '[01m[Kbool[01;32m[K isReadOnly[m[K(lld::elf::SharedSymbol&) [35m[K[with ELFT = llvm::object::ELFType<llvm::endianness::little, false>][m[K[m[K':
[01m[K/home/devel/building/work/src/llvm-project-18.1.5.src/lld/ELF/Relocations.cpp:382:31:[m[K   required from '[01m[Kvoid[01;32m[K addCopyRelSymbol[m[K(lld::elf::SharedSymbol&) [35m[K[with ELFT = llvm::object::ELFType<llvm::endianness::little, false>][m[K[m[K'
  382 |   bool isRO = [01;36m[KisReadOnly<ELFT>(ss)[m[K;
      |               [01;36m[K~~~~~~~~~~~~~~~~^~~~[m[K
[01m[K/home/devel/building/work/src/llvm-project-18.1.5.src/lld/ELF/Relocations.cpp:1708:9:[m[K   required from here
  327 |     f<llvm::object::ELF32LE>(__VA_ARGS__);                                     \
[01m[K/home/devel/building/work/src/llvm-project-18.1.5.src/lld/ELF/Relocations.cpp:272:3:[m[K [01;35m[Kwarning: [m[Kpossibly dangling reference to a temporary [[01;35m[K-Wdangling-reference[m[K]
  272 |   [01;35m[Kfor[m[K (const Elf_Phdr &phdr :
      |   [01;35m[K^~~[m[K
[01m[K/home/devel/building/work/src/llvm-project-18.1.5.src/lld/ELF/Relocations.cpp:273:13:[m[K [01;36m[Knote: [m[Kthe temporary was destroyed at the end of the full expression '[01m[Klld::check<llvm::ArrayRef<llvm::object::Elf_Phdr_Impl<llvm::object::ELFType<llvm::endianness::little, false> > > >(llvm::object::ELFFile<ELFT>::program_headers() const [with ELFT = llvm::object::ELFType<llvm::endianness::little, false>; typename ELFT::PhdrRange = llvm::ArrayRef<llvm::object::Elf_Phdr_Impl<llvm::object::ELFType<llvm::endianness::little, false> > >]())[m[K'
  273 |        [01;36m[Kcheck(file.template getObj<ELFT>().program_headers())[m[K)
      |        [01;36m[K~~~~~^~~~~~~~~~~~~~~~~~~~~~~~~~~~~~~~~~~~~~~~~~~~~~~~[m[K
/home/devel/building/work/src/llvm-project-18.1.5.src/lld/ELF/Relocations.cpp: In instantiation of '[01m[Kbool[01;32m[K isReadOnly[m[K(lld::elf::SharedSymbol&) [35m[K[with ELFT = llvm::object::ELFType<llvm::endianness::big, false>][m[K[m[K':
[01m[K/home/devel/building/work/src/llvm-project-18.1.5.src/lld/ELF/Relocations.cpp:382:31:[m[K   required from '[01m[Kvoid[01;32m[K addCopyRelSymbol[m[K(lld::elf::SharedSymbol&) [35m[K[with ELFT = llvm::object::ELFType<llvm::endianness::big, false>][m[K[m[K'
  382 |   bool isRO = [01;36m[KisReadOnly<ELFT>(ss)[m[K;
      |               [01;36m[K~~~~~~~~~~~~~~~~^~~~[m[K
[01m[K/home/devel/building/work/src/llvm-project-18.1.5.src/lld/ELF/Relocations.cpp:1708:9:[m[K   required from here
  330 |     f<llvm::object::ELF32BE>(__VA_ARGS__);                                     \
[01m[K/home/devel/building/work/src/llvm-project-18.1.5.src/lld/ELF/Relocations.cpp:272:3:[m[K [01;35m[Kwarning: [m[Kpossibly dangling reference to a temporary [[01;35m[K-Wdangling-reference[m[K]
  272 |   [01;35m[Kfor[m[K (const Elf_Phdr &phdr :
      |   [01;35m[K^~~[m[K
[01m[K/home/devel/building/work/src/llvm-project-18.1.5.src/lld/ELF/Relocations.cpp:273:13:[m[K [01;36m[Knote: [m[Kthe temporary was destroyed at the end of the full expression '[01m[Klld::check<llvm::ArrayRef<llvm::object::Elf_Phdr_Impl<llvm::object::ELFType<llvm::endianness::big, false> > > >(llvm::object::ELFFile<ELFT>::program_headers() const [with ELFT = llvm::object::ELFType<llvm::endianness::big, false>; typename ELFT::PhdrRange = llvm::ArrayRef<llvm::object::Elf_Phdr_Impl<llvm::object::ELFType<llvm::endianness::big, false> > >]())[m[K'
  273 |        [01;36m[Kcheck(file.template getObj<ELFT>().program_headers())[m[K)
      |        [01;36m[K~~~~~^~~~~~~~~~~~~~~~~~~~~~~~~~~~~~~~~~~~~~~~~~~~~~~~[m[K
/home/devel/building/work/src/llvm-project-18.1.5.src/lld/ELF/Relocations.cpp: In instantiation of '[01m[Kbool[01;32m[K isReadOnly[m[K(lld::elf::SharedSymbol&) [35m[K[with ELFT = llvm::object::ELFType<llvm::endianness::little, true>][m[K[m[K':
[01m[K/home/devel/building/work/src/llvm-project-18.1.5.src/lld/ELF/Relocations.cpp:382:31:[m[K   required from '[01m[Kvoid[01;32m[K addCopyRelSymbol[m[K(lld::elf::SharedSymbol&) [35m[K[with ELFT = llvm::object::ELFType<llvm::endianness::little, true>][m[K[m[K'
  382 |   bool isRO = [01;36m[KisReadOnly<ELFT>(ss)[m[K;
      |               [01;36m[K~~~~~~~~~~~~~~~~^~~~[m[K
[01m[K/home/devel/building/work/src/llvm-project-18.1.5.src/lld/ELF/Relocations.cpp:1708:9:[m[K   required from here
  333 |     f<llvm::object::ELF64LE>(__VA_ARGS__);                                     \
[01m[K/home/devel/building/work/src/llvm-project-18.1.5.src/lld/ELF/Relocations.cpp:272:3:[m[K [01;35m[Kwarning: [m[Kpossibly dangling reference to a temporary [[01;35m[K-Wdangling-reference[m[K]
  272 |   [01;35m[Kfor[m[K (const Elf_Phdr &phdr :
      |   [01;35m[K^~~[m[K
[01m[K/home/devel/building/work/src/llvm-project-18.1.5.src/lld/ELF/Relocations.cpp:273:13:[m[K [01;36m[Knote: [m[Kthe temporary was destroyed at the end of the full expression '[01m[Klld::check<llvm::ArrayRef<llvm::object::Elf_Phdr_Impl<llvm::object::ELFType<llvm::endianness::little, true> > > >(llvm::object::ELFFile<ELFT>::program_headers() const [with ELFT = llvm::object::ELFType<llvm::endianness::little, true>; typename ELFT::PhdrRange = llvm::ArrayRef<llvm::object::Elf_Phdr_Impl<llvm::object::ELFType<llvm::endianness::little, true> > >]())[m[K'
  273 |        [01;36m[Kcheck(file.template getObj<ELFT>().program_headers())[m[K)
      |        [01;36m[K~~~~~^~~~~~~~~~~~~~~~~~~~~~~~~~~~~~~~~~~~~~~~~~~~~~~~[m[K
/home/devel/building/work/src/llvm-project-18.1.5.src/lld/ELF/Relocations.cpp: In instantiation of '[01m[Kbool[01;32m[K isReadOnly[m[K(lld::elf::SharedSymbol&) [35m[K[with ELFT = llvm::object::ELFType<llvm::endianness::big, true>][m[K[m[K':
[01m[K/home/devel/building/work/src/llvm-project-18.1.5.src/lld/ELF/Relocations.cpp:382:31:[m[K   required from '[01m[Kvoid[01;32m[K addCopyRelSymbol[m[K(lld::elf::SharedSymbol&) [35m[K[with ELFT = llvm::object::ELFType<llvm::endianness::big, true>][m[K[m[K'
  382 |   bool isRO = [01;36m[KisReadOnly<ELFT>(ss)[m[K;
      |               [01;36m[K~~~~~~~~~~~~~~~~^~~~[m[K
[01m[K/home/devel/building/work/src/llvm-project-18.1.5.src/lld/ELF/Relocations.cpp:1708:9:[m[K   required from here
  336 |     f<llvm::object::ELF64BE>(__VA_ARGS__);                                     \
[01m[K/home/devel/building/work/src/llvm-project-18.1.5.src/lld/ELF/Relocations.cpp:272:3:[m[K [01;35m[Kwarning: [m[Kpossibly dangling reference to a temporary [[01;35m[K-Wdangling-reference[m[K]
  272 |   [01;35m[Kfor[m[K (const Elf_Phdr &phdr :
      |   [01;35m[K^~~[m[K
[01m[K/home/devel/building/work/src/llvm-project-18.1.5.src/lld/ELF/Relocations.cpp:273:13:[m[K [01;36m[Knote: [m[Kthe temporary was destroyed at the end of the full expression '[01m[Klld::check<llvm::ArrayRef<llvm::object::Elf_Phdr_Impl<llvm::object::ELFType<llvm::endianness::big, true> > > >(llvm::object::ELFFile<ELFT>::program_headers() const [with ELFT = llvm::object::ELFType<llvm::endianness::big, true>; typename ELFT::PhdrRange = llvm::ArrayRef<llvm::object::Elf_Phdr_Impl<llvm::object::ELFType<llvm::endianness::big, true> > >]())[m[K'
  273 |        [01;36m[Kcheck(file.template getObj<ELFT>().program_headers())[m[K)
      |        [01;36m[K~~~~~^~~~~~~~~~~~~~~~~~~~~~~~~~~~~~~~~~~~~~~~~~~~~~~~[m[K
In lambda function,
    inlined from '[01m[Kstatic Ret llvm::function_ref<Ret(Params ...)>::[01;32m[Kcallback_fn[m[K(intptr_t, Params ...) [35m[K[with Callable = lld::elf::ThunkCreator::createInitialThunkSections(llvm::ArrayRef<lld::elf::OutputSection*>)::<lambda(lld::elf::OutputSection*, lld::elf::InputSectionDescription*)>; Ret = void; Params = {lld::elf::OutputSection*, lld::elf::InputSectionDescription*}][m[K[m[K' at [01m[K/usr/include/llvm/ADT/STLFunctionalExtras.h:45:52[m[K:
[01m[K/home/devel/building/work/src/llvm-project-18.1.5.src/lld/ELF/Relocations.cpp:2086:24:[m[K [01;35m[Kwarning: [m[K'[01m[KisecLimit[m[K' may be used uninitialized [[01;35m[K-Wmaybe-uninitialized[m[K]
 2086 |         [01;35m[KaddThunkSection(os, isd, isecLimit)[m[K;
      |         [01;35m[K~~~~~~~~~~~~~~~^~~~~~~~~~~~~~~~~~~~[m[K
[01m[K/home/devel/building/work/src/llvm-project-18.1.5.src/lld/ELF/Relocations.cpp:[m[K In static member function '[01m[Kstatic Ret llvm::function_ref<Ret(Params ...)>::[01;32m[Kcallback_fn[m[K(intptr_t, Params ...) [35m[K[with Callable = lld::elf::ThunkCreator::createInitialThunkSections(llvm::ArrayRef<lld::elf::OutputSection*>)::<lambda(lld::elf::OutputSection*, lld::elf::InputSectionDescription*)>; Ret = void; Params = {lld::elf::OutputSection*, lld::elf::InputSectionDescription*}][m[K[m[K':
[01m[K/home/devel/building/work/src/llvm-project-18.1.5.src/lld/ELF/Relocations.cpp:2072:18:[m[K [01;36m[Knote: [m[K'[01m[KisecLimit[m[K' was declared here
 2072 |         uint32_t [01;36m[KisecLimit[m[K;
      |                  [01;36m[K^~~~~~~~~[m[K
In lambda function,
    inlined from '[01m[Kstatic Ret llvm::function_ref<Ret(Params ...)>::[01;32m[Kcallback_fn[m[K(intptr_t, Params ...) [35m[K[with Callable = lld::elf::ThunkCreator::createInitialThunkSections(llvm::ArrayRef<lld::elf::OutputSection*>)::<lambda(lld::elf::OutputSection*, lld::elf::InputSectionDescription*)>; Ret = void; Params = {lld::elf::OutputSection*, lld::elf::InputSectionDescription*}][m[K[m[K' at [01m[K/usr/include/llvm/ADT/STLFunctionalExtras.h:45:52[m[K,
    inlined from '[01m[KRet llvm::function_ref<Ret(Params ...)>::[01;32m[Koperator()[m[K(Params ...) const [35m[K[with Ret = void; Params = {lld::elf::OutputSection*, lld::elf::InputSectionDescription*}][m[K[m[K' at [01m[K/usr/include/llvm/ADT/STLFunctionalExtras.h:68:12[m[K,
    inlined from '[01m[Kvoid[01;32m[K forEachInputSectionDescription[m[K(llvm::ArrayRef<lld::elf::OutputSection*>, llvm::function_ref<void(lld::elf::OutputSection*, lld::elf::InputSectionDescription*)>)[m[K' at [01m[K/home/devel/building/work/src/llvm-project-18.1.5.src/lld/ELF/Relocations.cpp:1831:11[m[K,
    inlined from '[01m[Kvoid lld::elf::ThunkCreator::[01;32m[KcreateInitialThunkSections[m[K(llvm::ArrayRef<lld::elf::OutputSection*>)[m[K' at [01m[K/home/devel/building/work/src/llvm-project-18.1.5.src/lld/ELF/Relocations.cpp:2060:33[m[K:
[01m[K/home/devel/building/work/src/llvm-project-18.1.5.src/lld/ELF/Relocations.cpp:2086:24:[m[K [01;35m[Kwarning: [m[K'[01m[KisecLimit[m[K' may be used uninitialized [[01;35m[K-Wmaybe-uninitialized[m[K]
 2086 |         [01;35m[KaddThunkSection(os, isd, isecLimit)[m[K;
      |         [01;35m[K~~~~~~~~~~~~~~~^~~~~~~~~~~~~~~~~~~~[m[K
[01m[K/home/devel/building/work/src/llvm-project-18.1.5.src/lld/ELF/Relocations.cpp:[m[K In member function '[01m[Kvoid lld::elf::ThunkCreator::[01;32m[KcreateInitialThunkSections[m[K(llvm::ArrayRef<lld::elf::OutputSection*>)[m[K':
[01m[K/home/devel/building/work/src/llvm-project-18.1.5.src/lld/ELF/Relocations.cpp:2072:18:[m[K [01;36m[Knote: [m[K'[01m[KisecLimit[m[K' was declared here
 2072 |         uint32_t [01;36m[KisecLimit[m[K;
      |                  [01;36m[K^~~~~~~~~[m[K
[65/133] Building CXX object ELF/CMakeFiles/lldELF.dir/Arch/X86_64.cpp.o
[66/133] Building CXX object ELF/CMakeFiles/lldELF.dir/Arch/X86.cpp.o
[67/133] Building CXX object ELF/CMakeFiles/lldELF.dir/Arch/SystemZ.cpp.o
[68/133] Building CXX object ELF/CMakeFiles/lldELF.dir/Arch/SPARCV9.cpp.o
[69/133] Building CXX object ELF/CMakeFiles/lldELF.dir/Arch/RISCV.cpp.o
[70/133] Building CXX object ELF/CMakeFiles/lldELF.dir/Arch/PPC64.cpp.o
[01m[K/home/devel/building/work/src/llvm-project-18.1.5.src/lld/ELF/ARMErrataFix.cpp:[m[K In member function '[01m[Kvoid lld::elf::ARMErr657417Patcher::[01;32m[KinsertPatches[m[K(lld::elf::InputSectionDescription&, std::vector<lld::elf::Patch657417Section*>&)[m[K':
[01m[K/home/devel/building/work/src/llvm-project-18.1.5.src/lld/ELF/ARMErrataFix.cpp:390:27:[m[K [01;35m[Kwarning: [m[K'[01m[KisecLimit[m[K' may be used uninitialized [[01;35m[K-Wmaybe-uninitialized[m[K]
  390 |     [01;35m[K(*patchIt)->outSecOff = isecLimit[m[K;
      |     [01;35m[K~~~~~~~~~~~~~~~~~~~~~~^~~~~~~~~~~[m[K
[01m[K/home/devel/building/work/src/llvm-project-18.1.5.src/lld/ELF/ARMErrataFix.cpp:366:12:[m[K [01;36m[Knote: [m[K'[01m[KisecLimit[m[K' was declared here
  366 |   uint64_t [01;36m[KisecLimit[m[K;
      |            [01;36m[K^~~~~~~~~[m[K
[71/133] Building CXX object ELF/CMakeFiles/lldELF.dir/Arch/PPC.cpp.o
[72/133] Building CXX object ELF/CMakeFiles/lldELF.dir/Arch/MSP430.cpp.o
[73/133] Building CXX object ELF/CMakeFiles/lldELF.dir/Arch/MipsArchTree.cpp.o
[74/133] Building CXX object ELF/CMakeFiles/lldELF.dir/Arch/Mips.cpp.o
[75/133] Building CXX object ELF/CMakeFiles/lldELF.dir/Arch/LoongArch.cpp.o
[76/133] Building CXX object ELF/CMakeFiles/lldELF.dir/Arch/Hexagon.cpp.o
[77/133] Building CXX object ELF/CMakeFiles/lldELF.dir/Arch/AVR.cpp.o
In function '[01m[Kvoid[01;32m[K writeSequence[m[K(llvm::MutableArrayRef<unsigned int>, const char*, int, uint32_t, llvm::ArrayRef<unsigned int>)[m[K',
    inlined from '[01m[Kvoid lld::elf::[01;32m[KaddPPC64SaveRestore[m[K()[m[K' at [01m[K/home/devel/building/work/src/llvm-project-18.1.5.src/lld/ELF/Arch/PPC64.cpp:317:16[m[K:
[01m[K/home/devel/building/work/src/llvm-project-18.1.5.src/lld/ELF/Arch/PPC64.cpp:291:34:[m[K [01;35m[Kwarning: [m[K'[01m[Kfirst[m[K' may be used uninitialized [[01;35m[K-Wmaybe-uninitialized[m[K]
  291 |                4 * (buf.size() - [01;35m[Kfirst[m[K)),
      |                                  [01;35m[K^~~~~[m[K
[01m[K/home/devel/building/work/src/llvm-project-18.1.5.src/lld/ELF/Arch/PPC64.cpp:[m[K In function '[01m[Kvoid lld::elf::[01;32m[KaddPPC64SaveRestore[m[K()[m[K':
[01m[K/home/devel/building/work/src/llvm-project-18.1.5.src/lld/ELF/Arch/PPC64.cpp:272:7:[m[K [01;36m[Knote: [m[K'[01m[Kfirst[m[K' was declared here
  272 |   int [01;36m[Kfirst[m[K;
      |       [01;36m[K^~~~~[m[K
In function '[01m[Kvoid[01;32m[K writeSequence[m[K(llvm::MutableArrayRef<unsigned int>, const char*, int, uint32_t, llvm::ArrayRef<unsigned int>)[m[K',
    inlined from '[01m[Kvoid lld::elf::[01;32m[KaddPPC64SaveRestore[m[K()[m[K' at [01m[K/home/devel/building/work/src/llvm-project-18.1.5.src/lld/ELF/Arch/PPC64.cpp:321:16[m[K:
[01m[K/home/devel/building/work/src/llvm-project-18.1.5.src/lld/ELF/Arch/PPC64.cpp:291:34:[m[K [01;35m[Kwarning: [m[K'[01m[Kfirst[m[K' may be used uninitialized [[01;35m[K-Wmaybe-uninitialized[m[K]
  291 |                4 * (buf.size() - [01;35m[Kfirst[m[K)),
      |                                  [01;35m[K^~~~~[m[K
[01m[K/home/devel/building/work/src/llvm-project-18.1.5.src/lld/ELF/Arch/PPC64.cpp:[m[K In function '[01m[Kvoid lld::elf::[01;32m[KaddPPC64SaveRestore[m[K()[m[K':
[01m[K/home/devel/building/work/src/llvm-project-18.1.5.src/lld/ELF/Arch/PPC64.cpp:272:7:[m[K [01;36m[Knote: [m[K'[01m[Kfirst[m[K' was declared here
  272 |   int [01;36m[Kfirst[m[K;
      |       [01;36m[K^~~~~[m[K
In function '[01m[Kvoid[01;32m[K writeSequence[m[K(llvm::MutableArrayRef<unsigned int>, const char*, int, uint32_t, llvm::ArrayRef<unsigned int>)[m[K',
    inlined from '[01m[Kvoid lld::elf::[01;32m[KaddPPC64SaveRestore[m[K()[m[K' at [01m[K/home/devel/building/work/src/llvm-project-18.1.5.src/lld/ELF/Arch/PPC64.cpp:324:16[m[K:
[01m[K/home/devel/building/work/src/llvm-project-18.1.5.src/lld/ELF/Arch/PPC64.cpp:291:34:[m[K [01;35m[Kwarning: [m[K'[01m[Kfirst[m[K' may be used uninitialized [[01;35m[K-Wmaybe-uninitialized[m[K]
  291 |                4 * (buf.size() - [01;35m[Kfirst[m[K)),
      |                                  [01;35m[K^~~~~[m[K
[01m[K/home/devel/building/work/src/llvm-project-18.1.5.src/lld/ELF/Arch/PPC64.cpp:[m[K In function '[01m[Kvoid lld::elf::[01;32m[KaddPPC64SaveRestore[m[K()[m[K':
[01m[K/home/devel/building/work/src/llvm-project-18.1.5.src/lld/ELF/Arch/PPC64.cpp:272:7:[m[K [01;36m[Knote: [m[K'[01m[Kfirst[m[K' was declared here
  272 |   int [01;36m[Kfirst[m[K;
      |       [01;36m[K^~~~~[m[K
In function '[01m[Kvoid[01;32m[K writeSequence[m[K(llvm::MutableArrayRef<unsigned int>, const char*, int, uint32_t, llvm::ArrayRef<unsigned int>)[m[K',
    inlined from '[01m[Kvoid lld::elf::[01;32m[KaddPPC64SaveRestore[m[K()[m[K' at [01m[K/home/devel/building/work/src/llvm-project-18.1.5.src/lld/ELF/Arch/PPC64.cpp:327:16[m[K:
[01m[K/home/devel/building/work/src/llvm-project-18.1.5.src/lld/ELF/Arch/PPC64.cpp:291:34:[m[K [01;35m[Kwarning: [m[K'[01m[Kfirst[m[K' may be used uninitialized [[01;35m[K-Wmaybe-uninitialized[m[K]
  291 |                4 * (buf.size() - [01;35m[Kfirst[m[K)),
      |                                  [01;35m[K^~~~~[m[K
[01m[K/home/devel/building/work/src/llvm-project-18.1.5.src/lld/ELF/Arch/PPC64.cpp:[m[K In function '[01m[Kvoid lld::elf::[01;32m[KaddPPC64SaveRestore[m[K()[m[K':
[01m[K/home/devel/building/work/src/llvm-project-18.1.5.src/lld/ELF/Arch/PPC64.cpp:272:7:[m[K [01;36m[Knote: [m[K'[01m[Kfirst[m[K' was declared here
  272 |   int [01;36m[Kfirst[m[K;
      |       [01;36m[K^~~~~[m[K
[78/133] Building CXX object ELF/CMakeFiles/lldELF.dir/Arch/ARM.cpp.o
[79/133] Building CXX object ELF/CMakeFiles/lldELF.dir/Arch/AMDGPU.cpp.o
[80/133] Building CXX object ELF/CMakeFiles/lldELF.dir/Arch/AArch64.cpp.o
[01m[K/home/devel/building/work/src/llvm-project-18.1.5.src/lld/ELF/Arch/LoongArch.cpp:[m[K In member function '[01m[Kvirtual uint32_t {anonymous}::LoongArch::[01;32m[KcalcEFlags[m[K() const[m[K':
[01m[K/home/devel/building/work/src/llvm-project-18.1.5.src/lld/ELF/Arch/LoongArch.cpp:250:21:[m[K [01;35m[Kwarning: [m[K'[01m[KtargetFile[m[K' may be used uninitialized [[01;35m[K-Wmaybe-uninitialized[m[K]
  250 |             [01;35m[KtoString(targetFile)[m[K);
      |             [01;35m[K~~~~~~~~^~~~~~~~~~~~[m[K
[01m[K/home/devel/building/work/src/llvm-project-18.1.5.src/lld/ELF/Arch/LoongArch.cpp:231:20:[m[K [01;36m[Knote: [m[K'[01m[KtargetFile[m[K' was declared here
  231 |   const InputFile *[01;36m[KtargetFile[m[K;
      |                    [01;36m[K^~~~~~~~~~[m[K
[81/133] Building CXX object ELF/CMakeFiles/lldELF.dir/AArch64ErrataFix.cpp.o
[82/133] Building CXX object wasm/CMakeFiles/lldWasm.dir/OutputSegment.cpp.o
[83/133] Building CXX object wasm/CMakeFiles/lldWasm.dir/OutputSections.cpp.o
[84/133] Building CXX object wasm/CMakeFiles/lldWasm.dir/MarkLive.cpp.o
[85/133] Building CXX object wasm/CMakeFiles/lldWasm.dir/MapFile.cpp.o
[01m[K/home/devel/building/work/src/llvm-project-18.1.5.src/lld/ELF/Arch/AArch64.cpp:[m[K In member function '[01m[Kvirtual void {anonymous}::AArch64::[01;32m[KrelocateAlloc[m[K(lld::elf::InputSectionBase&, uint8_t*) const[m[K':
[01m[K/home/devel/building/work/src/llvm-project-18.1.5.src/lld/ELF/Arch/AArch64.cpp:780:23:[m[K [01;35m[Kwarning: [m[Kpossibly dangling reference to a temporary [[01;35m[K-Wdangling-reference[m[K]
  780 |     const Relocation &[01;35m[Krel[m[K = sec.relocs()[i];
      |                       [01;35m[K^~~[m[K
[01m[K/home/devel/building/work/src/llvm-project-18.1.5.src/lld/ELF/Arch/AArch64.cpp:780:43:[m[K [01;36m[Knote: [m[Kthe temporary was destroyed at the end of the full expression '[01m[K(& sec)->lld::elf::InputSectionBase::relocs().llvm::MutableArrayRef<lld::elf::Relocation>::operator[](i)[m[K'
  780 |     const Relocation &rel = sec.relocs()[i[01;36m[K][m[K;
      |                                           [01;36m[K^[m[K
[86/133] Building CXX object wasm/CMakeFiles/lldWasm.dir/LTO.cpp.o
[01m[K/home/devel/building/work/src/llvm-project-18.1.5.src/lld/ELF/AArch64ErrataFix.cpp:[m[K In member function '[01m[Kvoid lld::elf::AArch64Err843419Patcher::[01;32m[KinsertPatches[m[K(lld::elf::InputSectionDescription&, std::vector<lld::elf::Patch843419Section*>&)[m[K':
[01m[K/home/devel/building/work/src/llvm-project-18.1.5.src/lld/ELF/AArch64ErrataFix.cpp:508:27:[m[K [01;35m[Kwarning: [m[K'[01m[KisecLimit[m[K' may be used uninitialized [[01;35m[K-Wmaybe-uninitialized[m[K]
  508 |     [01;35m[K(*patchIt)->outSecOff = isecLimit[m[K;
      |     [01;35m[K~~~~~~~~~~~~~~~~~~~~~~^~~~~~~~~~~[m[K
[01m[K/home/devel/building/work/src/llvm-project-18.1.5.src/lld/ELF/AArch64ErrataFix.cpp:484:12:[m[K [01;36m[Knote: [m[K'[01m[KisecLimit[m[K' was declared here
  484 |   uint64_t [01;36m[KisecLimit[m[K;
      |            [01;36m[K^~~~~~~~~[m[K
[87/133] Building CXX object wasm/CMakeFiles/lldWasm.dir/InputFiles.cpp.o
[88/133] Building CXX object wasm/CMakeFiles/lldWasm.dir/InputChunks.cpp.o
[89/133] Building CXX object wasm/CMakeFiles/lldWasm.dir/Driver.cpp.o
[90/133] Building CXX object MinGW/CMakeFiles/lldMinGW.dir/Driver.cpp.o
[91/133] Building CXX object COFF/CMakeFiles/lldCOFF.dir/Writer.cpp.o
[92/133] Building CXX object COFF/CMakeFiles/lldCOFF.dir/Symbols.cpp.o
[93/133] Building CXX object COFF/CMakeFiles/lldCOFF.dir/SymbolTable.cpp.o
[94/133] Building CXX object COFF/CMakeFiles/lldCOFF.dir/PDB.cpp.o
[95/133] Building CXX object COFF/CMakeFiles/lldCOFF.dir/MinGW.cpp.o
[96/133] Building CXX object COFF/CMakeFiles/lldCOFF.dir/MarkLive.cpp.o
[97/133] Building CXX object COFF/CMakeFiles/lldCOFF.dir/MapFile.cpp.o
[98/133] Building CXX object COFF/CMakeFiles/lldCOFF.dir/LTO.cpp.o
[99/133] Building CXX object COFF/CMakeFiles/lldCOFF.dir/LLDMapFile.cpp.o
[100/133] Building CXX object COFF/CMakeFiles/lldCOFF.dir/InputFiles.cpp.o
[101/133] Building CXX object COFF/CMakeFiles/lldCOFF.dir/ICF.cpp.o
[102/133] Building CXX object COFF/CMakeFiles/lldCOFF.dir/DriverUtils.cpp.o
In file included from [01m[K/usr/include/llvm/Support/Chrono.h:13[m[K,
                 from [01m[K/usr/include/llvm/Support/VirtualFileSystem.h:21[m[K,
                 from [01m[K/home/devel/building/work/src/llvm-project-18.1.5.src/lld/COFF/Config.h:19[m[K,
                 from [01m[K/home/devel/building/work/src/llvm-project-18.1.5.src/lld/COFF/Chunks.h:12[m[K,
                 from [01m[K/home/devel/building/work/src/llvm-project-18.1.5.src/lld/COFF/COFFLinkerContext.h:12[m[K,
                 from [01m[K/home/devel/building/work/src/llvm-project-18.1.5.src/lld/COFF/PDB.cpp:10[m[K:
In static member function '[01m[Kstatic size_t llvm::detail::HelperFunctions::[01;32m[KconsumeNumHexDigits[m[K(llvm::StringRef&, llvm::HexPrintStyle, size_t)[m[K',
    inlined from '[01m[Kstatic void llvm::format_provider<T, typename std::enable_if<llvm::detail::use_integral_formatter<T>::value, void>::type>::[01;32m[Kformat[m[K(const T&, llvm::raw_ostream&, llvm::StringRef) [35m[K[with T = long unsigned int][m[K[m[K' at [01m[K/usr/include/llvm/Support/FormatProviders.h:136:35[m[K,
    inlined from '[01m[Kvoid llvm::detail::provider_format_adapter<T>::[01;32m[Kformat[m[K(llvm::raw_ostream&, llvm::StringRef) [35m[K[with T = long unsigned int][m[K[m[K' at [01m[K/usr/include/llvm/Support/FormatVariadicDetails.h:40:45[m[K:
[01m[K/usr/include/llvm/Support/FormatProviders.h:96:27:[m[K [01;35m[Kwarning: [m[K'[01m[KHS[m[K' may be used uninitialized [[01;35m[K-Wmaybe-uninitialized[m[K]
   96 |     if ([01;35m[KisPrefixedHexStyle(Style)[m[K)
      |         [01;35m[K~~~~~~~~~~~~~~~~~~^~~~~~~[m[K
[01m[K/usr/include/llvm/Support/FormatProviders.h:[m[K In member function '[01m[Kvoid llvm::detail::provider_format_adapter<T>::[01;32m[Kformat[m[K(llvm::raw_ostream&, llvm::StringRef) [35m[K[with T = long unsigned int][m[K[m[K':
[01m[K/usr/include/llvm/Support/FormatProviders.h:133:19:[m[K [01;36m[Knote: [m[K'[01m[KHS[m[K' was declared here
  133 |     HexPrintStyle [01;36m[KHS[m[K;
      |                   [01;36m[K^~[m[K
In static member function '[01m[Kstatic size_t llvm::detail::HelperFunctions::[01;32m[KconsumeNumHexDigits[m[K(llvm::StringRef&, llvm::HexPrintStyle, size_t)[m[K',
    inlined from '[01m[Kstatic void llvm::format_provider<T, typename std::enable_if<llvm::detail::use_integral_formatter<T>::value, void>::type>::[01;32m[Kformat[m[K(const T&, llvm::raw_ostream&, llvm::StringRef) [35m[K[with T = unsigned int][m[K[m[K' at [01m[K/usr/include/llvm/Support/FormatProviders.h:136:35[m[K:
[01m[K/usr/include/llvm/Support/FormatProviders.h:96:27:[m[K [01;35m[Kwarning: [m[K'[01m[KHS[m[K' may be used uninitialized [[01;35m[K-Wmaybe-uninitialized[m[K]
   96 |     if ([01;35m[KisPrefixedHexStyle(Style)[m[K)
      |         [01;35m[K~~~~~~~~~~~~~~~~~~^~~~~~~[m[K
[01m[K/usr/include/llvm/Support/FormatProviders.h:[m[K In static member function '[01m[Kstatic void llvm::format_provider<T, typename std::enable_if<llvm::detail::use_integral_formatter<T>::value, void>::type>::[01;32m[Kformat[m[K(const T&, llvm::raw_ostream&, llvm::StringRef) [35m[K[with T = unsigned int][m[K[m[K':
[01m[K/usr/include/llvm/Support/FormatProviders.h:133:19:[m[K [01;36m[Knote: [m[K'[01m[KHS[m[K' was declared here
  133 |     HexPrintStyle [01;36m[KHS[m[K;
      |                   [01;36m[K^~[m[K
[103/133] Building CXX object COFF/CMakeFiles/lldCOFF.dir/Driver.cpp.o
[104/133] Building CXX object COFF/CMakeFiles/lldCOFF.dir/DLL.cpp.o
[105/133] Building CXX object COFF/CMakeFiles/lldCOFF.dir/DebugTypes.cpp.o
In file included from [01m[K/usr/include/c++/14.1.0/vector:72[m[K,
                 from [01m[K/usr/include/c++/14.1.0/functional:64[m[K,
                 from [01m[K/usr/include/llvm/ADT/SmallVector.h:24[m[K,
                 from [01m[K/usr/include/llvm/ADT/MapVector.h:21[m[K,
                 from [01m[K/home/devel/building/work/src/llvm-project-18.1.5.src/lld/COFF/Config.h:12[m[K,
                 from [01m[K/home/devel/building/work/src/llvm-project-18.1.5.src/lld/COFF/Chunks.h:12[m[K,
                 from [01m[K/home/devel/building/work/src/llvm-project-18.1.5.src/lld/COFF/Writer.h:12[m[K,
                 from [01m[K/home/devel/building/work/src/llvm-project-18.1.5.src/lld/COFF/Writer.cpp:9[m[K:
In member function '[01m[Kstd::vector<_Tp, _Alloc>::reference std::vector<_Tp, _Alloc>::[01;32m[Kemplace_back[m[K(_Args&& ...) [35m[K[with _Args = {lld::coff::ECCodeMapEntry}; _Tp = lld::coff::ECCodeMapEntry; _Alloc = std::allocator<lld::coff::ECCodeMapEntry>][m[K[m[K',
    inlined from '[01m[Kvoid std::vector<_Tp, _Alloc>::[01;32m[Kpush_back[m[K(value_type&&) [35m[K[with _Tp = lld::coff::ECCodeMapEntry; _Alloc = std::allocator<lld::coff::ECCodeMapEntry>][m[K[m[K' at [01m[K/usr/include/c++/14.1.0/bits/stl_vector.h:1301:21[m[K,
    inlined from '[01m[K{anonymous}::Writer::createECCodeMap()::<lambda()>[m[K' at [01m[K/home/devel/building/work/src/llvm-project-18.1.5.src/lld/COFF/Writer.cpp:567:24[m[K,
    inlined from '[01m[Kvoid {anonymous}::Writer::[01;32m[KcreateECCodeMap[m[K()[m[K' at [01m[K/home/devel/building/work/src/llvm-project-18.1.5.src/lld/COFF/Writer.cpp:589:13[m[K,
    inlined from '[01m[Kvoid {anonymous}::Writer::[01;32m[KassignAddresses[m[K()[m[K' at [01m[K/home/devel/building/work/src/llvm-project-18.1.5.src/lld/COFF/Writer.cpp:1499:18[m[K:
[01m[K/usr/include/c++/14.1.0/bits/vector.tcc:123:28:[m[K [01;35m[Kwarning: [m[K'[01m[Kfirst[m[K' may be used uninitialized [[01;35m[K-Wmaybe-uninitialized[m[K]
  123 |           [01;35m[K_M_realloc_append(std::forward<_Args>(__args)...)[m[K;
      |           [01;35m[K~~~~~~~~~~~~~~~~~^~~~~~~~~~~~~~~~~~~~~~~~~~~~~~~~[m[K
[01m[K/home/devel/building/work/src/llvm-project-18.1.5.src/lld/COFF/Writer.cpp:[m[K In member function '[01m[Kvoid {anonymous}::Writer::[01;32m[KassignAddresses[m[K()[m[K':
[01m[K/home/devel/building/work/src/llvm-project-18.1.5.src/lld/COFF/Writer.cpp:563:10:[m[K [01;36m[Knote: [m[K'[01m[Kfirst[m[K' was declared here
  563 |   Chunk *[01;36m[Kfirst[m[K, *last;
      |          [01;36m[K^~~~~[m[K
In member function '[01m[Kstd::vector<_Tp, _Alloc>::reference std::vector<_Tp, _Alloc>::[01;32m[Kemplace_back[m[K(_Args&& ...) [35m[K[with _Args = {lld::coff::ECCodeMapEntry}; _Tp = lld::coff::ECCodeMapEntry; _Alloc = std::allocator<lld::coff::ECCodeMapEntry>][m[K[m[K',
    inlined from '[01m[Kvoid std::vector<_Tp, _Alloc>::[01;32m[Kpush_back[m[K(value_type&&) [35m[K[with _Tp = lld::coff::ECCodeMapEntry; _Alloc = std::allocator<lld::coff::ECCodeMapEntry>][m[K[m[K' at [01m[K/usr/include/c++/14.1.0/bits/stl_vector.h:1301:21[m[K,
    inlined from '[01m[K{anonymous}::Writer::createECCodeMap()::<lambda()>[m[K' at [01m[K/home/devel/building/work/src/llvm-project-18.1.5.src/lld/COFF/Writer.cpp:567:24[m[K,
    inlined from '[01m[Kvoid {anonymous}::Writer::[01;32m[KcreateECCodeMap[m[K()[m[K' at [01m[K/home/devel/building/work/src/llvm-project-18.1.5.src/lld/COFF/Writer.cpp:589:13[m[K,
    inlined from '[01m[Kvoid {anonymous}::Writer::[01;32m[KassignAddresses[m[K()[m[K' at [01m[K/home/devel/building/work/src/llvm-project-18.1.5.src/lld/COFF/Writer.cpp:1499:18[m[K:
[01m[K/usr/include/c++/14.1.0/bits/vector.tcc:123:28:[m[K [01;35m[Kwarning: [m[K'[01m[Klast[m[K' may be used uninitialized [[01;35m[K-Wmaybe-uninitialized[m[K]
  123 |           [01;35m[K_M_realloc_append(std::forward<_Args>(__args)...)[m[K;
      |           [01;35m[K~~~~~~~~~~~~~~~~~^~~~~~~~~~~~~~~~~~~~~~~~~~~~~~~~[m[K
[01m[K/home/devel/building/work/src/llvm-project-18.1.5.src/lld/COFF/Writer.cpp:[m[K In member function '[01m[Kvoid {anonymous}::Writer::[01;32m[KassignAddresses[m[K()[m[K':
[01m[K/home/devel/building/work/src/llvm-project-18.1.5.src/lld/COFF/Writer.cpp:563:18:[m[K [01;36m[Knote: [m[K'[01m[Klast[m[K' was declared here
  563 |   Chunk *first, *[01;36m[Klast[m[K;
      |                  [01;36m[K^~~~[m[K
[106/133] Building CXX object COFF/CMakeFiles/lldCOFF.dir/COFFLinkerContext.cpp.o
[107/133] Building CXX object COFF/CMakeFiles/lldCOFF.dir/Chunks.cpp.o
[108/133] Building CXX object COFF/CMakeFiles/lldCOFF.dir/CallGraphSort.cpp.o
[109/133] Building CXX object Common/CMakeFiles/lldCommon.dir/Version.cpp.o
[110/133] Building CXX object Common/CMakeFiles/lldCommon.dir/Timer.cpp.o
[111/133] Building CXX object Common/CMakeFiles/lldCommon.dir/TargetOptionsCommandFlags.cpp.o
[112/133] Building CXX object Common/CMakeFiles/lldCommon.dir/Strings.cpp.o
[113/133] Building CXX object Common/CMakeFiles/lldCommon.dir/Reproduce.cpp.o
[114/133] Building CXX object Common/CMakeFiles/lldCommon.dir/Memory.cpp.o
[115/133] Building CXX object Common/CMakeFiles/lldCommon.dir/Filesystem.cpp.o
[116/133] Building CXX object Common/CMakeFiles/lldCommon.dir/ErrorHandler.cpp.o
[117/133] Building CXX object Common/CMakeFiles/lldCommon.dir/DWARF.cpp.o
In file included from [01m[K/usr/include/llvm/Support/Chrono.h:13[m[K,
                 from [01m[K/usr/include/llvm/Support/VirtualFileSystem.h:21[m[K,
                 from [01m[K/home/devel/building/work/src/llvm-project-18.1.5.src/lld/COFF/Config.h:19[m[K,
                 from [01m[K/home/devel/building/work/src/llvm-project-18.1.5.src/lld/COFF/Chunks.h:12[m[K,
                 from [01m[K/home/devel/building/work/src/llvm-project-18.1.5.src/lld/COFF/COFFLinkerContext.h:12[m[K,
                 from [01m[K/home/devel/building/work/src/llvm-project-18.1.5.src/lld/COFF/DebugTypes.cpp:10[m[K:
In static member function '[01m[Kstatic size_t llvm::detail::HelperFunctions::[01;32m[KconsumeNumHexDigits[m[K(llvm::StringRef&, llvm::HexPrintStyle, size_t)[m[K',
    inlined from '[01m[Kstatic void llvm::format_provider<T, typename std::enable_if<llvm::detail::use_integral_formatter<T>::value, void>::type>::[01;32m[Kformat[m[K(const T&, llvm::raw_ostream&, llvm::StringRef) [35m[K[with T = long unsigned int][m[K[m[K' at [01m[K/usr/include/llvm/Support/FormatProviders.h:136:35[m[K,
    inlined from '[01m[Kvoid llvm::detail::provider_format_adapter<T>::[01;32m[Kformat[m[K(llvm::raw_ostream&, llvm::StringRef) [35m[K[with T = long unsigned int&][m[K[m[K' at [01m[K/usr/include/llvm/Support/FormatVariadicDetails.h:40:45[m[K:
[01m[K/usr/include/llvm/Support/FormatProviders.h:96:27:[m[K [01;35m[Kwarning: [m[K'[01m[KHS[m[K' may be used uninitialized [[01;35m[K-Wmaybe-uninitialized[m[K]
   96 |     if ([01;35m[KisPrefixedHexStyle(Style)[m[K)
      |         [01;35m[K~~~~~~~~~~~~~~~~~~^~~~~~~[m[K
[01m[K/usr/include/llvm/Support/FormatProviders.h:[m[K In member function '[01m[Kvoid llvm::detail::provider_format_adapter<T>::[01;32m[Kformat[m[K(llvm::raw_ostream&, llvm::StringRef) [35m[K[with T = long unsigned int&][m[K[m[K':
[01m[K/usr/include/llvm/Support/FormatProviders.h:133:19:[m[K [01;36m[Knote: [m[K'[01m[KHS[m[K' was declared here
  133 |     HexPrintStyle [01;36m[KHS[m[K;
      |                   [01;36m[K^~[m[K
In static member function '[01m[Kstatic size_t llvm::detail::HelperFunctions::[01;32m[KconsumeNumHexDigits[m[K(llvm::StringRef&, llvm::HexPrintStyle, size_t)[m[K',
    inlined from '[01m[Kstatic void llvm::format_provider<T, typename std::enable_if<llvm::detail::use_integral_formatter<T>::value, void>::type>::[01;32m[Kformat[m[K(const T&, llvm::raw_ostream&, llvm::StringRef) [35m[K[with T = long unsigned int][m[K[m[K' at [01m[K/usr/include/llvm/Support/FormatProviders.h:136:35[m[K,
    inlined from '[01m[Kvoid llvm::detail::provider_format_adapter<T>::[01;32m[Kformat[m[K(llvm::raw_ostream&, llvm::StringRef) [35m[K[with T = long unsigned int][m[K[m[K' at [01m[K/usr/include/llvm/Support/FormatVariadicDetails.h:40:45[m[K:
[01m[K/usr/include/llvm/Support/FormatProviders.h:96:27:[m[K [01;35m[Kwarning: [m[K'[01m[KHS[m[K' may be used uninitialized [[01;35m[K-Wmaybe-uninitialized[m[K]
   96 |     if ([01;35m[KisPrefixedHexStyle(Style)[m[K)
      |         [01;35m[K~~~~~~~~~~~~~~~~~~^~~~~~~[m[K
[01m[K/usr/include/llvm/Support/FormatProviders.h:[m[K In member function '[01m[Kvoid llvm::detail::provider_format_adapter<T>::[01;32m[Kformat[m[K(llvm::raw_ostream&, llvm::StringRef) [35m[K[with T = long unsigned int][m[K[m[K':
[01m[K/usr/include/llvm/Support/FormatProviders.h:133:19:[m[K [01;36m[Knote: [m[K'[01m[KHS[m[K' was declared here
  133 |     HexPrintStyle [01;36m[KHS[m[K;
      |                   [01;36m[K^~[m[K
[118/133] Building CXX object Common/CMakeFiles/lldCommon.dir/DriverDispatcher.cpp.o
[119/133] Building CXX object Common/CMakeFiles/lldCommon.dir/CommonLinkerContext.cpp.o
[120/133] Building CXX object Common/CMakeFiles/lldCommon.dir/Args.cpp.o
[121/133] Linking CXX shared library lib/liblldCommon.so.18.1
[122/133] Creating library symlink lib/liblldCommon.so
[123/133] Linking CXX shared library lib/liblldWasm.so.18.1
[124/133] Linking CXX shared library lib/liblldMachO.so.18.1
[125/133] Linking CXX shared library lib/liblldELF.so.18.1
[126/133] Linking CXX shared library lib/liblldCOFF.so.18.1
[127/133] Creating library symlink lib/liblldWasm.so
[128/133] Creating library symlink lib/liblldMachO.so
[129/133] Creating library symlink lib/liblldCOFF.so
[130/133] Linking CXX shared library lib/liblldMinGW.so.18.1
[131/133] Creating library symlink lib/liblldELF.so
[132/133] Creating library symlink lib/liblldMinGW.so
[133/133] Linking CXX executable bin/lld
+ DESTDIR=/home/devel/building/work/pkg
+ ninja install
[1/1] Install the project...
-- Install configuration: "Release"
-- Installing: /home/devel/building/work/pkg/usr/include
-- Installing: /home/devel/building/work/pkg/usr/include/lld
-- Installing: /home/devel/building/work/pkg/usr/include/lld/Common
-- Installing: /home/devel/building/work/pkg/usr/include/lld/Common/Args.h
-- Installing: /home/devel/building/work/pkg/usr/include/lld/Common/Arrays.h
-- Installing: /home/devel/building/work/pkg/usr/include/lld/Common/CommonLinkerContext.h
-- Installing: /home/devel/building/work/pkg/usr/include/lld/Common/DWARF.h
-- Installing: /home/devel/building/work/pkg/usr/include/lld/Common/Driver.h
-- Installing: /home/devel/building/work/pkg/usr/include/lld/Common/ErrorHandler.h
-- Installing: /home/devel/building/work/pkg/usr/include/lld/Common/Filesystem.h
-- Installing: /home/devel/building/work/pkg/usr/include/lld/Common/LLVM.h
-- Installing: /home/devel/building/work/pkg/usr/include/lld/Common/Memory.h
-- Installing: /home/devel/building/work/pkg/usr/include/lld/Common/Reproduce.h
-- Installing: /home/devel/building/work/pkg/usr/include/lld/Common/Strings.h
-- Installing: /home/devel/building/work/pkg/usr/include/lld/Common/TargetOptionsCommandFlags.h
-- Installing: /home/devel/building/work/pkg/usr/include/lld/Common/Timer.h
-- Installing: /home/devel/building/work/pkg/usr/include/lld/Common/Version.h
-- Installing: /home/devel/building/work/pkg/usr/lib/liblldCommon.so.18.1
-- Set non-toolchain portion of runtime path of "/home/devel/building/work/pkg/usr/lib/liblldCommon.so.18.1" to ""
-- Installing: /home/devel/building/work/pkg/usr/lib/liblldCommon.so
-- Installing: /home/devel/building/work/pkg/usr/bin/lld
-- Set non-toolchain portion of runtime path of "/home/devel/building/work/pkg/usr/bin/lld" to ""
-- Creating lld-link
-- Creating ld.lld
-- Creating ld64.lld
-- Creating wasm-ld
-- Installing: /home/devel/building/work/pkg/usr/lib/liblldCOFF.so.18.1
-- Set non-toolchain portion of runtime path of "/home/devel/building/work/pkg/usr/lib/liblldCOFF.so.18.1" to ""
-- Installing: /home/devel/building/work/pkg/usr/lib/liblldCOFF.so
-- Installing: /home/devel/building/work/pkg/usr/lib/liblldELF.so.18.1
-- Set non-toolchain portion of runtime path of "/home/devel/building/work/pkg/usr/lib/liblldELF.so.18.1" to ""
-- Installing: /home/devel/building/work/pkg/usr/lib/liblldELF.so
-- Installing: /home/devel/building/work/pkg/usr/lib/liblldMachO.so.18.1
-- Set non-toolchain portion of runtime path of "/home/devel/building/work/pkg/usr/lib/liblldMachO.so.18.1" to ""
-- Installing: /home/devel/building/work/pkg/usr/lib/liblldMachO.so
-- Installing: /home/devel/building/work/pkg/usr/lib/liblldMinGW.so.18.1
-- Set non-toolchain portion of runtime path of "/home/devel/building/work/pkg/usr/lib/liblldMinGW.so.18.1" to ""
-- Installing: /home/devel/building/work/pkg/usr/lib/liblldMinGW.so
-- Installing: /home/devel/building/work/pkg/usr/lib/liblldWasm.so.18.1
-- Set non-toolchain portion of runtime path of "/home/devel/building/work/pkg/usr/lib/liblldWasm.so.18.1" to ""
-- Installing: /home/devel/building/work/pkg/usr/lib/liblldWasm.so
-- Installing: /home/devel/building/work/pkg/usr/lib/cmake/lld/LLDTargets.cmake
-- Installing: /home/devel/building/work/pkg/usr/lib/cmake/lld/LLDTargets-release.cmake
-- Installing: /home/devel/building/work/pkg/usr/lib/cmake/lld/LLDConfig.cmake
-- Installing: /home/devel/building/work/pkg/usr/lib/cmake/lld/LLDConfigVersion.cmake
=======> Build result:
drwxr-xr-x  0 root   root        0 May 23 23:27 usr/
drwxr-xr-x  0 root   root        0 May 23 23:27 usr/include/
drwxr-xr-x  0 root   root        0 May 23 23:27 usr/lib/
drwxr-xr-x  0 root   root        0 May 23 23:27 usr/bin/
-rwxr-xr-x  0 root   root    22888 May 23 23:27 usr/bin/lld
-rwxr-xr-x  0 root   root    22888 May 23 23:27 usr/bin/lld-link
-rwxr-xr-x  0 root   root    22888 May 23 23:27 usr/bin/ld.lld
-rwxr-xr-x  0 root   root    22888 May 23 23:27 usr/bin/ld64.lld
-rwxr-xr-x  0 root   root    22888 May 23 23:27 usr/bin/wasm-ld
-rwxr-xr-x  0 root   root   217856 May 23 23:27 usr/lib/liblldCommon.so.18.1
lrwxrwxrwx  0 root   root        0 May 23 23:27 usr/lib/liblldCommon.so -> liblldCommon.so.18.1
-rwxr-xr-x  0 root   root  1236848 May 23 23:27 usr/lib/liblldCOFF.so.18.1
lrwxrwxrwx  0 root   root        0 May 23 23:27 usr/lib/liblldCOFF.so -> liblldCOFF.so.18.1
-rwxr-xr-x  0 root   root  3148952 May 23 23:27 usr/lib/liblldELF.so.18.1
lrwxrwxrwx  0 root   root        0 May 23 23:27 usr/lib/liblldELF.so -> liblldELF.so.18.1
-rwxr-xr-x  0 root   root  1219464 May 23 23:27 usr/lib/liblldMachO.so.18.1
lrwxrwxrwx  0 root   root        0 May 23 23:27 usr/lib/liblldMachO.so -> liblldMachO.so.18.1
-rwxr-xr-x  0 root   root    84392 May 23 23:27 usr/lib/liblldMinGW.so.18.1
lrwxrwxrwx  0 root   root        0 May 23 23:27 usr/lib/liblldMinGW.so -> liblldMinGW.so.18.1
-rwxr-xr-x  0 root   root   706224 May 23 23:27 usr/lib/liblldWasm.so.18.1
lrwxrwxrwx  0 root   root        0 May 23 23:27 usr/lib/liblldWasm.so -> liblldWasm.so.18.1
drwxr-xr-x  0 root   root        0 May 23 23:27 usr/lib/cmake/
drwxr-xr-x  0 root   root        0 May 23 23:27 usr/lib/cmake/lld/
-rw-r--r--  0 root   root     4851 May 23 23:26 usr/lib/cmake/lld/LLDTargets.cmake
-rw-r--r--  0 root   root     3777 May 23 23:26 usr/lib/cmake/lld/LLDTargets-release.cmake
-rw-r--r--  0 root   root      872 May 23 23:26 usr/lib/cmake/lld/LLDConfig.cmake
-rw-r--r--  0 root   root      447 May 23 23:26 usr/lib/cmake/lld/LLDConfigVersion.cmake
drwxr-xr-x  0 root   root        0 May 23 23:27 usr/include/lld/
drwxr-xr-x  0 root   root        0 May 23 23:27 usr/include/lld/Common/
-rw-r--r--  0 root   root     1260 May  2 00:56 usr/include/lld/Common/Args.h
-rw-r--r--  0 root   root      942 May  2 00:56 usr/include/lld/Common/Arrays.h
-rw-r--r--  0 root   root     1903 May  2 00:56 usr/include/lld/Common/CommonLinkerContext.h
-rw-r--r--  0 root   root     1385 May  2 00:56 usr/include/lld/Common/DWARF.h
-rw-r--r--  0 root   root     2849 May  2 00:56 usr/include/lld/Common/Driver.h
-rw-r--r--  0 root   root     7246 May  2 00:56 usr/include/lld/Common/ErrorHandler.h
-rw-r--r--  0 root   root      792 May  2 00:56 usr/include/lld/Common/Filesystem.h
-rw-r--r--  0 root   root     2764 May  2 00:56 usr/include/lld/Common/LLVM.h
-rw-r--r--  0 root   root     3790 May  2 00:56 usr/include/lld/Common/Memory.h
-rw-r--r--  0 root   root     1039 May  2 00:56 usr/include/lld/Common/Reproduce.h
-rw-r--r--  0 root   root     2560 May  2 00:56 usr/include/lld/Common/Strings.h
-rw-r--r--  0 root   root      977 May  2 00:56 usr/include/lld/Common/TargetOptionsCommandFlags.h
-rw-r--r--  0 root   root     1292 May  2 00:56 usr/include/lld/Common/Timer.h
-rw-r--r--  0 root   root      750 May  2 00:56 usr/include/lld/Common/Version.h
=======> Building '/home/devel/packages/lld#18.1.5-1.x86_64.pkg.tar.zst' succeeded.
prt-get: Using PKGMK_PACKAGE_DIR: /home/devel/packages
prt-get: reinstalling lld 18.1.5-1
prt-get: /usr/bin/pkgadd -u lld#18.1.5-1.x86_64.pkg.tar.zst
prt-get: build done Thu May 23 23:27:49 2024

