prt-get: updating /usr/ports/opt-musl/pixman
prt-get: starting build Fri May 24 00:14:11 2024
=======> WARNING: Signature not found, creating new.
=======> Building '/home/devel/packages/pixman#0.43.4-1.x86_64.pkg.tar.zst'.
bsdtar -p -o -C /home/devel/building/work/src -xf /home/devel/sources/pixman-0.43.4.tar.xz
+ build
+ cd pixman-0.43.4
+ build-meson -Ddefault_library=both -Dgtk=disabled . build
The Meson build system
Version: 1.4.0
Source dir: /home/devel/building/work/src/pixman-0.43.4
Build dir: /home/devel/building/work/src/pixman-0.43.4/build
Build type: native build
Project name: pixman
Project version: 0.43.4
C compiler for the host machine: cc (gcc 14.1.0 "cc (SAUX-x86_64 musl) 14.1.0")
C linker for the host machine: cc ld.bfd 2.42
Host machine cpu family: x86_64
Host machine cpu: x86_64
Compiler for C supports arguments -Wdeclaration-after-statement: YES 
Compiler for C supports arguments -fno-strict-aliasing: YES 
Compiler for C supports arguments -fvisibility=hidden: YES 
Compiler for C supports arguments -Wundef: YES 
Compiler for C supports arguments -ftrapping-math: YES 
Compiler for C supports arguments -Wunused-local-typedefs: YES 
Checking if "SSSE3 Intrinsic Support" compiles: YES 
Checking if "test for ASM .func directive" compiles: YES 
Checking if "test for ASM .syntax unified directive" compiles: NO 
Checking if "test for ASM leading underscore" : links: NO 
Checking if "GNU Inline ASM support." compiles: YES 
Run-time dependency OpenMP found: YES 4.5
Found pkg-config: YES (/usr/bin/pkg-config) 2.2.0
Found CMake: /usr/bin/cmake (3.29.2)
Run-time dependency gtk+-3.0 found: NO (tried pkgconfig and cmake)
Run-time dependency glib-2.0 found: YES 2.80.2
Run-time dependency libpng found: YES 1.6.43
Library m found: YES
Run-time dependency threads found: YES
Has header "pthread.h" : YES 
Checking for function "sigaction" : YES 
Checking for function "alarm" : YES 
Checking for function "mprotect" : YES 
Checking for function "getpagesize" : YES 
Checking for function "mmap" : YES 
Checking for function "getisax" : NO 
Checking for function "gettimeofday" : YES 
Checking for function "posix_memalign" : YES 
Checking for function "feenableexcept" with dependency -lm: NO 
Header "fenv.h" has symbol "FE_DIVBYZERO" : YES 
Check usable header "sys/mman.h" : YES 
Check usable header "fenv.h" : YES 
Check usable header "unistd.h" : YES 
Checking if "TLS via __thread" compiles: YES 
Checking if "__attribute__((constructor))" : links: YES 
Checking if "Has float128 support" : links: YES 
Checking for function "clz" : YES 
Checking if "Support for GCC vector extensions" : links: YES 
Checking for size of "long" : 8 
Configuring pixman-config.h using configuration
Configuring pixman-version.h using configuration
Compiler for C supports function attribute dllexport: NO 
Build targets in project: 44

pixman 0.43.4

  User defined options
    auto_features     : auto
    bindir            : /usr/bin
    buildtype         : plain
    datadir           : /usr/share
    default_library   : both
    includedir        : /usr/include
    libdir            : /usr/lib
    libexecdir        : /usr/lib
    localstatedir     : /var
    mandir            : /usr/share/man
    prefix            : /usr
    sbindir           : /usr/sbin
    sharedstatedir    : /var/lib
    sysconfdir        : /etc
    werror            : false
    wrap_mode         : nodownload
    python.bytecompile: 0
    b_lto             : false
    b_pie             : true
    b_staticpic       : true
    gtk               : disabled

Found ninja-1.9 at /usr/bin/ninja
+ meson compile -j 8 -v -C build
ninja: entering directory '/home/devel/building/work/src/pixman-0.43.4/build'
[1/118] cc -Itest/affine-bench.p -Itest -I../test -Ipixman -I../pixman -Itest/utils -I../test/utils -fdiagnostics-color=always -D_FILE_OFFSET_BITS=64 -Wall -Winvalid-pch -std=gnu99 -Wdeclaration-after-statement -fno-strict-aliasing -fvisibility=hidden -Wundef -ftrapping-math -Wno-unused-local-typedefs -DHAVE_CONFIG_H -O2 -m64 -march=x86-64 -mtune=generic -fPIE -fopenmp -MD -MQ test/affine-bench.p/affine-bench.c.o -MF test/affine-bench.p/affine-bench.c.o.d -o test/affine-bench.p/affine-bench.c.o -c ../test/affine-bench.c
[2/118] cc -Itest/scaling-bench.p -Itest -I../test -Ipixman -I../pixman -Itest/utils -I../test/utils -fdiagnostics-color=always -D_FILE_OFFSET_BITS=64 -Wall -Winvalid-pch -std=gnu99 -Wdeclaration-after-statement -fno-strict-aliasing -fvisibility=hidden -Wundef -ftrapping-math -Wno-unused-local-typedefs -DHAVE_CONFIG_H -O2 -m64 -march=x86-64 -mtune=generic -fPIE -fopenmp -MD -MQ test/scaling-bench.p/scaling-bench.c.o -MF test/scaling-bench.p/scaling-bench.c.o.d -o test/scaling-bench.p/scaling-bench.c.o -c ../test/scaling-bench.c
[3/118] cc -Itest/check-formats.p -Itest -I../test -Ipixman -I../pixman -Itest/utils -I../test/utils -fdiagnostics-color=always -D_FILE_OFFSET_BITS=64 -Wall -Winvalid-pch -std=gnu99 -Wdeclaration-after-statement -fno-strict-aliasing -fvisibility=hidden -Wundef -ftrapping-math -Wno-unused-local-typedefs -DHAVE_CONFIG_H -O2 -m64 -march=x86-64 -mtune=generic -fPIE -fopenmp -MD -MQ test/check-formats.p/check-formats.c.o -MF test/check-formats.p/check-formats.c.o.d -o test/check-formats.p/check-formats.c.o -c ../test/check-formats.c
[4/118] cc -Itest/radial-perf-test.p -Itest -I../test -Ipixman -I../pixman -Itest/utils -I../test/utils -fdiagnostics-color=always -D_FILE_OFFSET_BITS=64 -Wall -Winvalid-pch -std=gnu99 -Wdeclaration-after-statement -fno-strict-aliasing -fvisibility=hidden -Wundef -ftrapping-math -Wno-unused-local-typedefs -DHAVE_CONFIG_H -O2 -m64 -march=x86-64 -mtune=generic -fPIE -fopenmp -MD -MQ test/radial-perf-test.p/radial-perf-test.c.o -MF test/radial-perf-test.p/radial-perf-test.c.o.d -o test/radial-perf-test.p/radial-perf-test.c.o -c ../test/radial-perf-test.c
[5/118] cc -Itest/lowlevel-blt-bench.p -Itest -I../test -Ipixman -I../pixman -Itest/utils -I../test/utils -fdiagnostics-color=always -D_FILE_OFFSET_BITS=64 -Wall -Winvalid-pch -std=gnu99 -Wdeclaration-after-statement -fno-strict-aliasing -fvisibility=hidden -Wundef -ftrapping-math -Wno-unused-local-typedefs -DHAVE_CONFIG_H -O2 -m64 -march=x86-64 -mtune=generic -fPIE -fopenmp -MD -MQ test/lowlevel-blt-bench.p/lowlevel-blt-bench.c.o -MF test/lowlevel-blt-bench.p/lowlevel-blt-bench.c.o.d -o test/lowlevel-blt-bench.p/lowlevel-blt-bench.c.o -c ../test/lowlevel-blt-bench.c
[6/118] cc -Itest/thread-test.p -Itest -I../test -Ipixman -I../pixman -Itest/utils -I../test/utils -I/usr/include/libpng16 -fdiagnostics-color=always -D_FILE_OFFSET_BITS=64 -Wall -Winvalid-pch -std=gnu99 -Wdeclaration-after-statement -fno-strict-aliasing -fvisibility=hidden -Wundef -ftrapping-math -Wno-unused-local-typedefs -DHAVE_CONFIG_H -O2 -m64 -march=x86-64 -mtune=generic -fPIE -fopenmp -pthread -MD -MQ test/thread-test.p/thread-test.c.o -MF test/thread-test.p/thread-test.c.o.d -o test/thread-test.p/thread-test.c.o -c ../test/thread-test.c
[7/118] cc -Itest/tolerance-test.p -Itest -I../test -Ipixman -I../pixman -Itest/utils -I../test/utils -I/usr/include/libpng16 -fdiagnostics-color=always -D_FILE_OFFSET_BITS=64 -Wall -Winvalid-pch -std=gnu99 -Wdeclaration-after-statement -fno-strict-aliasing -fvisibility=hidden -Wundef -ftrapping-math -Wno-unused-local-typedefs -DHAVE_CONFIG_H -O2 -m64 -march=x86-64 -mtune=generic -fPIE -fopenmp -pthread -MD -MQ test/tolerance-test.p/tolerance-test.c.o -MF test/tolerance-test.p/tolerance-test.c.o.d -o test/tolerance-test.p/tolerance-test.c.o -c ../test/tolerance-test.c
[8/118] cc -Itest/composite.p -Itest -I../test -Ipixman -I../pixman -Itest/utils -I../test/utils -I/usr/include/libpng16 -fdiagnostics-color=always -D_FILE_OFFSET_BITS=64 -Wall -Winvalid-pch -std=gnu99 -Wdeclaration-after-statement -fno-strict-aliasing -fvisibility=hidden -Wundef -ftrapping-math -Wno-unused-local-typedefs -DHAVE_CONFIG_H -O2 -m64 -march=x86-64 -mtune=generic -fPIE -fopenmp -pthread -MD -MQ test/composite.p/composite.c.o -MF test/composite.p/composite.c.o.d -o test/composite.p/composite.c.o -c ../test/composite.c
[9/118] cc -Itest/scaling-test.p -Itest -I../test -Ipixman -I../pixman -Itest/utils -I../test/utils -I/usr/include/libpng16 -fdiagnostics-color=always -D_FILE_OFFSET_BITS=64 -Wall -Winvalid-pch -std=gnu99 -Wdeclaration-after-statement -fno-strict-aliasing -fvisibility=hidden -Wundef -ftrapping-math -Wno-unused-local-typedefs -DHAVE_CONFIG_H -O2 -m64 -march=x86-64 -mtune=generic -fPIE -fopenmp -pthread -MD -MQ test/scaling-test.p/scaling-test.c.o -MF test/scaling-test.p/scaling-test.c.o.d -o test/scaling-test.p/scaling-test.c.o -c ../test/scaling-test.c
[10/118] cc -Itest/affine-test.p -Itest -I../test -Ipixman -I../pixman -Itest/utils -I../test/utils -I/usr/include/libpng16 -fdiagnostics-color=always -D_FILE_OFFSET_BITS=64 -Wall -Winvalid-pch -std=gnu99 -Wdeclaration-after-statement -fno-strict-aliasing -fvisibility=hidden -Wundef -ftrapping-math -Wno-unused-local-typedefs -DHAVE_CONFIG_H -O2 -m64 -march=x86-64 -mtune=generic -fPIE -fopenmp -pthread -MD -MQ test/affine-test.p/affine-test.c.o -MF test/affine-test.p/affine-test.c.o.d -o test/affine-test.p/affine-test.c.o -c ../test/affine-test.c
[11/118] cc -Itest/blitters-test.p -Itest -I../test -Ipixman -I../pixman -Itest/utils -I../test/utils -I/usr/include/libpng16 -fdiagnostics-color=always -D_FILE_OFFSET_BITS=64 -Wall -Winvalid-pch -std=gnu99 -Wdeclaration-after-statement -fno-strict-aliasing -fvisibility=hidden -Wundef -ftrapping-math -Wno-unused-local-typedefs -DHAVE_CONFIG_H -O2 -m64 -march=x86-64 -mtune=generic -fPIE -fopenmp -pthread -MD -MQ test/blitters-test.p/blitters-test.c.o -MF test/blitters-test.p/blitters-test.c.o.d -o test/blitters-test.p/blitters-test.c.o -c ../test/blitters-test.c
[12/118] cc -Itest/cover-test.p -Itest -I../test -Ipixman -I../pixman -Itest/utils -I../test/utils -I/usr/include/libpng16 -fdiagnostics-color=always -D_FILE_OFFSET_BITS=64 -Wall -Winvalid-pch -std=gnu99 -Wdeclaration-after-statement -fno-strict-aliasing -fvisibility=hidden -Wundef -ftrapping-math -Wno-unused-local-typedefs -DHAVE_CONFIG_H -O2 -m64 -march=x86-64 -mtune=generic -fPIE -fopenmp -pthread -MD -MQ test/cover-test.p/cover-test.c.o -MF test/cover-test.p/cover-test.c.o.d -o test/cover-test.p/cover-test.c.o -c ../test/cover-test.c
[13/118] cc -Itest/stress-test.p -Itest -I../test -Ipixman -I../pixman -Itest/utils -I../test/utils -I/usr/include/libpng16 -fdiagnostics-color=always -D_FILE_OFFSET_BITS=64 -Wall -Winvalid-pch -std=gnu99 -Wdeclaration-after-statement -fno-strict-aliasing -fvisibility=hidden -Wundef -ftrapping-math -Wno-unused-local-typedefs -DHAVE_CONFIG_H -O2 -m64 -march=x86-64 -mtune=generic -fPIE -fopenmp -pthread -MD -MQ test/stress-test.p/stress-test.c.o -MF test/stress-test.p/stress-test.c.o.d -o test/stress-test.p/stress-test.c.o -c ../test/stress-test.c
[14/118] cc -Itest/solid-test.p -Itest -I../test -Ipixman -I../pixman -Itest/utils -I../test/utils -I/usr/include/libpng16 -fdiagnostics-color=always -D_FILE_OFFSET_BITS=64 -Wall -Winvalid-pch -std=gnu99 -Wdeclaration-after-statement -fno-strict-aliasing -fvisibility=hidden -Wundef -ftrapping-math -Wno-unused-local-typedefs -DHAVE_CONFIG_H -O2 -m64 -march=x86-64 -mtune=generic -fPIE -fopenmp -pthread -MD -MQ test/solid-test.p/solid-test.c.o -MF test/solid-test.p/solid-test.c.o.d -o test/solid-test.p/solid-test.c.o -c ../test/solid-test.c
[15/118] cc -Itest/glyph-test.p -Itest -I../test -Ipixman -I../pixman -Itest/utils -I../test/utils -I/usr/include/libpng16 -fdiagnostics-color=always -D_FILE_OFFSET_BITS=64 -Wall -Winvalid-pch -std=gnu99 -Wdeclaration-after-statement -fno-strict-aliasing -fvisibility=hidden -Wundef -ftrapping-math -Wno-unused-local-typedefs -DHAVE_CONFIG_H -O2 -m64 -march=x86-64 -mtune=generic -fPIE -fopenmp -pthread -MD -MQ test/glyph-test.p/glyph-test.c.o -MF test/glyph-test.p/glyph-test.c.o.d -o test/glyph-test.p/glyph-test.c.o -c ../test/glyph-test.c
[16/118] cc -Itest/region-contains-test.p -Itest -I../test -Ipixman -I../pixman -Itest/utils -I../test/utils -I/usr/include/libpng16 -fdiagnostics-color=always -D_FILE_OFFSET_BITS=64 -Wall -Winvalid-pch -std=gnu99 -Wdeclaration-after-statement -fno-strict-aliasing -fvisibility=hidden -Wundef -ftrapping-math -Wno-unused-local-typedefs -DHAVE_CONFIG_H -O2 -m64 -march=x86-64 -mtune=generic -fPIE -fopenmp -pthread -MD -MQ test/region-contains-test.p/region-contains-test.c.o -MF test/region-contains-test.p/region-contains-test.c.o.d -o test/region-contains-test.p/region-contains-test.c.o -c ../test/region-contains-test.c
[17/118] cc -Itest/composite-traps-test.p -Itest -I../test -Ipixman -I../pixman -Itest/utils -I../test/utils -I/usr/include/libpng16 -fdiagnostics-color=always -D_FILE_OFFSET_BITS=64 -Wall -Winvalid-pch -std=gnu99 -Wdeclaration-after-statement -fno-strict-aliasing -fvisibility=hidden -Wundef -ftrapping-math -Wno-unused-local-typedefs -DHAVE_CONFIG_H -O2 -m64 -march=x86-64 -mtune=generic -fPIE -fopenmp -pthread -MD -MQ test/composite-traps-test.p/composite-traps-test.c.o -MF test/composite-traps-test.p/composite-traps-test.c.o.d -o test/composite-traps-test.p/composite-traps-test.c.o -c ../test/composite-traps-test.c
[18/118] cc -Itest/filter-reduction-test.p -Itest -I../test -Ipixman -I../pixman -Itest/utils -I../test/utils -I/usr/include/libpng16 -fdiagnostics-color=always -D_FILE_OFFSET_BITS=64 -Wall -Winvalid-pch -std=gnu99 -Wdeclaration-after-statement -fno-strict-aliasing -fvisibility=hidden -Wundef -ftrapping-math -Wno-unused-local-typedefs -DHAVE_CONFIG_H -O2 -m64 -march=x86-64 -mtune=generic -fPIE -fopenmp -pthread -MD -MQ test/filter-reduction-test.p/filter-reduction-test.c.o -MF test/filter-reduction-test.p/filter-reduction-test.c.o.d -o test/filter-reduction-test.p/filter-reduction-test.c.o -c ../test/filter-reduction-test.c
[19/118] cc -Itest/matrix-test.p -Itest -I../test -Ipixman -I../pixman -Itest/utils -I../test/utils -I/usr/include/libpng16 -fdiagnostics-color=always -D_FILE_OFFSET_BITS=64 -Wall -Winvalid-pch -std=gnu99 -Wdeclaration-after-statement -fno-strict-aliasing -fvisibility=hidden -Wundef -ftrapping-math -Wno-unused-local-typedefs -DHAVE_CONFIG_H -O2 -m64 -march=x86-64 -mtune=generic -fPIE -fopenmp -pthread -MD -MQ test/matrix-test.p/matrix-test.c.o -MF test/matrix-test.p/matrix-test.c.o.d -o test/matrix-test.p/matrix-test.c.o -c ../test/matrix-test.c
[20/118] cc -Itest/pixel-test.p -Itest -I../test -Ipixman -I../pixman -Itest/utils -I../test/utils -I/usr/include/libpng16 -fdiagnostics-color=always -D_FILE_OFFSET_BITS=64 -Wall -Winvalid-pch -std=gnu99 -Wdeclaration-after-statement -fno-strict-aliasing -fvisibility=hidden -Wundef -ftrapping-math -Wno-unused-local-typedefs -DHAVE_CONFIG_H -O2 -m64 -march=x86-64 -mtune=generic -fPIE -fopenmp -pthread -MD -MQ test/pixel-test.p/pixel-test.c.o -MF test/pixel-test.p/pixel-test.c.o.d -o test/pixel-test.p/pixel-test.c.o -c ../test/pixel-test.c
[21/118] cc -Itest/gradient-crash-test.p -Itest -I../test -Ipixman -I../pixman -Itest/utils -I../test/utils -I/usr/include/libpng16 -fdiagnostics-color=always -D_FILE_OFFSET_BITS=64 -Wall -Winvalid-pch -std=gnu99 -Wdeclaration-after-statement -fno-strict-aliasing -fvisibility=hidden -Wundef -ftrapping-math -Wno-unused-local-typedefs -DHAVE_CONFIG_H -O2 -m64 -march=x86-64 -mtune=generic -fPIE -fopenmp -pthread -MD -MQ test/gradient-crash-test.p/gradient-crash-test.c.o -MF test/gradient-crash-test.p/gradient-crash-test.c.o.d -o test/gradient-crash-test.p/gradient-crash-test.c.o -c ../test/gradient-crash-test.c
[22/118] cc -Itest/alphamap.p -Itest -I../test -Ipixman -I../pixman -Itest/utils -I../test/utils -I/usr/include/libpng16 -fdiagnostics-color=always -D_FILE_OFFSET_BITS=64 -Wall -Winvalid-pch -std=gnu99 -Wdeclaration-after-statement -fno-strict-aliasing -fvisibility=hidden -Wundef -ftrapping-math -Wno-unused-local-typedefs -DHAVE_CONFIG_H -O2 -m64 -march=x86-64 -mtune=generic -fPIE -fopenmp -pthread -MD -MQ test/alphamap.p/alphamap.c.o -MF test/alphamap.p/alphamap.c.o.d -o test/alphamap.p/alphamap.c.o -c ../test/alphamap.c
[23/118] cc -Itest/rotate-test.p -Itest -I../test -Ipixman -I../pixman -Itest/utils -I../test/utils -I/usr/include/libpng16 -fdiagnostics-color=always -D_FILE_OFFSET_BITS=64 -Wall -Winvalid-pch -std=gnu99 -Wdeclaration-after-statement -fno-strict-aliasing -fvisibility=hidden -Wundef -ftrapping-math -Wno-unused-local-typedefs -DHAVE_CONFIG_H -O2 -m64 -march=x86-64 -mtune=generic -fPIE -fopenmp -pthread -MD -MQ test/rotate-test.p/rotate-test.c.o -MF test/rotate-test.p/rotate-test.c.o.d -o test/rotate-test.p/rotate-test.c.o -c ../test/rotate-test.c
[24/118] cc -Itest/scaling-helpers-test.p -Itest -I../test -Ipixman -I../pixman -Itest/utils -I../test/utils -I/usr/include/libpng16 -fdiagnostics-color=always -D_FILE_OFFSET_BITS=64 -Wall -Winvalid-pch -std=gnu99 -Wdeclaration-after-statement -fno-strict-aliasing -fvisibility=hidden -Wundef -ftrapping-math -Wno-unused-local-typedefs -DHAVE_CONFIG_H -O2 -m64 -march=x86-64 -mtune=generic -fPIE -fopenmp -pthread -MD -MQ test/scaling-helpers-test.p/scaling-helpers-test.c.o -MF test/scaling-helpers-test.p/scaling-helpers-test.c.o.d -o test/scaling-helpers-test.p/scaling-helpers-test.c.o -c ../test/scaling-helpers-test.c
[25/118] cc -Itest/alpha-loop.p -Itest -I../test -Ipixman -I../pixman -Itest/utils -I../test/utils -I/usr/include/libpng16 -fdiagnostics-color=always -D_FILE_OFFSET_BITS=64 -Wall -Winvalid-pch -std=gnu99 -Wdeclaration-after-statement -fno-strict-aliasing -fvisibility=hidden -Wundef -ftrapping-math -Wno-unused-local-typedefs -DHAVE_CONFIG_H -O2 -m64 -march=x86-64 -mtune=generic -fPIE -fopenmp -pthread -MD -MQ test/alpha-loop.p/alpha-loop.c.o -MF test/alpha-loop.p/alpha-loop.c.o.d -o test/alpha-loop.p/alpha-loop.c.o -c ../test/alpha-loop.c
[26/118] cc -Itest/scaling-crash-test.p -Itest -I../test -Ipixman -I../pixman -Itest/utils -I../test/utils -I/usr/include/libpng16 -fdiagnostics-color=always -D_FILE_OFFSET_BITS=64 -Wall -Winvalid-pch -std=gnu99 -Wdeclaration-after-statement -fno-strict-aliasing -fvisibility=hidden -Wundef -ftrapping-math -Wno-unused-local-typedefs -DHAVE_CONFIG_H -O2 -m64 -march=x86-64 -mtune=generic -fPIE -fopenmp -pthread -MD -MQ test/scaling-crash-test.p/scaling-crash-test.c.o -MF test/scaling-crash-test.p/scaling-crash-test.c.o.d -o test/scaling-crash-test.p/scaling-crash-test.c.o -c ../test/scaling-crash-test.c
[27/118] cc -Itest/combiner-test.p -Itest -I../test -Ipixman -I../pixman -Itest/utils -I../test/utils -I/usr/include/libpng16 -fdiagnostics-color=always -D_FILE_OFFSET_BITS=64 -Wall -Winvalid-pch -std=gnu99 -Wdeclaration-after-statement -fno-strict-aliasing -fvisibility=hidden -Wundef -ftrapping-math -Wno-unused-local-typedefs -DHAVE_CONFIG_H -O2 -m64 -march=x86-64 -mtune=generic -fPIE -fopenmp -pthread -MD -MQ test/combiner-test.p/combiner-test.c.o -MF test/combiner-test.p/combiner-test.c.o.d -o test/combiner-test.p/combiner-test.c.o -c ../test/combiner-test.c
[28/118] cc -Itest/region-test.p -Itest -I../test -Ipixman -I../pixman -Itest/utils -I../test/utils -I/usr/include/libpng16 -fdiagnostics-color=always -D_FILE_OFFSET_BITS=64 -Wall -Winvalid-pch -std=gnu99 -Wdeclaration-after-statement -fno-strict-aliasing -fvisibility=hidden -Wundef -ftrapping-math -Wno-unused-local-typedefs -DHAVE_CONFIG_H -O2 -m64 -march=x86-64 -mtune=generic -fPIE -fopenmp -pthread -MD -MQ test/region-test.p/region-test.c.o -MF test/region-test.p/region-test.c.o.d -o test/region-test.p/region-test.c.o -c ../test/region-test.c
[29/118] cc -Itest/pdf-op-test.p -Itest -I../test -Ipixman -I../pixman -Itest/utils -I../test/utils -I/usr/include/libpng16 -fdiagnostics-color=always -D_FILE_OFFSET_BITS=64 -Wall -Winvalid-pch -std=gnu99 -Wdeclaration-after-statement -fno-strict-aliasing -fvisibility=hidden -Wundef -ftrapping-math -Wno-unused-local-typedefs -DHAVE_CONFIG_H -O2 -m64 -march=x86-64 -mtune=generic -fPIE -fopenmp -pthread -MD -MQ test/pdf-op-test.p/pdf-op-test.c.o -MF test/pdf-op-test.p/pdf-op-test.c.o.d -o test/pdf-op-test.p/pdf-op-test.c.o -c ../test/pdf-op-test.c
[30/118] cc -Itest/radial-invalid.p -Itest -I../test -Ipixman -I../pixman -Itest/utils -I../test/utils -I/usr/include/libpng16 -fdiagnostics-color=always -D_FILE_OFFSET_BITS=64 -Wall -Winvalid-pch -std=gnu99 -Wdeclaration-after-statement -fno-strict-aliasing -fvisibility=hidden -Wundef -ftrapping-math -Wno-unused-local-typedefs -DHAVE_CONFIG_H -O2 -m64 -march=x86-64 -mtune=generic -fPIE -fopenmp -pthread -MD -MQ test/radial-invalid.p/radial-invalid.c.o -MF test/radial-invalid.p/radial-invalid.c.o.d -o test/radial-invalid.p/radial-invalid.c.o -c ../test/radial-invalid.c
[31/118] cc -Itest/prng-test.p -Itest -I../test -Ipixman -I../pixman -Itest/utils -I../test/utils -I/usr/include/libpng16 -fdiagnostics-color=always -D_FILE_OFFSET_BITS=64 -Wall -Winvalid-pch -std=gnu99 -Wdeclaration-after-statement -fno-strict-aliasing -fvisibility=hidden -Wundef -ftrapping-math -Wno-unused-local-typedefs -DHAVE_CONFIG_H -O2 -m64 -march=x86-64 -mtune=generic -fPIE -fopenmp -pthread -MD -MQ test/prng-test.p/prng-test.c.o -MF test/prng-test.p/prng-test.c.o.d -o test/prng-test.p/prng-test.c.o -c ../test/prng-test.c
[32/118] cc -Itest/a1-trap-test.p -Itest -I../test -Ipixman -I../pixman -Itest/utils -I../test/utils -I/usr/include/libpng16 -fdiagnostics-color=always -D_FILE_OFFSET_BITS=64 -Wall -Winvalid-pch -std=gnu99 -Wdeclaration-after-statement -fno-strict-aliasing -fvisibility=hidden -Wundef -ftrapping-math -Wno-unused-local-typedefs -DHAVE_CONFIG_H -O2 -m64 -march=x86-64 -mtune=generic -fPIE -fopenmp -pthread -MD -MQ test/a1-trap-test.p/a1-trap-test.c.o -MF test/a1-trap-test.p/a1-trap-test.c.o.d -o test/a1-trap-test.p/a1-trap-test.c.o -c ../test/a1-trap-test.c
[33/118] cc -Itest/fetch-test.p -Itest -I../test -Ipixman -I../pixman -Itest/utils -I../test/utils -I/usr/include/libpng16 -fdiagnostics-color=always -D_FILE_OFFSET_BITS=64 -Wall -Winvalid-pch -std=gnu99 -Wdeclaration-after-statement -fno-strict-aliasing -fvisibility=hidden -Wundef -ftrapping-math -Wno-unused-local-typedefs -DHAVE_CONFIG_H -O2 -m64 -march=x86-64 -mtune=generic -fPIE -fopenmp -pthread -MD -MQ test/fetch-test.p/fetch-test.c.o -MF test/fetch-test.p/fetch-test.c.o.d -o test/fetch-test.p/fetch-test.c.o -c ../test/fetch-test.c
[34/118] cc -Itest/region-translate-test.p -Itest -I../test -Ipixman -I../pixman -Itest/utils -I../test/utils -I/usr/include/libpng16 -fdiagnostics-color=always -D_FILE_OFFSET_BITS=64 -Wall -Winvalid-pch -std=gnu99 -Wdeclaration-after-statement -fno-strict-aliasing -fvisibility=hidden -Wundef -ftrapping-math -Wno-unused-local-typedefs -DHAVE_CONFIG_H -O2 -m64 -march=x86-64 -mtune=generic -fPIE -fopenmp -pthread -MD -MQ test/region-translate-test.p/region-translate-test.c.o -MF test/region-translate-test.p/region-translate-test.c.o.d -o test/region-translate-test.p/region-translate-test.c.o -c ../test/region-translate-test.c
[35/118] cc -Itest/fence-image-self-test.p -Itest -I../test -Ipixman -I../pixman -Itest/utils -I../test/utils -I/usr/include/libpng16 -fdiagnostics-color=always -D_FILE_OFFSET_BITS=64 -Wall -Winvalid-pch -std=gnu99 -Wdeclaration-after-statement -fno-strict-aliasing -fvisibility=hidden -Wundef -ftrapping-math -Wno-unused-local-typedefs -DHAVE_CONFIG_H -O2 -m64 -march=x86-64 -mtune=generic -fPIE -fopenmp -pthread -MD -MQ test/fence-image-self-test.p/fence-image-self-test.c.o -MF test/fence-image-self-test.p/fence-image-self-test.c.o.d -o test/fence-image-self-test.p/fence-image-self-test.c.o -c ../test/fence-image-self-test.c
[36/118] cc -Itest/trap-crasher.p -Itest -I../test -Ipixman -I../pixman -Itest/utils -I../test/utils -I/usr/include/libpng16 -fdiagnostics-color=always -D_FILE_OFFSET_BITS=64 -Wall -Winvalid-pch -std=gnu99 -Wdeclaration-after-statement -fno-strict-aliasing -fvisibility=hidden -Wundef -ftrapping-math -Wno-unused-local-typedefs -DHAVE_CONFIG_H -O2 -m64 -march=x86-64 -mtune=generic -fPIE -fopenmp -pthread -MD -MQ test/trap-crasher.p/trap-crasher.c.o -MF test/trap-crasher.p/trap-crasher.c.o.d -o test/trap-crasher.p/trap-crasher.c.o -c ../test/trap-crasher.c
[37/118] cc -Itest/infinite-loop.p -Itest -I../test -Ipixman -I../pixman -Itest/utils -I../test/utils -I/usr/include/libpng16 -fdiagnostics-color=always -D_FILE_OFFSET_BITS=64 -Wall -Winvalid-pch -std=gnu99 -Wdeclaration-after-statement -fno-strict-aliasing -fvisibility=hidden -Wundef -ftrapping-math -Wno-unused-local-typedefs -DHAVE_CONFIG_H -O2 -m64 -march=x86-64 -mtune=generic -fPIE -fopenmp -pthread -MD -MQ test/infinite-loop.p/infinite-loop.c.o -MF test/infinite-loop.p/infinite-loop.c.o.d -o test/infinite-loop.p/infinite-loop.c.o -c ../test/infinite-loop.c
[38/118] cc -Itest/utils/libtestutils.a.p -Itest/utils -I../test/utils -Ipixman -I../pixman -I/usr/include/libpng16 -fdiagnostics-color=always -D_FILE_OFFSET_BITS=64 -Wall -Winvalid-pch -std=gnu99 -Wdeclaration-after-statement -fno-strict-aliasing -fvisibility=hidden -Wundef -ftrapping-math -Wno-unused-local-typedefs -DHAVE_CONFIG_H -O2 -m64 -march=x86-64 -mtune=generic -fPIC -fopenmp -MD -MQ test/utils/libtestutils.a.p/utils-prng.c.o -MF test/utils/libtestutils.a.p/utils-prng.c.o.d -o test/utils/libtestutils.a.p/utils-prng.c.o -c ../test/utils/utils-prng.c
[39/118] cc -Itest/utils/libtestutils.a.p -Itest/utils -I../test/utils -Ipixman -I../pixman -I/usr/include/libpng16 -fdiagnostics-color=always -D_FILE_OFFSET_BITS=64 -Wall -Winvalid-pch -std=gnu99 -Wdeclaration-after-statement -fno-strict-aliasing -fvisibility=hidden -Wundef -ftrapping-math -Wno-unused-local-typedefs -DHAVE_CONFIG_H -O2 -m64 -march=x86-64 -mtune=generic -fPIC -fopenmp -MD -MQ test/utils/libtestutils.a.p/utils.c.o -MF test/utils/libtestutils.a.p/utils.c.o.d -o test/utils/libtestutils.a.p/utils.c.o -c ../test/utils/utils.c
[40/118] cc -Ipixman/libpixman-ssse3.a.p -Ipixman -I../pixman -fdiagnostics-color=always -D_FILE_OFFSET_BITS=64 -Wall -Winvalid-pch -std=gnu99 -Wdeclaration-after-statement -fno-strict-aliasing -fvisibility=hidden -Wundef -ftrapping-math -Wno-unused-local-typedefs -DHAVE_CONFIG_H -O2 -m64 -march=x86-64 -mtune=generic -fPIC -mssse3 -Winline -MD -MQ pixman/libpixman-ssse3.a.p/pixman-ssse3.c.o -MF pixman/libpixman-ssse3.a.p/pixman-ssse3.c.o.d -o pixman/libpixman-ssse3.a.p/pixman-ssse3.c.o -c ../pixman/pixman-ssse3.c
[41/118] cc -Ipixman/libpixman-sse2.a.p -Ipixman -I../pixman -fdiagnostics-color=always -D_FILE_OFFSET_BITS=64 -Wall -Winvalid-pch -std=gnu99 -Wdeclaration-after-statement -fno-strict-aliasing -fvisibility=hidden -Wundef -ftrapping-math -Wno-unused-local-typedefs -DHAVE_CONFIG_H -O2 -m64 -march=x86-64 -mtune=generic -fPIC -msse2 -Winline -MD -MQ pixman/libpixman-sse2.a.p/pixman-sse2.c.o -MF pixman/libpixman-sse2.a.p/pixman-sse2.c.o.d -o pixman/libpixman-sse2.a.p/pixman-sse2.c.o -c ../pixman/pixman-sse2.c
[42/118] cc -Ipixman/libpixman-mmx.a.p -Ipixman -I../pixman -fdiagnostics-color=always -D_FILE_OFFSET_BITS=64 -Wall -Winvalid-pch -std=gnu99 -Wdeclaration-after-statement -fno-strict-aliasing -fvisibility=hidden -Wundef -ftrapping-math -Wno-unused-local-typedefs -DHAVE_CONFIG_H -O2 -m64 -march=x86-64 -mtune=generic -fPIC -mmmx -Winline -MD -MQ pixman/libpixman-mmx.a.p/pixman-mmx.c.o -MF pixman/libpixman-mmx.a.p/pixman-mmx.c.o.d -o pixman/libpixman-mmx.a.p/pixman-mmx.c.o -c ../pixman/pixman-mmx.c
[43/118] cc -Ipixman/libpixman-1.so.0.43.4.p -Ipixman -I../pixman -fdiagnostics-color=always -D_FILE_OFFSET_BITS=64 -Wall -Winvalid-pch -std=gnu99 -Wdeclaration-after-statement -fno-strict-aliasing -fvisibility=hidden -Wundef -ftrapping-math -Wno-unused-local-typedefs -DHAVE_CONFIG_H -O2 -m64 -march=x86-64 -mtune=generic -fPIC -pthread -MD -MQ pixman/libpixman-1.so.0.43.4.p/pixman-utils.c.o -MF pixman/libpixman-1.so.0.43.4.p/pixman-utils.c.o.d -o pixman/libpixman-1.so.0.43.4.p/pixman-utils.c.o -c ../pixman/pixman-utils.c
[44/118] cc -Ipixman/libpixman-1.so.0.43.4.p -Ipixman -I../pixman -fdiagnostics-color=always -D_FILE_OFFSET_BITS=64 -Wall -Winvalid-pch -std=gnu99 -Wdeclaration-after-statement -fno-strict-aliasing -fvisibility=hidden -Wundef -ftrapping-math -Wno-unused-local-typedefs -DHAVE_CONFIG_H -O2 -m64 -march=x86-64 -mtune=generic -fPIC -pthread -MD -MQ pixman/libpixman-1.so.0.43.4.p/pixman-trap.c.o -MF pixman/libpixman-1.so.0.43.4.p/pixman-trap.c.o.d -o pixman/libpixman-1.so.0.43.4.p/pixman-trap.c.o -c ../pixman/pixman-trap.c
[45/118] cc -Ipixman/libpixman-1.so.0.43.4.p -Ipixman -I../pixman -fdiagnostics-color=always -D_FILE_OFFSET_BITS=64 -Wall -Winvalid-pch -std=gnu99 -Wdeclaration-after-statement -fno-strict-aliasing -fvisibility=hidden -Wundef -ftrapping-math -Wno-unused-local-typedefs -DHAVE_CONFIG_H -O2 -m64 -march=x86-64 -mtune=generic -fPIC -pthread -MD -MQ pixman/libpixman-1.so.0.43.4.p/pixman-timer.c.o -MF pixman/libpixman-1.so.0.43.4.p/pixman-timer.c.o.d -o pixman/libpixman-1.so.0.43.4.p/pixman-timer.c.o -c ../pixman/pixman-timer.c
[46/118] cc -Ipixman/libpixman-1.so.0.43.4.p -Ipixman -I../pixman -fdiagnostics-color=always -D_FILE_OFFSET_BITS=64 -Wall -Winvalid-pch -std=gnu99 -Wdeclaration-after-statement -fno-strict-aliasing -fvisibility=hidden -Wundef -ftrapping-math -Wno-unused-local-typedefs -DHAVE_CONFIG_H -O2 -m64 -march=x86-64 -mtune=generic -fPIC -pthread -MD -MQ pixman/libpixman-1.so.0.43.4.p/pixman-solid-fill.c.o -MF pixman/libpixman-1.so.0.43.4.p/pixman-solid-fill.c.o.d -o pixman/libpixman-1.so.0.43.4.p/pixman-solid-fill.c.o -c ../pixman/pixman-solid-fill.c
[47/118] cc -Ipixman/libpixman-1.so.0.43.4.p -Ipixman -I../pixman -fdiagnostics-color=always -D_FILE_OFFSET_BITS=64 -Wall -Winvalid-pch -std=gnu99 -Wdeclaration-after-statement -fno-strict-aliasing -fvisibility=hidden -Wundef -ftrapping-math -Wno-unused-local-typedefs -DHAVE_CONFIG_H -O2 -m64 -march=x86-64 -mtune=generic -fPIC -pthread -MD -MQ pixman/libpixman-1.so.0.43.4.p/pixman-region32.c.o -MF pixman/libpixman-1.so.0.43.4.p/pixman-region32.c.o.d -o pixman/libpixman-1.so.0.43.4.p/pixman-region32.c.o -c ../pixman/pixman-region32.c
[48/118] rm -f pixman/libpixman-ssse3.a && gcc-ar csrDT pixman/libpixman-ssse3.a pixman/libpixman-ssse3.a.p/pixman-ssse3.c.o
[49/118] cc -Ipixman/libpixman-1.so.0.43.4.p -Ipixman -I../pixman -fdiagnostics-color=always -D_FILE_OFFSET_BITS=64 -Wall -Winvalid-pch -std=gnu99 -Wdeclaration-after-statement -fno-strict-aliasing -fvisibility=hidden -Wundef -ftrapping-math -Wno-unused-local-typedefs -DHAVE_CONFIG_H -O2 -m64 -march=x86-64 -mtune=generic -fPIC -pthread -MD -MQ pixman/libpixman-1.so.0.43.4.p/pixman-region16.c.o -MF pixman/libpixman-1.so.0.43.4.p/pixman-region16.c.o.d -o pixman/libpixman-1.so.0.43.4.p/pixman-region16.c.o -c ../pixman/pixman-region16.c
[50/118] cc -Ipixman/libpixman-1.so.0.43.4.p -Ipixman -I../pixman -fdiagnostics-color=always -D_FILE_OFFSET_BITS=64 -Wall -Winvalid-pch -std=gnu99 -Wdeclaration-after-statement -fno-strict-aliasing -fvisibility=hidden -Wundef -ftrapping-math -Wno-unused-local-typedefs -DHAVE_CONFIG_H -O2 -m64 -march=x86-64 -mtune=generic -fPIC -pthread -MD -MQ pixman/libpixman-1.so.0.43.4.p/pixman-radial-gradient.c.o -MF pixman/libpixman-1.so.0.43.4.p/pixman-radial-gradient.c.o.d -o pixman/libpixman-1.so.0.43.4.p/pixman-radial-gradient.c.o -c ../pixman/pixman-radial-gradient.c
[51/118] cc -Ipixman/libpixman-1.so.0.43.4.p -Ipixman -I../pixman -fdiagnostics-color=always -D_FILE_OFFSET_BITS=64 -Wall -Winvalid-pch -std=gnu99 -Wdeclaration-after-statement -fno-strict-aliasing -fvisibility=hidden -Wundef -ftrapping-math -Wno-unused-local-typedefs -DHAVE_CONFIG_H -O2 -m64 -march=x86-64 -mtune=generic -fPIC -pthread -MD -MQ pixman/libpixman-1.so.0.43.4.p/pixman-noop.c.o -MF pixman/libpixman-1.so.0.43.4.p/pixman-noop.c.o.d -o pixman/libpixman-1.so.0.43.4.p/pixman-noop.c.o -c ../pixman/pixman-noop.c
[52/118] cc -Ipixman/libpixman-1.so.0.43.4.p -Ipixman -I../pixman -fdiagnostics-color=always -D_FILE_OFFSET_BITS=64 -Wall -Winvalid-pch -std=gnu99 -Wdeclaration-after-statement -fno-strict-aliasing -fvisibility=hidden -Wundef -ftrapping-math -Wno-unused-local-typedefs -DHAVE_CONFIG_H -O2 -m64 -march=x86-64 -mtune=generic -fPIC -pthread -MD -MQ pixman/libpixman-1.so.0.43.4.p/pixman-matrix.c.o -MF pixman/libpixman-1.so.0.43.4.p/pixman-matrix.c.o.d -o pixman/libpixman-1.so.0.43.4.p/pixman-matrix.c.o -c ../pixman/pixman-matrix.c
[53/118] cc -Ipixman/libpixman-1.so.0.43.4.p -Ipixman -I../pixman -fdiagnostics-color=always -D_FILE_OFFSET_BITS=64 -Wall -Winvalid-pch -std=gnu99 -Wdeclaration-after-statement -fno-strict-aliasing -fvisibility=hidden -Wundef -ftrapping-math -Wno-unused-local-typedefs -DHAVE_CONFIG_H -O2 -m64 -march=x86-64 -mtune=generic -fPIC -pthread -MD -MQ pixman/libpixman-1.so.0.43.4.p/pixman-linear-gradient.c.o -MF pixman/libpixman-1.so.0.43.4.p/pixman-linear-gradient.c.o.d -o pixman/libpixman-1.so.0.43.4.p/pixman-linear-gradient.c.o -c ../pixman/pixman-linear-gradient.c
[54/118] cc -Ipixman/libpixman-1.so.0.43.4.p -Ipixman -I../pixman -fdiagnostics-color=always -D_FILE_OFFSET_BITS=64 -Wall -Winvalid-pch -std=gnu99 -Wdeclaration-after-statement -fno-strict-aliasing -fvisibility=hidden -Wundef -ftrapping-math -Wno-unused-local-typedefs -DHAVE_CONFIG_H -O2 -m64 -march=x86-64 -mtune=generic -fPIC -pthread -MD -MQ pixman/libpixman-1.so.0.43.4.p/pixman-implementation.c.o -MF pixman/libpixman-1.so.0.43.4.p/pixman-implementation.c.o.d -o pixman/libpixman-1.so.0.43.4.p/pixman-implementation.c.o -c ../pixman/pixman-implementation.c
[55/118] cc -Ipixman/libpixman-1.so.0.43.4.p -Ipixman -I../pixman -fdiagnostics-color=always -D_FILE_OFFSET_BITS=64 -Wall -Winvalid-pch -std=gnu99 -Wdeclaration-after-statement -fno-strict-aliasing -fvisibility=hidden -Wundef -ftrapping-math -Wno-unused-local-typedefs -DHAVE_CONFIG_H -O2 -m64 -march=x86-64 -mtune=generic -fPIC -pthread -MD -MQ pixman/libpixman-1.so.0.43.4.p/pixman-image.c.o -MF pixman/libpixman-1.so.0.43.4.p/pixman-image.c.o.d -o pixman/libpixman-1.so.0.43.4.p/pixman-image.c.o -c ../pixman/pixman-image.c
[56/118] cc -Ipixman/libpixman-1.so.0.43.4.p -Ipixman -I../pixman -fdiagnostics-color=always -D_FILE_OFFSET_BITS=64 -Wall -Winvalid-pch -std=gnu99 -Wdeclaration-after-statement -fno-strict-aliasing -fvisibility=hidden -Wundef -ftrapping-math -Wno-unused-local-typedefs -DHAVE_CONFIG_H -O2 -m64 -march=x86-64 -mtune=generic -fPIC -pthread -MD -MQ pixman/libpixman-1.so.0.43.4.p/pixman-gradient-walker.c.o -MF pixman/libpixman-1.so.0.43.4.p/pixman-gradient-walker.c.o.d -o pixman/libpixman-1.so.0.43.4.p/pixman-gradient-walker.c.o -c ../pixman/pixman-gradient-walker.c
[57/118] cc -Ipixman/libpixman-1.so.0.43.4.p -Ipixman -I../pixman -fdiagnostics-color=always -D_FILE_OFFSET_BITS=64 -Wall -Winvalid-pch -std=gnu99 -Wdeclaration-after-statement -fno-strict-aliasing -fvisibility=hidden -Wundef -ftrapping-math -Wno-unused-local-typedefs -DHAVE_CONFIG_H -O2 -m64 -march=x86-64 -mtune=generic -fPIC -pthread -MD -MQ pixman/libpixman-1.so.0.43.4.p/pixman-general.c.o -MF pixman/libpixman-1.so.0.43.4.p/pixman-general.c.o.d -o pixman/libpixman-1.so.0.43.4.p/pixman-general.c.o -c ../pixman/pixman-general.c
[58/118] cc -Ipixman/libpixman-1.so.0.43.4.p -Ipixman -I../pixman -fdiagnostics-color=always -D_FILE_OFFSET_BITS=64 -Wall -Winvalid-pch -std=gnu99 -Wdeclaration-after-statement -fno-strict-aliasing -fvisibility=hidden -Wundef -ftrapping-math -Wno-unused-local-typedefs -DHAVE_CONFIG_H -O2 -m64 -march=x86-64 -mtune=generic -fPIC -pthread -MD -MQ pixman/libpixman-1.so.0.43.4.p/pixman-glyph.c.o -MF pixman/libpixman-1.so.0.43.4.p/pixman-glyph.c.o.d -o pixman/libpixman-1.so.0.43.4.p/pixman-glyph.c.o -c ../pixman/pixman-glyph.c
[59/118] cc -Ipixman/libpixman-1.so.0.43.4.p -Ipixman -I../pixman -fdiagnostics-color=always -D_FILE_OFFSET_BITS=64 -Wall -Winvalid-pch -std=gnu99 -Wdeclaration-after-statement -fno-strict-aliasing -fvisibility=hidden -Wundef -ftrapping-math -Wno-unused-local-typedefs -DHAVE_CONFIG_H -O2 -m64 -march=x86-64 -mtune=generic -fPIC -pthread -MD -MQ pixman/libpixman-1.so.0.43.4.p/pixman-fast-path.c.o -MF pixman/libpixman-1.so.0.43.4.p/pixman-fast-path.c.o.d -o pixman/libpixman-1.so.0.43.4.p/pixman-fast-path.c.o -c ../pixman/pixman-fast-path.c
[60/118] rm -f test/utils/libtestutils.a && gcc-ar csrDT test/utils/libtestutils.a test/utils/libtestutils.a.p/utils.c.o test/utils/libtestutils.a.p/utils-prng.c.o
[61/118] cc -Ipixman/libpixman-1.so.0.43.4.p -Ipixman -I../pixman -fdiagnostics-color=always -D_FILE_OFFSET_BITS=64 -Wall -Winvalid-pch -std=gnu99 -Wdeclaration-after-statement -fno-strict-aliasing -fvisibility=hidden -Wundef -ftrapping-math -Wno-unused-local-typedefs -DHAVE_CONFIG_H -O2 -m64 -march=x86-64 -mtune=generic -fPIC -pthread -MD -MQ pixman/libpixman-1.so.0.43.4.p/pixman-edge-accessors.c.o -MF pixman/libpixman-1.so.0.43.4.p/pixman-edge-accessors.c.o.d -o pixman/libpixman-1.so.0.43.4.p/pixman-edge-accessors.c.o -c ../pixman/pixman-edge-accessors.c
[62/118] cc -Ipixman/libpixman-1.so.0.43.4.p -Ipixman -I../pixman -fdiagnostics-color=always -D_FILE_OFFSET_BITS=64 -Wall -Winvalid-pch -std=gnu99 -Wdeclaration-after-statement -fno-strict-aliasing -fvisibility=hidden -Wundef -ftrapping-math -Wno-unused-local-typedefs -DHAVE_CONFIG_H -O2 -m64 -march=x86-64 -mtune=generic -fPIC -pthread -MD -MQ pixman/libpixman-1.so.0.43.4.p/pixman-edge.c.o -MF pixman/libpixman-1.so.0.43.4.p/pixman-edge.c.o.d -o pixman/libpixman-1.so.0.43.4.p/pixman-edge.c.o -c ../pixman/pixman-edge.c
[63/118] cc -Ipixman/libpixman-1.so.0.43.4.p -Ipixman -I../pixman -fdiagnostics-color=always -D_FILE_OFFSET_BITS=64 -Wall -Winvalid-pch -std=gnu99 -Wdeclaration-after-statement -fno-strict-aliasing -fvisibility=hidden -Wundef -ftrapping-math -Wno-unused-local-typedefs -DHAVE_CONFIG_H -O2 -m64 -march=x86-64 -mtune=generic -fPIC -pthread -MD -MQ pixman/libpixman-1.so.0.43.4.p/pixman-ppc.c.o -MF pixman/libpixman-1.so.0.43.4.p/pixman-ppc.c.o.d -o pixman/libpixman-1.so.0.43.4.p/pixman-ppc.c.o -c ../pixman/pixman-ppc.c
[64/118] cc -Ipixman/libpixman-1.so.0.43.4.p -Ipixman -I../pixman -fdiagnostics-color=always -D_FILE_OFFSET_BITS=64 -Wall -Winvalid-pch -std=gnu99 -Wdeclaration-after-statement -fno-strict-aliasing -fvisibility=hidden -Wundef -ftrapping-math -Wno-unused-local-typedefs -DHAVE_CONFIG_H -O2 -m64 -march=x86-64 -mtune=generic -fPIC -pthread -MD -MQ pixman/libpixman-1.so.0.43.4.p/pixman-arm.c.o -MF pixman/libpixman-1.so.0.43.4.p/pixman-arm.c.o.d -o pixman/libpixman-1.so.0.43.4.p/pixman-arm.c.o -c ../pixman/pixman-arm.c
[65/118] cc -Ipixman/libpixman-1.so.0.43.4.p -Ipixman -I../pixman -fdiagnostics-color=always -D_FILE_OFFSET_BITS=64 -Wall -Winvalid-pch -std=gnu99 -Wdeclaration-after-statement -fno-strict-aliasing -fvisibility=hidden -Wundef -ftrapping-math -Wno-unused-local-typedefs -DHAVE_CONFIG_H -O2 -m64 -march=x86-64 -mtune=generic -fPIC -pthread -MD -MQ pixman/libpixman-1.so.0.43.4.p/pixman-mips.c.o -MF pixman/libpixman-1.so.0.43.4.p/pixman-mips.c.o.d -o pixman/libpixman-1.so.0.43.4.p/pixman-mips.c.o -c ../pixman/pixman-mips.c
[66/118] cc -Ipixman/libpixman-1.so.0.43.4.p -Ipixman -I../pixman -fdiagnostics-color=always -D_FILE_OFFSET_BITS=64 -Wall -Winvalid-pch -std=gnu99 -Wdeclaration-after-statement -fno-strict-aliasing -fvisibility=hidden -Wundef -ftrapping-math -Wno-unused-local-typedefs -DHAVE_CONFIG_H -O2 -m64 -march=x86-64 -mtune=generic -fPIC -pthread -MD -MQ pixman/libpixman-1.so.0.43.4.p/pixman-x86.c.o -MF pixman/libpixman-1.so.0.43.4.p/pixman-x86.c.o.d -o pixman/libpixman-1.so.0.43.4.p/pixman-x86.c.o -c ../pixman/pixman-x86.c
[67/118] cc -Ipixman/libpixman-1.so.0.43.4.p -Ipixman -I../pixman -fdiagnostics-color=always -D_FILE_OFFSET_BITS=64 -Wall -Winvalid-pch -std=gnu99 -Wdeclaration-after-statement -fno-strict-aliasing -fvisibility=hidden -Wundef -ftrapping-math -Wno-unused-local-typedefs -DHAVE_CONFIG_H -O2 -m64 -march=x86-64 -mtune=generic -fPIC -pthread -MD -MQ pixman/libpixman-1.so.0.43.4.p/pixman-filter.c.o -MF pixman/libpixman-1.so.0.43.4.p/pixman-filter.c.o.d -o pixman/libpixman-1.so.0.43.4.p/pixman-filter.c.o -c ../pixman/pixman-filter.c
[68/118] cc -Ipixman/libpixman-1.so.0.43.4.p -Ipixman -I../pixman -fdiagnostics-color=always -D_FILE_OFFSET_BITS=64 -Wall -Winvalid-pch -std=gnu99 -Wdeclaration-after-statement -fno-strict-aliasing -fvisibility=hidden -Wundef -ftrapping-math -Wno-unused-local-typedefs -DHAVE_CONFIG_H -O2 -m64 -march=x86-64 -mtune=generic -fPIC -pthread -MD -MQ pixman/libpixman-1.so.0.43.4.p/pixman-conical-gradient.c.o -MF pixman/libpixman-1.so.0.43.4.p/pixman-conical-gradient.c.o.d -o pixman/libpixman-1.so.0.43.4.p/pixman-conical-gradient.c.o -c ../pixman/pixman-conical-gradient.c
[69/118] cc -Ipixman/libpixman-1.so.0.43.4.p -Ipixman -I../pixman -fdiagnostics-color=always -D_FILE_OFFSET_BITS=64 -Wall -Winvalid-pch -std=gnu99 -Wdeclaration-after-statement -fno-strict-aliasing -fvisibility=hidden -Wundef -ftrapping-math -Wno-unused-local-typedefs -DHAVE_CONFIG_H -O2 -m64 -march=x86-64 -mtune=generic -fPIC -pthread -MD -MQ pixman/libpixman-1.so.0.43.4.p/pixman-combine-float.c.o -MF pixman/libpixman-1.so.0.43.4.p/pixman-combine-float.c.o.d -o pixman/libpixman-1.so.0.43.4.p/pixman-combine-float.c.o -c ../pixman/pixman-combine-float.c
[70/118] cc -Ipixman/libpixman-1.so.0.43.4.p -Ipixman -I../pixman -fdiagnostics-color=always -D_FILE_OFFSET_BITS=64 -Wall -Winvalid-pch -std=gnu99 -Wdeclaration-after-statement -fno-strict-aliasing -fvisibility=hidden -Wundef -ftrapping-math -Wno-unused-local-typedefs -DHAVE_CONFIG_H -O2 -m64 -march=x86-64 -mtune=generic -fPIC -pthread -MD -MQ pixman/libpixman-1.so.0.43.4.p/pixman-combine32.c.o -MF pixman/libpixman-1.so.0.43.4.p/pixman-combine32.c.o.d -o pixman/libpixman-1.so.0.43.4.p/pixman-combine32.c.o -c ../pixman/pixman-combine32.c
[71/118] cc -Ipixman/libpixman-1.so.0.43.4.p -Ipixman -I../pixman -fdiagnostics-color=always -D_FILE_OFFSET_BITS=64 -Wall -Winvalid-pch -std=gnu99 -Wdeclaration-after-statement -fno-strict-aliasing -fvisibility=hidden -Wundef -ftrapping-math -Wno-unused-local-typedefs -DHAVE_CONFIG_H -O2 -m64 -march=x86-64 -mtune=generic -fPIC -pthread -MD -MQ pixman/libpixman-1.so.0.43.4.p/pixman-bits-image.c.o -MF pixman/libpixman-1.so.0.43.4.p/pixman-bits-image.c.o.d -o pixman/libpixman-1.so.0.43.4.p/pixman-bits-image.c.o -c ../pixman/pixman-bits-image.c
[72/118] cc -Ipixman/libpixman-1.so.0.43.4.p -Ipixman -I../pixman -fdiagnostics-color=always -D_FILE_OFFSET_BITS=64 -Wall -Winvalid-pch -std=gnu99 -Wdeclaration-after-statement -fno-strict-aliasing -fvisibility=hidden -Wundef -ftrapping-math -Wno-unused-local-typedefs -DHAVE_CONFIG_H -O2 -m64 -march=x86-64 -mtune=generic -fPIC -pthread -MD -MQ pixman/libpixman-1.so.0.43.4.p/pixman-access-accessors.c.o -MF pixman/libpixman-1.so.0.43.4.p/pixman-access-accessors.c.o.d -o pixman/libpixman-1.so.0.43.4.p/pixman-access-accessors.c.o -c ../pixman/pixman-access-accessors.c
[73/118] cc -Ipixman/libpixman-1.so.0.43.4.p -Ipixman -I../pixman -fdiagnostics-color=always -D_FILE_OFFSET_BITS=64 -Wall -Winvalid-pch -std=gnu99 -Wdeclaration-after-statement -fno-strict-aliasing -fvisibility=hidden -Wundef -ftrapping-math -Wno-unused-local-typedefs -DHAVE_CONFIG_H -O2 -m64 -march=x86-64 -mtune=generic -fPIC -pthread -MD -MQ pixman/libpixman-1.so.0.43.4.p/pixman-access.c.o -MF pixman/libpixman-1.so.0.43.4.p/pixman-access.c.o.d -o pixman/libpixman-1.so.0.43.4.p/pixman-access.c.o -c ../pixman/pixman-access.c
[74/118] cc -Ipixman/libpixman-1.so.0.43.4.p -Ipixman -I../pixman -fdiagnostics-color=always -D_FILE_OFFSET_BITS=64 -Wall -Winvalid-pch -std=gnu99 -Wdeclaration-after-statement -fno-strict-aliasing -fvisibility=hidden -Wundef -ftrapping-math -Wno-unused-local-typedefs -DHAVE_CONFIG_H -O2 -m64 -march=x86-64 -mtune=generic -fPIC -pthread -MD -MQ pixman/libpixman-1.so.0.43.4.p/pixman.c.o -MF pixman/libpixman-1.so.0.43.4.p/pixman.c.o.d -o pixman/libpixman-1.so.0.43.4.p/pixman.c.o -c ../pixman/pixman.c
[75/118] cc -Itest/oob-test.p -Itest -I../test -Ipixman -I../pixman -Itest/utils -I../test/utils -I/usr/include/libpng16 -fdiagnostics-color=always -D_FILE_OFFSET_BITS=64 -Wall -Winvalid-pch -std=gnu99 -Wdeclaration-after-statement -fno-strict-aliasing -fvisibility=hidden -Wundef -ftrapping-math -Wno-unused-local-typedefs -DHAVE_CONFIG_H -O2 -m64 -march=x86-64 -mtune=generic -fPIE -fopenmp -pthread -MD -MQ test/oob-test.p/oob-test.c.o -MF test/oob-test.p/oob-test.c.o.d -o test/oob-test.p/oob-test.c.o -c ../test/oob-test.c
[01m[K../pixman/pixman.c:[m[K In function '[01m[Kpixman_image_fill_rectangles[m[K':
[01m[K../pixman/pixman.c:866:14:[m[K [01;35m[Kwarning: [m[K'[01m[Kstack_boxes[m[K' may be used uninitialized [[01;35m[K-Wmaybe-uninitialized[m[K]
  866 |     result = [01;35m[Kpixman_image_fill_boxes (op, dest, color, n_rects, boxes)[m[K;
      |              [01;35m[K^~~~~~~~~~~~~~~~~~~~~~~~~~~~~~~~~~~~~~~~~~~~~~~~~~~~~~~~~[m[K
[01m[K../pixman/pixman.c:875:1:[m[K [01;36m[Knote: [m[Kby argument 5 of type '[01m[Kconst pixman_box32_t *[m[K' {aka '[01m[Kconst struct pixman_box32 *[m[K'} to '[01m[Kpixman_image_fill_boxes[m[K' declared here
  875 | [01;36m[Kpixman_image_fill_boxes[m[K (pixman_op_t           op,
      | [01;36m[K^~~~~~~~~~~~~~~~~~~~~~~[m[K
[01m[K../pixman/pixman.c:842:20:[m[K [01;36m[Knote: [m[K'[01m[Kstack_boxes[m[K' declared here
  842 |     pixman_box32_t [01;36m[Kstack_boxes[m[K[6];
      |                    [01;36m[K^~~~~~~~~~~[m[K
[76/118] rm -f pixman/libpixman-mmx.a && gcc-ar csrDT pixman/libpixman-mmx.a pixman/libpixman-mmx.a.p/pixman-mmx.c.o
[77/118] rm -f pixman/libpixman-sse2.a && gcc-ar csrDT pixman/libpixman-sse2.a pixman/libpixman-sse2.a.p/pixman-sse2.c.o
[78/118] rm -f pixman/libpixman-1.a && gcc-ar csrD pixman/libpixman-1.a pixman/libpixman-mmx.a.p/pixman-mmx.c.o pixman/libpixman-sse2.a.p/pixman-sse2.c.o pixman/libpixman-ssse3.a.p/pixman-ssse3.c.o pixman/libpixman-1.so.0.43.4.p/pixman.c.o pixman/libpixman-1.so.0.43.4.p/pixman-access.c.o pixman/libpixman-1.so.0.43.4.p/pixman-access-accessors.c.o pixman/libpixman-1.so.0.43.4.p/pixman-bits-image.c.o pixman/libpixman-1.so.0.43.4.p/pixman-combine32.c.o pixman/libpixman-1.so.0.43.4.p/pixman-combine-float.c.o pixman/libpixman-1.so.0.43.4.p/pixman-conical-gradient.c.o pixman/libpixman-1.so.0.43.4.p/pixman-filter.c.o pixman/libpixman-1.so.0.43.4.p/pixman-x86.c.o pixman/libpixman-1.so.0.43.4.p/pixman-mips.c.o pixman/libpixman-1.so.0.43.4.p/pixman-arm.c.o pixman/libpixman-1.so.0.43.4.p/pixman-ppc.c.o pixman/libpixman-1.so.0.43.4.p/pixman-edge.c.o pixman/libpixman-1.so.0.43.4.p/pixman-edge-accessors.c.o pixman/libpixman-1.so.0.43.4.p/pixman-fast-path.c.o pixman/libpixman-1.so.0.43.4.p/pixman-glyph.c.o pixman/libpixman-1.so.0.43.4.p/pixman-general.c.o pixman/libpixman-1.so.0.43.4.p/pixman-gradient-walker.c.o pixman/libpixman-1.so.0.43.4.p/pixman-image.c.o pixman/libpixman-1.so.0.43.4.p/pixman-implementation.c.o pixman/libpixman-1.so.0.43.4.p/pixman-linear-gradient.c.o pixman/libpixman-1.so.0.43.4.p/pixman-matrix.c.o pixman/libpixman-1.so.0.43.4.p/pixman-noop.c.o pixman/libpixman-1.so.0.43.4.p/pixman-radial-gradient.c.o pixman/libpixman-1.so.0.43.4.p/pixman-region16.c.o pixman/libpixman-1.so.0.43.4.p/pixman-region32.c.o pixman/libpixman-1.so.0.43.4.p/pixman-solid-fill.c.o pixman/libpixman-1.so.0.43.4.p/pixman-timer.c.o pixman/libpixman-1.so.0.43.4.p/pixman-trap.c.o pixman/libpixman-1.so.0.43.4.p/pixman-utils.c.o
[79/118] cc  -o pixman/libpixman-1.so.0.43.4 pixman/libpixman-1.so.0.43.4.p/pixman.c.o pixman/libpixman-1.so.0.43.4.p/pixman-access.c.o pixman/libpixman-1.so.0.43.4.p/pixman-access-accessors.c.o pixman/libpixman-1.so.0.43.4.p/pixman-bits-image.c.o pixman/libpixman-1.so.0.43.4.p/pixman-combine32.c.o pixman/libpixman-1.so.0.43.4.p/pixman-combine-float.c.o pixman/libpixman-1.so.0.43.4.p/pixman-conical-gradient.c.o pixman/libpixman-1.so.0.43.4.p/pixman-filter.c.o pixman/libpixman-1.so.0.43.4.p/pixman-x86.c.o pixman/libpixman-1.so.0.43.4.p/pixman-mips.c.o pixman/libpixman-1.so.0.43.4.p/pixman-arm.c.o pixman/libpixman-1.so.0.43.4.p/pixman-ppc.c.o pixman/libpixman-1.so.0.43.4.p/pixman-edge.c.o pixman/libpixman-1.so.0.43.4.p/pixman-edge-accessors.c.o pixman/libpixman-1.so.0.43.4.p/pixman-fast-path.c.o pixman/libpixman-1.so.0.43.4.p/pixman-glyph.c.o pixman/libpixman-1.so.0.43.4.p/pixman-general.c.o pixman/libpixman-1.so.0.43.4.p/pixman-gradient-walker.c.o pixman/libpixman-1.so.0.43.4.p/pixman-image.c.o pixman/libpixman-1.so.0.43.4.p/pixman-implementation.c.o pixman/libpixman-1.so.0.43.4.p/pixman-linear-gradient.c.o pixman/libpixman-1.so.0.43.4.p/pixman-matrix.c.o pixman/libpixman-1.so.0.43.4.p/pixman-noop.c.o pixman/libpixman-1.so.0.43.4.p/pixman-radial-gradient.c.o pixman/libpixman-1.so.0.43.4.p/pixman-region16.c.o pixman/libpixman-1.so.0.43.4.p/pixman-region32.c.o pixman/libpixman-1.so.0.43.4.p/pixman-solid-fill.c.o pixman/libpixman-1.so.0.43.4.p/pixman-timer.c.o pixman/libpixman-1.so.0.43.4.p/pixman-trap.c.o pixman/libpixman-1.so.0.43.4.p/pixman-utils.c.o -Wl,--as-needed -Wl,--no-undefined -shared -fPIC -Wl,-soname,libpixman-1.so.0 -O2 -m64 -march=x86-64 -mtune=generic -Wl,--start-group pixman/libpixman-mmx.a pixman/libpixman-sse2.a pixman/libpixman-ssse3.a -lm -Wl,--end-group -pthread
[80/118] /usr/bin/meson --internal symbolextractor /home/devel/building/work/src/pixman-0.43.4/build pixman/libpixman-1.so.0.43.4 pixman/libpixman-1.so.0.43.4 pixman/libpixman-1.so.0.43.4.p/libpixman-1.so.0.43.4.symbols 
[81/118] cc  -o test/affine-bench test/affine-bench.p/affine-bench.c.o -Wl,--as-needed -Wl,--no-undefined -pie -O2 -m64 -march=x86-64 -mtune=generic '-Wl,-rpath,$ORIGIN/../pixman' -Wl,-rpath-link,/home/devel/building/work/src/pixman-0.43.4/build/pixman -Wl,--start-group pixman/libpixman-1.so.0.43.4 test/utils/libtestutils.a -fopenmp -fopenmp -lm /usr/lib/libpng16.so -Wl,--end-group
[82/118] cc  -o test/scaling-bench test/scaling-bench.p/scaling-bench.c.o -Wl,--as-needed -Wl,--no-undefined -pie -O2 -m64 -march=x86-64 -mtune=generic '-Wl,-rpath,$ORIGIN/../pixman' -Wl,-rpath-link,/home/devel/building/work/src/pixman-0.43.4/build/pixman -Wl,--start-group pixman/libpixman-1.so.0.43.4 test/utils/libtestutils.a -fopenmp -fopenmp -lm /usr/lib/libpng16.so -Wl,--end-group
[83/118] cc  -o test/check-formats test/check-formats.p/check-formats.c.o -Wl,--as-needed -Wl,--no-undefined -pie -O2 -m64 -march=x86-64 -mtune=generic '-Wl,-rpath,$ORIGIN/../pixman' -Wl,-rpath-link,/home/devel/building/work/src/pixman-0.43.4/build/pixman -Wl,--start-group pixman/libpixman-1.so.0.43.4 test/utils/libtestutils.a -fopenmp -fopenmp -lm /usr/lib/libpng16.so -Wl,--end-group
[84/118] cc  -o test/radial-perf-test test/radial-perf-test.p/radial-perf-test.c.o -Wl,--as-needed -Wl,--no-undefined -pie -O2 -m64 -march=x86-64 -mtune=generic '-Wl,-rpath,$ORIGIN/../pixman' -Wl,-rpath-link,/home/devel/building/work/src/pixman-0.43.4/build/pixman -Wl,--start-group pixman/libpixman-1.so.0.43.4 test/utils/libtestutils.a -fopenmp -fopenmp -lm /usr/lib/libpng16.so -Wl,--end-group
[85/118] cc  -o test/lowlevel-blt-bench test/lowlevel-blt-bench.p/lowlevel-blt-bench.c.o -Wl,--as-needed -Wl,--no-undefined -pie -O2 -m64 -march=x86-64 -mtune=generic '-Wl,-rpath,$ORIGIN/../pixman' -Wl,-rpath-link,/home/devel/building/work/src/pixman-0.43.4/build/pixman -Wl,--start-group pixman/libpixman-1.so.0.43.4 test/utils/libtestutils.a -fopenmp -fopenmp -lm /usr/lib/libpng16.so -Wl,--end-group
[86/118] cc  -o test/thread-test test/thread-test.p/thread-test.c.o -Wl,--as-needed -Wl,--no-undefined -pie -O2 -m64 -march=x86-64 -mtune=generic '-Wl,-rpath,$ORIGIN/../pixman' -Wl,-rpath-link,/home/devel/building/work/src/pixman-0.43.4/build/pixman -Wl,--start-group pixman/libpixman-1.so.0.43.4 test/utils/libtestutils.a -pthread -fopenmp /usr/lib/libpng16.so -fopenmp -lm -Wl,--end-group
[87/118] cc  -o test/tolerance-test test/tolerance-test.p/tolerance-test.c.o -Wl,--as-needed -Wl,--no-undefined -pie -O2 -m64 -march=x86-64 -mtune=generic '-Wl,-rpath,$ORIGIN/../pixman' -Wl,-rpath-link,/home/devel/building/work/src/pixman-0.43.4/build/pixman -Wl,--start-group pixman/libpixman-1.so.0.43.4 test/utils/libtestutils.a -pthread -fopenmp /usr/lib/libpng16.so -fopenmp -lm -Wl,--end-group
[88/118] cc  -o test/composite test/composite.p/composite.c.o -Wl,--as-needed -Wl,--no-undefined -pie -O2 -m64 -march=x86-64 -mtune=generic '-Wl,-rpath,$ORIGIN/../pixman' -Wl,-rpath-link,/home/devel/building/work/src/pixman-0.43.4/build/pixman -Wl,--start-group pixman/libpixman-1.so.0.43.4 test/utils/libtestutils.a -pthread -fopenmp /usr/lib/libpng16.so -fopenmp -lm -Wl,--end-group
[89/118] cc  -o test/scaling-test test/scaling-test.p/scaling-test.c.o -Wl,--as-needed -Wl,--no-undefined -pie -O2 -m64 -march=x86-64 -mtune=generic '-Wl,-rpath,$ORIGIN/../pixman' -Wl,-rpath-link,/home/devel/building/work/src/pixman-0.43.4/build/pixman -Wl,--start-group pixman/libpixman-1.so.0.43.4 test/utils/libtestutils.a -pthread -fopenmp /usr/lib/libpng16.so -fopenmp -lm -Wl,--end-group
[90/118] cc  -o test/affine-test test/affine-test.p/affine-test.c.o -Wl,--as-needed -Wl,--no-undefined -pie -O2 -m64 -march=x86-64 -mtune=generic '-Wl,-rpath,$ORIGIN/../pixman' -Wl,-rpath-link,/home/devel/building/work/src/pixman-0.43.4/build/pixman -Wl,--start-group pixman/libpixman-1.so.0.43.4 test/utils/libtestutils.a -pthread -fopenmp /usr/lib/libpng16.so -fopenmp -lm -Wl,--end-group
[91/118] cc  -o test/blitters-test test/blitters-test.p/blitters-test.c.o -Wl,--as-needed -Wl,--no-undefined -pie -O2 -m64 -march=x86-64 -mtune=generic '-Wl,-rpath,$ORIGIN/../pixman' -Wl,-rpath-link,/home/devel/building/work/src/pixman-0.43.4/build/pixman -Wl,--start-group pixman/libpixman-1.so.0.43.4 test/utils/libtestutils.a -pthread -fopenmp /usr/lib/libpng16.so -fopenmp -lm -Wl,--end-group
[92/118] cc  -o test/cover-test test/cover-test.p/cover-test.c.o -Wl,--as-needed -Wl,--no-undefined -pie -O2 -m64 -march=x86-64 -mtune=generic '-Wl,-rpath,$ORIGIN/../pixman' -Wl,-rpath-link,/home/devel/building/work/src/pixman-0.43.4/build/pixman -Wl,--start-group pixman/libpixman-1.so.0.43.4 test/utils/libtestutils.a -pthread -fopenmp /usr/lib/libpng16.so -fopenmp -lm -Wl,--end-group
[93/118] cc  -o test/stress-test test/stress-test.p/stress-test.c.o -Wl,--as-needed -Wl,--no-undefined -pie -O2 -m64 -march=x86-64 -mtune=generic '-Wl,-rpath,$ORIGIN/../pixman' -Wl,-rpath-link,/home/devel/building/work/src/pixman-0.43.4/build/pixman -Wl,--start-group pixman/libpixman-1.so.0.43.4 test/utils/libtestutils.a -pthread -fopenmp /usr/lib/libpng16.so -fopenmp -lm -Wl,--end-group
[94/118] cc  -o test/solid-test test/solid-test.p/solid-test.c.o -Wl,--as-needed -Wl,--no-undefined -pie -O2 -m64 -march=x86-64 -mtune=generic '-Wl,-rpath,$ORIGIN/../pixman' -Wl,-rpath-link,/home/devel/building/work/src/pixman-0.43.4/build/pixman -Wl,--start-group pixman/libpixman-1.so.0.43.4 test/utils/libtestutils.a -pthread -fopenmp /usr/lib/libpng16.so -fopenmp -lm -Wl,--end-group
[95/118] cc  -o test/glyph-test test/glyph-test.p/glyph-test.c.o -Wl,--as-needed -Wl,--no-undefined -pie -O2 -m64 -march=x86-64 -mtune=generic '-Wl,-rpath,$ORIGIN/../pixman' -Wl,-rpath-link,/home/devel/building/work/src/pixman-0.43.4/build/pixman -Wl,--start-group pixman/libpixman-1.so.0.43.4 test/utils/libtestutils.a -pthread -fopenmp /usr/lib/libpng16.so -fopenmp -lm -Wl,--end-group
[96/118] cc  -o test/region-contains-test test/region-contains-test.p/region-contains-test.c.o -Wl,--as-needed -Wl,--no-undefined -pie -O2 -m64 -march=x86-64 -mtune=generic '-Wl,-rpath,$ORIGIN/../pixman' -Wl,-rpath-link,/home/devel/building/work/src/pixman-0.43.4/build/pixman -Wl,--start-group pixman/libpixman-1.so.0.43.4 test/utils/libtestutils.a -pthread -fopenmp /usr/lib/libpng16.so -fopenmp -lm -Wl,--end-group
[97/118] cc  -o test/composite-traps-test test/composite-traps-test.p/composite-traps-test.c.o -Wl,--as-needed -Wl,--no-undefined -pie -O2 -m64 -march=x86-64 -mtune=generic '-Wl,-rpath,$ORIGIN/../pixman' -Wl,-rpath-link,/home/devel/building/work/src/pixman-0.43.4/build/pixman -Wl,--start-group pixman/libpixman-1.so.0.43.4 test/utils/libtestutils.a -pthread -fopenmp /usr/lib/libpng16.so -fopenmp -lm -Wl,--end-group
[98/118] cc  -o test/filter-reduction-test test/filter-reduction-test.p/filter-reduction-test.c.o -Wl,--as-needed -Wl,--no-undefined -pie -O2 -m64 -march=x86-64 -mtune=generic '-Wl,-rpath,$ORIGIN/../pixman' -Wl,-rpath-link,/home/devel/building/work/src/pixman-0.43.4/build/pixman -Wl,--start-group pixman/libpixman-1.so.0.43.4 test/utils/libtestutils.a -pthread -fopenmp /usr/lib/libpng16.so -fopenmp -lm -Wl,--end-group
[99/118] cc  -o test/matrix-test test/matrix-test.p/matrix-test.c.o -Wl,--as-needed -Wl,--no-undefined -pie -O2 -m64 -march=x86-64 -mtune=generic '-Wl,-rpath,$ORIGIN/../pixman' -Wl,-rpath-link,/home/devel/building/work/src/pixman-0.43.4/build/pixman -Wl,--start-group pixman/libpixman-1.so.0.43.4 test/utils/libtestutils.a -pthread -fopenmp /usr/lib/libpng16.so -fopenmp -lm -Wl,--end-group
[100/118] cc  -o test/pixel-test test/pixel-test.p/pixel-test.c.o -Wl,--as-needed -Wl,--no-undefined -pie -O2 -m64 -march=x86-64 -mtune=generic '-Wl,-rpath,$ORIGIN/../pixman' -Wl,-rpath-link,/home/devel/building/work/src/pixman-0.43.4/build/pixman -Wl,--start-group pixman/libpixman-1.so.0.43.4 test/utils/libtestutils.a -pthread -fopenmp /usr/lib/libpng16.so -fopenmp -lm -Wl,--end-group
[101/118] cc  -o test/gradient-crash-test test/gradient-crash-test.p/gradient-crash-test.c.o -Wl,--as-needed -Wl,--no-undefined -pie -O2 -m64 -march=x86-64 -mtune=generic '-Wl,-rpath,$ORIGIN/../pixman' -Wl,-rpath-link,/home/devel/building/work/src/pixman-0.43.4/build/pixman -Wl,--start-group pixman/libpixman-1.so.0.43.4 test/utils/libtestutils.a -pthread -fopenmp /usr/lib/libpng16.so -fopenmp -lm -Wl,--end-group
[102/118] cc  -o test/alphamap test/alphamap.p/alphamap.c.o -Wl,--as-needed -Wl,--no-undefined -pie -O2 -m64 -march=x86-64 -mtune=generic '-Wl,-rpath,$ORIGIN/../pixman' -Wl,-rpath-link,/home/devel/building/work/src/pixman-0.43.4/build/pixman -Wl,--start-group pixman/libpixman-1.so.0.43.4 test/utils/libtestutils.a -pthread -fopenmp /usr/lib/libpng16.so -fopenmp -lm -Wl,--end-group
[103/118] cc  -o test/rotate-test test/rotate-test.p/rotate-test.c.o -Wl,--as-needed -Wl,--no-undefined -pie -O2 -m64 -march=x86-64 -mtune=generic '-Wl,-rpath,$ORIGIN/../pixman' -Wl,-rpath-link,/home/devel/building/work/src/pixman-0.43.4/build/pixman -Wl,--start-group pixman/libpixman-1.so.0.43.4 test/utils/libtestutils.a -pthread -fopenmp /usr/lib/libpng16.so -fopenmp -lm -Wl,--end-group
[104/118] cc  -o test/scaling-helpers-test test/scaling-helpers-test.p/scaling-helpers-test.c.o -Wl,--as-needed -Wl,--no-undefined -pie -O2 -m64 -march=x86-64 -mtune=generic '-Wl,-rpath,$ORIGIN/../pixman' -Wl,-rpath-link,/home/devel/building/work/src/pixman-0.43.4/build/pixman -Wl,--start-group pixman/libpixman-1.so.0.43.4 test/utils/libtestutils.a -pthread -fopenmp /usr/lib/libpng16.so -fopenmp -lm -Wl,--end-group
[105/118] cc  -o test/alpha-loop test/alpha-loop.p/alpha-loop.c.o -Wl,--as-needed -Wl,--no-undefined -pie -O2 -m64 -march=x86-64 -mtune=generic '-Wl,-rpath,$ORIGIN/../pixman' -Wl,-rpath-link,/home/devel/building/work/src/pixman-0.43.4/build/pixman -Wl,--start-group pixman/libpixman-1.so.0.43.4 test/utils/libtestutils.a -pthread -fopenmp /usr/lib/libpng16.so -fopenmp -lm -Wl,--end-group
[106/118] cc  -o test/scaling-crash-test test/scaling-crash-test.p/scaling-crash-test.c.o -Wl,--as-needed -Wl,--no-undefined -pie -O2 -m64 -march=x86-64 -mtune=generic '-Wl,-rpath,$ORIGIN/../pixman' -Wl,-rpath-link,/home/devel/building/work/src/pixman-0.43.4/build/pixman -Wl,--start-group pixman/libpixman-1.so.0.43.4 test/utils/libtestutils.a -pthread -fopenmp /usr/lib/libpng16.so -fopenmp -lm -Wl,--end-group
[107/118] cc  -o test/combiner-test test/combiner-test.p/combiner-test.c.o -Wl,--as-needed -Wl,--no-undefined -pie -O2 -m64 -march=x86-64 -mtune=generic '-Wl,-rpath,$ORIGIN/../pixman' -Wl,-rpath-link,/home/devel/building/work/src/pixman-0.43.4/build/pixman -Wl,--start-group pixman/libpixman-1.so.0.43.4 test/utils/libtestutils.a -pthread -fopenmp /usr/lib/libpng16.so -fopenmp -lm -Wl,--end-group
[108/118] cc  -o test/region-test test/region-test.p/region-test.c.o -Wl,--as-needed -Wl,--no-undefined -pie -O2 -m64 -march=x86-64 -mtune=generic '-Wl,-rpath,$ORIGIN/../pixman' -Wl,-rpath-link,/home/devel/building/work/src/pixman-0.43.4/build/pixman -Wl,--start-group pixman/libpixman-1.so.0.43.4 test/utils/libtestutils.a -pthread -fopenmp /usr/lib/libpng16.so -fopenmp -lm -Wl,--end-group
[109/118] cc  -o test/pdf-op-test test/pdf-op-test.p/pdf-op-test.c.o -Wl,--as-needed -Wl,--no-undefined -pie -O2 -m64 -march=x86-64 -mtune=generic '-Wl,-rpath,$ORIGIN/../pixman' -Wl,-rpath-link,/home/devel/building/work/src/pixman-0.43.4/build/pixman -Wl,--start-group pixman/libpixman-1.so.0.43.4 test/utils/libtestutils.a -pthread -fopenmp /usr/lib/libpng16.so -fopenmp -lm -Wl,--end-group
[110/118] cc  -o test/radial-invalid test/radial-invalid.p/radial-invalid.c.o -Wl,--as-needed -Wl,--no-undefined -pie -O2 -m64 -march=x86-64 -mtune=generic '-Wl,-rpath,$ORIGIN/../pixman' -Wl,-rpath-link,/home/devel/building/work/src/pixman-0.43.4/build/pixman -Wl,--start-group pixman/libpixman-1.so.0.43.4 test/utils/libtestutils.a -pthread -fopenmp /usr/lib/libpng16.so -fopenmp -lm -Wl,--end-group
[111/118] cc  -o test/prng-test test/prng-test.p/prng-test.c.o -Wl,--as-needed -Wl,--no-undefined -pie -O2 -m64 -march=x86-64 -mtune=generic '-Wl,-rpath,$ORIGIN/../pixman' -Wl,-rpath-link,/home/devel/building/work/src/pixman-0.43.4/build/pixman -Wl,--start-group pixman/libpixman-1.so.0.43.4 test/utils/libtestutils.a -pthread -fopenmp /usr/lib/libpng16.so -fopenmp -lm -Wl,--end-group
[112/118] cc  -o test/a1-trap-test test/a1-trap-test.p/a1-trap-test.c.o -Wl,--as-needed -Wl,--no-undefined -pie -O2 -m64 -march=x86-64 -mtune=generic '-Wl,-rpath,$ORIGIN/../pixman' -Wl,-rpath-link,/home/devel/building/work/src/pixman-0.43.4/build/pixman -Wl,--start-group pixman/libpixman-1.so.0.43.4 test/utils/libtestutils.a -pthread -fopenmp /usr/lib/libpng16.so -fopenmp -lm -Wl,--end-group
[113/118] cc  -o test/fetch-test test/fetch-test.p/fetch-test.c.o -Wl,--as-needed -Wl,--no-undefined -pie -O2 -m64 -march=x86-64 -mtune=generic '-Wl,-rpath,$ORIGIN/../pixman' -Wl,-rpath-link,/home/devel/building/work/src/pixman-0.43.4/build/pixman -Wl,--start-group pixman/libpixman-1.so.0.43.4 test/utils/libtestutils.a -pthread -fopenmp /usr/lib/libpng16.so -fopenmp -lm -Wl,--end-group
[114/118] cc  -o test/region-translate-test test/region-translate-test.p/region-translate-test.c.o -Wl,--as-needed -Wl,--no-undefined -pie -O2 -m64 -march=x86-64 -mtune=generic '-Wl,-rpath,$ORIGIN/../pixman' -Wl,-rpath-link,/home/devel/building/work/src/pixman-0.43.4/build/pixman -Wl,--start-group pixman/libpixman-1.so.0.43.4 test/utils/libtestutils.a -pthread -fopenmp /usr/lib/libpng16.so -fopenmp -lm -Wl,--end-group
[115/118] cc  -o test/fence-image-self-test test/fence-image-self-test.p/fence-image-self-test.c.o -Wl,--as-needed -Wl,--no-undefined -pie -O2 -m64 -march=x86-64 -mtune=generic '-Wl,-rpath,$ORIGIN/../pixman' -Wl,-rpath-link,/home/devel/building/work/src/pixman-0.43.4/build/pixman -Wl,--start-group pixman/libpixman-1.so.0.43.4 test/utils/libtestutils.a -pthread -fopenmp /usr/lib/libpng16.so -fopenmp -lm -Wl,--end-group
[116/118] cc  -o test/trap-crasher test/trap-crasher.p/trap-crasher.c.o -Wl,--as-needed -Wl,--no-undefined -pie -O2 -m64 -march=x86-64 -mtune=generic '-Wl,-rpath,$ORIGIN/../pixman' -Wl,-rpath-link,/home/devel/building/work/src/pixman-0.43.4/build/pixman -Wl,--start-group pixman/libpixman-1.so.0.43.4 test/utils/libtestutils.a -pthread -fopenmp /usr/lib/libpng16.so -fopenmp -lm -Wl,--end-group
[117/118] cc  -o test/infinite-loop test/infinite-loop.p/infinite-loop.c.o -Wl,--as-needed -Wl,--no-undefined -pie -O2 -m64 -march=x86-64 -mtune=generic '-Wl,-rpath,$ORIGIN/../pixman' -Wl,-rpath-link,/home/devel/building/work/src/pixman-0.43.4/build/pixman -Wl,--start-group pixman/libpixman-1.so.0.43.4 test/utils/libtestutils.a -pthread -fopenmp /usr/lib/libpng16.so -fopenmp -lm -Wl,--end-group
[118/118] cc  -o test/oob-test test/oob-test.p/oob-test.c.o -Wl,--as-needed -Wl,--no-undefined -pie -O2 -m64 -march=x86-64 -mtune=generic '-Wl,-rpath,$ORIGIN/../pixman' -Wl,-rpath-link,/home/devel/building/work/src/pixman-0.43.4/build/pixman -Wl,--start-group pixman/libpixman-1.so.0.43.4 test/utils/libtestutils.a -pthread -fopenmp /usr/lib/libpng16.so -fopenmp -lm -Wl,--end-group
INFO: autodetecting backend as ninja
INFO: calculating backend command to run: /usr/bin/ninja -C /home/devel/building/work/src/pixman-0.43.4/build -j 8 -v
+ DESTDIR=/home/devel/building/work/pkg
+ meson install --no-rebuild -C build
Installing pixman/libpixman-1.so.0.43.4 to /home/devel/building/work/pkg/usr/lib
Installing pixman/libpixman-1.a to /home/devel/building/work/pkg/usr/lib
Installing /home/devel/building/work/src/pixman-0.43.4/pixman/pixman.h to /home/devel/building/work/pkg/usr/include/pixman-1
Installing /home/devel/building/work/src/pixman-0.43.4/build/pixman/pixman-version.h to /home/devel/building/work/pkg/usr/include/pixman-1
Installing /home/devel/building/work/src/pixman-0.43.4/build/meson-private/pixman-1.pc to /home/devel/building/work/pkg/usr/lib/pkgconfig
Installing symlink pointing to libpixman-1.so.0.43.4 to /home/devel/building/work/pkg/usr/lib/libpixman-1.so.0
Installing symlink pointing to libpixman-1.so.0 to /home/devel/building/work/pkg/usr/lib/libpixman-1.so
=======> Build result:
drwxr-xr-x  0 root   root        0 May 24 00:14 usr/
drwxr-xr-x  0 root   root        0 May 24 00:14 usr/lib/
drwxr-xr-x  0 root   root        0 May 24 00:14 usr/include/
drwxr-xr-x  0 root   root        0 May 24 00:14 usr/include/pixman-1/
-rw-r--r--  0 root   root    48525 Feb 29 17:13 usr/include/pixman-1/pixman.h
-rw-r--r--  0 root   root     1786 May 24 00:14 usr/include/pixman-1/pixman-version.h
-rwxr-xr-x  0 root   root   739992 May 24 00:14 usr/lib/libpixman-1.so.0.43.4
-rw-r--r--  0 root   root   957658 May 24 00:14 usr/lib/libpixman-1.a
drwxr-xr-x  0 root   root        0 May 24 00:14 usr/lib/pkgconfig/
lrwxrwxrwx  0 root   root        0 May 24 00:14 usr/lib/libpixman-1.so.0 -> libpixman-1.so.0.43.4
lrwxrwxrwx  0 root   root        0 May 24 00:14 usr/lib/libpixman-1.so -> libpixman-1.so.0
-rw-r--r--  0 root   root      225 May 24 00:14 usr/lib/pkgconfig/pixman-1.pc
=======> Building '/home/devel/packages/pixman#0.43.4-1.x86_64.pkg.tar.zst' succeeded.
prt-get: Using PKGMK_PACKAGE_DIR: /home/devel/packages
prt-get: reinstalling pixman 0.43.4-1
prt-get: /usr/bin/pkgadd -u pixman#0.43.4-1.x86_64.pkg.tar.zst
prt-get: build done Fri May 24 00:14:22 2024

